[2025-12-17 03:08:07,984] {scheduler_job.py:182} INFO - Started process (PID=48) to work on /home/airflow/.local/lib/python3.6/site-packages/airflow/example_dags/example_subdag_operator.py
[2025-12-17 03:08:07,985] {scheduler_job.py:629} INFO - Processing file /home/airflow/.local/lib/python3.6/site-packages/airflow/example_dags/example_subdag_operator.py for tasks to queue
[2025-12-17 03:08:07,986] {logging_mixin.py:104} INFO - [2025-12-17 03:08:07,986] {dagbag.py:448} INFO - Filling up the DagBag from /home/airflow/.local/lib/python3.6/site-packages/airflow/example_dags/example_subdag_operator.py
[2025-12-17 03:08:08,017] {scheduler_job.py:639} INFO - DAG(s) dict_keys(['example_subdag_operator.section-1', 'example_subdag_operator.section-2', 'example_subdag_operator']) retrieved from /home/airflow/.local/lib/python3.6/site-packages/airflow/example_dags/example_subdag_operator.py
[2025-12-17 03:08:08,029] {logging_mixin.py:104} INFO - [2025-12-17 03:08:08,029] {dag.py:1818} INFO - Sync 3 DAGs
[2025-12-17 03:08:08,037] {logging_mixin.py:104} INFO - [2025-12-17 03:08:08,037] {dag.py:1837} INFO - Creating ORM DAG for example_subdag_operator.section-1
[2025-12-17 03:08:08,038] {logging_mixin.py:104} INFO - [2025-12-17 03:08:08,038] {dag.py:1837} INFO - Creating ORM DAG for example_subdag_operator
[2025-12-17 03:08:08,038] {logging_mixin.py:104} INFO - [2025-12-17 03:08:08,038] {dag.py:1837} INFO - Creating ORM DAG for example_subdag_operator.section-2
[2025-12-17 03:08:08,042] {logging_mixin.py:104} INFO - [2025-12-17 03:08:08,042] {dag.py:2273} INFO - Setting next_dagrun for example_subdag_operator to 2025-12-15 00:00:00+00:00
[2025-12-17 03:08:08,043] {logging_mixin.py:104} INFO - [2025-12-17 03:08:08,042] {dag.py:2273} INFO - Setting next_dagrun for example_subdag_operator.section-1 to None
[2025-12-17 03:08:08,043] {logging_mixin.py:104} INFO - [2025-12-17 03:08:08,043] {dag.py:2273} INFO - Setting next_dagrun for example_subdag_operator.section-2 to None
[2025-12-17 03:08:08,056] {logging_mixin.py:104} INFO - [2025-12-17 03:08:08,055] {dag.py:1818} INFO - Sync 2 DAGs
[2025-12-17 03:08:08,068] {logging_mixin.py:104} INFO - [2025-12-17 03:08:08,068] {dag.py:2273} INFO - Setting next_dagrun for example_subdag_operator.section-1 to None
[2025-12-17 03:08:08,068] {logging_mixin.py:104} INFO - [2025-12-17 03:08:08,068] {dag.py:2273} INFO - Setting next_dagrun for example_subdag_operator.section-2 to None
[2025-12-17 03:08:08,075] {scheduler_job.py:190} INFO - Processing /home/airflow/.local/lib/python3.6/site-packages/airflow/example_dags/example_subdag_operator.py took 0.094 seconds
[2025-12-17 03:08:11,485] {scheduler_job.py:182} INFO - Started process (PID=39) to work on /home/airflow/.local/lib/python3.6/site-packages/airflow/example_dags/example_subdag_operator.py
[2025-12-17 03:08:11,487] {scheduler_job.py:629} INFO - Processing file /home/airflow/.local/lib/python3.6/site-packages/airflow/example_dags/example_subdag_operator.py for tasks to queue
[2025-12-17 03:08:11,488] {logging_mixin.py:104} INFO - [2025-12-17 03:08:11,488] {dagbag.py:448} INFO - Filling up the DagBag from /home/airflow/.local/lib/python3.6/site-packages/airflow/example_dags/example_subdag_operator.py
[2025-12-17 03:08:11,546] {scheduler_job.py:639} INFO - DAG(s) dict_keys(['example_subdag_operator.section-1', 'example_subdag_operator.section-2', 'example_subdag_operator']) retrieved from /home/airflow/.local/lib/python3.6/site-packages/airflow/example_dags/example_subdag_operator.py
[2025-12-17 03:08:11,553] {logging_mixin.py:104} INFO - [2025-12-17 03:08:11,553] {dag.py:1818} INFO - Sync 3 DAGs
[2025-12-17 03:08:11,575] {logging_mixin.py:104} INFO - [2025-12-17 03:08:11,574] {dag.py:2273} INFO - Setting next_dagrun for example_subdag_operator to 2025-12-15 00:00:00+00:00
[2025-12-17 03:08:11,577] {logging_mixin.py:104} INFO - [2025-12-17 03:08:11,576] {dag.py:2273} INFO - Setting next_dagrun for example_subdag_operator.section-1 to None
[2025-12-17 03:08:11,577] {logging_mixin.py:104} INFO - [2025-12-17 03:08:11,577] {dag.py:2273} INFO - Setting next_dagrun for example_subdag_operator.section-2 to None
[2025-12-17 03:08:11,585] {logging_mixin.py:104} INFO - [2025-12-17 03:08:11,585] {dag.py:1818} INFO - Sync 2 DAGs
[2025-12-17 03:08:11,593] {logging_mixin.py:104} INFO - [2025-12-17 03:08:11,593] {dag.py:2273} INFO - Setting next_dagrun for example_subdag_operator.section-1 to None
[2025-12-17 03:08:11,594] {logging_mixin.py:104} INFO - [2025-12-17 03:08:11,593] {dag.py:2273} INFO - Setting next_dagrun for example_subdag_operator.section-2 to None
[2025-12-17 03:08:11,601] {scheduler_job.py:190} INFO - Processing /home/airflow/.local/lib/python3.6/site-packages/airflow/example_dags/example_subdag_operator.py took 0.121 seconds
[2025-12-17 03:08:42,195] {scheduler_job.py:182} INFO - Started process (PID=65) to work on /home/airflow/.local/lib/python3.6/site-packages/airflow/example_dags/example_subdag_operator.py
[2025-12-17 03:08:42,196] {scheduler_job.py:629} INFO - Processing file /home/airflow/.local/lib/python3.6/site-packages/airflow/example_dags/example_subdag_operator.py for tasks to queue
[2025-12-17 03:08:42,197] {logging_mixin.py:104} INFO - [2025-12-17 03:08:42,197] {dagbag.py:448} INFO - Filling up the DagBag from /home/airflow/.local/lib/python3.6/site-packages/airflow/example_dags/example_subdag_operator.py
[2025-12-17 03:08:42,221] {scheduler_job.py:639} INFO - DAG(s) dict_keys(['example_subdag_operator.section-1', 'example_subdag_operator.section-2', 'example_subdag_operator']) retrieved from /home/airflow/.local/lib/python3.6/site-packages/airflow/example_dags/example_subdag_operator.py
[2025-12-17 03:08:42,231] {logging_mixin.py:104} INFO - [2025-12-17 03:08:42,230] {dag.py:1818} INFO - Sync 3 DAGs
[2025-12-17 03:08:42,241] {logging_mixin.py:104} INFO - [2025-12-17 03:08:42,241] {dag.py:2273} INFO - Setting next_dagrun for example_subdag_operator to 2025-12-15 00:00:00+00:00
[2025-12-17 03:08:42,242] {logging_mixin.py:104} INFO - [2025-12-17 03:08:42,242] {dag.py:2273} INFO - Setting next_dagrun for example_subdag_operator.section-1 to None
[2025-12-17 03:08:42,242] {logging_mixin.py:104} INFO - [2025-12-17 03:08:42,242] {dag.py:2273} INFO - Setting next_dagrun for example_subdag_operator.section-2 to None
[2025-12-17 03:08:42,247] {logging_mixin.py:104} INFO - [2025-12-17 03:08:42,247] {dag.py:1818} INFO - Sync 2 DAGs
[2025-12-17 03:08:42,252] {logging_mixin.py:104} INFO - [2025-12-17 03:08:42,252] {dag.py:2273} INFO - Setting next_dagrun for example_subdag_operator.section-1 to None
[2025-12-17 03:08:42,252] {logging_mixin.py:104} INFO - [2025-12-17 03:08:42,252] {dag.py:2273} INFO - Setting next_dagrun for example_subdag_operator.section-2 to None
[2025-12-17 03:08:42,256] {scheduler_job.py:190} INFO - Processing /home/airflow/.local/lib/python3.6/site-packages/airflow/example_dags/example_subdag_operator.py took 0.064 seconds
[2025-12-17 03:09:12,328] {scheduler_job.py:182} INFO - Started process (PID=90) to work on /home/airflow/.local/lib/python3.6/site-packages/airflow/example_dags/example_subdag_operator.py
[2025-12-17 03:09:12,329] {scheduler_job.py:629} INFO - Processing file /home/airflow/.local/lib/python3.6/site-packages/airflow/example_dags/example_subdag_operator.py for tasks to queue
[2025-12-17 03:09:12,330] {logging_mixin.py:104} INFO - [2025-12-17 03:09:12,329] {dagbag.py:448} INFO - Filling up the DagBag from /home/airflow/.local/lib/python3.6/site-packages/airflow/example_dags/example_subdag_operator.py
[2025-12-17 03:09:12,360] {scheduler_job.py:639} INFO - DAG(s) dict_keys(['example_subdag_operator.section-1', 'example_subdag_operator.section-2', 'example_subdag_operator']) retrieved from /home/airflow/.local/lib/python3.6/site-packages/airflow/example_dags/example_subdag_operator.py
[2025-12-17 03:09:12,369] {logging_mixin.py:104} INFO - [2025-12-17 03:09:12,369] {dag.py:1818} INFO - Sync 3 DAGs
[2025-12-17 03:09:12,381] {logging_mixin.py:104} INFO - [2025-12-17 03:09:12,381] {dag.py:2273} INFO - Setting next_dagrun for example_subdag_operator to 2025-12-15 00:00:00+00:00
[2025-12-17 03:09:12,382] {logging_mixin.py:104} INFO - [2025-12-17 03:09:12,382] {dag.py:2273} INFO - Setting next_dagrun for example_subdag_operator.section-1 to None
[2025-12-17 03:09:12,383] {logging_mixin.py:104} INFO - [2025-12-17 03:09:12,383] {dag.py:2273} INFO - Setting next_dagrun for example_subdag_operator.section-2 to None
[2025-12-17 03:09:12,387] {logging_mixin.py:104} INFO - [2025-12-17 03:09:12,387] {dag.py:1818} INFO - Sync 2 DAGs
[2025-12-17 03:09:12,392] {logging_mixin.py:104} INFO - [2025-12-17 03:09:12,392] {dag.py:2273} INFO - Setting next_dagrun for example_subdag_operator.section-1 to None
[2025-12-17 03:09:12,392] {logging_mixin.py:104} INFO - [2025-12-17 03:09:12,392] {dag.py:2273} INFO - Setting next_dagrun for example_subdag_operator.section-2 to None
[2025-12-17 03:09:12,397] {scheduler_job.py:190} INFO - Processing /home/airflow/.local/lib/python3.6/site-packages/airflow/example_dags/example_subdag_operator.py took 0.071 seconds
[2025-12-17 03:09:43,422] {scheduler_job.py:182} INFO - Started process (PID=117) to work on /home/airflow/.local/lib/python3.6/site-packages/airflow/example_dags/example_subdag_operator.py
[2025-12-17 03:09:43,423] {scheduler_job.py:629} INFO - Processing file /home/airflow/.local/lib/python3.6/site-packages/airflow/example_dags/example_subdag_operator.py for tasks to queue
[2025-12-17 03:09:43,424] {logging_mixin.py:104} INFO - [2025-12-17 03:09:43,424] {dagbag.py:448} INFO - Filling up the DagBag from /home/airflow/.local/lib/python3.6/site-packages/airflow/example_dags/example_subdag_operator.py
[2025-12-17 03:09:43,445] {scheduler_job.py:639} INFO - DAG(s) dict_keys(['example_subdag_operator.section-1', 'example_subdag_operator.section-2', 'example_subdag_operator']) retrieved from /home/airflow/.local/lib/python3.6/site-packages/airflow/example_dags/example_subdag_operator.py
[2025-12-17 03:09:43,452] {logging_mixin.py:104} INFO - [2025-12-17 03:09:43,452] {dag.py:1818} INFO - Sync 3 DAGs
[2025-12-17 03:09:43,462] {logging_mixin.py:104} INFO - [2025-12-17 03:09:43,462] {dag.py:2273} INFO - Setting next_dagrun for example_subdag_operator to 2025-12-15 00:00:00+00:00
[2025-12-17 03:09:43,463] {logging_mixin.py:104} INFO - [2025-12-17 03:09:43,463] {dag.py:2273} INFO - Setting next_dagrun for example_subdag_operator.section-1 to None
[2025-12-17 03:09:43,463] {logging_mixin.py:104} INFO - [2025-12-17 03:09:43,463] {dag.py:2273} INFO - Setting next_dagrun for example_subdag_operator.section-2 to None
[2025-12-17 03:09:43,467] {logging_mixin.py:104} INFO - [2025-12-17 03:09:43,467] {dag.py:1818} INFO - Sync 2 DAGs
[2025-12-17 03:09:43,472] {logging_mixin.py:104} INFO - [2025-12-17 03:09:43,471] {dag.py:2273} INFO - Setting next_dagrun for example_subdag_operator.section-1 to None
[2025-12-17 03:09:43,472] {logging_mixin.py:104} INFO - [2025-12-17 03:09:43,472] {dag.py:2273} INFO - Setting next_dagrun for example_subdag_operator.section-2 to None
[2025-12-17 03:09:43,476] {scheduler_job.py:190} INFO - Processing /home/airflow/.local/lib/python3.6/site-packages/airflow/example_dags/example_subdag_operator.py took 0.056 seconds
[2025-12-17 03:10:13,541] {scheduler_job.py:182} INFO - Started process (PID=142) to work on /home/airflow/.local/lib/python3.6/site-packages/airflow/example_dags/example_subdag_operator.py
[2025-12-17 03:10:13,542] {scheduler_job.py:629} INFO - Processing file /home/airflow/.local/lib/python3.6/site-packages/airflow/example_dags/example_subdag_operator.py for tasks to queue
[2025-12-17 03:10:13,543] {logging_mixin.py:104} INFO - [2025-12-17 03:10:13,543] {dagbag.py:448} INFO - Filling up the DagBag from /home/airflow/.local/lib/python3.6/site-packages/airflow/example_dags/example_subdag_operator.py
[2025-12-17 03:10:13,563] {scheduler_job.py:639} INFO - DAG(s) dict_keys(['example_subdag_operator.section-1', 'example_subdag_operator.section-2', 'example_subdag_operator']) retrieved from /home/airflow/.local/lib/python3.6/site-packages/airflow/example_dags/example_subdag_operator.py
[2025-12-17 03:10:13,571] {logging_mixin.py:104} INFO - [2025-12-17 03:10:13,571] {dag.py:1818} INFO - Sync 3 DAGs
[2025-12-17 03:10:13,584] {logging_mixin.py:104} INFO - [2025-12-17 03:10:13,584] {dag.py:2273} INFO - Setting next_dagrun for example_subdag_operator to 2025-12-15 00:00:00+00:00
[2025-12-17 03:10:13,585] {logging_mixin.py:104} INFO - [2025-12-17 03:10:13,585] {dag.py:2273} INFO - Setting next_dagrun for example_subdag_operator.section-1 to None
[2025-12-17 03:10:13,585] {logging_mixin.py:104} INFO - [2025-12-17 03:10:13,585] {dag.py:2273} INFO - Setting next_dagrun for example_subdag_operator.section-2 to None
[2025-12-17 03:10:13,590] {logging_mixin.py:104} INFO - [2025-12-17 03:10:13,590] {dag.py:1818} INFO - Sync 2 DAGs
[2025-12-17 03:10:13,594] {logging_mixin.py:104} INFO - [2025-12-17 03:10:13,594] {dag.py:2273} INFO - Setting next_dagrun for example_subdag_operator.section-1 to None
[2025-12-17 03:10:13,595] {logging_mixin.py:104} INFO - [2025-12-17 03:10:13,595] {dag.py:2273} INFO - Setting next_dagrun for example_subdag_operator.section-2 to None
[2025-12-17 03:10:13,599] {scheduler_job.py:190} INFO - Processing /home/airflow/.local/lib/python3.6/site-packages/airflow/example_dags/example_subdag_operator.py took 0.060 seconds
[2025-12-17 03:10:43,624] {scheduler_job.py:182} INFO - Started process (PID=168) to work on /home/airflow/.local/lib/python3.6/site-packages/airflow/example_dags/example_subdag_operator.py
[2025-12-17 03:10:43,626] {scheduler_job.py:629} INFO - Processing file /home/airflow/.local/lib/python3.6/site-packages/airflow/example_dags/example_subdag_operator.py for tasks to queue
[2025-12-17 03:10:43,626] {logging_mixin.py:104} INFO - [2025-12-17 03:10:43,626] {dagbag.py:448} INFO - Filling up the DagBag from /home/airflow/.local/lib/python3.6/site-packages/airflow/example_dags/example_subdag_operator.py
[2025-12-17 03:10:43,648] {scheduler_job.py:639} INFO - DAG(s) dict_keys(['example_subdag_operator.section-1', 'example_subdag_operator.section-2', 'example_subdag_operator']) retrieved from /home/airflow/.local/lib/python3.6/site-packages/airflow/example_dags/example_subdag_operator.py
[2025-12-17 03:10:43,656] {logging_mixin.py:104} INFO - [2025-12-17 03:10:43,656] {dag.py:1818} INFO - Sync 3 DAGs
[2025-12-17 03:10:43,668] {logging_mixin.py:104} INFO - [2025-12-17 03:10:43,668] {dag.py:2273} INFO - Setting next_dagrun for example_subdag_operator to 2025-12-15 00:00:00+00:00
[2025-12-17 03:10:43,669] {logging_mixin.py:104} INFO - [2025-12-17 03:10:43,669] {dag.py:2273} INFO - Setting next_dagrun for example_subdag_operator.section-1 to None
[2025-12-17 03:10:43,670] {logging_mixin.py:104} INFO - [2025-12-17 03:10:43,670] {dag.py:2273} INFO - Setting next_dagrun for example_subdag_operator.section-2 to None
[2025-12-17 03:10:43,674] {logging_mixin.py:104} INFO - [2025-12-17 03:10:43,674] {dag.py:1818} INFO - Sync 2 DAGs
[2025-12-17 03:10:43,679] {logging_mixin.py:104} INFO - [2025-12-17 03:10:43,679] {dag.py:2273} INFO - Setting next_dagrun for example_subdag_operator.section-1 to None
[2025-12-17 03:10:43,680] {logging_mixin.py:104} INFO - [2025-12-17 03:10:43,680] {dag.py:2273} INFO - Setting next_dagrun for example_subdag_operator.section-2 to None
[2025-12-17 03:10:43,685] {scheduler_job.py:190} INFO - Processing /home/airflow/.local/lib/python3.6/site-packages/airflow/example_dags/example_subdag_operator.py took 0.063 seconds
[2025-12-17 03:11:13,839] {scheduler_job.py:182} INFO - Started process (PID=194) to work on /home/airflow/.local/lib/python3.6/site-packages/airflow/example_dags/example_subdag_operator.py
[2025-12-17 03:11:13,840] {scheduler_job.py:629} INFO - Processing file /home/airflow/.local/lib/python3.6/site-packages/airflow/example_dags/example_subdag_operator.py for tasks to queue
[2025-12-17 03:11:13,841] {logging_mixin.py:104} INFO - [2025-12-17 03:11:13,841] {dagbag.py:448} INFO - Filling up the DagBag from /home/airflow/.local/lib/python3.6/site-packages/airflow/example_dags/example_subdag_operator.py
[2025-12-17 03:11:13,866] {scheduler_job.py:639} INFO - DAG(s) dict_keys(['example_subdag_operator.section-1', 'example_subdag_operator.section-2', 'example_subdag_operator']) retrieved from /home/airflow/.local/lib/python3.6/site-packages/airflow/example_dags/example_subdag_operator.py
[2025-12-17 03:11:13,876] {logging_mixin.py:104} INFO - [2025-12-17 03:11:13,876] {dag.py:1818} INFO - Sync 3 DAGs
[2025-12-17 03:11:13,888] {logging_mixin.py:104} INFO - [2025-12-17 03:11:13,888] {dag.py:2273} INFO - Setting next_dagrun for example_subdag_operator to 2025-12-15 00:00:00+00:00
[2025-12-17 03:11:13,889] {logging_mixin.py:104} INFO - [2025-12-17 03:11:13,889] {dag.py:2273} INFO - Setting next_dagrun for example_subdag_operator.section-1 to None
[2025-12-17 03:11:13,889] {logging_mixin.py:104} INFO - [2025-12-17 03:11:13,889] {dag.py:2273} INFO - Setting next_dagrun for example_subdag_operator.section-2 to None
[2025-12-17 03:11:13,894] {logging_mixin.py:104} INFO - [2025-12-17 03:11:13,894] {dag.py:1818} INFO - Sync 2 DAGs
[2025-12-17 03:11:13,899] {logging_mixin.py:104} INFO - [2025-12-17 03:11:13,899] {dag.py:2273} INFO - Setting next_dagrun for example_subdag_operator.section-1 to None
[2025-12-17 03:11:13,899] {logging_mixin.py:104} INFO - [2025-12-17 03:11:13,899] {dag.py:2273} INFO - Setting next_dagrun for example_subdag_operator.section-2 to None
[2025-12-17 03:11:13,904] {scheduler_job.py:190} INFO - Processing /home/airflow/.local/lib/python3.6/site-packages/airflow/example_dags/example_subdag_operator.py took 0.067 seconds
[2025-12-17 03:11:44,024] {scheduler_job.py:182} INFO - Started process (PID=220) to work on /home/airflow/.local/lib/python3.6/site-packages/airflow/example_dags/example_subdag_operator.py
[2025-12-17 03:11:44,025] {scheduler_job.py:629} INFO - Processing file /home/airflow/.local/lib/python3.6/site-packages/airflow/example_dags/example_subdag_operator.py for tasks to queue
[2025-12-17 03:11:44,026] {logging_mixin.py:104} INFO - [2025-12-17 03:11:44,025] {dagbag.py:448} INFO - Filling up the DagBag from /home/airflow/.local/lib/python3.6/site-packages/airflow/example_dags/example_subdag_operator.py
[2025-12-17 03:11:44,047] {scheduler_job.py:639} INFO - DAG(s) dict_keys(['example_subdag_operator.section-1', 'example_subdag_operator.section-2', 'example_subdag_operator']) retrieved from /home/airflow/.local/lib/python3.6/site-packages/airflow/example_dags/example_subdag_operator.py
[2025-12-17 03:11:44,055] {logging_mixin.py:104} INFO - [2025-12-17 03:11:44,054] {dag.py:1818} INFO - Sync 3 DAGs
[2025-12-17 03:11:44,064] {logging_mixin.py:104} INFO - [2025-12-17 03:11:44,064] {dag.py:2273} INFO - Setting next_dagrun for example_subdag_operator to 2025-12-15 00:00:00+00:00
[2025-12-17 03:11:44,065] {logging_mixin.py:104} INFO - [2025-12-17 03:11:44,065] {dag.py:2273} INFO - Setting next_dagrun for example_subdag_operator.section-1 to None
[2025-12-17 03:11:44,066] {logging_mixin.py:104} INFO - [2025-12-17 03:11:44,066] {dag.py:2273} INFO - Setting next_dagrun for example_subdag_operator.section-2 to None
[2025-12-17 03:11:44,070] {logging_mixin.py:104} INFO - [2025-12-17 03:11:44,070] {dag.py:1818} INFO - Sync 2 DAGs
[2025-12-17 03:11:44,075] {logging_mixin.py:104} INFO - [2025-12-17 03:11:44,075] {dag.py:2273} INFO - Setting next_dagrun for example_subdag_operator.section-1 to None
[2025-12-17 03:11:44,078] {logging_mixin.py:104} INFO - [2025-12-17 03:11:44,078] {dag.py:2273} INFO - Setting next_dagrun for example_subdag_operator.section-2 to None
[2025-12-17 03:11:44,082] {scheduler_job.py:190} INFO - Processing /home/airflow/.local/lib/python3.6/site-packages/airflow/example_dags/example_subdag_operator.py took 0.060 seconds
[2025-12-17 03:12:14,292] {scheduler_job.py:182} INFO - Started process (PID=246) to work on /home/airflow/.local/lib/python3.6/site-packages/airflow/example_dags/example_subdag_operator.py
[2025-12-17 03:12:14,293] {scheduler_job.py:629} INFO - Processing file /home/airflow/.local/lib/python3.6/site-packages/airflow/example_dags/example_subdag_operator.py for tasks to queue
[2025-12-17 03:12:14,294] {logging_mixin.py:104} INFO - [2025-12-17 03:12:14,294] {dagbag.py:448} INFO - Filling up the DagBag from /home/airflow/.local/lib/python3.6/site-packages/airflow/example_dags/example_subdag_operator.py
[2025-12-17 03:12:14,317] {scheduler_job.py:639} INFO - DAG(s) dict_keys(['example_subdag_operator.section-1', 'example_subdag_operator.section-2', 'example_subdag_operator']) retrieved from /home/airflow/.local/lib/python3.6/site-packages/airflow/example_dags/example_subdag_operator.py
[2025-12-17 03:12:14,324] {logging_mixin.py:104} INFO - [2025-12-17 03:12:14,324] {dag.py:1818} INFO - Sync 3 DAGs
[2025-12-17 03:12:14,334] {logging_mixin.py:104} INFO - [2025-12-17 03:12:14,334] {dag.py:2273} INFO - Setting next_dagrun for example_subdag_operator to 2025-12-15 00:00:00+00:00
[2025-12-17 03:12:14,336] {logging_mixin.py:104} INFO - [2025-12-17 03:12:14,335] {dag.py:2273} INFO - Setting next_dagrun for example_subdag_operator.section-1 to None
[2025-12-17 03:12:14,336] {logging_mixin.py:104} INFO - [2025-12-17 03:12:14,336] {dag.py:2273} INFO - Setting next_dagrun for example_subdag_operator.section-2 to None
[2025-12-17 03:12:14,341] {logging_mixin.py:104} INFO - [2025-12-17 03:12:14,341] {dag.py:1818} INFO - Sync 2 DAGs
[2025-12-17 03:12:14,345] {logging_mixin.py:104} INFO - [2025-12-17 03:12:14,345] {dag.py:2273} INFO - Setting next_dagrun for example_subdag_operator.section-1 to None
[2025-12-17 03:12:14,346] {logging_mixin.py:104} INFO - [2025-12-17 03:12:14,346] {dag.py:2273} INFO - Setting next_dagrun for example_subdag_operator.section-2 to None
[2025-12-17 03:12:14,350] {scheduler_job.py:190} INFO - Processing /home/airflow/.local/lib/python3.6/site-packages/airflow/example_dags/example_subdag_operator.py took 0.060 seconds
[2025-12-17 03:12:44,379] {scheduler_job.py:182} INFO - Started process (PID=272) to work on /home/airflow/.local/lib/python3.6/site-packages/airflow/example_dags/example_subdag_operator.py
[2025-12-17 03:12:44,380] {scheduler_job.py:629} INFO - Processing file /home/airflow/.local/lib/python3.6/site-packages/airflow/example_dags/example_subdag_operator.py for tasks to queue
[2025-12-17 03:12:44,381] {logging_mixin.py:104} INFO - [2025-12-17 03:12:44,381] {dagbag.py:448} INFO - Filling up the DagBag from /home/airflow/.local/lib/python3.6/site-packages/airflow/example_dags/example_subdag_operator.py
[2025-12-17 03:12:44,403] {scheduler_job.py:639} INFO - DAG(s) dict_keys(['example_subdag_operator.section-1', 'example_subdag_operator.section-2', 'example_subdag_operator']) retrieved from /home/airflow/.local/lib/python3.6/site-packages/airflow/example_dags/example_subdag_operator.py
[2025-12-17 03:12:44,410] {logging_mixin.py:104} INFO - [2025-12-17 03:12:44,410] {dag.py:1818} INFO - Sync 3 DAGs
[2025-12-17 03:12:44,424] {logging_mixin.py:104} INFO - [2025-12-17 03:12:44,424] {dag.py:2273} INFO - Setting next_dagrun for example_subdag_operator to 2025-12-15 00:00:00+00:00
[2025-12-17 03:12:44,426] {logging_mixin.py:104} INFO - [2025-12-17 03:12:44,425] {dag.py:2273} INFO - Setting next_dagrun for example_subdag_operator.section-1 to None
[2025-12-17 03:12:44,426] {logging_mixin.py:104} INFO - [2025-12-17 03:12:44,426] {dag.py:2273} INFO - Setting next_dagrun for example_subdag_operator.section-2 to None
[2025-12-17 03:12:44,431] {logging_mixin.py:104} INFO - [2025-12-17 03:12:44,431] {dag.py:1818} INFO - Sync 2 DAGs
[2025-12-17 03:12:44,437] {logging_mixin.py:104} INFO - [2025-12-17 03:12:44,437] {dag.py:2273} INFO - Setting next_dagrun for example_subdag_operator.section-1 to None
[2025-12-17 03:12:44,437] {logging_mixin.py:104} INFO - [2025-12-17 03:12:44,437] {dag.py:2273} INFO - Setting next_dagrun for example_subdag_operator.section-2 to None
[2025-12-17 03:12:44,442] {scheduler_job.py:190} INFO - Processing /home/airflow/.local/lib/python3.6/site-packages/airflow/example_dags/example_subdag_operator.py took 0.065 seconds
[2025-12-17 03:13:15,446] {scheduler_job.py:182} INFO - Started process (PID=299) to work on /home/airflow/.local/lib/python3.6/site-packages/airflow/example_dags/example_subdag_operator.py
[2025-12-17 03:13:15,447] {scheduler_job.py:629} INFO - Processing file /home/airflow/.local/lib/python3.6/site-packages/airflow/example_dags/example_subdag_operator.py for tasks to queue
[2025-12-17 03:13:15,448] {logging_mixin.py:104} INFO - [2025-12-17 03:13:15,448] {dagbag.py:448} INFO - Filling up the DagBag from /home/airflow/.local/lib/python3.6/site-packages/airflow/example_dags/example_subdag_operator.py
[2025-12-17 03:13:15,468] {scheduler_job.py:639} INFO - DAG(s) dict_keys(['example_subdag_operator.section-1', 'example_subdag_operator.section-2', 'example_subdag_operator']) retrieved from /home/airflow/.local/lib/python3.6/site-packages/airflow/example_dags/example_subdag_operator.py
[2025-12-17 03:13:15,476] {logging_mixin.py:104} INFO - [2025-12-17 03:13:15,476] {dag.py:1818} INFO - Sync 3 DAGs
[2025-12-17 03:13:15,486] {logging_mixin.py:104} INFO - [2025-12-17 03:13:15,486] {dag.py:2273} INFO - Setting next_dagrun for example_subdag_operator to 2025-12-15 00:00:00+00:00
[2025-12-17 03:13:15,487] {logging_mixin.py:104} INFO - [2025-12-17 03:13:15,487] {dag.py:2273} INFO - Setting next_dagrun for example_subdag_operator.section-1 to None
[2025-12-17 03:13:15,488] {logging_mixin.py:104} INFO - [2025-12-17 03:13:15,488] {dag.py:2273} INFO - Setting next_dagrun for example_subdag_operator.section-2 to None
[2025-12-17 03:13:15,493] {logging_mixin.py:104} INFO - [2025-12-17 03:13:15,493] {dag.py:1818} INFO - Sync 2 DAGs
[2025-12-17 03:13:15,497] {logging_mixin.py:104} INFO - [2025-12-17 03:13:15,497] {dag.py:2273} INFO - Setting next_dagrun for example_subdag_operator.section-1 to None
[2025-12-17 03:13:15,498] {logging_mixin.py:104} INFO - [2025-12-17 03:13:15,498] {dag.py:2273} INFO - Setting next_dagrun for example_subdag_operator.section-2 to None
[2025-12-17 03:13:15,502] {scheduler_job.py:190} INFO - Processing /home/airflow/.local/lib/python3.6/site-packages/airflow/example_dags/example_subdag_operator.py took 0.058 seconds
[2025-12-17 03:13:46,426] {scheduler_job.py:182} INFO - Started process (PID=325) to work on /home/airflow/.local/lib/python3.6/site-packages/airflow/example_dags/example_subdag_operator.py
[2025-12-17 03:13:46,427] {scheduler_job.py:629} INFO - Processing file /home/airflow/.local/lib/python3.6/site-packages/airflow/example_dags/example_subdag_operator.py for tasks to queue
[2025-12-17 03:13:46,428] {logging_mixin.py:104} INFO - [2025-12-17 03:13:46,428] {dagbag.py:448} INFO - Filling up the DagBag from /home/airflow/.local/lib/python3.6/site-packages/airflow/example_dags/example_subdag_operator.py
[2025-12-17 03:13:46,449] {scheduler_job.py:639} INFO - DAG(s) dict_keys(['example_subdag_operator.section-1', 'example_subdag_operator.section-2', 'example_subdag_operator']) retrieved from /home/airflow/.local/lib/python3.6/site-packages/airflow/example_dags/example_subdag_operator.py
[2025-12-17 03:13:46,457] {logging_mixin.py:104} INFO - [2025-12-17 03:13:46,457] {dag.py:1818} INFO - Sync 3 DAGs
[2025-12-17 03:13:46,467] {logging_mixin.py:104} INFO - [2025-12-17 03:13:46,467] {dag.py:2273} INFO - Setting next_dagrun for example_subdag_operator to 2025-12-15 00:00:00+00:00
[2025-12-17 03:13:46,468] {logging_mixin.py:104} INFO - [2025-12-17 03:13:46,468] {dag.py:2273} INFO - Setting next_dagrun for example_subdag_operator.section-1 to None
[2025-12-17 03:13:46,469] {logging_mixin.py:104} INFO - [2025-12-17 03:13:46,469] {dag.py:2273} INFO - Setting next_dagrun for example_subdag_operator.section-2 to None
[2025-12-17 03:13:46,474] {logging_mixin.py:104} INFO - [2025-12-17 03:13:46,474] {dag.py:1818} INFO - Sync 2 DAGs
[2025-12-17 03:13:46,477] {logging_mixin.py:104} INFO - [2025-12-17 03:13:46,477] {dag.py:2273} INFO - Setting next_dagrun for example_subdag_operator.section-1 to None
[2025-12-17 03:13:46,478] {logging_mixin.py:104} INFO - [2025-12-17 03:13:46,478] {dag.py:2273} INFO - Setting next_dagrun for example_subdag_operator.section-2 to None
[2025-12-17 03:13:46,481] {scheduler_job.py:190} INFO - Processing /home/airflow/.local/lib/python3.6/site-packages/airflow/example_dags/example_subdag_operator.py took 0.058 seconds
[2025-12-17 03:14:17,401] {scheduler_job.py:182} INFO - Started process (PID=351) to work on /home/airflow/.local/lib/python3.6/site-packages/airflow/example_dags/example_subdag_operator.py
[2025-12-17 03:14:17,402] {scheduler_job.py:629} INFO - Processing file /home/airflow/.local/lib/python3.6/site-packages/airflow/example_dags/example_subdag_operator.py for tasks to queue
[2025-12-17 03:14:17,403] {logging_mixin.py:104} INFO - [2025-12-17 03:14:17,402] {dagbag.py:448} INFO - Filling up the DagBag from /home/airflow/.local/lib/python3.6/site-packages/airflow/example_dags/example_subdag_operator.py
[2025-12-17 03:14:17,425] {scheduler_job.py:639} INFO - DAG(s) dict_keys(['example_subdag_operator.section-1', 'example_subdag_operator.section-2', 'example_subdag_operator']) retrieved from /home/airflow/.local/lib/python3.6/site-packages/airflow/example_dags/example_subdag_operator.py
[2025-12-17 03:14:17,431] {logging_mixin.py:104} INFO - [2025-12-17 03:14:17,431] {dag.py:1818} INFO - Sync 3 DAGs
[2025-12-17 03:14:17,442] {logging_mixin.py:104} INFO - [2025-12-17 03:14:17,442] {dag.py:2273} INFO - Setting next_dagrun for example_subdag_operator to 2025-12-15 00:00:00+00:00
[2025-12-17 03:14:17,444] {logging_mixin.py:104} INFO - [2025-12-17 03:14:17,444] {dag.py:2273} INFO - Setting next_dagrun for example_subdag_operator.section-1 to None
[2025-12-17 03:14:17,444] {logging_mixin.py:104} INFO - [2025-12-17 03:14:17,444] {dag.py:2273} INFO - Setting next_dagrun for example_subdag_operator.section-2 to None
[2025-12-17 03:14:17,449] {logging_mixin.py:104} INFO - [2025-12-17 03:14:17,449] {dag.py:1818} INFO - Sync 2 DAGs
[2025-12-17 03:14:17,454] {logging_mixin.py:104} INFO - [2025-12-17 03:14:17,454] {dag.py:2273} INFO - Setting next_dagrun for example_subdag_operator.section-1 to None
[2025-12-17 03:14:17,455] {logging_mixin.py:104} INFO - [2025-12-17 03:14:17,455] {dag.py:2273} INFO - Setting next_dagrun for example_subdag_operator.section-2 to None
[2025-12-17 03:14:17,459] {scheduler_job.py:190} INFO - Processing /home/airflow/.local/lib/python3.6/site-packages/airflow/example_dags/example_subdag_operator.py took 0.061 seconds
[2025-12-17 03:14:47,532] {scheduler_job.py:182} INFO - Started process (PID=378) to work on /home/airflow/.local/lib/python3.6/site-packages/airflow/example_dags/example_subdag_operator.py
[2025-12-17 03:14:47,533] {scheduler_job.py:629} INFO - Processing file /home/airflow/.local/lib/python3.6/site-packages/airflow/example_dags/example_subdag_operator.py for tasks to queue
[2025-12-17 03:14:47,533] {logging_mixin.py:104} INFO - [2025-12-17 03:14:47,533] {dagbag.py:448} INFO - Filling up the DagBag from /home/airflow/.local/lib/python3.6/site-packages/airflow/example_dags/example_subdag_operator.py
[2025-12-17 03:14:47,555] {scheduler_job.py:639} INFO - DAG(s) dict_keys(['example_subdag_operator.section-1', 'example_subdag_operator.section-2', 'example_subdag_operator']) retrieved from /home/airflow/.local/lib/python3.6/site-packages/airflow/example_dags/example_subdag_operator.py
[2025-12-17 03:14:47,562] {logging_mixin.py:104} INFO - [2025-12-17 03:14:47,562] {dag.py:1818} INFO - Sync 3 DAGs
[2025-12-17 03:14:47,571] {logging_mixin.py:104} INFO - [2025-12-17 03:14:47,571] {dag.py:2273} INFO - Setting next_dagrun for example_subdag_operator to 2025-12-15 00:00:00+00:00
[2025-12-17 03:14:47,572] {logging_mixin.py:104} INFO - [2025-12-17 03:14:47,571] {dag.py:2273} INFO - Setting next_dagrun for example_subdag_operator.section-1 to None
[2025-12-17 03:14:47,572] {logging_mixin.py:104} INFO - [2025-12-17 03:14:47,572] {dag.py:2273} INFO - Setting next_dagrun for example_subdag_operator.section-2 to None
[2025-12-17 03:14:47,575] {logging_mixin.py:104} INFO - [2025-12-17 03:14:47,575] {dag.py:1818} INFO - Sync 2 DAGs
[2025-12-17 03:14:47,580] {logging_mixin.py:104} INFO - [2025-12-17 03:14:47,580] {dag.py:2273} INFO - Setting next_dagrun for example_subdag_operator.section-1 to None
[2025-12-17 03:14:47,580] {logging_mixin.py:104} INFO - [2025-12-17 03:14:47,580] {dag.py:2273} INFO - Setting next_dagrun for example_subdag_operator.section-2 to None
[2025-12-17 03:14:47,585] {scheduler_job.py:190} INFO - Processing /home/airflow/.local/lib/python3.6/site-packages/airflow/example_dags/example_subdag_operator.py took 0.056 seconds
[2025-12-17 03:15:17,632] {scheduler_job.py:182} INFO - Started process (PID=404) to work on /home/airflow/.local/lib/python3.6/site-packages/airflow/example_dags/example_subdag_operator.py
[2025-12-17 03:15:17,634] {scheduler_job.py:629} INFO - Processing file /home/airflow/.local/lib/python3.6/site-packages/airflow/example_dags/example_subdag_operator.py for tasks to queue
[2025-12-17 03:15:17,634] {logging_mixin.py:104} INFO - [2025-12-17 03:15:17,634] {dagbag.py:448} INFO - Filling up the DagBag from /home/airflow/.local/lib/python3.6/site-packages/airflow/example_dags/example_subdag_operator.py
[2025-12-17 03:15:17,655] {scheduler_job.py:639} INFO - DAG(s) dict_keys(['example_subdag_operator.section-1', 'example_subdag_operator.section-2', 'example_subdag_operator']) retrieved from /home/airflow/.local/lib/python3.6/site-packages/airflow/example_dags/example_subdag_operator.py
[2025-12-17 03:15:17,662] {logging_mixin.py:104} INFO - [2025-12-17 03:15:17,662] {dag.py:1818} INFO - Sync 3 DAGs
[2025-12-17 03:15:17,671] {logging_mixin.py:104} INFO - [2025-12-17 03:15:17,671] {dag.py:2273} INFO - Setting next_dagrun for example_subdag_operator to 2025-12-15 00:00:00+00:00
[2025-12-17 03:15:17,672] {logging_mixin.py:104} INFO - [2025-12-17 03:15:17,672] {dag.py:2273} INFO - Setting next_dagrun for example_subdag_operator.section-1 to None
[2025-12-17 03:15:17,673] {logging_mixin.py:104} INFO - [2025-12-17 03:15:17,673] {dag.py:2273} INFO - Setting next_dagrun for example_subdag_operator.section-2 to None
[2025-12-17 03:15:17,678] {logging_mixin.py:104} INFO - [2025-12-17 03:15:17,678] {dag.py:1818} INFO - Sync 2 DAGs
[2025-12-17 03:15:17,684] {logging_mixin.py:104} INFO - [2025-12-17 03:15:17,683] {dag.py:2273} INFO - Setting next_dagrun for example_subdag_operator.section-1 to None
[2025-12-17 03:15:17,684] {logging_mixin.py:104} INFO - [2025-12-17 03:15:17,684] {dag.py:2273} INFO - Setting next_dagrun for example_subdag_operator.section-2 to None
[2025-12-17 03:15:17,689] {scheduler_job.py:190} INFO - Processing /home/airflow/.local/lib/python3.6/site-packages/airflow/example_dags/example_subdag_operator.py took 0.059 seconds
[2025-12-17 03:15:47,833] {scheduler_job.py:182} INFO - Started process (PID=430) to work on /home/airflow/.local/lib/python3.6/site-packages/airflow/example_dags/example_subdag_operator.py
[2025-12-17 03:15:47,834] {scheduler_job.py:629} INFO - Processing file /home/airflow/.local/lib/python3.6/site-packages/airflow/example_dags/example_subdag_operator.py for tasks to queue
[2025-12-17 03:15:47,835] {logging_mixin.py:104} INFO - [2025-12-17 03:15:47,835] {dagbag.py:448} INFO - Filling up the DagBag from /home/airflow/.local/lib/python3.6/site-packages/airflow/example_dags/example_subdag_operator.py
[2025-12-17 03:15:47,856] {scheduler_job.py:639} INFO - DAG(s) dict_keys(['example_subdag_operator.section-1', 'example_subdag_operator.section-2', 'example_subdag_operator']) retrieved from /home/airflow/.local/lib/python3.6/site-packages/airflow/example_dags/example_subdag_operator.py
[2025-12-17 03:15:47,864] {logging_mixin.py:104} INFO - [2025-12-17 03:15:47,864] {dag.py:1818} INFO - Sync 3 DAGs
[2025-12-17 03:15:47,875] {logging_mixin.py:104} INFO - [2025-12-17 03:15:47,875] {dag.py:2273} INFO - Setting next_dagrun for example_subdag_operator to 2025-12-15 00:00:00+00:00
[2025-12-17 03:15:47,877] {logging_mixin.py:104} INFO - [2025-12-17 03:15:47,877] {dag.py:2273} INFO - Setting next_dagrun for example_subdag_operator.section-1 to None
[2025-12-17 03:15:47,878] {logging_mixin.py:104} INFO - [2025-12-17 03:15:47,878] {dag.py:2273} INFO - Setting next_dagrun for example_subdag_operator.section-2 to None
[2025-12-17 03:15:47,884] {logging_mixin.py:104} INFO - [2025-12-17 03:15:47,884] {dag.py:1818} INFO - Sync 2 DAGs
[2025-12-17 03:15:47,889] {logging_mixin.py:104} INFO - [2025-12-17 03:15:47,889] {dag.py:2273} INFO - Setting next_dagrun for example_subdag_operator.section-1 to None
[2025-12-17 03:15:47,889] {logging_mixin.py:104} INFO - [2025-12-17 03:15:47,889] {dag.py:2273} INFO - Setting next_dagrun for example_subdag_operator.section-2 to None
[2025-12-17 03:15:47,895] {scheduler_job.py:190} INFO - Processing /home/airflow/.local/lib/python3.6/site-packages/airflow/example_dags/example_subdag_operator.py took 0.064 seconds
[2025-12-17 03:16:17,996] {scheduler_job.py:182} INFO - Started process (PID=456) to work on /home/airflow/.local/lib/python3.6/site-packages/airflow/example_dags/example_subdag_operator.py
[2025-12-17 03:16:17,998] {scheduler_job.py:629} INFO - Processing file /home/airflow/.local/lib/python3.6/site-packages/airflow/example_dags/example_subdag_operator.py for tasks to queue
[2025-12-17 03:16:17,999] {logging_mixin.py:104} INFO - [2025-12-17 03:16:17,999] {dagbag.py:448} INFO - Filling up the DagBag from /home/airflow/.local/lib/python3.6/site-packages/airflow/example_dags/example_subdag_operator.py
[2025-12-17 03:16:18,025] {scheduler_job.py:639} INFO - DAG(s) dict_keys(['example_subdag_operator.section-1', 'example_subdag_operator.section-2', 'example_subdag_operator']) retrieved from /home/airflow/.local/lib/python3.6/site-packages/airflow/example_dags/example_subdag_operator.py
[2025-12-17 03:16:18,042] {logging_mixin.py:104} INFO - [2025-12-17 03:16:18,042] {dag.py:1818} INFO - Sync 3 DAGs
[2025-12-17 03:16:18,058] {logging_mixin.py:104} INFO - [2025-12-17 03:16:18,058] {dag.py:2273} INFO - Setting next_dagrun for example_subdag_operator to 2025-12-15 00:00:00+00:00
[2025-12-17 03:16:18,059] {logging_mixin.py:104} INFO - [2025-12-17 03:16:18,059] {dag.py:2273} INFO - Setting next_dagrun for example_subdag_operator.section-1 to None
[2025-12-17 03:16:18,060] {logging_mixin.py:104} INFO - [2025-12-17 03:16:18,060] {dag.py:2273} INFO - Setting next_dagrun for example_subdag_operator.section-2 to None
[2025-12-17 03:16:18,069] {logging_mixin.py:104} INFO - [2025-12-17 03:16:18,069] {dag.py:1818} INFO - Sync 2 DAGs
[2025-12-17 03:16:18,088] {logging_mixin.py:104} INFO - [2025-12-17 03:16:18,087] {dag.py:2273} INFO - Setting next_dagrun for example_subdag_operator.section-1 to None
[2025-12-17 03:16:18,088] {logging_mixin.py:104} INFO - [2025-12-17 03:16:18,088] {dag.py:2273} INFO - Setting next_dagrun for example_subdag_operator.section-2 to None
[2025-12-17 03:16:18,096] {scheduler_job.py:190} INFO - Processing /home/airflow/.local/lib/python3.6/site-packages/airflow/example_dags/example_subdag_operator.py took 0.103 seconds
[2025-12-17 03:16:48,146] {scheduler_job.py:182} INFO - Started process (PID=482) to work on /home/airflow/.local/lib/python3.6/site-packages/airflow/example_dags/example_subdag_operator.py
[2025-12-17 03:16:48,147] {scheduler_job.py:629} INFO - Processing file /home/airflow/.local/lib/python3.6/site-packages/airflow/example_dags/example_subdag_operator.py for tasks to queue
[2025-12-17 03:16:48,148] {logging_mixin.py:104} INFO - [2025-12-17 03:16:48,148] {dagbag.py:448} INFO - Filling up the DagBag from /home/airflow/.local/lib/python3.6/site-packages/airflow/example_dags/example_subdag_operator.py
[2025-12-17 03:16:48,174] {scheduler_job.py:639} INFO - DAG(s) dict_keys(['example_subdag_operator.section-1', 'example_subdag_operator.section-2', 'example_subdag_operator']) retrieved from /home/airflow/.local/lib/python3.6/site-packages/airflow/example_dags/example_subdag_operator.py
[2025-12-17 03:16:48,182] {logging_mixin.py:104} INFO - [2025-12-17 03:16:48,182] {dag.py:1818} INFO - Sync 3 DAGs
[2025-12-17 03:16:48,193] {logging_mixin.py:104} INFO - [2025-12-17 03:16:48,193] {dag.py:2273} INFO - Setting next_dagrun for example_subdag_operator to 2025-12-15 00:00:00+00:00
[2025-12-17 03:16:48,194] {logging_mixin.py:104} INFO - [2025-12-17 03:16:48,194] {dag.py:2273} INFO - Setting next_dagrun for example_subdag_operator.section-1 to None
[2025-12-17 03:16:48,195] {logging_mixin.py:104} INFO - [2025-12-17 03:16:48,195] {dag.py:2273} INFO - Setting next_dagrun for example_subdag_operator.section-2 to None
[2025-12-17 03:16:48,202] {logging_mixin.py:104} INFO - [2025-12-17 03:16:48,202] {dag.py:1818} INFO - Sync 2 DAGs
[2025-12-17 03:16:48,207] {logging_mixin.py:104} INFO - [2025-12-17 03:16:48,207] {dag.py:2273} INFO - Setting next_dagrun for example_subdag_operator.section-1 to None
[2025-12-17 03:16:48,207] {logging_mixin.py:104} INFO - [2025-12-17 03:16:48,207] {dag.py:2273} INFO - Setting next_dagrun for example_subdag_operator.section-2 to None
[2025-12-17 03:16:48,212] {scheduler_job.py:190} INFO - Processing /home/airflow/.local/lib/python3.6/site-packages/airflow/example_dags/example_subdag_operator.py took 0.068 seconds
[2025-12-17 03:17:18,311] {scheduler_job.py:182} INFO - Started process (PID=508) to work on /home/airflow/.local/lib/python3.6/site-packages/airflow/example_dags/example_subdag_operator.py
[2025-12-17 03:17:18,312] {scheduler_job.py:629} INFO - Processing file /home/airflow/.local/lib/python3.6/site-packages/airflow/example_dags/example_subdag_operator.py for tasks to queue
[2025-12-17 03:17:18,312] {logging_mixin.py:104} INFO - [2025-12-17 03:17:18,312] {dagbag.py:448} INFO - Filling up the DagBag from /home/airflow/.local/lib/python3.6/site-packages/airflow/example_dags/example_subdag_operator.py
[2025-12-17 03:17:18,333] {scheduler_job.py:639} INFO - DAG(s) dict_keys(['example_subdag_operator.section-1', 'example_subdag_operator.section-2', 'example_subdag_operator']) retrieved from /home/airflow/.local/lib/python3.6/site-packages/airflow/example_dags/example_subdag_operator.py
[2025-12-17 03:17:18,341] {logging_mixin.py:104} INFO - [2025-12-17 03:17:18,341] {dag.py:1818} INFO - Sync 3 DAGs
[2025-12-17 03:17:18,352] {logging_mixin.py:104} INFO - [2025-12-17 03:17:18,352] {dag.py:2273} INFO - Setting next_dagrun for example_subdag_operator to 2025-12-15 00:00:00+00:00
[2025-12-17 03:17:18,353] {logging_mixin.py:104} INFO - [2025-12-17 03:17:18,353] {dag.py:2273} INFO - Setting next_dagrun for example_subdag_operator.section-1 to None
[2025-12-17 03:17:18,353] {logging_mixin.py:104} INFO - [2025-12-17 03:17:18,353] {dag.py:2273} INFO - Setting next_dagrun for example_subdag_operator.section-2 to None
[2025-12-17 03:17:18,359] {logging_mixin.py:104} INFO - [2025-12-17 03:17:18,359] {dag.py:1818} INFO - Sync 2 DAGs
[2025-12-17 03:17:18,363] {logging_mixin.py:104} INFO - [2025-12-17 03:17:18,363] {dag.py:2273} INFO - Setting next_dagrun for example_subdag_operator.section-1 to None
[2025-12-17 03:17:18,363] {logging_mixin.py:104} INFO - [2025-12-17 03:17:18,363] {dag.py:2273} INFO - Setting next_dagrun for example_subdag_operator.section-2 to None
[2025-12-17 03:17:18,369] {scheduler_job.py:190} INFO - Processing /home/airflow/.local/lib/python3.6/site-packages/airflow/example_dags/example_subdag_operator.py took 0.060 seconds
[2025-12-17 03:17:48,409] {scheduler_job.py:182} INFO - Started process (PID=534) to work on /home/airflow/.local/lib/python3.6/site-packages/airflow/example_dags/example_subdag_operator.py
[2025-12-17 03:17:48,410] {scheduler_job.py:629} INFO - Processing file /home/airflow/.local/lib/python3.6/site-packages/airflow/example_dags/example_subdag_operator.py for tasks to queue
[2025-12-17 03:17:48,411] {logging_mixin.py:104} INFO - [2025-12-17 03:17:48,411] {dagbag.py:448} INFO - Filling up the DagBag from /home/airflow/.local/lib/python3.6/site-packages/airflow/example_dags/example_subdag_operator.py
[2025-12-17 03:17:48,433] {scheduler_job.py:639} INFO - DAG(s) dict_keys(['example_subdag_operator.section-1', 'example_subdag_operator.section-2', 'example_subdag_operator']) retrieved from /home/airflow/.local/lib/python3.6/site-packages/airflow/example_dags/example_subdag_operator.py
[2025-12-17 03:17:48,440] {logging_mixin.py:104} INFO - [2025-12-17 03:17:48,440] {dag.py:1818} INFO - Sync 3 DAGs
[2025-12-17 03:17:48,450] {logging_mixin.py:104} INFO - [2025-12-17 03:17:48,450] {dag.py:2273} INFO - Setting next_dagrun for example_subdag_operator to 2025-12-15 00:00:00+00:00
[2025-12-17 03:17:48,451] {logging_mixin.py:104} INFO - [2025-12-17 03:17:48,451] {dag.py:2273} INFO - Setting next_dagrun for example_subdag_operator.section-1 to None
[2025-12-17 03:17:48,452] {logging_mixin.py:104} INFO - [2025-12-17 03:17:48,452] {dag.py:2273} INFO - Setting next_dagrun for example_subdag_operator.section-2 to None
[2025-12-17 03:17:48,456] {logging_mixin.py:104} INFO - [2025-12-17 03:17:48,456] {dag.py:1818} INFO - Sync 2 DAGs
[2025-12-17 03:17:48,460] {logging_mixin.py:104} INFO - [2025-12-17 03:17:48,460] {dag.py:2273} INFO - Setting next_dagrun for example_subdag_operator.section-1 to None
[2025-12-17 03:17:48,460] {logging_mixin.py:104} INFO - [2025-12-17 03:17:48,460] {dag.py:2273} INFO - Setting next_dagrun for example_subdag_operator.section-2 to None
[2025-12-17 03:17:48,465] {scheduler_job.py:190} INFO - Processing /home/airflow/.local/lib/python3.6/site-packages/airflow/example_dags/example_subdag_operator.py took 0.058 seconds
[2025-12-17 03:18:18,556] {scheduler_job.py:182} INFO - Started process (PID=560) to work on /home/airflow/.local/lib/python3.6/site-packages/airflow/example_dags/example_subdag_operator.py
[2025-12-17 03:18:18,557] {scheduler_job.py:629} INFO - Processing file /home/airflow/.local/lib/python3.6/site-packages/airflow/example_dags/example_subdag_operator.py for tasks to queue
[2025-12-17 03:18:18,557] {logging_mixin.py:104} INFO - [2025-12-17 03:18:18,557] {dagbag.py:448} INFO - Filling up the DagBag from /home/airflow/.local/lib/python3.6/site-packages/airflow/example_dags/example_subdag_operator.py
[2025-12-17 03:18:18,578] {scheduler_job.py:639} INFO - DAG(s) dict_keys(['example_subdag_operator.section-1', 'example_subdag_operator.section-2', 'example_subdag_operator']) retrieved from /home/airflow/.local/lib/python3.6/site-packages/airflow/example_dags/example_subdag_operator.py
[2025-12-17 03:18:18,585] {logging_mixin.py:104} INFO - [2025-12-17 03:18:18,585] {dag.py:1818} INFO - Sync 3 DAGs
[2025-12-17 03:18:18,595] {logging_mixin.py:104} INFO - [2025-12-17 03:18:18,595] {dag.py:2273} INFO - Setting next_dagrun for example_subdag_operator to 2025-12-15 00:00:00+00:00
[2025-12-17 03:18:18,596] {logging_mixin.py:104} INFO - [2025-12-17 03:18:18,596] {dag.py:2273} INFO - Setting next_dagrun for example_subdag_operator.section-1 to None
[2025-12-17 03:18:18,597] {logging_mixin.py:104} INFO - [2025-12-17 03:18:18,597] {dag.py:2273} INFO - Setting next_dagrun for example_subdag_operator.section-2 to None
[2025-12-17 03:18:18,601] {logging_mixin.py:104} INFO - [2025-12-17 03:18:18,601] {dag.py:1818} INFO - Sync 2 DAGs
[2025-12-17 03:18:18,607] {logging_mixin.py:104} INFO - [2025-12-17 03:18:18,607] {dag.py:2273} INFO - Setting next_dagrun for example_subdag_operator.section-1 to None
[2025-12-17 03:18:18,608] {logging_mixin.py:104} INFO - [2025-12-17 03:18:18,607] {dag.py:2273} INFO - Setting next_dagrun for example_subdag_operator.section-2 to None
[2025-12-17 03:18:18,612] {scheduler_job.py:190} INFO - Processing /home/airflow/.local/lib/python3.6/site-packages/airflow/example_dags/example_subdag_operator.py took 0.059 seconds
[2025-12-17 03:18:49,554] {scheduler_job.py:182} INFO - Started process (PID=585) to work on /home/airflow/.local/lib/python3.6/site-packages/airflow/example_dags/example_subdag_operator.py
[2025-12-17 03:18:49,555] {scheduler_job.py:629} INFO - Processing file /home/airflow/.local/lib/python3.6/site-packages/airflow/example_dags/example_subdag_operator.py for tasks to queue
[2025-12-17 03:18:49,555] {logging_mixin.py:104} INFO - [2025-12-17 03:18:49,555] {dagbag.py:448} INFO - Filling up the DagBag from /home/airflow/.local/lib/python3.6/site-packages/airflow/example_dags/example_subdag_operator.py
[2025-12-17 03:18:49,575] {scheduler_job.py:639} INFO - DAG(s) dict_keys(['example_subdag_operator.section-1', 'example_subdag_operator.section-2', 'example_subdag_operator']) retrieved from /home/airflow/.local/lib/python3.6/site-packages/airflow/example_dags/example_subdag_operator.py
[2025-12-17 03:18:49,582] {logging_mixin.py:104} INFO - [2025-12-17 03:18:49,582] {dag.py:1818} INFO - Sync 3 DAGs
[2025-12-17 03:18:49,592] {logging_mixin.py:104} INFO - [2025-12-17 03:18:49,592] {dag.py:2273} INFO - Setting next_dagrun for example_subdag_operator to 2025-12-15 00:00:00+00:00
[2025-12-17 03:18:49,593] {logging_mixin.py:104} INFO - [2025-12-17 03:18:49,593] {dag.py:2273} INFO - Setting next_dagrun for example_subdag_operator.section-1 to None
[2025-12-17 03:18:49,594] {logging_mixin.py:104} INFO - [2025-12-17 03:18:49,594] {dag.py:2273} INFO - Setting next_dagrun for example_subdag_operator.section-2 to None
[2025-12-17 03:18:49,599] {logging_mixin.py:104} INFO - [2025-12-17 03:18:49,598] {dag.py:1818} INFO - Sync 2 DAGs
[2025-12-17 03:18:49,603] {logging_mixin.py:104} INFO - [2025-12-17 03:18:49,603] {dag.py:2273} INFO - Setting next_dagrun for example_subdag_operator.section-1 to None
[2025-12-17 03:18:49,603] {logging_mixin.py:104} INFO - [2025-12-17 03:18:49,603] {dag.py:2273} INFO - Setting next_dagrun for example_subdag_operator.section-2 to None
[2025-12-17 03:18:49,607] {scheduler_job.py:190} INFO - Processing /home/airflow/.local/lib/python3.6/site-packages/airflow/example_dags/example_subdag_operator.py took 0.056 seconds
[2025-12-17 03:19:20,537] {scheduler_job.py:182} INFO - Started process (PID=611) to work on /home/airflow/.local/lib/python3.6/site-packages/airflow/example_dags/example_subdag_operator.py
[2025-12-17 03:19:20,538] {scheduler_job.py:629} INFO - Processing file /home/airflow/.local/lib/python3.6/site-packages/airflow/example_dags/example_subdag_operator.py for tasks to queue
[2025-12-17 03:19:20,539] {logging_mixin.py:104} INFO - [2025-12-17 03:19:20,538] {dagbag.py:448} INFO - Filling up the DagBag from /home/airflow/.local/lib/python3.6/site-packages/airflow/example_dags/example_subdag_operator.py
[2025-12-17 03:19:20,559] {scheduler_job.py:639} INFO - DAG(s) dict_keys(['example_subdag_operator.section-1', 'example_subdag_operator.section-2', 'example_subdag_operator']) retrieved from /home/airflow/.local/lib/python3.6/site-packages/airflow/example_dags/example_subdag_operator.py
[2025-12-17 03:19:20,571] {logging_mixin.py:104} INFO - [2025-12-17 03:19:20,571] {dag.py:1818} INFO - Sync 3 DAGs
[2025-12-17 03:19:20,583] {logging_mixin.py:104} INFO - [2025-12-17 03:19:20,583] {dag.py:2273} INFO - Setting next_dagrun for example_subdag_operator to 2025-12-15 00:00:00+00:00
[2025-12-17 03:19:20,584] {logging_mixin.py:104} INFO - [2025-12-17 03:19:20,584] {dag.py:2273} INFO - Setting next_dagrun for example_subdag_operator.section-1 to None
[2025-12-17 03:19:20,584] {logging_mixin.py:104} INFO - [2025-12-17 03:19:20,584] {dag.py:2273} INFO - Setting next_dagrun for example_subdag_operator.section-2 to None
[2025-12-17 03:19:20,589] {logging_mixin.py:104} INFO - [2025-12-17 03:19:20,589] {dag.py:1818} INFO - Sync 2 DAGs
[2025-12-17 03:19:20,594] {logging_mixin.py:104} INFO - [2025-12-17 03:19:20,594] {dag.py:2273} INFO - Setting next_dagrun for example_subdag_operator.section-1 to None
[2025-12-17 03:19:20,594] {logging_mixin.py:104} INFO - [2025-12-17 03:19:20,594] {dag.py:2273} INFO - Setting next_dagrun for example_subdag_operator.section-2 to None
[2025-12-17 03:19:20,598] {scheduler_job.py:190} INFO - Processing /home/airflow/.local/lib/python3.6/site-packages/airflow/example_dags/example_subdag_operator.py took 0.064 seconds
[2025-12-17 03:19:51,600] {scheduler_job.py:182} INFO - Started process (PID=637) to work on /home/airflow/.local/lib/python3.6/site-packages/airflow/example_dags/example_subdag_operator.py
[2025-12-17 03:19:51,601] {scheduler_job.py:629} INFO - Processing file /home/airflow/.local/lib/python3.6/site-packages/airflow/example_dags/example_subdag_operator.py for tasks to queue
[2025-12-17 03:19:51,602] {logging_mixin.py:104} INFO - [2025-12-17 03:19:51,602] {dagbag.py:448} INFO - Filling up the DagBag from /home/airflow/.local/lib/python3.6/site-packages/airflow/example_dags/example_subdag_operator.py
[2025-12-17 03:19:51,624] {scheduler_job.py:639} INFO - DAG(s) dict_keys(['example_subdag_operator.section-1', 'example_subdag_operator.section-2', 'example_subdag_operator']) retrieved from /home/airflow/.local/lib/python3.6/site-packages/airflow/example_dags/example_subdag_operator.py
[2025-12-17 03:19:51,632] {logging_mixin.py:104} INFO - [2025-12-17 03:19:51,631] {dag.py:1818} INFO - Sync 3 DAGs
[2025-12-17 03:19:51,641] {logging_mixin.py:104} INFO - [2025-12-17 03:19:51,641] {dag.py:2273} INFO - Setting next_dagrun for example_subdag_operator to 2025-12-15 00:00:00+00:00
[2025-12-17 03:19:51,642] {logging_mixin.py:104} INFO - [2025-12-17 03:19:51,642] {dag.py:2273} INFO - Setting next_dagrun for example_subdag_operator.section-1 to None
[2025-12-17 03:19:51,642] {logging_mixin.py:104} INFO - [2025-12-17 03:19:51,642] {dag.py:2273} INFO - Setting next_dagrun for example_subdag_operator.section-2 to None
[2025-12-17 03:19:51,647] {logging_mixin.py:104} INFO - [2025-12-17 03:19:51,647] {dag.py:1818} INFO - Sync 2 DAGs
[2025-12-17 03:19:51,652] {logging_mixin.py:104} INFO - [2025-12-17 03:19:51,652] {dag.py:2273} INFO - Setting next_dagrun for example_subdag_operator.section-1 to None
[2025-12-17 03:19:51,652] {logging_mixin.py:104} INFO - [2025-12-17 03:19:51,652] {dag.py:2273} INFO - Setting next_dagrun for example_subdag_operator.section-2 to None
[2025-12-17 03:19:51,656] {scheduler_job.py:190} INFO - Processing /home/airflow/.local/lib/python3.6/site-packages/airflow/example_dags/example_subdag_operator.py took 0.059 seconds
