[2025-12-17 03:08:07,268] {scheduler_job.py:182} INFO - Started process (PID=35) to work on /home/airflow/.local/lib/python3.6/site-packages/airflow/example_dags/example_nested_branch_dag.py
[2025-12-17 03:08:07,270] {scheduler_job.py:629} INFO - Processing file /home/airflow/.local/lib/python3.6/site-packages/airflow/example_dags/example_nested_branch_dag.py for tasks to queue
[2025-12-17 03:08:07,272] {logging_mixin.py:104} INFO - [2025-12-17 03:08:07,272] {dagbag.py:448} INFO - Filling up the DagBag from /home/airflow/.local/lib/python3.6/site-packages/airflow/example_dags/example_nested_branch_dag.py
[2025-12-17 03:08:07,302] {scheduler_job.py:639} INFO - DAG(s) dict_keys(['example_nested_branch_dag']) retrieved from /home/airflow/.local/lib/python3.6/site-packages/airflow/example_dags/example_nested_branch_dag.py
[2025-12-17 03:08:07,332] {logging_mixin.py:104} INFO - [2025-12-17 03:08:07,332] {dag.py:1818} INFO - Sync 1 DAGs
[2025-12-17 03:08:07,345] {logging_mixin.py:104} INFO - [2025-12-17 03:08:07,344] {dag.py:1837} INFO - Creating ORM DAG for example_nested_branch_dag
[2025-12-17 03:08:07,352] {logging_mixin.py:104} INFO - [2025-12-17 03:08:07,352] {dag.py:2273} INFO - Setting next_dagrun for example_nested_branch_dag to 2025-12-15 00:00:00+00:00
[2025-12-17 03:08:07,362] {scheduler_job.py:190} INFO - Processing /home/airflow/.local/lib/python3.6/site-packages/airflow/example_dags/example_nested_branch_dag.py took 0.098 seconds
[2025-12-17 03:08:12,781] {scheduler_job.py:182} INFO - Started process (PID=58) to work on /home/airflow/.local/lib/python3.6/site-packages/airflow/example_dags/example_nested_branch_dag.py
[2025-12-17 03:08:12,782] {scheduler_job.py:629} INFO - Processing file /home/airflow/.local/lib/python3.6/site-packages/airflow/example_dags/example_nested_branch_dag.py for tasks to queue
[2025-12-17 03:08:12,783] {logging_mixin.py:104} INFO - [2025-12-17 03:08:12,783] {dagbag.py:448} INFO - Filling up the DagBag from /home/airflow/.local/lib/python3.6/site-packages/airflow/example_dags/example_nested_branch_dag.py
[2025-12-17 03:08:12,798] {scheduler_job.py:639} INFO - DAG(s) dict_keys(['example_nested_branch_dag']) retrieved from /home/airflow/.local/lib/python3.6/site-packages/airflow/example_dags/example_nested_branch_dag.py
[2025-12-17 03:08:12,816] {logging_mixin.py:104} INFO - [2025-12-17 03:08:12,816] {dag.py:1818} INFO - Sync 1 DAGs
[2025-12-17 03:08:12,838] {logging_mixin.py:104} INFO - [2025-12-17 03:08:12,838] {dag.py:2273} INFO - Setting next_dagrun for example_nested_branch_dag to 2025-12-15 00:00:00+00:00
[2025-12-17 03:08:12,848] {scheduler_job.py:190} INFO - Processing /home/airflow/.local/lib/python3.6/site-packages/airflow/example_dags/example_nested_branch_dag.py took 0.071 seconds
[2025-12-17 03:08:42,905] {scheduler_job.py:182} INFO - Started process (PID=83) to work on /home/airflow/.local/lib/python3.6/site-packages/airflow/example_dags/example_nested_branch_dag.py
[2025-12-17 03:08:42,906] {scheduler_job.py:629} INFO - Processing file /home/airflow/.local/lib/python3.6/site-packages/airflow/example_dags/example_nested_branch_dag.py for tasks to queue
[2025-12-17 03:08:42,907] {logging_mixin.py:104} INFO - [2025-12-17 03:08:42,907] {dagbag.py:448} INFO - Filling up the DagBag from /home/airflow/.local/lib/python3.6/site-packages/airflow/example_dags/example_nested_branch_dag.py
[2025-12-17 03:08:42,918] {scheduler_job.py:639} INFO - DAG(s) dict_keys(['example_nested_branch_dag']) retrieved from /home/airflow/.local/lib/python3.6/site-packages/airflow/example_dags/example_nested_branch_dag.py
[2025-12-17 03:08:42,933] {logging_mixin.py:104} INFO - [2025-12-17 03:08:42,933] {dag.py:1818} INFO - Sync 1 DAGs
[2025-12-17 03:08:42,948] {logging_mixin.py:104} INFO - [2025-12-17 03:08:42,948] {dag.py:2273} INFO - Setting next_dagrun for example_nested_branch_dag to 2025-12-15 00:00:00+00:00
[2025-12-17 03:08:42,956] {scheduler_job.py:190} INFO - Processing /home/airflow/.local/lib/python3.6/site-packages/airflow/example_dags/example_nested_branch_dag.py took 0.054 seconds
[2025-12-17 03:09:12,989] {scheduler_job.py:182} INFO - Started process (PID=109) to work on /home/airflow/.local/lib/python3.6/site-packages/airflow/example_dags/example_nested_branch_dag.py
[2025-12-17 03:09:12,991] {scheduler_job.py:629} INFO - Processing file /home/airflow/.local/lib/python3.6/site-packages/airflow/example_dags/example_nested_branch_dag.py for tasks to queue
[2025-12-17 03:09:12,991] {logging_mixin.py:104} INFO - [2025-12-17 03:09:12,991] {dagbag.py:448} INFO - Filling up the DagBag from /home/airflow/.local/lib/python3.6/site-packages/airflow/example_dags/example_nested_branch_dag.py
[2025-12-17 03:09:13,001] {scheduler_job.py:639} INFO - DAG(s) dict_keys(['example_nested_branch_dag']) retrieved from /home/airflow/.local/lib/python3.6/site-packages/airflow/example_dags/example_nested_branch_dag.py
[2025-12-17 03:09:13,019] {logging_mixin.py:104} INFO - [2025-12-17 03:09:13,019] {dag.py:1818} INFO - Sync 1 DAGs
[2025-12-17 03:09:13,034] {logging_mixin.py:104} INFO - [2025-12-17 03:09:13,034] {dag.py:2273} INFO - Setting next_dagrun for example_nested_branch_dag to 2025-12-15 00:00:00+00:00
[2025-12-17 03:09:13,041] {scheduler_job.py:190} INFO - Processing /home/airflow/.local/lib/python3.6/site-packages/airflow/example_dags/example_nested_branch_dag.py took 0.054 seconds
[2025-12-17 03:09:44,162] {scheduler_job.py:182} INFO - Started process (PID=136) to work on /home/airflow/.local/lib/python3.6/site-packages/airflow/example_dags/example_nested_branch_dag.py
[2025-12-17 03:09:44,163] {scheduler_job.py:629} INFO - Processing file /home/airflow/.local/lib/python3.6/site-packages/airflow/example_dags/example_nested_branch_dag.py for tasks to queue
[2025-12-17 03:09:44,163] {logging_mixin.py:104} INFO - [2025-12-17 03:09:44,163] {dagbag.py:448} INFO - Filling up the DagBag from /home/airflow/.local/lib/python3.6/site-packages/airflow/example_dags/example_nested_branch_dag.py
[2025-12-17 03:09:44,174] {scheduler_job.py:639} INFO - DAG(s) dict_keys(['example_nested_branch_dag']) retrieved from /home/airflow/.local/lib/python3.6/site-packages/airflow/example_dags/example_nested_branch_dag.py
[2025-12-17 03:09:44,191] {logging_mixin.py:104} INFO - [2025-12-17 03:09:44,191] {dag.py:1818} INFO - Sync 1 DAGs
[2025-12-17 03:09:44,203] {logging_mixin.py:104} INFO - [2025-12-17 03:09:44,203] {dag.py:2273} INFO - Setting next_dagrun for example_nested_branch_dag to 2025-12-15 00:00:00+00:00
[2025-12-17 03:09:44,210] {scheduler_job.py:190} INFO - Processing /home/airflow/.local/lib/python3.6/site-packages/airflow/example_dags/example_nested_branch_dag.py took 0.051 seconds
[2025-12-17 03:10:14,254] {scheduler_job.py:182} INFO - Started process (PID=162) to work on /home/airflow/.local/lib/python3.6/site-packages/airflow/example_dags/example_nested_branch_dag.py
[2025-12-17 03:10:14,255] {scheduler_job.py:629} INFO - Processing file /home/airflow/.local/lib/python3.6/site-packages/airflow/example_dags/example_nested_branch_dag.py for tasks to queue
[2025-12-17 03:10:14,255] {logging_mixin.py:104} INFO - [2025-12-17 03:10:14,255] {dagbag.py:448} INFO - Filling up the DagBag from /home/airflow/.local/lib/python3.6/site-packages/airflow/example_dags/example_nested_branch_dag.py
[2025-12-17 03:10:14,266] {scheduler_job.py:639} INFO - DAG(s) dict_keys(['example_nested_branch_dag']) retrieved from /home/airflow/.local/lib/python3.6/site-packages/airflow/example_dags/example_nested_branch_dag.py
[2025-12-17 03:10:14,283] {logging_mixin.py:104} INFO - [2025-12-17 03:10:14,283] {dag.py:1818} INFO - Sync 1 DAGs
[2025-12-17 03:10:14,295] {logging_mixin.py:104} INFO - [2025-12-17 03:10:14,295] {dag.py:2273} INFO - Setting next_dagrun for example_nested_branch_dag to 2025-12-15 00:00:00+00:00
[2025-12-17 03:10:14,304] {scheduler_job.py:190} INFO - Processing /home/airflow/.local/lib/python3.6/site-packages/airflow/example_dags/example_nested_branch_dag.py took 0.053 seconds
[2025-12-17 03:10:44,471] {scheduler_job.py:182} INFO - Started process (PID=188) to work on /home/airflow/.local/lib/python3.6/site-packages/airflow/example_dags/example_nested_branch_dag.py
[2025-12-17 03:10:44,473] {scheduler_job.py:629} INFO - Processing file /home/airflow/.local/lib/python3.6/site-packages/airflow/example_dags/example_nested_branch_dag.py for tasks to queue
[2025-12-17 03:10:44,474] {logging_mixin.py:104} INFO - [2025-12-17 03:10:44,474] {dagbag.py:448} INFO - Filling up the DagBag from /home/airflow/.local/lib/python3.6/site-packages/airflow/example_dags/example_nested_branch_dag.py
[2025-12-17 03:10:44,484] {scheduler_job.py:639} INFO - DAG(s) dict_keys(['example_nested_branch_dag']) retrieved from /home/airflow/.local/lib/python3.6/site-packages/airflow/example_dags/example_nested_branch_dag.py
[2025-12-17 03:10:44,501] {logging_mixin.py:104} INFO - [2025-12-17 03:10:44,500] {dag.py:1818} INFO - Sync 1 DAGs
[2025-12-17 03:10:44,514] {logging_mixin.py:104} INFO - [2025-12-17 03:10:44,514] {dag.py:2273} INFO - Setting next_dagrun for example_nested_branch_dag to 2025-12-15 00:00:00+00:00
[2025-12-17 03:10:44,522] {scheduler_job.py:190} INFO - Processing /home/airflow/.local/lib/python3.6/site-packages/airflow/example_dags/example_nested_branch_dag.py took 0.053 seconds
[2025-12-17 03:11:14,660] {scheduler_job.py:182} INFO - Started process (PID=213) to work on /home/airflow/.local/lib/python3.6/site-packages/airflow/example_dags/example_nested_branch_dag.py
[2025-12-17 03:11:14,661] {scheduler_job.py:629} INFO - Processing file /home/airflow/.local/lib/python3.6/site-packages/airflow/example_dags/example_nested_branch_dag.py for tasks to queue
[2025-12-17 03:11:14,662] {logging_mixin.py:104} INFO - [2025-12-17 03:11:14,662] {dagbag.py:448} INFO - Filling up the DagBag from /home/airflow/.local/lib/python3.6/site-packages/airflow/example_dags/example_nested_branch_dag.py
[2025-12-17 03:11:14,672] {scheduler_job.py:639} INFO - DAG(s) dict_keys(['example_nested_branch_dag']) retrieved from /home/airflow/.local/lib/python3.6/site-packages/airflow/example_dags/example_nested_branch_dag.py
[2025-12-17 03:11:14,690] {logging_mixin.py:104} INFO - [2025-12-17 03:11:14,690] {dag.py:1818} INFO - Sync 1 DAGs
[2025-12-17 03:11:14,703] {logging_mixin.py:104} INFO - [2025-12-17 03:11:14,703] {dag.py:2273} INFO - Setting next_dagrun for example_nested_branch_dag to 2025-12-15 00:00:00+00:00
[2025-12-17 03:11:14,710] {scheduler_job.py:190} INFO - Processing /home/airflow/.local/lib/python3.6/site-packages/airflow/example_dags/example_nested_branch_dag.py took 0.053 seconds
[2025-12-17 03:11:44,836] {scheduler_job.py:182} INFO - Started process (PID=238) to work on /home/airflow/.local/lib/python3.6/site-packages/airflow/example_dags/example_nested_branch_dag.py
[2025-12-17 03:11:44,838] {scheduler_job.py:629} INFO - Processing file /home/airflow/.local/lib/python3.6/site-packages/airflow/example_dags/example_nested_branch_dag.py for tasks to queue
[2025-12-17 03:11:44,839] {logging_mixin.py:104} INFO - [2025-12-17 03:11:44,838] {dagbag.py:448} INFO - Filling up the DagBag from /home/airflow/.local/lib/python3.6/site-packages/airflow/example_dags/example_nested_branch_dag.py
[2025-12-17 03:11:44,851] {scheduler_job.py:639} INFO - DAG(s) dict_keys(['example_nested_branch_dag']) retrieved from /home/airflow/.local/lib/python3.6/site-packages/airflow/example_dags/example_nested_branch_dag.py
[2025-12-17 03:11:44,869] {logging_mixin.py:104} INFO - [2025-12-17 03:11:44,869] {dag.py:1818} INFO - Sync 1 DAGs
[2025-12-17 03:11:44,886] {logging_mixin.py:104} INFO - [2025-12-17 03:11:44,886] {dag.py:2273} INFO - Setting next_dagrun for example_nested_branch_dag to 2025-12-15 00:00:00+00:00
[2025-12-17 03:11:44,894] {scheduler_job.py:190} INFO - Processing /home/airflow/.local/lib/python3.6/site-packages/airflow/example_dags/example_nested_branch_dag.py took 0.060 seconds
[2025-12-17 03:12:14,913] {scheduler_job.py:182} INFO - Started process (PID=263) to work on /home/airflow/.local/lib/python3.6/site-packages/airflow/example_dags/example_nested_branch_dag.py
[2025-12-17 03:12:14,914] {scheduler_job.py:629} INFO - Processing file /home/airflow/.local/lib/python3.6/site-packages/airflow/example_dags/example_nested_branch_dag.py for tasks to queue
[2025-12-17 03:12:14,915] {logging_mixin.py:104} INFO - [2025-12-17 03:12:14,915] {dagbag.py:448} INFO - Filling up the DagBag from /home/airflow/.local/lib/python3.6/site-packages/airflow/example_dags/example_nested_branch_dag.py
[2025-12-17 03:12:14,926] {scheduler_job.py:639} INFO - DAG(s) dict_keys(['example_nested_branch_dag']) retrieved from /home/airflow/.local/lib/python3.6/site-packages/airflow/example_dags/example_nested_branch_dag.py
[2025-12-17 03:12:14,942] {logging_mixin.py:104} INFO - [2025-12-17 03:12:14,942] {dag.py:1818} INFO - Sync 1 DAGs
[2025-12-17 03:12:14,956] {logging_mixin.py:104} INFO - [2025-12-17 03:12:14,955] {dag.py:2273} INFO - Setting next_dagrun for example_nested_branch_dag to 2025-12-15 00:00:00+00:00
[2025-12-17 03:12:14,963] {scheduler_job.py:190} INFO - Processing /home/airflow/.local/lib/python3.6/site-packages/airflow/example_dags/example_nested_branch_dag.py took 0.052 seconds
[2025-12-17 03:12:44,990] {scheduler_job.py:182} INFO - Started process (PID=289) to work on /home/airflow/.local/lib/python3.6/site-packages/airflow/example_dags/example_nested_branch_dag.py
[2025-12-17 03:12:44,991] {scheduler_job.py:629} INFO - Processing file /home/airflow/.local/lib/python3.6/site-packages/airflow/example_dags/example_nested_branch_dag.py for tasks to queue
[2025-12-17 03:12:44,991] {logging_mixin.py:104} INFO - [2025-12-17 03:12:44,991] {dagbag.py:448} INFO - Filling up the DagBag from /home/airflow/.local/lib/python3.6/site-packages/airflow/example_dags/example_nested_branch_dag.py
[2025-12-17 03:12:45,002] {scheduler_job.py:639} INFO - DAG(s) dict_keys(['example_nested_branch_dag']) retrieved from /home/airflow/.local/lib/python3.6/site-packages/airflow/example_dags/example_nested_branch_dag.py
[2025-12-17 03:12:45,017] {logging_mixin.py:104} INFO - [2025-12-17 03:12:45,017] {dag.py:1818} INFO - Sync 1 DAGs
[2025-12-17 03:12:45,030] {logging_mixin.py:104} INFO - [2025-12-17 03:12:45,030] {dag.py:2273} INFO - Setting next_dagrun for example_nested_branch_dag to 2025-12-15 00:00:00+00:00
[2025-12-17 03:12:45,037] {scheduler_job.py:190} INFO - Processing /home/airflow/.local/lib/python3.6/site-packages/airflow/example_dags/example_nested_branch_dag.py took 0.050 seconds
[2025-12-17 03:13:16,051] {scheduler_job.py:182} INFO - Started process (PID=318) to work on /home/airflow/.local/lib/python3.6/site-packages/airflow/example_dags/example_nested_branch_dag.py
[2025-12-17 03:13:16,052] {scheduler_job.py:629} INFO - Processing file /home/airflow/.local/lib/python3.6/site-packages/airflow/example_dags/example_nested_branch_dag.py for tasks to queue
[2025-12-17 03:13:16,053] {logging_mixin.py:104} INFO - [2025-12-17 03:13:16,052] {dagbag.py:448} INFO - Filling up the DagBag from /home/airflow/.local/lib/python3.6/site-packages/airflow/example_dags/example_nested_branch_dag.py
[2025-12-17 03:13:16,062] {scheduler_job.py:639} INFO - DAG(s) dict_keys(['example_nested_branch_dag']) retrieved from /home/airflow/.local/lib/python3.6/site-packages/airflow/example_dags/example_nested_branch_dag.py
[2025-12-17 03:13:16,078] {logging_mixin.py:104} INFO - [2025-12-17 03:13:16,078] {dag.py:1818} INFO - Sync 1 DAGs
[2025-12-17 03:13:16,091] {logging_mixin.py:104} INFO - [2025-12-17 03:13:16,091] {dag.py:2273} INFO - Setting next_dagrun for example_nested_branch_dag to 2025-12-15 00:00:00+00:00
[2025-12-17 03:13:16,098] {scheduler_job.py:190} INFO - Processing /home/airflow/.local/lib/python3.6/site-packages/airflow/example_dags/example_nested_branch_dag.py took 0.049 seconds
[2025-12-17 03:13:47,021] {scheduler_job.py:182} INFO - Started process (PID=344) to work on /home/airflow/.local/lib/python3.6/site-packages/airflow/example_dags/example_nested_branch_dag.py
[2025-12-17 03:13:47,022] {scheduler_job.py:629} INFO - Processing file /home/airflow/.local/lib/python3.6/site-packages/airflow/example_dags/example_nested_branch_dag.py for tasks to queue
[2025-12-17 03:13:47,023] {logging_mixin.py:104} INFO - [2025-12-17 03:13:47,023] {dagbag.py:448} INFO - Filling up the DagBag from /home/airflow/.local/lib/python3.6/site-packages/airflow/example_dags/example_nested_branch_dag.py
[2025-12-17 03:13:47,033] {scheduler_job.py:639} INFO - DAG(s) dict_keys(['example_nested_branch_dag']) retrieved from /home/airflow/.local/lib/python3.6/site-packages/airflow/example_dags/example_nested_branch_dag.py
[2025-12-17 03:13:47,049] {logging_mixin.py:104} INFO - [2025-12-17 03:13:47,049] {dag.py:1818} INFO - Sync 1 DAGs
[2025-12-17 03:13:47,064] {logging_mixin.py:104} INFO - [2025-12-17 03:13:47,063] {dag.py:2273} INFO - Setting next_dagrun for example_nested_branch_dag to 2025-12-15 00:00:00+00:00
[2025-12-17 03:13:47,070] {scheduler_job.py:190} INFO - Processing /home/airflow/.local/lib/python3.6/site-packages/airflow/example_dags/example_nested_branch_dag.py took 0.052 seconds
[2025-12-17 03:14:18,109] {scheduler_job.py:182} INFO - Started process (PID=370) to work on /home/airflow/.local/lib/python3.6/site-packages/airflow/example_dags/example_nested_branch_dag.py
[2025-12-17 03:14:18,110] {scheduler_job.py:629} INFO - Processing file /home/airflow/.local/lib/python3.6/site-packages/airflow/example_dags/example_nested_branch_dag.py for tasks to queue
[2025-12-17 03:14:18,111] {logging_mixin.py:104} INFO - [2025-12-17 03:14:18,111] {dagbag.py:448} INFO - Filling up the DagBag from /home/airflow/.local/lib/python3.6/site-packages/airflow/example_dags/example_nested_branch_dag.py
[2025-12-17 03:14:18,122] {scheduler_job.py:639} INFO - DAG(s) dict_keys(['example_nested_branch_dag']) retrieved from /home/airflow/.local/lib/python3.6/site-packages/airflow/example_dags/example_nested_branch_dag.py
[2025-12-17 03:14:18,139] {logging_mixin.py:104} INFO - [2025-12-17 03:14:18,139] {dag.py:1818} INFO - Sync 1 DAGs
[2025-12-17 03:14:18,152] {logging_mixin.py:104} INFO - [2025-12-17 03:14:18,152] {dag.py:2273} INFO - Setting next_dagrun for example_nested_branch_dag to 2025-12-15 00:00:00+00:00
[2025-12-17 03:14:18,160] {scheduler_job.py:190} INFO - Processing /home/airflow/.local/lib/python3.6/site-packages/airflow/example_dags/example_nested_branch_dag.py took 0.054 seconds
[2025-12-17 03:14:48,203] {scheduler_job.py:182} INFO - Started process (PID=394) to work on /home/airflow/.local/lib/python3.6/site-packages/airflow/example_dags/example_nested_branch_dag.py
[2025-12-17 03:14:48,204] {scheduler_job.py:629} INFO - Processing file /home/airflow/.local/lib/python3.6/site-packages/airflow/example_dags/example_nested_branch_dag.py for tasks to queue
[2025-12-17 03:14:48,205] {logging_mixin.py:104} INFO - [2025-12-17 03:14:48,205] {dagbag.py:448} INFO - Filling up the DagBag from /home/airflow/.local/lib/python3.6/site-packages/airflow/example_dags/example_nested_branch_dag.py
[2025-12-17 03:14:48,216] {scheduler_job.py:639} INFO - DAG(s) dict_keys(['example_nested_branch_dag']) retrieved from /home/airflow/.local/lib/python3.6/site-packages/airflow/example_dags/example_nested_branch_dag.py
[2025-12-17 03:14:48,234] {logging_mixin.py:104} INFO - [2025-12-17 03:14:48,234] {dag.py:1818} INFO - Sync 1 DAGs
[2025-12-17 03:14:48,246] {logging_mixin.py:104} INFO - [2025-12-17 03:14:48,246] {dag.py:2273} INFO - Setting next_dagrun for example_nested_branch_dag to 2025-12-15 00:00:00+00:00
[2025-12-17 03:14:48,253] {scheduler_job.py:190} INFO - Processing /home/airflow/.local/lib/python3.6/site-packages/airflow/example_dags/example_nested_branch_dag.py took 0.055 seconds
[2025-12-17 03:15:18,308] {scheduler_job.py:182} INFO - Started process (PID=420) to work on /home/airflow/.local/lib/python3.6/site-packages/airflow/example_dags/example_nested_branch_dag.py
[2025-12-17 03:15:18,310] {scheduler_job.py:629} INFO - Processing file /home/airflow/.local/lib/python3.6/site-packages/airflow/example_dags/example_nested_branch_dag.py for tasks to queue
[2025-12-17 03:15:18,310] {logging_mixin.py:104} INFO - [2025-12-17 03:15:18,310] {dagbag.py:448} INFO - Filling up the DagBag from /home/airflow/.local/lib/python3.6/site-packages/airflow/example_dags/example_nested_branch_dag.py
[2025-12-17 03:15:18,320] {scheduler_job.py:639} INFO - DAG(s) dict_keys(['example_nested_branch_dag']) retrieved from /home/airflow/.local/lib/python3.6/site-packages/airflow/example_dags/example_nested_branch_dag.py
[2025-12-17 03:15:18,340] {logging_mixin.py:104} INFO - [2025-12-17 03:15:18,340] {dag.py:1818} INFO - Sync 1 DAGs
[2025-12-17 03:15:18,354] {logging_mixin.py:104} INFO - [2025-12-17 03:15:18,354] {dag.py:2273} INFO - Setting next_dagrun for example_nested_branch_dag to 2025-12-15 00:00:00+00:00
[2025-12-17 03:15:18,363] {scheduler_job.py:190} INFO - Processing /home/airflow/.local/lib/python3.6/site-packages/airflow/example_dags/example_nested_branch_dag.py took 0.058 seconds
[2025-12-17 03:15:48,499] {scheduler_job.py:182} INFO - Started process (PID=447) to work on /home/airflow/.local/lib/python3.6/site-packages/airflow/example_dags/example_nested_branch_dag.py
[2025-12-17 03:15:48,500] {scheduler_job.py:629} INFO - Processing file /home/airflow/.local/lib/python3.6/site-packages/airflow/example_dags/example_nested_branch_dag.py for tasks to queue
[2025-12-17 03:15:48,501] {logging_mixin.py:104} INFO - [2025-12-17 03:15:48,501] {dagbag.py:448} INFO - Filling up the DagBag from /home/airflow/.local/lib/python3.6/site-packages/airflow/example_dags/example_nested_branch_dag.py
[2025-12-17 03:15:48,512] {scheduler_job.py:639} INFO - DAG(s) dict_keys(['example_nested_branch_dag']) retrieved from /home/airflow/.local/lib/python3.6/site-packages/airflow/example_dags/example_nested_branch_dag.py
[2025-12-17 03:15:48,528] {logging_mixin.py:104} INFO - [2025-12-17 03:15:48,528] {dag.py:1818} INFO - Sync 1 DAGs
[2025-12-17 03:15:48,543] {logging_mixin.py:104} INFO - [2025-12-17 03:15:48,542] {dag.py:2273} INFO - Setting next_dagrun for example_nested_branch_dag to 2025-12-15 00:00:00+00:00
[2025-12-17 03:15:48,549] {scheduler_job.py:190} INFO - Processing /home/airflow/.local/lib/python3.6/site-packages/airflow/example_dags/example_nested_branch_dag.py took 0.052 seconds
[2025-12-17 03:16:18,584] {scheduler_job.py:182} INFO - Started process (PID=471) to work on /home/airflow/.local/lib/python3.6/site-packages/airflow/example_dags/example_nested_branch_dag.py
[2025-12-17 03:16:18,586] {scheduler_job.py:629} INFO - Processing file /home/airflow/.local/lib/python3.6/site-packages/airflow/example_dags/example_nested_branch_dag.py for tasks to queue
[2025-12-17 03:16:18,587] {logging_mixin.py:104} INFO - [2025-12-17 03:16:18,587] {dagbag.py:448} INFO - Filling up the DagBag from /home/airflow/.local/lib/python3.6/site-packages/airflow/example_dags/example_nested_branch_dag.py
[2025-12-17 03:16:18,597] {scheduler_job.py:639} INFO - DAG(s) dict_keys(['example_nested_branch_dag']) retrieved from /home/airflow/.local/lib/python3.6/site-packages/airflow/example_dags/example_nested_branch_dag.py
[2025-12-17 03:16:18,626] {logging_mixin.py:104} INFO - [2025-12-17 03:16:18,625] {dag.py:1818} INFO - Sync 1 DAGs
[2025-12-17 03:16:18,645] {logging_mixin.py:104} INFO - [2025-12-17 03:16:18,644] {dag.py:2273} INFO - Setting next_dagrun for example_nested_branch_dag to 2025-12-15 00:00:00+00:00
[2025-12-17 03:16:18,652] {scheduler_job.py:190} INFO - Processing /home/airflow/.local/lib/python3.6/site-packages/airflow/example_dags/example_nested_branch_dag.py took 0.072 seconds
[2025-12-17 03:16:48,704] {scheduler_job.py:182} INFO - Started process (PID=497) to work on /home/airflow/.local/lib/python3.6/site-packages/airflow/example_dags/example_nested_branch_dag.py
[2025-12-17 03:16:48,705] {scheduler_job.py:629} INFO - Processing file /home/airflow/.local/lib/python3.6/site-packages/airflow/example_dags/example_nested_branch_dag.py for tasks to queue
[2025-12-17 03:16:48,705] {logging_mixin.py:104} INFO - [2025-12-17 03:16:48,705] {dagbag.py:448} INFO - Filling up the DagBag from /home/airflow/.local/lib/python3.6/site-packages/airflow/example_dags/example_nested_branch_dag.py
[2025-12-17 03:16:48,715] {scheduler_job.py:639} INFO - DAG(s) dict_keys(['example_nested_branch_dag']) retrieved from /home/airflow/.local/lib/python3.6/site-packages/airflow/example_dags/example_nested_branch_dag.py
[2025-12-17 03:16:48,733] {logging_mixin.py:104} INFO - [2025-12-17 03:16:48,732] {dag.py:1818} INFO - Sync 1 DAGs
[2025-12-17 03:16:48,745] {logging_mixin.py:104} INFO - [2025-12-17 03:16:48,745] {dag.py:2273} INFO - Setting next_dagrun for example_nested_branch_dag to 2025-12-15 00:00:00+00:00
[2025-12-17 03:16:48,752] {scheduler_job.py:190} INFO - Processing /home/airflow/.local/lib/python3.6/site-packages/airflow/example_dags/example_nested_branch_dag.py took 0.051 seconds
[2025-12-17 03:17:18,815] {scheduler_job.py:182} INFO - Started process (PID=521) to work on /home/airflow/.local/lib/python3.6/site-packages/airflow/example_dags/example_nested_branch_dag.py
[2025-12-17 03:17:18,816] {scheduler_job.py:629} INFO - Processing file /home/airflow/.local/lib/python3.6/site-packages/airflow/example_dags/example_nested_branch_dag.py for tasks to queue
[2025-12-17 03:17:18,817] {logging_mixin.py:104} INFO - [2025-12-17 03:17:18,817] {dagbag.py:448} INFO - Filling up the DagBag from /home/airflow/.local/lib/python3.6/site-packages/airflow/example_dags/example_nested_branch_dag.py
[2025-12-17 03:17:18,827] {scheduler_job.py:639} INFO - DAG(s) dict_keys(['example_nested_branch_dag']) retrieved from /home/airflow/.local/lib/python3.6/site-packages/airflow/example_dags/example_nested_branch_dag.py
[2025-12-17 03:17:18,844] {logging_mixin.py:104} INFO - [2025-12-17 03:17:18,844] {dag.py:1818} INFO - Sync 1 DAGs
[2025-12-17 03:17:18,859] {logging_mixin.py:104} INFO - [2025-12-17 03:17:18,859] {dag.py:2273} INFO - Setting next_dagrun for example_nested_branch_dag to 2025-12-15 00:00:00+00:00
[2025-12-17 03:17:18,866] {scheduler_job.py:190} INFO - Processing /home/airflow/.local/lib/python3.6/site-packages/airflow/example_dags/example_nested_branch_dag.py took 0.054 seconds
[2025-12-17 03:17:48,918] {scheduler_job.py:182} INFO - Started process (PID=547) to work on /home/airflow/.local/lib/python3.6/site-packages/airflow/example_dags/example_nested_branch_dag.py
[2025-12-17 03:17:48,918] {scheduler_job.py:629} INFO - Processing file /home/airflow/.local/lib/python3.6/site-packages/airflow/example_dags/example_nested_branch_dag.py for tasks to queue
[2025-12-17 03:17:48,919] {logging_mixin.py:104} INFO - [2025-12-17 03:17:48,919] {dagbag.py:448} INFO - Filling up the DagBag from /home/airflow/.local/lib/python3.6/site-packages/airflow/example_dags/example_nested_branch_dag.py
[2025-12-17 03:17:48,930] {scheduler_job.py:639} INFO - DAG(s) dict_keys(['example_nested_branch_dag']) retrieved from /home/airflow/.local/lib/python3.6/site-packages/airflow/example_dags/example_nested_branch_dag.py
[2025-12-17 03:17:48,947] {logging_mixin.py:104} INFO - [2025-12-17 03:17:48,947] {dag.py:1818} INFO - Sync 1 DAGs
[2025-12-17 03:17:48,960] {logging_mixin.py:104} INFO - [2025-12-17 03:17:48,960] {dag.py:2273} INFO - Setting next_dagrun for example_nested_branch_dag to 2025-12-15 00:00:00+00:00
[2025-12-17 03:17:48,967] {scheduler_job.py:190} INFO - Processing /home/airflow/.local/lib/python3.6/site-packages/airflow/example_dags/example_nested_branch_dag.py took 0.052 seconds
[2025-12-17 03:18:19,017] {scheduler_job.py:182} INFO - Started process (PID=573) to work on /home/airflow/.local/lib/python3.6/site-packages/airflow/example_dags/example_nested_branch_dag.py
[2025-12-17 03:18:19,018] {scheduler_job.py:629} INFO - Processing file /home/airflow/.local/lib/python3.6/site-packages/airflow/example_dags/example_nested_branch_dag.py for tasks to queue
[2025-12-17 03:18:19,019] {logging_mixin.py:104} INFO - [2025-12-17 03:18:19,019] {dagbag.py:448} INFO - Filling up the DagBag from /home/airflow/.local/lib/python3.6/site-packages/airflow/example_dags/example_nested_branch_dag.py
[2025-12-17 03:18:19,030] {scheduler_job.py:639} INFO - DAG(s) dict_keys(['example_nested_branch_dag']) retrieved from /home/airflow/.local/lib/python3.6/site-packages/airflow/example_dags/example_nested_branch_dag.py
[2025-12-17 03:18:19,048] {logging_mixin.py:104} INFO - [2025-12-17 03:18:19,048] {dag.py:1818} INFO - Sync 1 DAGs
[2025-12-17 03:18:19,064] {logging_mixin.py:104} INFO - [2025-12-17 03:18:19,064] {dag.py:2273} INFO - Setting next_dagrun for example_nested_branch_dag to 2025-12-15 00:00:00+00:00
[2025-12-17 03:18:19,072] {scheduler_job.py:190} INFO - Processing /home/airflow/.local/lib/python3.6/site-packages/airflow/example_dags/example_nested_branch_dag.py took 0.057 seconds
[2025-12-17 03:18:50,166] {scheduler_job.py:182} INFO - Started process (PID=604) to work on /home/airflow/.local/lib/python3.6/site-packages/airflow/example_dags/example_nested_branch_dag.py
[2025-12-17 03:18:50,167] {scheduler_job.py:629} INFO - Processing file /home/airflow/.local/lib/python3.6/site-packages/airflow/example_dags/example_nested_branch_dag.py for tasks to queue
[2025-12-17 03:18:50,168] {logging_mixin.py:104} INFO - [2025-12-17 03:18:50,168] {dagbag.py:448} INFO - Filling up the DagBag from /home/airflow/.local/lib/python3.6/site-packages/airflow/example_dags/example_nested_branch_dag.py
[2025-12-17 03:18:50,178] {scheduler_job.py:639} INFO - DAG(s) dict_keys(['example_nested_branch_dag']) retrieved from /home/airflow/.local/lib/python3.6/site-packages/airflow/example_dags/example_nested_branch_dag.py
[2025-12-17 03:18:50,195] {logging_mixin.py:104} INFO - [2025-12-17 03:18:50,194] {dag.py:1818} INFO - Sync 1 DAGs
[2025-12-17 03:18:50,210] {logging_mixin.py:104} INFO - [2025-12-17 03:18:50,209] {dag.py:2273} INFO - Setting next_dagrun for example_nested_branch_dag to 2025-12-15 00:00:00+00:00
[2025-12-17 03:18:50,216] {scheduler_job.py:190} INFO - Processing /home/airflow/.local/lib/python3.6/site-packages/airflow/example_dags/example_nested_branch_dag.py took 0.054 seconds
[2025-12-17 03:19:21,237] {scheduler_job.py:182} INFO - Started process (PID=630) to work on /home/airflow/.local/lib/python3.6/site-packages/airflow/example_dags/example_nested_branch_dag.py
[2025-12-17 03:19:21,238] {scheduler_job.py:629} INFO - Processing file /home/airflow/.local/lib/python3.6/site-packages/airflow/example_dags/example_nested_branch_dag.py for tasks to queue
[2025-12-17 03:19:21,238] {logging_mixin.py:104} INFO - [2025-12-17 03:19:21,238] {dagbag.py:448} INFO - Filling up the DagBag from /home/airflow/.local/lib/python3.6/site-packages/airflow/example_dags/example_nested_branch_dag.py
[2025-12-17 03:19:21,248] {scheduler_job.py:639} INFO - DAG(s) dict_keys(['example_nested_branch_dag']) retrieved from /home/airflow/.local/lib/python3.6/site-packages/airflow/example_dags/example_nested_branch_dag.py
[2025-12-17 03:19:21,265] {logging_mixin.py:104} INFO - [2025-12-17 03:19:21,265] {dag.py:1818} INFO - Sync 1 DAGs
[2025-12-17 03:19:21,277] {logging_mixin.py:104} INFO - [2025-12-17 03:19:21,277] {dag.py:2273} INFO - Setting next_dagrun for example_nested_branch_dag to 2025-12-15 00:00:00+00:00
[2025-12-17 03:19:21,284] {scheduler_job.py:190} INFO - Processing /home/airflow/.local/lib/python3.6/site-packages/airflow/example_dags/example_nested_branch_dag.py took 0.050 seconds
[2025-12-17 03:19:52,375] {scheduler_job.py:182} INFO - Started process (PID=656) to work on /home/airflow/.local/lib/python3.6/site-packages/airflow/example_dags/example_nested_branch_dag.py
[2025-12-17 03:19:52,376] {scheduler_job.py:629} INFO - Processing file /home/airflow/.local/lib/python3.6/site-packages/airflow/example_dags/example_nested_branch_dag.py for tasks to queue
[2025-12-17 03:19:52,377] {logging_mixin.py:104} INFO - [2025-12-17 03:19:52,377] {dagbag.py:448} INFO - Filling up the DagBag from /home/airflow/.local/lib/python3.6/site-packages/airflow/example_dags/example_nested_branch_dag.py
[2025-12-17 03:19:52,386] {scheduler_job.py:639} INFO - DAG(s) dict_keys(['example_nested_branch_dag']) retrieved from /home/airflow/.local/lib/python3.6/site-packages/airflow/example_dags/example_nested_branch_dag.py
[2025-12-17 03:19:52,403] {logging_mixin.py:104} INFO - [2025-12-17 03:19:52,403] {dag.py:1818} INFO - Sync 1 DAGs
[2025-12-17 03:19:52,415] {logging_mixin.py:104} INFO - [2025-12-17 03:19:52,415] {dag.py:2273} INFO - Setting next_dagrun for example_nested_branch_dag to 2025-12-15 00:00:00+00:00
[2025-12-17 03:19:52,422] {scheduler_job.py:190} INFO - Processing /home/airflow/.local/lib/python3.6/site-packages/airflow/example_dags/example_nested_branch_dag.py took 0.049 seconds
