[2025-12-17 03:08:07,725] {scheduler_job.py:182} INFO - Started process (PID=44) to work on /home/airflow/.local/lib/python3.6/site-packages/airflow/example_dags/example_complex.py
[2025-12-17 03:08:07,726] {scheduler_job.py:629} INFO - Processing file /home/airflow/.local/lib/python3.6/site-packages/airflow/example_dags/example_complex.py for tasks to queue
[2025-12-17 03:08:07,727] {logging_mixin.py:104} INFO - [2025-12-17 03:08:07,726] {dagbag.py:448} INFO - Filling up the DagBag from /home/airflow/.local/lib/python3.6/site-packages/airflow/example_dags/example_complex.py
[2025-12-17 03:08:07,739] {scheduler_job.py:639} INFO - DAG(s) dict_keys(['example_complex']) retrieved from /home/airflow/.local/lib/python3.6/site-packages/airflow/example_dags/example_complex.py
[2025-12-17 03:08:07,762] {logging_mixin.py:104} INFO - [2025-12-17 03:08:07,762] {dag.py:1818} INFO - Sync 1 DAGs
[2025-12-17 03:08:07,772] {logging_mixin.py:104} INFO - [2025-12-17 03:08:07,772] {dag.py:1837} INFO - Creating ORM DAG for example_complex
[2025-12-17 03:08:07,777] {logging_mixin.py:104} INFO - [2025-12-17 03:08:07,777] {dag.py:2273} INFO - Setting next_dagrun for example_complex to None
[2025-12-17 03:08:07,789] {scheduler_job.py:190} INFO - Processing /home/airflow/.local/lib/python3.6/site-packages/airflow/example_dags/example_complex.py took 0.067 seconds
[2025-12-17 03:08:12,382] {scheduler_job.py:182} INFO - Started process (PID=52) to work on /home/airflow/.local/lib/python3.6/site-packages/airflow/example_dags/example_complex.py
[2025-12-17 03:08:12,385] {scheduler_job.py:629} INFO - Processing file /home/airflow/.local/lib/python3.6/site-packages/airflow/example_dags/example_complex.py for tasks to queue
[2025-12-17 03:08:12,387] {logging_mixin.py:104} INFO - [2025-12-17 03:08:12,387] {dagbag.py:448} INFO - Filling up the DagBag from /home/airflow/.local/lib/python3.6/site-packages/airflow/example_dags/example_complex.py
[2025-12-17 03:08:12,422] {scheduler_job.py:639} INFO - DAG(s) dict_keys(['example_complex']) retrieved from /home/airflow/.local/lib/python3.6/site-packages/airflow/example_dags/example_complex.py
[2025-12-17 03:08:12,446] {logging_mixin.py:104} INFO - [2025-12-17 03:08:12,446] {dag.py:1818} INFO - Sync 1 DAGs
[2025-12-17 03:08:12,464] {logging_mixin.py:104} INFO - [2025-12-17 03:08:12,464] {dag.py:2273} INFO - Setting next_dagrun for example_complex to None
[2025-12-17 03:08:12,549] {scheduler_job.py:190} INFO - Processing /home/airflow/.local/lib/python3.6/site-packages/airflow/example_dags/example_complex.py took 0.175 seconds
[2025-12-17 03:08:42,751] {scheduler_job.py:182} INFO - Started process (PID=77) to work on /home/airflow/.local/lib/python3.6/site-packages/airflow/example_dags/example_complex.py
[2025-12-17 03:08:42,752] {scheduler_job.py:629} INFO - Processing file /home/airflow/.local/lib/python3.6/site-packages/airflow/example_dags/example_complex.py for tasks to queue
[2025-12-17 03:08:42,752] {logging_mixin.py:104} INFO - [2025-12-17 03:08:42,752] {dagbag.py:448} INFO - Filling up the DagBag from /home/airflow/.local/lib/python3.6/site-packages/airflow/example_dags/example_complex.py
[2025-12-17 03:08:42,767] {scheduler_job.py:639} INFO - DAG(s) dict_keys(['example_complex']) retrieved from /home/airflow/.local/lib/python3.6/site-packages/airflow/example_dags/example_complex.py
[2025-12-17 03:08:42,787] {logging_mixin.py:104} INFO - [2025-12-17 03:08:42,787] {dag.py:1818} INFO - Sync 1 DAGs
[2025-12-17 03:08:42,797] {logging_mixin.py:104} INFO - [2025-12-17 03:08:42,797] {dag.py:2273} INFO - Setting next_dagrun for example_complex to None
[2025-12-17 03:08:42,806] {scheduler_job.py:190} INFO - Processing /home/airflow/.local/lib/python3.6/site-packages/airflow/example_dags/example_complex.py took 0.058 seconds
[2025-12-17 03:09:12,830] {scheduler_job.py:182} INFO - Started process (PID=104) to work on /home/airflow/.local/lib/python3.6/site-packages/airflow/example_dags/example_complex.py
[2025-12-17 03:09:12,831] {scheduler_job.py:629} INFO - Processing file /home/airflow/.local/lib/python3.6/site-packages/airflow/example_dags/example_complex.py for tasks to queue
[2025-12-17 03:09:12,831] {logging_mixin.py:104} INFO - [2025-12-17 03:09:12,831] {dagbag.py:448} INFO - Filling up the DagBag from /home/airflow/.local/lib/python3.6/site-packages/airflow/example_dags/example_complex.py
[2025-12-17 03:09:12,843] {scheduler_job.py:639} INFO - DAG(s) dict_keys(['example_complex']) retrieved from /home/airflow/.local/lib/python3.6/site-packages/airflow/example_dags/example_complex.py
[2025-12-17 03:09:12,860] {logging_mixin.py:104} INFO - [2025-12-17 03:09:12,860] {dag.py:1818} INFO - Sync 1 DAGs
[2025-12-17 03:09:12,870] {logging_mixin.py:104} INFO - [2025-12-17 03:09:12,869] {dag.py:2273} INFO - Setting next_dagrun for example_complex to None
[2025-12-17 03:09:12,878] {scheduler_job.py:190} INFO - Processing /home/airflow/.local/lib/python3.6/site-packages/airflow/example_dags/example_complex.py took 0.051 seconds
[2025-12-17 03:09:43,959] {scheduler_job.py:182} INFO - Started process (PID=130) to work on /home/airflow/.local/lib/python3.6/site-packages/airflow/example_dags/example_complex.py
[2025-12-17 03:09:43,960] {scheduler_job.py:629} INFO - Processing file /home/airflow/.local/lib/python3.6/site-packages/airflow/example_dags/example_complex.py for tasks to queue
[2025-12-17 03:09:43,961] {logging_mixin.py:104} INFO - [2025-12-17 03:09:43,961] {dagbag.py:448} INFO - Filling up the DagBag from /home/airflow/.local/lib/python3.6/site-packages/airflow/example_dags/example_complex.py
[2025-12-17 03:09:43,978] {scheduler_job.py:639} INFO - DAG(s) dict_keys(['example_complex']) retrieved from /home/airflow/.local/lib/python3.6/site-packages/airflow/example_dags/example_complex.py
[2025-12-17 03:09:43,996] {logging_mixin.py:104} INFO - [2025-12-17 03:09:43,996] {dag.py:1818} INFO - Sync 1 DAGs
[2025-12-17 03:09:44,005] {logging_mixin.py:104} INFO - [2025-12-17 03:09:44,005] {dag.py:2273} INFO - Setting next_dagrun for example_complex to None
[2025-12-17 03:09:44,011] {scheduler_job.py:190} INFO - Processing /home/airflow/.local/lib/python3.6/site-packages/airflow/example_dags/example_complex.py took 0.056 seconds
[2025-12-17 03:10:14,040] {scheduler_job.py:182} INFO - Started process (PID=156) to work on /home/airflow/.local/lib/python3.6/site-packages/airflow/example_dags/example_complex.py
[2025-12-17 03:10:14,041] {scheduler_job.py:629} INFO - Processing file /home/airflow/.local/lib/python3.6/site-packages/airflow/example_dags/example_complex.py for tasks to queue
[2025-12-17 03:10:14,042] {logging_mixin.py:104} INFO - [2025-12-17 03:10:14,042] {dagbag.py:448} INFO - Filling up the DagBag from /home/airflow/.local/lib/python3.6/site-packages/airflow/example_dags/example_complex.py
[2025-12-17 03:10:14,053] {scheduler_job.py:639} INFO - DAG(s) dict_keys(['example_complex']) retrieved from /home/airflow/.local/lib/python3.6/site-packages/airflow/example_dags/example_complex.py
[2025-12-17 03:10:14,072] {logging_mixin.py:104} INFO - [2025-12-17 03:10:14,071] {dag.py:1818} INFO - Sync 1 DAGs
[2025-12-17 03:10:14,082] {logging_mixin.py:104} INFO - [2025-12-17 03:10:14,082] {dag.py:2273} INFO - Setting next_dagrun for example_complex to None
[2025-12-17 03:10:14,090] {scheduler_job.py:190} INFO - Processing /home/airflow/.local/lib/python3.6/site-packages/airflow/example_dags/example_complex.py took 0.053 seconds
[2025-12-17 03:10:44,434] {scheduler_job.py:182} INFO - Started process (PID=187) to work on /home/airflow/.local/lib/python3.6/site-packages/airflow/example_dags/example_complex.py
[2025-12-17 03:10:44,435] {scheduler_job.py:629} INFO - Processing file /home/airflow/.local/lib/python3.6/site-packages/airflow/example_dags/example_complex.py for tasks to queue
[2025-12-17 03:10:44,436] {logging_mixin.py:104} INFO - [2025-12-17 03:10:44,436] {dagbag.py:448} INFO - Filling up the DagBag from /home/airflow/.local/lib/python3.6/site-packages/airflow/example_dags/example_complex.py
[2025-12-17 03:10:44,447] {scheduler_job.py:639} INFO - DAG(s) dict_keys(['example_complex']) retrieved from /home/airflow/.local/lib/python3.6/site-packages/airflow/example_dags/example_complex.py
[2025-12-17 03:10:44,467] {logging_mixin.py:104} INFO - [2025-12-17 03:10:44,467] {dag.py:1818} INFO - Sync 1 DAGs
[2025-12-17 03:10:44,477] {logging_mixin.py:104} INFO - [2025-12-17 03:10:44,476] {dag.py:2273} INFO - Setting next_dagrun for example_complex to None
[2025-12-17 03:10:44,483] {scheduler_job.py:190} INFO - Processing /home/airflow/.local/lib/python3.6/site-packages/airflow/example_dags/example_complex.py took 0.052 seconds
[2025-12-17 03:11:14,727] {scheduler_job.py:182} INFO - Started process (PID=215) to work on /home/airflow/.local/lib/python3.6/site-packages/airflow/example_dags/example_complex.py
[2025-12-17 03:11:14,728] {scheduler_job.py:629} INFO - Processing file /home/airflow/.local/lib/python3.6/site-packages/airflow/example_dags/example_complex.py for tasks to queue
[2025-12-17 03:11:14,729] {logging_mixin.py:104} INFO - [2025-12-17 03:11:14,729] {dagbag.py:448} INFO - Filling up the DagBag from /home/airflow/.local/lib/python3.6/site-packages/airflow/example_dags/example_complex.py
[2025-12-17 03:11:14,740] {scheduler_job.py:639} INFO - DAG(s) dict_keys(['example_complex']) retrieved from /home/airflow/.local/lib/python3.6/site-packages/airflow/example_dags/example_complex.py
[2025-12-17 03:11:14,759] {logging_mixin.py:104} INFO - [2025-12-17 03:11:14,758] {dag.py:1818} INFO - Sync 1 DAGs
[2025-12-17 03:11:14,774] {logging_mixin.py:104} INFO - [2025-12-17 03:11:14,773] {dag.py:2273} INFO - Setting next_dagrun for example_complex to None
[2025-12-17 03:11:14,782] {scheduler_job.py:190} INFO - Processing /home/airflow/.local/lib/python3.6/site-packages/airflow/example_dags/example_complex.py took 0.057 seconds
[2025-12-17 03:11:44,953] {scheduler_job.py:182} INFO - Started process (PID=241) to work on /home/airflow/.local/lib/python3.6/site-packages/airflow/example_dags/example_complex.py
[2025-12-17 03:11:44,954] {scheduler_job.py:629} INFO - Processing file /home/airflow/.local/lib/python3.6/site-packages/airflow/example_dags/example_complex.py for tasks to queue
[2025-12-17 03:11:44,954] {logging_mixin.py:104} INFO - [2025-12-17 03:11:44,954] {dagbag.py:448} INFO - Filling up the DagBag from /home/airflow/.local/lib/python3.6/site-packages/airflow/example_dags/example_complex.py
[2025-12-17 03:11:44,966] {scheduler_job.py:639} INFO - DAG(s) dict_keys(['example_complex']) retrieved from /home/airflow/.local/lib/python3.6/site-packages/airflow/example_dags/example_complex.py
[2025-12-17 03:11:44,984] {logging_mixin.py:104} INFO - [2025-12-17 03:11:44,984] {dag.py:1818} INFO - Sync 1 DAGs
[2025-12-17 03:11:44,994] {logging_mixin.py:104} INFO - [2025-12-17 03:11:44,994] {dag.py:2273} INFO - Setting next_dagrun for example_complex to None
[2025-12-17 03:11:45,001] {scheduler_job.py:190} INFO - Processing /home/airflow/.local/lib/python3.6/site-packages/airflow/example_dags/example_complex.py took 0.051 seconds
[2025-12-17 03:12:15,038] {scheduler_job.py:182} INFO - Started process (PID=267) to work on /home/airflow/.local/lib/python3.6/site-packages/airflow/example_dags/example_complex.py
[2025-12-17 03:12:15,039] {scheduler_job.py:629} INFO - Processing file /home/airflow/.local/lib/python3.6/site-packages/airflow/example_dags/example_complex.py for tasks to queue
[2025-12-17 03:12:15,040] {logging_mixin.py:104} INFO - [2025-12-17 03:12:15,040] {dagbag.py:448} INFO - Filling up the DagBag from /home/airflow/.local/lib/python3.6/site-packages/airflow/example_dags/example_complex.py
[2025-12-17 03:12:15,051] {scheduler_job.py:639} INFO - DAG(s) dict_keys(['example_complex']) retrieved from /home/airflow/.local/lib/python3.6/site-packages/airflow/example_dags/example_complex.py
[2025-12-17 03:12:15,069] {logging_mixin.py:104} INFO - [2025-12-17 03:12:15,069] {dag.py:1818} INFO - Sync 1 DAGs
[2025-12-17 03:12:15,082] {logging_mixin.py:104} INFO - [2025-12-17 03:12:15,082] {dag.py:2273} INFO - Setting next_dagrun for example_complex to None
[2025-12-17 03:12:15,091] {scheduler_job.py:190} INFO - Processing /home/airflow/.local/lib/python3.6/site-packages/airflow/example_dags/example_complex.py took 0.056 seconds
[2025-12-17 03:12:45,112] {scheduler_job.py:182} INFO - Started process (PID=293) to work on /home/airflow/.local/lib/python3.6/site-packages/airflow/example_dags/example_complex.py
[2025-12-17 03:12:45,113] {scheduler_job.py:629} INFO - Processing file /home/airflow/.local/lib/python3.6/site-packages/airflow/example_dags/example_complex.py for tasks to queue
[2025-12-17 03:12:45,114] {logging_mixin.py:104} INFO - [2025-12-17 03:12:45,114] {dagbag.py:448} INFO - Filling up the DagBag from /home/airflow/.local/lib/python3.6/site-packages/airflow/example_dags/example_complex.py
[2025-12-17 03:12:45,125] {scheduler_job.py:639} INFO - DAG(s) dict_keys(['example_complex']) retrieved from /home/airflow/.local/lib/python3.6/site-packages/airflow/example_dags/example_complex.py
[2025-12-17 03:12:45,143] {logging_mixin.py:104} INFO - [2025-12-17 03:12:45,143] {dag.py:1818} INFO - Sync 1 DAGs
[2025-12-17 03:12:45,153] {logging_mixin.py:104} INFO - [2025-12-17 03:12:45,153] {dag.py:2273} INFO - Setting next_dagrun for example_complex to None
[2025-12-17 03:12:45,160] {scheduler_job.py:190} INFO - Processing /home/airflow/.local/lib/python3.6/site-packages/airflow/example_dags/example_complex.py took 0.050 seconds
[2025-12-17 03:13:15,891] {scheduler_job.py:182} INFO - Started process (PID=312) to work on /home/airflow/.local/lib/python3.6/site-packages/airflow/example_dags/example_complex.py
[2025-12-17 03:13:15,893] {scheduler_job.py:629} INFO - Processing file /home/airflow/.local/lib/python3.6/site-packages/airflow/example_dags/example_complex.py for tasks to queue
[2025-12-17 03:13:15,893] {logging_mixin.py:104} INFO - [2025-12-17 03:13:15,893] {dagbag.py:448} INFO - Filling up the DagBag from /home/airflow/.local/lib/python3.6/site-packages/airflow/example_dags/example_complex.py
[2025-12-17 03:13:15,906] {scheduler_job.py:639} INFO - DAG(s) dict_keys(['example_complex']) retrieved from /home/airflow/.local/lib/python3.6/site-packages/airflow/example_dags/example_complex.py
[2025-12-17 03:13:15,926] {logging_mixin.py:104} INFO - [2025-12-17 03:13:15,926] {dag.py:1818} INFO - Sync 1 DAGs
[2025-12-17 03:13:15,935] {logging_mixin.py:104} INFO - [2025-12-17 03:13:15,935] {dag.py:2273} INFO - Setting next_dagrun for example_complex to None
[2025-12-17 03:13:15,942] {scheduler_job.py:190} INFO - Processing /home/airflow/.local/lib/python3.6/site-packages/airflow/example_dags/example_complex.py took 0.053 seconds
[2025-12-17 03:13:46,859] {scheduler_job.py:182} INFO - Started process (PID=338) to work on /home/airflow/.local/lib/python3.6/site-packages/airflow/example_dags/example_complex.py
[2025-12-17 03:13:46,860] {scheduler_job.py:629} INFO - Processing file /home/airflow/.local/lib/python3.6/site-packages/airflow/example_dags/example_complex.py for tasks to queue
[2025-12-17 03:13:46,861] {logging_mixin.py:104} INFO - [2025-12-17 03:13:46,861] {dagbag.py:448} INFO - Filling up the DagBag from /home/airflow/.local/lib/python3.6/site-packages/airflow/example_dags/example_complex.py
[2025-12-17 03:13:46,874] {scheduler_job.py:639} INFO - DAG(s) dict_keys(['example_complex']) retrieved from /home/airflow/.local/lib/python3.6/site-packages/airflow/example_dags/example_complex.py
[2025-12-17 03:13:46,891] {logging_mixin.py:104} INFO - [2025-12-17 03:13:46,891] {dag.py:1818} INFO - Sync 1 DAGs
[2025-12-17 03:13:46,901] {logging_mixin.py:104} INFO - [2025-12-17 03:13:46,901] {dag.py:2273} INFO - Setting next_dagrun for example_complex to None
[2025-12-17 03:13:46,910] {scheduler_job.py:190} INFO - Processing /home/airflow/.local/lib/python3.6/site-packages/airflow/example_dags/example_complex.py took 0.054 seconds
[2025-12-17 03:14:17,877] {scheduler_job.py:182} INFO - Started process (PID=364) to work on /home/airflow/.local/lib/python3.6/site-packages/airflow/example_dags/example_complex.py
[2025-12-17 03:14:17,878] {scheduler_job.py:629} INFO - Processing file /home/airflow/.local/lib/python3.6/site-packages/airflow/example_dags/example_complex.py for tasks to queue
[2025-12-17 03:14:17,878] {logging_mixin.py:104} INFO - [2025-12-17 03:14:17,878] {dagbag.py:448} INFO - Filling up the DagBag from /home/airflow/.local/lib/python3.6/site-packages/airflow/example_dags/example_complex.py
[2025-12-17 03:14:17,890] {scheduler_job.py:639} INFO - DAG(s) dict_keys(['example_complex']) retrieved from /home/airflow/.local/lib/python3.6/site-packages/airflow/example_dags/example_complex.py
[2025-12-17 03:14:17,908] {logging_mixin.py:104} INFO - [2025-12-17 03:14:17,908] {dag.py:1818} INFO - Sync 1 DAGs
[2025-12-17 03:14:17,920] {logging_mixin.py:104} INFO - [2025-12-17 03:14:17,920] {dag.py:2273} INFO - Setting next_dagrun for example_complex to None
[2025-12-17 03:14:17,929] {scheduler_job.py:190} INFO - Processing /home/airflow/.local/lib/python3.6/site-packages/airflow/example_dags/example_complex.py took 0.055 seconds
[2025-12-17 03:14:48,165] {scheduler_job.py:182} INFO - Started process (PID=393) to work on /home/airflow/.local/lib/python3.6/site-packages/airflow/example_dags/example_complex.py
[2025-12-17 03:14:48,166] {scheduler_job.py:629} INFO - Processing file /home/airflow/.local/lib/python3.6/site-packages/airflow/example_dags/example_complex.py for tasks to queue
[2025-12-17 03:14:48,166] {logging_mixin.py:104} INFO - [2025-12-17 03:14:48,166] {dagbag.py:448} INFO - Filling up the DagBag from /home/airflow/.local/lib/python3.6/site-packages/airflow/example_dags/example_complex.py
[2025-12-17 03:14:48,178] {scheduler_job.py:639} INFO - DAG(s) dict_keys(['example_complex']) retrieved from /home/airflow/.local/lib/python3.6/site-packages/airflow/example_dags/example_complex.py
[2025-12-17 03:14:48,196] {logging_mixin.py:104} INFO - [2025-12-17 03:14:48,196] {dag.py:1818} INFO - Sync 1 DAGs
[2025-12-17 03:14:48,209] {logging_mixin.py:104} INFO - [2025-12-17 03:14:48,209] {dag.py:2273} INFO - Setting next_dagrun for example_complex to None
[2025-12-17 03:14:48,218] {scheduler_job.py:190} INFO - Processing /home/airflow/.local/lib/python3.6/site-packages/airflow/example_dags/example_complex.py took 0.056 seconds
[2025-12-17 03:15:18,239] {scheduler_job.py:182} INFO - Started process (PID=419) to work on /home/airflow/.local/lib/python3.6/site-packages/airflow/example_dags/example_complex.py
[2025-12-17 03:15:18,241] {scheduler_job.py:629} INFO - Processing file /home/airflow/.local/lib/python3.6/site-packages/airflow/example_dags/example_complex.py for tasks to queue
[2025-12-17 03:15:18,241] {logging_mixin.py:104} INFO - [2025-12-17 03:15:18,241] {dagbag.py:448} INFO - Filling up the DagBag from /home/airflow/.local/lib/python3.6/site-packages/airflow/example_dags/example_complex.py
[2025-12-17 03:15:18,252] {scheduler_job.py:639} INFO - DAG(s) dict_keys(['example_complex']) retrieved from /home/airflow/.local/lib/python3.6/site-packages/airflow/example_dags/example_complex.py
[2025-12-17 03:15:18,270] {logging_mixin.py:104} INFO - [2025-12-17 03:15:18,270] {dag.py:1818} INFO - Sync 1 DAGs
[2025-12-17 03:15:18,280] {logging_mixin.py:104} INFO - [2025-12-17 03:15:18,280] {dag.py:2273} INFO - Setting next_dagrun for example_complex to None
[2025-12-17 03:15:18,288] {scheduler_job.py:190} INFO - Processing /home/airflow/.local/lib/python3.6/site-packages/airflow/example_dags/example_complex.py took 0.052 seconds
[2025-12-17 03:15:48,468] {scheduler_job.py:182} INFO - Started process (PID=446) to work on /home/airflow/.local/lib/python3.6/site-packages/airflow/example_dags/example_complex.py
[2025-12-17 03:15:48,469] {scheduler_job.py:629} INFO - Processing file /home/airflow/.local/lib/python3.6/site-packages/airflow/example_dags/example_complex.py for tasks to queue
[2025-12-17 03:15:48,470] {logging_mixin.py:104} INFO - [2025-12-17 03:15:48,470] {dagbag.py:448} INFO - Filling up the DagBag from /home/airflow/.local/lib/python3.6/site-packages/airflow/example_dags/example_complex.py
[2025-12-17 03:15:48,481] {scheduler_job.py:639} INFO - DAG(s) dict_keys(['example_complex']) retrieved from /home/airflow/.local/lib/python3.6/site-packages/airflow/example_dags/example_complex.py
[2025-12-17 03:15:48,506] {logging_mixin.py:104} INFO - [2025-12-17 03:15:48,505] {dag.py:1818} INFO - Sync 1 DAGs
[2025-12-17 03:15:48,519] {logging_mixin.py:104} INFO - [2025-12-17 03:15:48,519] {dag.py:2273} INFO - Setting next_dagrun for example_complex to None
[2025-12-17 03:15:48,525] {scheduler_job.py:190} INFO - Processing /home/airflow/.local/lib/python3.6/site-packages/airflow/example_dags/example_complex.py took 0.060 seconds
[2025-12-17 03:16:18,672] {scheduler_job.py:182} INFO - Started process (PID=473) to work on /home/airflow/.local/lib/python3.6/site-packages/airflow/example_dags/example_complex.py
[2025-12-17 03:16:18,673] {scheduler_job.py:629} INFO - Processing file /home/airflow/.local/lib/python3.6/site-packages/airflow/example_dags/example_complex.py for tasks to queue
[2025-12-17 03:16:18,674] {logging_mixin.py:104} INFO - [2025-12-17 03:16:18,674] {dagbag.py:448} INFO - Filling up the DagBag from /home/airflow/.local/lib/python3.6/site-packages/airflow/example_dags/example_complex.py
[2025-12-17 03:16:18,687] {scheduler_job.py:639} INFO - DAG(s) dict_keys(['example_complex']) retrieved from /home/airflow/.local/lib/python3.6/site-packages/airflow/example_dags/example_complex.py
[2025-12-17 03:16:18,710] {logging_mixin.py:104} INFO - [2025-12-17 03:16:18,709] {dag.py:1818} INFO - Sync 1 DAGs
[2025-12-17 03:16:18,724] {logging_mixin.py:104} INFO - [2025-12-17 03:16:18,724] {dag.py:2273} INFO - Setting next_dagrun for example_complex to None
[2025-12-17 03:16:18,731] {scheduler_job.py:190} INFO - Processing /home/airflow/.local/lib/python3.6/site-packages/airflow/example_dags/example_complex.py took 0.062 seconds
[2025-12-17 03:16:48,849] {scheduler_job.py:182} INFO - Started process (PID=499) to work on /home/airflow/.local/lib/python3.6/site-packages/airflow/example_dags/example_complex.py
[2025-12-17 03:16:48,850] {scheduler_job.py:629} INFO - Processing file /home/airflow/.local/lib/python3.6/site-packages/airflow/example_dags/example_complex.py for tasks to queue
[2025-12-17 03:16:48,850] {logging_mixin.py:104} INFO - [2025-12-17 03:16:48,850] {dagbag.py:448} INFO - Filling up the DagBag from /home/airflow/.local/lib/python3.6/site-packages/airflow/example_dags/example_complex.py
[2025-12-17 03:16:48,861] {scheduler_job.py:639} INFO - DAG(s) dict_keys(['example_complex']) retrieved from /home/airflow/.local/lib/python3.6/site-packages/airflow/example_dags/example_complex.py
[2025-12-17 03:16:48,880] {logging_mixin.py:104} INFO - [2025-12-17 03:16:48,880] {dag.py:1818} INFO - Sync 1 DAGs
[2025-12-17 03:16:48,890] {logging_mixin.py:104} INFO - [2025-12-17 03:16:48,890] {dag.py:2273} INFO - Setting next_dagrun for example_complex to None
[2025-12-17 03:16:48,897] {scheduler_job.py:190} INFO - Processing /home/airflow/.local/lib/python3.6/site-packages/airflow/example_dags/example_complex.py took 0.051 seconds
[2025-12-17 03:17:18,970] {scheduler_job.py:182} INFO - Started process (PID=526) to work on /home/airflow/.local/lib/python3.6/site-packages/airflow/example_dags/example_complex.py
[2025-12-17 03:17:18,971] {scheduler_job.py:629} INFO - Processing file /home/airflow/.local/lib/python3.6/site-packages/airflow/example_dags/example_complex.py for tasks to queue
[2025-12-17 03:17:18,972] {logging_mixin.py:104} INFO - [2025-12-17 03:17:18,971] {dagbag.py:448} INFO - Filling up the DagBag from /home/airflow/.local/lib/python3.6/site-packages/airflow/example_dags/example_complex.py
[2025-12-17 03:17:18,984] {scheduler_job.py:639} INFO - DAG(s) dict_keys(['example_complex']) retrieved from /home/airflow/.local/lib/python3.6/site-packages/airflow/example_dags/example_complex.py
[2025-12-17 03:17:19,005] {logging_mixin.py:104} INFO - [2025-12-17 03:17:19,005] {dag.py:1818} INFO - Sync 1 DAGs
[2025-12-17 03:17:19,017] {logging_mixin.py:104} INFO - [2025-12-17 03:17:19,017] {dag.py:2273} INFO - Setting next_dagrun for example_complex to None
[2025-12-17 03:17:19,025] {scheduler_job.py:190} INFO - Processing /home/airflow/.local/lib/python3.6/site-packages/airflow/example_dags/example_complex.py took 0.058 seconds
[2025-12-17 03:17:49,069] {scheduler_job.py:182} INFO - Started process (PID=552) to work on /home/airflow/.local/lib/python3.6/site-packages/airflow/example_dags/example_complex.py
[2025-12-17 03:17:49,070] {scheduler_job.py:629} INFO - Processing file /home/airflow/.local/lib/python3.6/site-packages/airflow/example_dags/example_complex.py for tasks to queue
[2025-12-17 03:17:49,071] {logging_mixin.py:104} INFO - [2025-12-17 03:17:49,070] {dagbag.py:448} INFO - Filling up the DagBag from /home/airflow/.local/lib/python3.6/site-packages/airflow/example_dags/example_complex.py
[2025-12-17 03:17:49,086] {scheduler_job.py:639} INFO - DAG(s) dict_keys(['example_complex']) retrieved from /home/airflow/.local/lib/python3.6/site-packages/airflow/example_dags/example_complex.py
[2025-12-17 03:17:49,109] {logging_mixin.py:104} INFO - [2025-12-17 03:17:49,109] {dag.py:1818} INFO - Sync 1 DAGs
[2025-12-17 03:17:49,124] {logging_mixin.py:104} INFO - [2025-12-17 03:17:49,124] {dag.py:2273} INFO - Setting next_dagrun for example_complex to None
[2025-12-17 03:17:49,132] {scheduler_job.py:190} INFO - Processing /home/airflow/.local/lib/python3.6/site-packages/airflow/example_dags/example_complex.py took 0.065 seconds
[2025-12-17 03:18:19,183] {scheduler_job.py:182} INFO - Started process (PID=578) to work on /home/airflow/.local/lib/python3.6/site-packages/airflow/example_dags/example_complex.py
[2025-12-17 03:18:19,184] {scheduler_job.py:629} INFO - Processing file /home/airflow/.local/lib/python3.6/site-packages/airflow/example_dags/example_complex.py for tasks to queue
[2025-12-17 03:18:19,185] {logging_mixin.py:104} INFO - [2025-12-17 03:18:19,184] {dagbag.py:448} INFO - Filling up the DagBag from /home/airflow/.local/lib/python3.6/site-packages/airflow/example_dags/example_complex.py
[2025-12-17 03:18:19,196] {scheduler_job.py:639} INFO - DAG(s) dict_keys(['example_complex']) retrieved from /home/airflow/.local/lib/python3.6/site-packages/airflow/example_dags/example_complex.py
[2025-12-17 03:18:19,219] {logging_mixin.py:104} INFO - [2025-12-17 03:18:19,219] {dag.py:1818} INFO - Sync 1 DAGs
[2025-12-17 03:18:19,230] {logging_mixin.py:104} INFO - [2025-12-17 03:18:19,230] {dag.py:2273} INFO - Setting next_dagrun for example_complex to None
[2025-12-17 03:18:19,237] {scheduler_job.py:190} INFO - Processing /home/airflow/.local/lib/python3.6/site-packages/airflow/example_dags/example_complex.py took 0.057 seconds
[2025-12-17 03:18:50,006] {scheduler_job.py:182} INFO - Started process (PID=598) to work on /home/airflow/.local/lib/python3.6/site-packages/airflow/example_dags/example_complex.py
[2025-12-17 03:18:50,007] {scheduler_job.py:629} INFO - Processing file /home/airflow/.local/lib/python3.6/site-packages/airflow/example_dags/example_complex.py for tasks to queue
[2025-12-17 03:18:50,008] {logging_mixin.py:104} INFO - [2025-12-17 03:18:50,008] {dagbag.py:448} INFO - Filling up the DagBag from /home/airflow/.local/lib/python3.6/site-packages/airflow/example_dags/example_complex.py
[2025-12-17 03:18:50,019] {scheduler_job.py:639} INFO - DAG(s) dict_keys(['example_complex']) retrieved from /home/airflow/.local/lib/python3.6/site-packages/airflow/example_dags/example_complex.py
[2025-12-17 03:18:50,039] {logging_mixin.py:104} INFO - [2025-12-17 03:18:50,039] {dag.py:1818} INFO - Sync 1 DAGs
[2025-12-17 03:18:50,049] {logging_mixin.py:104} INFO - [2025-12-17 03:18:50,049] {dag.py:2273} INFO - Setting next_dagrun for example_complex to None
[2025-12-17 03:18:50,056] {scheduler_job.py:190} INFO - Processing /home/airflow/.local/lib/python3.6/site-packages/airflow/example_dags/example_complex.py took 0.052 seconds
[2025-12-17 03:19:21,005] {scheduler_job.py:182} INFO - Started process (PID=624) to work on /home/airflow/.local/lib/python3.6/site-packages/airflow/example_dags/example_complex.py
[2025-12-17 03:19:21,006] {scheduler_job.py:629} INFO - Processing file /home/airflow/.local/lib/python3.6/site-packages/airflow/example_dags/example_complex.py for tasks to queue
[2025-12-17 03:19:21,006] {logging_mixin.py:104} INFO - [2025-12-17 03:19:21,006] {dagbag.py:448} INFO - Filling up the DagBag from /home/airflow/.local/lib/python3.6/site-packages/airflow/example_dags/example_complex.py
[2025-12-17 03:19:21,018] {scheduler_job.py:639} INFO - DAG(s) dict_keys(['example_complex']) retrieved from /home/airflow/.local/lib/python3.6/site-packages/airflow/example_dags/example_complex.py
[2025-12-17 03:19:21,037] {logging_mixin.py:104} INFO - [2025-12-17 03:19:21,036] {dag.py:1818} INFO - Sync 1 DAGs
[2025-12-17 03:19:21,051] {logging_mixin.py:104} INFO - [2025-12-17 03:19:21,051] {dag.py:2273} INFO - Setting next_dagrun for example_complex to None
[2025-12-17 03:19:21,058] {scheduler_job.py:190} INFO - Processing /home/airflow/.local/lib/python3.6/site-packages/airflow/example_dags/example_complex.py took 0.056 seconds
[2025-12-17 03:19:52,145] {scheduler_job.py:182} INFO - Started process (PID=650) to work on /home/airflow/.local/lib/python3.6/site-packages/airflow/example_dags/example_complex.py
[2025-12-17 03:19:52,146] {scheduler_job.py:629} INFO - Processing file /home/airflow/.local/lib/python3.6/site-packages/airflow/example_dags/example_complex.py for tasks to queue
[2025-12-17 03:19:52,146] {logging_mixin.py:104} INFO - [2025-12-17 03:19:52,146] {dagbag.py:448} INFO - Filling up the DagBag from /home/airflow/.local/lib/python3.6/site-packages/airflow/example_dags/example_complex.py
[2025-12-17 03:19:52,157] {scheduler_job.py:639} INFO - DAG(s) dict_keys(['example_complex']) retrieved from /home/airflow/.local/lib/python3.6/site-packages/airflow/example_dags/example_complex.py
[2025-12-17 03:19:52,176] {logging_mixin.py:104} INFO - [2025-12-17 03:19:52,176] {dag.py:1818} INFO - Sync 1 DAGs
[2025-12-17 03:19:52,185] {logging_mixin.py:104} INFO - [2025-12-17 03:19:52,185] {dag.py:2273} INFO - Setting next_dagrun for example_complex to None
[2025-12-17 03:19:52,191] {scheduler_job.py:190} INFO - Processing /home/airflow/.local/lib/python3.6/site-packages/airflow/example_dags/example_complex.py took 0.049 seconds
