[2025-12-17 03:08:11,195] {scheduler_job.py:182} INFO - Started process (PID=34) to work on /home/airflow/.local/lib/python3.6/site-packages/airflow/example_dags/example_trigger_controller_dag.py
[2025-12-17 03:08:11,198] {scheduler_job.py:629} INFO - Processing file /home/airflow/.local/lib/python3.6/site-packages/airflow/example_dags/example_trigger_controller_dag.py for tasks to queue
[2025-12-17 03:08:11,199] {logging_mixin.py:104} INFO - [2025-12-17 03:08:11,199] {dagbag.py:448} INFO - Filling up the DagBag from /home/airflow/.local/lib/python3.6/site-packages/airflow/example_dags/example_trigger_controller_dag.py
[2025-12-17 03:08:11,223] {scheduler_job.py:639} INFO - DAG(s) dict_keys(['example_trigger_controller_dag']) retrieved from /home/airflow/.local/lib/python3.6/site-packages/airflow/example_dags/example_trigger_controller_dag.py
[2025-12-17 03:08:11,264] {logging_mixin.py:104} INFO - [2025-12-17 03:08:11,264] {dag.py:1818} INFO - Sync 1 DAGs
[2025-12-17 03:08:11,281] {logging_mixin.py:104} INFO - [2025-12-17 03:08:11,281] {dag.py:1837} INFO - Creating ORM DAG for example_trigger_controller_dag
[2025-12-17 03:08:11,294] {logging_mixin.py:104} INFO - [2025-12-17 03:08:11,294] {dag.py:2273} INFO - Setting next_dagrun for example_trigger_controller_dag to 2025-12-15 00:00:00+00:00
[2025-12-17 03:08:11,316] {scheduler_job.py:190} INFO - Processing /home/airflow/.local/lib/python3.6/site-packages/airflow/example_dags/example_trigger_controller_dag.py took 0.129 seconds
[2025-12-17 03:08:41,969] {scheduler_job.py:182} INFO - Started process (PID=60) to work on /home/airflow/.local/lib/python3.6/site-packages/airflow/example_dags/example_trigger_controller_dag.py
[2025-12-17 03:08:41,970] {scheduler_job.py:629} INFO - Processing file /home/airflow/.local/lib/python3.6/site-packages/airflow/example_dags/example_trigger_controller_dag.py for tasks to queue
[2025-12-17 03:08:41,971] {logging_mixin.py:104} INFO - [2025-12-17 03:08:41,971] {dagbag.py:448} INFO - Filling up the DagBag from /home/airflow/.local/lib/python3.6/site-packages/airflow/example_dags/example_trigger_controller_dag.py
[2025-12-17 03:08:41,982] {scheduler_job.py:639} INFO - DAG(s) dict_keys(['example_trigger_controller_dag']) retrieved from /home/airflow/.local/lib/python3.6/site-packages/airflow/example_dags/example_trigger_controller_dag.py
[2025-12-17 03:08:42,012] {logging_mixin.py:104} INFO - [2025-12-17 03:08:42,012] {dag.py:1818} INFO - Sync 1 DAGs
[2025-12-17 03:08:42,027] {logging_mixin.py:104} INFO - [2025-12-17 03:08:42,027] {dag.py:2273} INFO - Setting next_dagrun for example_trigger_controller_dag to 2025-12-15 00:00:00+00:00
[2025-12-17 03:08:42,034] {scheduler_job.py:190} INFO - Processing /home/airflow/.local/lib/python3.6/site-packages/airflow/example_dags/example_trigger_controller_dag.py took 0.069 seconds
[2025-12-17 03:09:12,119] {scheduler_job.py:182} INFO - Started process (PID=86) to work on /home/airflow/.local/lib/python3.6/site-packages/airflow/example_dags/example_trigger_controller_dag.py
[2025-12-17 03:09:12,121] {scheduler_job.py:629} INFO - Processing file /home/airflow/.local/lib/python3.6/site-packages/airflow/example_dags/example_trigger_controller_dag.py for tasks to queue
[2025-12-17 03:09:12,121] {logging_mixin.py:104} INFO - [2025-12-17 03:09:12,121] {dagbag.py:448} INFO - Filling up the DagBag from /home/airflow/.local/lib/python3.6/site-packages/airflow/example_dags/example_trigger_controller_dag.py
[2025-12-17 03:09:12,131] {scheduler_job.py:639} INFO - DAG(s) dict_keys(['example_trigger_controller_dag']) retrieved from /home/airflow/.local/lib/python3.6/site-packages/airflow/example_dags/example_trigger_controller_dag.py
[2025-12-17 03:09:12,151] {logging_mixin.py:104} INFO - [2025-12-17 03:09:12,151] {dag.py:1818} INFO - Sync 1 DAGs
[2025-12-17 03:09:12,164] {logging_mixin.py:104} INFO - [2025-12-17 03:09:12,164] {dag.py:2273} INFO - Setting next_dagrun for example_trigger_controller_dag to 2025-12-15 00:00:00+00:00
[2025-12-17 03:09:12,177] {scheduler_job.py:190} INFO - Processing /home/airflow/.local/lib/python3.6/site-packages/airflow/example_dags/example_trigger_controller_dag.py took 0.062 seconds
[2025-12-17 03:09:43,195] {scheduler_job.py:182} INFO - Started process (PID=112) to work on /home/airflow/.local/lib/python3.6/site-packages/airflow/example_dags/example_trigger_controller_dag.py
[2025-12-17 03:09:43,196] {scheduler_job.py:629} INFO - Processing file /home/airflow/.local/lib/python3.6/site-packages/airflow/example_dags/example_trigger_controller_dag.py for tasks to queue
[2025-12-17 03:09:43,197] {logging_mixin.py:104} INFO - [2025-12-17 03:09:43,197] {dagbag.py:448} INFO - Filling up the DagBag from /home/airflow/.local/lib/python3.6/site-packages/airflow/example_dags/example_trigger_controller_dag.py
[2025-12-17 03:09:43,207] {scheduler_job.py:639} INFO - DAG(s) dict_keys(['example_trigger_controller_dag']) retrieved from /home/airflow/.local/lib/python3.6/site-packages/airflow/example_dags/example_trigger_controller_dag.py
[2025-12-17 03:09:43,234] {logging_mixin.py:104} INFO - [2025-12-17 03:09:43,234] {dag.py:1818} INFO - Sync 1 DAGs
[2025-12-17 03:09:43,251] {logging_mixin.py:104} INFO - [2025-12-17 03:09:43,251] {dag.py:2273} INFO - Setting next_dagrun for example_trigger_controller_dag to 2025-12-15 00:00:00+00:00
[2025-12-17 03:09:43,263] {scheduler_job.py:190} INFO - Processing /home/airflow/.local/lib/python3.6/site-packages/airflow/example_dags/example_trigger_controller_dag.py took 0.072 seconds
[2025-12-17 03:10:13,328] {scheduler_job.py:182} INFO - Started process (PID=138) to work on /home/airflow/.local/lib/python3.6/site-packages/airflow/example_dags/example_trigger_controller_dag.py
[2025-12-17 03:10:13,329] {scheduler_job.py:629} INFO - Processing file /home/airflow/.local/lib/python3.6/site-packages/airflow/example_dags/example_trigger_controller_dag.py for tasks to queue
[2025-12-17 03:10:13,330] {logging_mixin.py:104} INFO - [2025-12-17 03:10:13,330] {dagbag.py:448} INFO - Filling up the DagBag from /home/airflow/.local/lib/python3.6/site-packages/airflow/example_dags/example_trigger_controller_dag.py
[2025-12-17 03:10:13,338] {scheduler_job.py:639} INFO - DAG(s) dict_keys(['example_trigger_controller_dag']) retrieved from /home/airflow/.local/lib/python3.6/site-packages/airflow/example_dags/example_trigger_controller_dag.py
[2025-12-17 03:10:13,357] {logging_mixin.py:104} INFO - [2025-12-17 03:10:13,356] {dag.py:1818} INFO - Sync 1 DAGs
[2025-12-17 03:10:13,367] {logging_mixin.py:104} INFO - [2025-12-17 03:10:13,367] {dag.py:2273} INFO - Setting next_dagrun for example_trigger_controller_dag to 2025-12-15 00:00:00+00:00
[2025-12-17 03:10:13,376] {scheduler_job.py:190} INFO - Processing /home/airflow/.local/lib/python3.6/site-packages/airflow/example_dags/example_trigger_controller_dag.py took 0.051 seconds
[2025-12-17 03:10:43,414] {scheduler_job.py:182} INFO - Started process (PID=164) to work on /home/airflow/.local/lib/python3.6/site-packages/airflow/example_dags/example_trigger_controller_dag.py
[2025-12-17 03:10:43,416] {scheduler_job.py:629} INFO - Processing file /home/airflow/.local/lib/python3.6/site-packages/airflow/example_dags/example_trigger_controller_dag.py for tasks to queue
[2025-12-17 03:10:43,417] {logging_mixin.py:104} INFO - [2025-12-17 03:10:43,416] {dagbag.py:448} INFO - Filling up the DagBag from /home/airflow/.local/lib/python3.6/site-packages/airflow/example_dags/example_trigger_controller_dag.py
[2025-12-17 03:10:43,425] {scheduler_job.py:639} INFO - DAG(s) dict_keys(['example_trigger_controller_dag']) retrieved from /home/airflow/.local/lib/python3.6/site-packages/airflow/example_dags/example_trigger_controller_dag.py
[2025-12-17 03:10:43,443] {logging_mixin.py:104} INFO - [2025-12-17 03:10:43,443] {dag.py:1818} INFO - Sync 1 DAGs
[2025-12-17 03:10:43,454] {logging_mixin.py:104} INFO - [2025-12-17 03:10:43,454] {dag.py:2273} INFO - Setting next_dagrun for example_trigger_controller_dag to 2025-12-15 00:00:00+00:00
[2025-12-17 03:10:43,462] {scheduler_job.py:190} INFO - Processing /home/airflow/.local/lib/python3.6/site-packages/airflow/example_dags/example_trigger_controller_dag.py took 0.051 seconds
[2025-12-17 03:11:13,629] {scheduler_job.py:182} INFO - Started process (PID=190) to work on /home/airflow/.local/lib/python3.6/site-packages/airflow/example_dags/example_trigger_controller_dag.py
[2025-12-17 03:11:13,630] {scheduler_job.py:629} INFO - Processing file /home/airflow/.local/lib/python3.6/site-packages/airflow/example_dags/example_trigger_controller_dag.py for tasks to queue
[2025-12-17 03:11:13,631] {logging_mixin.py:104} INFO - [2025-12-17 03:11:13,631] {dagbag.py:448} INFO - Filling up the DagBag from /home/airflow/.local/lib/python3.6/site-packages/airflow/example_dags/example_trigger_controller_dag.py
[2025-12-17 03:11:13,640] {scheduler_job.py:639} INFO - DAG(s) dict_keys(['example_trigger_controller_dag']) retrieved from /home/airflow/.local/lib/python3.6/site-packages/airflow/example_dags/example_trigger_controller_dag.py
[2025-12-17 03:11:13,659] {logging_mixin.py:104} INFO - [2025-12-17 03:11:13,659] {dag.py:1818} INFO - Sync 1 DAGs
[2025-12-17 03:11:13,671] {logging_mixin.py:104} INFO - [2025-12-17 03:11:13,671] {dag.py:2273} INFO - Setting next_dagrun for example_trigger_controller_dag to 2025-12-15 00:00:00+00:00
[2025-12-17 03:11:13,678] {scheduler_job.py:190} INFO - Processing /home/airflow/.local/lib/python3.6/site-packages/airflow/example_dags/example_trigger_controller_dag.py took 0.052 seconds
[2025-12-17 03:11:43,851] {scheduler_job.py:182} INFO - Started process (PID=216) to work on /home/airflow/.local/lib/python3.6/site-packages/airflow/example_dags/example_trigger_controller_dag.py
[2025-12-17 03:11:43,855] {scheduler_job.py:629} INFO - Processing file /home/airflow/.local/lib/python3.6/site-packages/airflow/example_dags/example_trigger_controller_dag.py for tasks to queue
[2025-12-17 03:11:43,858] {logging_mixin.py:104} INFO - [2025-12-17 03:11:43,857] {dagbag.py:448} INFO - Filling up the DagBag from /home/airflow/.local/lib/python3.6/site-packages/airflow/example_dags/example_trigger_controller_dag.py
[2025-12-17 03:11:43,878] {scheduler_job.py:639} INFO - DAG(s) dict_keys(['example_trigger_controller_dag']) retrieved from /home/airflow/.local/lib/python3.6/site-packages/airflow/example_dags/example_trigger_controller_dag.py
[2025-12-17 03:11:43,899] {logging_mixin.py:104} INFO - [2025-12-17 03:11:43,899] {dag.py:1818} INFO - Sync 1 DAGs
[2025-12-17 03:11:43,915] {logging_mixin.py:104} INFO - [2025-12-17 03:11:43,915] {dag.py:2273} INFO - Setting next_dagrun for example_trigger_controller_dag to 2025-12-15 00:00:00+00:00
[2025-12-17 03:11:43,925] {scheduler_job.py:190} INFO - Processing /home/airflow/.local/lib/python3.6/site-packages/airflow/example_dags/example_trigger_controller_dag.py took 0.083 seconds
[2025-12-17 03:12:14,085] {scheduler_job.py:182} INFO - Started process (PID=242) to work on /home/airflow/.local/lib/python3.6/site-packages/airflow/example_dags/example_trigger_controller_dag.py
[2025-12-17 03:12:14,086] {scheduler_job.py:629} INFO - Processing file /home/airflow/.local/lib/python3.6/site-packages/airflow/example_dags/example_trigger_controller_dag.py for tasks to queue
[2025-12-17 03:12:14,087] {logging_mixin.py:104} INFO - [2025-12-17 03:12:14,087] {dagbag.py:448} INFO - Filling up the DagBag from /home/airflow/.local/lib/python3.6/site-packages/airflow/example_dags/example_trigger_controller_dag.py
[2025-12-17 03:12:14,096] {scheduler_job.py:639} INFO - DAG(s) dict_keys(['example_trigger_controller_dag']) retrieved from /home/airflow/.local/lib/python3.6/site-packages/airflow/example_dags/example_trigger_controller_dag.py
[2025-12-17 03:12:14,116] {logging_mixin.py:104} INFO - [2025-12-17 03:12:14,115] {dag.py:1818} INFO - Sync 1 DAGs
[2025-12-17 03:12:14,128] {logging_mixin.py:104} INFO - [2025-12-17 03:12:14,127] {dag.py:2273} INFO - Setting next_dagrun for example_trigger_controller_dag to 2025-12-15 00:00:00+00:00
[2025-12-17 03:12:14,136] {scheduler_job.py:190} INFO - Processing /home/airflow/.local/lib/python3.6/site-packages/airflow/example_dags/example_trigger_controller_dag.py took 0.054 seconds
[2025-12-17 03:12:44,179] {scheduler_job.py:182} INFO - Started process (PID=268) to work on /home/airflow/.local/lib/python3.6/site-packages/airflow/example_dags/example_trigger_controller_dag.py
[2025-12-17 03:12:44,180] {scheduler_job.py:629} INFO - Processing file /home/airflow/.local/lib/python3.6/site-packages/airflow/example_dags/example_trigger_controller_dag.py for tasks to queue
[2025-12-17 03:12:44,181] {logging_mixin.py:104} INFO - [2025-12-17 03:12:44,181] {dagbag.py:448} INFO - Filling up the DagBag from /home/airflow/.local/lib/python3.6/site-packages/airflow/example_dags/example_trigger_controller_dag.py
[2025-12-17 03:12:44,190] {scheduler_job.py:639} INFO - DAG(s) dict_keys(['example_trigger_controller_dag']) retrieved from /home/airflow/.local/lib/python3.6/site-packages/airflow/example_dags/example_trigger_controller_dag.py
[2025-12-17 03:12:44,209] {logging_mixin.py:104} INFO - [2025-12-17 03:12:44,209] {dag.py:1818} INFO - Sync 1 DAGs
[2025-12-17 03:12:44,222] {logging_mixin.py:104} INFO - [2025-12-17 03:12:44,221] {dag.py:2273} INFO - Setting next_dagrun for example_trigger_controller_dag to 2025-12-15 00:00:00+00:00
[2025-12-17 03:12:44,228] {scheduler_job.py:190} INFO - Processing /home/airflow/.local/lib/python3.6/site-packages/airflow/example_dags/example_trigger_controller_dag.py took 0.051 seconds
[2025-12-17 03:13:15,241] {scheduler_job.py:182} INFO - Started process (PID=294) to work on /home/airflow/.local/lib/python3.6/site-packages/airflow/example_dags/example_trigger_controller_dag.py
[2025-12-17 03:13:15,242] {scheduler_job.py:629} INFO - Processing file /home/airflow/.local/lib/python3.6/site-packages/airflow/example_dags/example_trigger_controller_dag.py for tasks to queue
[2025-12-17 03:13:15,243] {logging_mixin.py:104} INFO - [2025-12-17 03:13:15,243] {dagbag.py:448} INFO - Filling up the DagBag from /home/airflow/.local/lib/python3.6/site-packages/airflow/example_dags/example_trigger_controller_dag.py
[2025-12-17 03:13:15,252] {scheduler_job.py:639} INFO - DAG(s) dict_keys(['example_trigger_controller_dag']) retrieved from /home/airflow/.local/lib/python3.6/site-packages/airflow/example_dags/example_trigger_controller_dag.py
[2025-12-17 03:13:15,271] {logging_mixin.py:104} INFO - [2025-12-17 03:13:15,271] {dag.py:1818} INFO - Sync 1 DAGs
[2025-12-17 03:13:15,283] {logging_mixin.py:104} INFO - [2025-12-17 03:13:15,283] {dag.py:2273} INFO - Setting next_dagrun for example_trigger_controller_dag to 2025-12-15 00:00:00+00:00
[2025-12-17 03:13:15,290] {scheduler_job.py:190} INFO - Processing /home/airflow/.local/lib/python3.6/site-packages/airflow/example_dags/example_trigger_controller_dag.py took 0.053 seconds
[2025-12-17 03:13:46,213] {scheduler_job.py:182} INFO - Started process (PID=320) to work on /home/airflow/.local/lib/python3.6/site-packages/airflow/example_dags/example_trigger_controller_dag.py
[2025-12-17 03:13:46,214] {scheduler_job.py:629} INFO - Processing file /home/airflow/.local/lib/python3.6/site-packages/airflow/example_dags/example_trigger_controller_dag.py for tasks to queue
[2025-12-17 03:13:46,214] {logging_mixin.py:104} INFO - [2025-12-17 03:13:46,214] {dagbag.py:448} INFO - Filling up the DagBag from /home/airflow/.local/lib/python3.6/site-packages/airflow/example_dags/example_trigger_controller_dag.py
[2025-12-17 03:13:46,222] {scheduler_job.py:639} INFO - DAG(s) dict_keys(['example_trigger_controller_dag']) retrieved from /home/airflow/.local/lib/python3.6/site-packages/airflow/example_dags/example_trigger_controller_dag.py
[2025-12-17 03:13:46,242] {logging_mixin.py:104} INFO - [2025-12-17 03:13:46,242] {dag.py:1818} INFO - Sync 1 DAGs
[2025-12-17 03:13:46,254] {logging_mixin.py:104} INFO - [2025-12-17 03:13:46,254] {dag.py:2273} INFO - Setting next_dagrun for example_trigger_controller_dag to 2025-12-15 00:00:00+00:00
[2025-12-17 03:13:46,268] {scheduler_job.py:190} INFO - Processing /home/airflow/.local/lib/python3.6/site-packages/airflow/example_dags/example_trigger_controller_dag.py took 0.058 seconds
[2025-12-17 03:14:17,197] {scheduler_job.py:182} INFO - Started process (PID=346) to work on /home/airflow/.local/lib/python3.6/site-packages/airflow/example_dags/example_trigger_controller_dag.py
[2025-12-17 03:14:17,199] {scheduler_job.py:629} INFO - Processing file /home/airflow/.local/lib/python3.6/site-packages/airflow/example_dags/example_trigger_controller_dag.py for tasks to queue
[2025-12-17 03:14:17,199] {logging_mixin.py:104} INFO - [2025-12-17 03:14:17,199] {dagbag.py:448} INFO - Filling up the DagBag from /home/airflow/.local/lib/python3.6/site-packages/airflow/example_dags/example_trigger_controller_dag.py
[2025-12-17 03:14:17,209] {scheduler_job.py:639} INFO - DAG(s) dict_keys(['example_trigger_controller_dag']) retrieved from /home/airflow/.local/lib/python3.6/site-packages/airflow/example_dags/example_trigger_controller_dag.py
[2025-12-17 03:14:17,228] {logging_mixin.py:104} INFO - [2025-12-17 03:14:17,228] {dag.py:1818} INFO - Sync 1 DAGs
[2025-12-17 03:14:17,240] {logging_mixin.py:104} INFO - [2025-12-17 03:14:17,240] {dag.py:2273} INFO - Setting next_dagrun for example_trigger_controller_dag to 2025-12-15 00:00:00+00:00
[2025-12-17 03:14:17,248] {scheduler_job.py:190} INFO - Processing /home/airflow/.local/lib/python3.6/site-packages/airflow/example_dags/example_trigger_controller_dag.py took 0.053 seconds
[2025-12-17 03:14:47,270] {scheduler_job.py:182} INFO - Started process (PID=372) to work on /home/airflow/.local/lib/python3.6/site-packages/airflow/example_dags/example_trigger_controller_dag.py
[2025-12-17 03:14:47,271] {scheduler_job.py:629} INFO - Processing file /home/airflow/.local/lib/python3.6/site-packages/airflow/example_dags/example_trigger_controller_dag.py for tasks to queue
[2025-12-17 03:14:47,272] {logging_mixin.py:104} INFO - [2025-12-17 03:14:47,272] {dagbag.py:448} INFO - Filling up the DagBag from /home/airflow/.local/lib/python3.6/site-packages/airflow/example_dags/example_trigger_controller_dag.py
[2025-12-17 03:14:47,281] {scheduler_job.py:639} INFO - DAG(s) dict_keys(['example_trigger_controller_dag']) retrieved from /home/airflow/.local/lib/python3.6/site-packages/airflow/example_dags/example_trigger_controller_dag.py
[2025-12-17 03:14:47,302] {logging_mixin.py:104} INFO - [2025-12-17 03:14:47,302] {dag.py:1818} INFO - Sync 1 DAGs
[2025-12-17 03:14:47,314] {logging_mixin.py:104} INFO - [2025-12-17 03:14:47,314] {dag.py:2273} INFO - Setting next_dagrun for example_trigger_controller_dag to 2025-12-15 00:00:00+00:00
[2025-12-17 03:14:47,322] {scheduler_job.py:190} INFO - Processing /home/airflow/.local/lib/python3.6/site-packages/airflow/example_dags/example_trigger_controller_dag.py took 0.056 seconds
[2025-12-17 03:15:17,430] {scheduler_job.py:182} INFO - Started process (PID=398) to work on /home/airflow/.local/lib/python3.6/site-packages/airflow/example_dags/example_trigger_controller_dag.py
[2025-12-17 03:15:17,432] {scheduler_job.py:629} INFO - Processing file /home/airflow/.local/lib/python3.6/site-packages/airflow/example_dags/example_trigger_controller_dag.py for tasks to queue
[2025-12-17 03:15:17,433] {logging_mixin.py:104} INFO - [2025-12-17 03:15:17,433] {dagbag.py:448} INFO - Filling up the DagBag from /home/airflow/.local/lib/python3.6/site-packages/airflow/example_dags/example_trigger_controller_dag.py
[2025-12-17 03:15:17,441] {scheduler_job.py:639} INFO - DAG(s) dict_keys(['example_trigger_controller_dag']) retrieved from /home/airflow/.local/lib/python3.6/site-packages/airflow/example_dags/example_trigger_controller_dag.py
[2025-12-17 03:15:17,460] {logging_mixin.py:104} INFO - [2025-12-17 03:15:17,460] {dag.py:1818} INFO - Sync 1 DAGs
[2025-12-17 03:15:17,472] {logging_mixin.py:104} INFO - [2025-12-17 03:15:17,472] {dag.py:2273} INFO - Setting next_dagrun for example_trigger_controller_dag to 2025-12-15 00:00:00+00:00
[2025-12-17 03:15:17,479] {scheduler_job.py:190} INFO - Processing /home/airflow/.local/lib/python3.6/site-packages/airflow/example_dags/example_trigger_controller_dag.py took 0.052 seconds
[2025-12-17 03:15:47,551] {scheduler_job.py:182} INFO - Started process (PID=424) to work on /home/airflow/.local/lib/python3.6/site-packages/airflow/example_dags/example_trigger_controller_dag.py
[2025-12-17 03:15:47,552] {scheduler_job.py:629} INFO - Processing file /home/airflow/.local/lib/python3.6/site-packages/airflow/example_dags/example_trigger_controller_dag.py for tasks to queue
[2025-12-17 03:15:47,553] {logging_mixin.py:104} INFO - [2025-12-17 03:15:47,553] {dagbag.py:448} INFO - Filling up the DagBag from /home/airflow/.local/lib/python3.6/site-packages/airflow/example_dags/example_trigger_controller_dag.py
[2025-12-17 03:15:47,560] {scheduler_job.py:639} INFO - DAG(s) dict_keys(['example_trigger_controller_dag']) retrieved from /home/airflow/.local/lib/python3.6/site-packages/airflow/example_dags/example_trigger_controller_dag.py
[2025-12-17 03:15:47,579] {logging_mixin.py:104} INFO - [2025-12-17 03:15:47,579] {dag.py:1818} INFO - Sync 1 DAGs
[2025-12-17 03:15:47,593] {logging_mixin.py:104} INFO - [2025-12-17 03:15:47,593] {dag.py:2273} INFO - Setting next_dagrun for example_trigger_controller_dag to 2025-12-15 00:00:00+00:00
[2025-12-17 03:15:47,602] {scheduler_job.py:190} INFO - Processing /home/airflow/.local/lib/python3.6/site-packages/airflow/example_dags/example_trigger_controller_dag.py took 0.054 seconds
[2025-12-17 03:16:17,708] {scheduler_job.py:182} INFO - Started process (PID=450) to work on /home/airflow/.local/lib/python3.6/site-packages/airflow/example_dags/example_trigger_controller_dag.py
[2025-12-17 03:16:17,709] {scheduler_job.py:629} INFO - Processing file /home/airflow/.local/lib/python3.6/site-packages/airflow/example_dags/example_trigger_controller_dag.py for tasks to queue
[2025-12-17 03:16:17,710] {logging_mixin.py:104} INFO - [2025-12-17 03:16:17,710] {dagbag.py:448} INFO - Filling up the DagBag from /home/airflow/.local/lib/python3.6/site-packages/airflow/example_dags/example_trigger_controller_dag.py
[2025-12-17 03:16:17,719] {scheduler_job.py:639} INFO - DAG(s) dict_keys(['example_trigger_controller_dag']) retrieved from /home/airflow/.local/lib/python3.6/site-packages/airflow/example_dags/example_trigger_controller_dag.py
[2025-12-17 03:16:17,743] {logging_mixin.py:104} INFO - [2025-12-17 03:16:17,743] {dag.py:1818} INFO - Sync 1 DAGs
[2025-12-17 03:16:17,756] {logging_mixin.py:104} INFO - [2025-12-17 03:16:17,756] {dag.py:2273} INFO - Setting next_dagrun for example_trigger_controller_dag to 2025-12-15 00:00:00+00:00
[2025-12-17 03:16:17,765] {scheduler_job.py:190} INFO - Processing /home/airflow/.local/lib/python3.6/site-packages/airflow/example_dags/example_trigger_controller_dag.py took 0.060 seconds
[2025-12-17 03:16:47,868] {scheduler_job.py:182} INFO - Started process (PID=476) to work on /home/airflow/.local/lib/python3.6/site-packages/airflow/example_dags/example_trigger_controller_dag.py
[2025-12-17 03:16:47,869] {scheduler_job.py:629} INFO - Processing file /home/airflow/.local/lib/python3.6/site-packages/airflow/example_dags/example_trigger_controller_dag.py for tasks to queue
[2025-12-17 03:16:47,870] {logging_mixin.py:104} INFO - [2025-12-17 03:16:47,870] {dagbag.py:448} INFO - Filling up the DagBag from /home/airflow/.local/lib/python3.6/site-packages/airflow/example_dags/example_trigger_controller_dag.py
[2025-12-17 03:16:47,879] {scheduler_job.py:639} INFO - DAG(s) dict_keys(['example_trigger_controller_dag']) retrieved from /home/airflow/.local/lib/python3.6/site-packages/airflow/example_dags/example_trigger_controller_dag.py
[2025-12-17 03:16:47,899] {logging_mixin.py:104} INFO - [2025-12-17 03:16:47,898] {dag.py:1818} INFO - Sync 1 DAGs
[2025-12-17 03:16:47,911] {logging_mixin.py:104} INFO - [2025-12-17 03:16:47,910] {dag.py:2273} INFO - Setting next_dagrun for example_trigger_controller_dag to 2025-12-15 00:00:00+00:00
[2025-12-17 03:16:47,923] {scheduler_job.py:190} INFO - Processing /home/airflow/.local/lib/python3.6/site-packages/airflow/example_dags/example_trigger_controller_dag.py took 0.058 seconds
[2025-12-17 03:17:18,027] {scheduler_job.py:182} INFO - Started process (PID=502) to work on /home/airflow/.local/lib/python3.6/site-packages/airflow/example_dags/example_trigger_controller_dag.py
[2025-12-17 03:17:18,028] {scheduler_job.py:629} INFO - Processing file /home/airflow/.local/lib/python3.6/site-packages/airflow/example_dags/example_trigger_controller_dag.py for tasks to queue
[2025-12-17 03:17:18,029] {logging_mixin.py:104} INFO - [2025-12-17 03:17:18,029] {dagbag.py:448} INFO - Filling up the DagBag from /home/airflow/.local/lib/python3.6/site-packages/airflow/example_dags/example_trigger_controller_dag.py
[2025-12-17 03:17:18,038] {scheduler_job.py:639} INFO - DAG(s) dict_keys(['example_trigger_controller_dag']) retrieved from /home/airflow/.local/lib/python3.6/site-packages/airflow/example_dags/example_trigger_controller_dag.py
[2025-12-17 03:17:18,062] {logging_mixin.py:104} INFO - [2025-12-17 03:17:18,062] {dag.py:1818} INFO - Sync 1 DAGs
[2025-12-17 03:17:18,074] {logging_mixin.py:104} INFO - [2025-12-17 03:17:18,074] {dag.py:2273} INFO - Setting next_dagrun for example_trigger_controller_dag to 2025-12-15 00:00:00+00:00
[2025-12-17 03:17:18,088] {scheduler_job.py:190} INFO - Processing /home/airflow/.local/lib/python3.6/site-packages/airflow/example_dags/example_trigger_controller_dag.py took 0.063 seconds
[2025-12-17 03:17:48,139] {scheduler_job.py:182} INFO - Started process (PID=528) to work on /home/airflow/.local/lib/python3.6/site-packages/airflow/example_dags/example_trigger_controller_dag.py
[2025-12-17 03:17:48,140] {scheduler_job.py:629} INFO - Processing file /home/airflow/.local/lib/python3.6/site-packages/airflow/example_dags/example_trigger_controller_dag.py for tasks to queue
[2025-12-17 03:17:48,141] {logging_mixin.py:104} INFO - [2025-12-17 03:17:48,141] {dagbag.py:448} INFO - Filling up the DagBag from /home/airflow/.local/lib/python3.6/site-packages/airflow/example_dags/example_trigger_controller_dag.py
[2025-12-17 03:17:48,151] {scheduler_job.py:639} INFO - DAG(s) dict_keys(['example_trigger_controller_dag']) retrieved from /home/airflow/.local/lib/python3.6/site-packages/airflow/example_dags/example_trigger_controller_dag.py
[2025-12-17 03:17:48,170] {logging_mixin.py:104} INFO - [2025-12-17 03:17:48,170] {dag.py:1818} INFO - Sync 1 DAGs
[2025-12-17 03:17:48,181] {logging_mixin.py:104} INFO - [2025-12-17 03:17:48,181] {dag.py:2273} INFO - Setting next_dagrun for example_trigger_controller_dag to 2025-12-15 00:00:00+00:00
[2025-12-17 03:17:48,194] {scheduler_job.py:190} INFO - Processing /home/airflow/.local/lib/python3.6/site-packages/airflow/example_dags/example_trigger_controller_dag.py took 0.059 seconds
[2025-12-17 03:18:18,274] {scheduler_job.py:182} INFO - Started process (PID=554) to work on /home/airflow/.local/lib/python3.6/site-packages/airflow/example_dags/example_trigger_controller_dag.py
[2025-12-17 03:18:18,275] {scheduler_job.py:629} INFO - Processing file /home/airflow/.local/lib/python3.6/site-packages/airflow/example_dags/example_trigger_controller_dag.py for tasks to queue
[2025-12-17 03:18:18,276] {logging_mixin.py:104} INFO - [2025-12-17 03:18:18,276] {dagbag.py:448} INFO - Filling up the DagBag from /home/airflow/.local/lib/python3.6/site-packages/airflow/example_dags/example_trigger_controller_dag.py
[2025-12-17 03:18:18,285] {scheduler_job.py:639} INFO - DAG(s) dict_keys(['example_trigger_controller_dag']) retrieved from /home/airflow/.local/lib/python3.6/site-packages/airflow/example_dags/example_trigger_controller_dag.py
[2025-12-17 03:18:18,306] {logging_mixin.py:104} INFO - [2025-12-17 03:18:18,306] {dag.py:1818} INFO - Sync 1 DAGs
[2025-12-17 03:18:18,318] {logging_mixin.py:104} INFO - [2025-12-17 03:18:18,318] {dag.py:2273} INFO - Setting next_dagrun for example_trigger_controller_dag to 2025-12-15 00:00:00+00:00
[2025-12-17 03:18:18,331] {scheduler_job.py:190} INFO - Processing /home/airflow/.local/lib/python3.6/site-packages/airflow/example_dags/example_trigger_controller_dag.py took 0.062 seconds
[2025-12-17 03:18:49,353] {scheduler_job.py:182} INFO - Started process (PID=580) to work on /home/airflow/.local/lib/python3.6/site-packages/airflow/example_dags/example_trigger_controller_dag.py
[2025-12-17 03:18:49,354] {scheduler_job.py:629} INFO - Processing file /home/airflow/.local/lib/python3.6/site-packages/airflow/example_dags/example_trigger_controller_dag.py for tasks to queue
[2025-12-17 03:18:49,355] {logging_mixin.py:104} INFO - [2025-12-17 03:18:49,355] {dagbag.py:448} INFO - Filling up the DagBag from /home/airflow/.local/lib/python3.6/site-packages/airflow/example_dags/example_trigger_controller_dag.py
[2025-12-17 03:18:49,365] {scheduler_job.py:639} INFO - DAG(s) dict_keys(['example_trigger_controller_dag']) retrieved from /home/airflow/.local/lib/python3.6/site-packages/airflow/example_dags/example_trigger_controller_dag.py
[2025-12-17 03:18:49,384] {logging_mixin.py:104} INFO - [2025-12-17 03:18:49,384] {dag.py:1818} INFO - Sync 1 DAGs
[2025-12-17 03:18:49,398] {logging_mixin.py:104} INFO - [2025-12-17 03:18:49,398] {dag.py:2273} INFO - Setting next_dagrun for example_trigger_controller_dag to 2025-12-15 00:00:00+00:00
[2025-12-17 03:18:49,406] {scheduler_job.py:190} INFO - Processing /home/airflow/.local/lib/python3.6/site-packages/airflow/example_dags/example_trigger_controller_dag.py took 0.057 seconds
[2025-12-17 03:19:20,334] {scheduler_job.py:182} INFO - Started process (PID=606) to work on /home/airflow/.local/lib/python3.6/site-packages/airflow/example_dags/example_trigger_controller_dag.py
[2025-12-17 03:19:20,336] {scheduler_job.py:629} INFO - Processing file /home/airflow/.local/lib/python3.6/site-packages/airflow/example_dags/example_trigger_controller_dag.py for tasks to queue
[2025-12-17 03:19:20,336] {logging_mixin.py:104} INFO - [2025-12-17 03:19:20,336] {dagbag.py:448} INFO - Filling up the DagBag from /home/airflow/.local/lib/python3.6/site-packages/airflow/example_dags/example_trigger_controller_dag.py
[2025-12-17 03:19:20,349] {scheduler_job.py:639} INFO - DAG(s) dict_keys(['example_trigger_controller_dag']) retrieved from /home/airflow/.local/lib/python3.6/site-packages/airflow/example_dags/example_trigger_controller_dag.py
[2025-12-17 03:19:20,368] {logging_mixin.py:104} INFO - [2025-12-17 03:19:20,368] {dag.py:1818} INFO - Sync 1 DAGs
[2025-12-17 03:19:20,380] {logging_mixin.py:104} INFO - [2025-12-17 03:19:20,380] {dag.py:2273} INFO - Setting next_dagrun for example_trigger_controller_dag to 2025-12-15 00:00:00+00:00
[2025-12-17 03:19:20,390] {scheduler_job.py:190} INFO - Processing /home/airflow/.local/lib/python3.6/site-packages/airflow/example_dags/example_trigger_controller_dag.py took 0.059 seconds
[2025-12-17 03:19:51,396] {scheduler_job.py:182} INFO - Started process (PID=632) to work on /home/airflow/.local/lib/python3.6/site-packages/airflow/example_dags/example_trigger_controller_dag.py
[2025-12-17 03:19:51,397] {scheduler_job.py:629} INFO - Processing file /home/airflow/.local/lib/python3.6/site-packages/airflow/example_dags/example_trigger_controller_dag.py for tasks to queue
[2025-12-17 03:19:51,398] {logging_mixin.py:104} INFO - [2025-12-17 03:19:51,398] {dagbag.py:448} INFO - Filling up the DagBag from /home/airflow/.local/lib/python3.6/site-packages/airflow/example_dags/example_trigger_controller_dag.py
[2025-12-17 03:19:51,405] {scheduler_job.py:639} INFO - DAG(s) dict_keys(['example_trigger_controller_dag']) retrieved from /home/airflow/.local/lib/python3.6/site-packages/airflow/example_dags/example_trigger_controller_dag.py
[2025-12-17 03:19:51,425] {logging_mixin.py:104} INFO - [2025-12-17 03:19:51,425] {dag.py:1818} INFO - Sync 1 DAGs
[2025-12-17 03:19:51,437] {logging_mixin.py:104} INFO - [2025-12-17 03:19:51,437] {dag.py:2273} INFO - Setting next_dagrun for example_trigger_controller_dag to 2025-12-15 00:00:00+00:00
[2025-12-17 03:19:51,446] {scheduler_job.py:190} INFO - Processing /home/airflow/.local/lib/python3.6/site-packages/airflow/example_dags/example_trigger_controller_dag.py took 0.052 seconds
