[2025-12-17 03:08:07,637] {scheduler_job.py:182} INFO - Started process (PID=42) to work on /home/airflow/.local/lib/python3.6/site-packages/airflow/example_dags/example_bash_operator.py
[2025-12-17 03:08:07,639] {scheduler_job.py:629} INFO - Processing file /home/airflow/.local/lib/python3.6/site-packages/airflow/example_dags/example_bash_operator.py for tasks to queue
[2025-12-17 03:08:07,640] {logging_mixin.py:104} INFO - [2025-12-17 03:08:07,640] {dagbag.py:448} INFO - Filling up the DagBag from /home/airflow/.local/lib/python3.6/site-packages/airflow/example_dags/example_bash_operator.py
[2025-12-17 03:08:07,652] {scheduler_job.py:639} INFO - DAG(s) dict_keys(['example_bash_operator']) retrieved from /home/airflow/.local/lib/python3.6/site-packages/airflow/example_dags/example_bash_operator.py
[2025-12-17 03:08:07,675] {logging_mixin.py:104} INFO - [2025-12-17 03:08:07,675] {dag.py:1818} INFO - Sync 1 DAGs
[2025-12-17 03:08:07,684] {logging_mixin.py:104} INFO - [2025-12-17 03:08:07,684] {dag.py:1837} INFO - Creating ORM DAG for example_bash_operator
[2025-12-17 03:08:07,693] {logging_mixin.py:104} INFO - [2025-12-17 03:08:07,692] {dag.py:2273} INFO - Setting next_dagrun for example_bash_operator to 2025-12-15 00:00:00+00:00
[2025-12-17 03:08:07,705] {scheduler_job.py:190} INFO - Processing /home/airflow/.local/lib/python3.6/site-packages/airflow/example_dags/example_bash_operator.py took 0.072 seconds
[2025-12-17 03:08:12,666] {scheduler_job.py:182} INFO - Started process (PID=56) to work on /home/airflow/.local/lib/python3.6/site-packages/airflow/example_dags/example_bash_operator.py
[2025-12-17 03:08:12,671] {scheduler_job.py:629} INFO - Processing file /home/airflow/.local/lib/python3.6/site-packages/airflow/example_dags/example_bash_operator.py for tasks to queue
[2025-12-17 03:08:12,673] {logging_mixin.py:104} INFO - [2025-12-17 03:08:12,672] {dagbag.py:448} INFO - Filling up the DagBag from /home/airflow/.local/lib/python3.6/site-packages/airflow/example_dags/example_bash_operator.py
[2025-12-17 03:08:12,696] {scheduler_job.py:639} INFO - DAG(s) dict_keys(['example_bash_operator']) retrieved from /home/airflow/.local/lib/python3.6/site-packages/airflow/example_dags/example_bash_operator.py
[2025-12-17 03:08:12,721] {logging_mixin.py:104} INFO - [2025-12-17 03:08:12,721] {dag.py:1818} INFO - Sync 1 DAGs
[2025-12-17 03:08:12,744] {logging_mixin.py:104} INFO - [2025-12-17 03:08:12,744] {dag.py:2273} INFO - Setting next_dagrun for example_bash_operator to 2025-12-15 00:00:00+00:00
[2025-12-17 03:08:12,754] {scheduler_job.py:190} INFO - Processing /home/airflow/.local/lib/python3.6/site-packages/airflow/example_dags/example_bash_operator.py took 0.098 seconds
[2025-12-17 03:08:42,894] {scheduler_job.py:182} INFO - Started process (PID=82) to work on /home/airflow/.local/lib/python3.6/site-packages/airflow/example_dags/example_bash_operator.py
[2025-12-17 03:08:42,896] {scheduler_job.py:629} INFO - Processing file /home/airflow/.local/lib/python3.6/site-packages/airflow/example_dags/example_bash_operator.py for tasks to queue
[2025-12-17 03:08:42,896] {logging_mixin.py:104} INFO - [2025-12-17 03:08:42,896] {dagbag.py:448} INFO - Filling up the DagBag from /home/airflow/.local/lib/python3.6/site-packages/airflow/example_dags/example_bash_operator.py
[2025-12-17 03:08:42,906] {scheduler_job.py:639} INFO - DAG(s) dict_keys(['example_bash_operator']) retrieved from /home/airflow/.local/lib/python3.6/site-packages/airflow/example_dags/example_bash_operator.py
[2025-12-17 03:08:42,922] {logging_mixin.py:104} INFO - [2025-12-17 03:08:42,922] {dag.py:1818} INFO - Sync 1 DAGs
[2025-12-17 03:08:42,935] {logging_mixin.py:104} INFO - [2025-12-17 03:08:42,935] {dag.py:2273} INFO - Setting next_dagrun for example_bash_operator to 2025-12-15 00:00:00+00:00
[2025-12-17 03:08:42,944] {scheduler_job.py:190} INFO - Processing /home/airflow/.local/lib/python3.6/site-packages/airflow/example_dags/example_bash_operator.py took 0.052 seconds
[2025-12-17 03:09:12,968] {scheduler_job.py:182} INFO - Started process (PID=108) to work on /home/airflow/.local/lib/python3.6/site-packages/airflow/example_dags/example_bash_operator.py
[2025-12-17 03:09:12,969] {scheduler_job.py:629} INFO - Processing file /home/airflow/.local/lib/python3.6/site-packages/airflow/example_dags/example_bash_operator.py for tasks to queue
[2025-12-17 03:09:12,970] {logging_mixin.py:104} INFO - [2025-12-17 03:09:12,970] {dagbag.py:448} INFO - Filling up the DagBag from /home/airflow/.local/lib/python3.6/site-packages/airflow/example_dags/example_bash_operator.py
[2025-12-17 03:09:12,979] {scheduler_job.py:639} INFO - DAG(s) dict_keys(['example_bash_operator']) retrieved from /home/airflow/.local/lib/python3.6/site-packages/airflow/example_dags/example_bash_operator.py
[2025-12-17 03:09:12,996] {logging_mixin.py:104} INFO - [2025-12-17 03:09:12,996] {dag.py:1818} INFO - Sync 1 DAGs
[2025-12-17 03:09:13,010] {logging_mixin.py:104} INFO - [2025-12-17 03:09:13,010] {dag.py:2273} INFO - Setting next_dagrun for example_bash_operator to 2025-12-15 00:00:00+00:00
[2025-12-17 03:09:13,017] {scheduler_job.py:190} INFO - Processing /home/airflow/.local/lib/python3.6/site-packages/airflow/example_dags/example_bash_operator.py took 0.052 seconds
[2025-12-17 03:09:44,095] {scheduler_job.py:182} INFO - Started process (PID=134) to work on /home/airflow/.local/lib/python3.6/site-packages/airflow/example_dags/example_bash_operator.py
[2025-12-17 03:09:44,096] {scheduler_job.py:629} INFO - Processing file /home/airflow/.local/lib/python3.6/site-packages/airflow/example_dags/example_bash_operator.py for tasks to queue
[2025-12-17 03:09:44,097] {logging_mixin.py:104} INFO - [2025-12-17 03:09:44,097] {dagbag.py:448} INFO - Filling up the DagBag from /home/airflow/.local/lib/python3.6/site-packages/airflow/example_dags/example_bash_operator.py
[2025-12-17 03:09:44,108] {scheduler_job.py:639} INFO - DAG(s) dict_keys(['example_bash_operator']) retrieved from /home/airflow/.local/lib/python3.6/site-packages/airflow/example_dags/example_bash_operator.py
[2025-12-17 03:09:44,124] {logging_mixin.py:104} INFO - [2025-12-17 03:09:44,124] {dag.py:1818} INFO - Sync 1 DAGs
[2025-12-17 03:09:44,137] {logging_mixin.py:104} INFO - [2025-12-17 03:09:44,137] {dag.py:2273} INFO - Setting next_dagrun for example_bash_operator to 2025-12-15 00:00:00+00:00
[2025-12-17 03:09:44,144] {scheduler_job.py:190} INFO - Processing /home/airflow/.local/lib/python3.6/site-packages/airflow/example_dags/example_bash_operator.py took 0.053 seconds
[2025-12-17 03:10:14,174] {scheduler_job.py:182} INFO - Started process (PID=160) to work on /home/airflow/.local/lib/python3.6/site-packages/airflow/example_dags/example_bash_operator.py
[2025-12-17 03:10:14,175] {scheduler_job.py:629} INFO - Processing file /home/airflow/.local/lib/python3.6/site-packages/airflow/example_dags/example_bash_operator.py for tasks to queue
[2025-12-17 03:10:14,176] {logging_mixin.py:104} INFO - [2025-12-17 03:10:14,176] {dagbag.py:448} INFO - Filling up the DagBag from /home/airflow/.local/lib/python3.6/site-packages/airflow/example_dags/example_bash_operator.py
[2025-12-17 03:10:14,187] {scheduler_job.py:639} INFO - DAG(s) dict_keys(['example_bash_operator']) retrieved from /home/airflow/.local/lib/python3.6/site-packages/airflow/example_dags/example_bash_operator.py
[2025-12-17 03:10:14,207] {logging_mixin.py:104} INFO - [2025-12-17 03:10:14,207] {dag.py:1818} INFO - Sync 1 DAGs
[2025-12-17 03:10:14,227] {logging_mixin.py:104} INFO - [2025-12-17 03:10:14,227] {dag.py:2273} INFO - Setting next_dagrun for example_bash_operator to 2025-12-15 00:00:00+00:00
[2025-12-17 03:10:14,237] {scheduler_job.py:190} INFO - Processing /home/airflow/.local/lib/python3.6/site-packages/airflow/example_dags/example_bash_operator.py took 0.067 seconds
[2025-12-17 03:10:44,333] {scheduler_job.py:182} INFO - Started process (PID=184) to work on /home/airflow/.local/lib/python3.6/site-packages/airflow/example_dags/example_bash_operator.py
[2025-12-17 03:10:44,335] {scheduler_job.py:629} INFO - Processing file /home/airflow/.local/lib/python3.6/site-packages/airflow/example_dags/example_bash_operator.py for tasks to queue
[2025-12-17 03:10:44,336] {logging_mixin.py:104} INFO - [2025-12-17 03:10:44,336] {dagbag.py:448} INFO - Filling up the DagBag from /home/airflow/.local/lib/python3.6/site-packages/airflow/example_dags/example_bash_operator.py
[2025-12-17 03:10:44,347] {scheduler_job.py:639} INFO - DAG(s) dict_keys(['example_bash_operator']) retrieved from /home/airflow/.local/lib/python3.6/site-packages/airflow/example_dags/example_bash_operator.py
[2025-12-17 03:10:44,368] {logging_mixin.py:104} INFO - [2025-12-17 03:10:44,368] {dag.py:1818} INFO - Sync 1 DAGs
[2025-12-17 03:10:44,384] {logging_mixin.py:104} INFO - [2025-12-17 03:10:44,383] {dag.py:2273} INFO - Setting next_dagrun for example_bash_operator to 2025-12-15 00:00:00+00:00
[2025-12-17 03:10:44,392] {scheduler_job.py:190} INFO - Processing /home/airflow/.local/lib/python3.6/site-packages/airflow/example_dags/example_bash_operator.py took 0.062 seconds
[2025-12-17 03:11:14,556] {scheduler_job.py:182} INFO - Started process (PID=210) to work on /home/airflow/.local/lib/python3.6/site-packages/airflow/example_dags/example_bash_operator.py
[2025-12-17 03:11:14,557] {scheduler_job.py:629} INFO - Processing file /home/airflow/.local/lib/python3.6/site-packages/airflow/example_dags/example_bash_operator.py for tasks to queue
[2025-12-17 03:11:14,558] {logging_mixin.py:104} INFO - [2025-12-17 03:11:14,558] {dagbag.py:448} INFO - Filling up the DagBag from /home/airflow/.local/lib/python3.6/site-packages/airflow/example_dags/example_bash_operator.py
[2025-12-17 03:11:14,566] {scheduler_job.py:639} INFO - DAG(s) dict_keys(['example_bash_operator']) retrieved from /home/airflow/.local/lib/python3.6/site-packages/airflow/example_dags/example_bash_operator.py
[2025-12-17 03:11:14,582] {logging_mixin.py:104} INFO - [2025-12-17 03:11:14,582] {dag.py:1818} INFO - Sync 1 DAGs
[2025-12-17 03:11:14,596] {logging_mixin.py:104} INFO - [2025-12-17 03:11:14,596] {dag.py:2273} INFO - Setting next_dagrun for example_bash_operator to 2025-12-15 00:00:00+00:00
[2025-12-17 03:11:14,603] {scheduler_job.py:190} INFO - Processing /home/airflow/.local/lib/python3.6/site-packages/airflow/example_dags/example_bash_operator.py took 0.049 seconds
[2025-12-17 03:11:44,770] {scheduler_job.py:182} INFO - Started process (PID=236) to work on /home/airflow/.local/lib/python3.6/site-packages/airflow/example_dags/example_bash_operator.py
[2025-12-17 03:11:44,771] {scheduler_job.py:629} INFO - Processing file /home/airflow/.local/lib/python3.6/site-packages/airflow/example_dags/example_bash_operator.py for tasks to queue
[2025-12-17 03:11:44,772] {logging_mixin.py:104} INFO - [2025-12-17 03:11:44,772] {dagbag.py:448} INFO - Filling up the DagBag from /home/airflow/.local/lib/python3.6/site-packages/airflow/example_dags/example_bash_operator.py
[2025-12-17 03:11:44,781] {scheduler_job.py:639} INFO - DAG(s) dict_keys(['example_bash_operator']) retrieved from /home/airflow/.local/lib/python3.6/site-packages/airflow/example_dags/example_bash_operator.py
[2025-12-17 03:11:44,800] {logging_mixin.py:104} INFO - [2025-12-17 03:11:44,800] {dag.py:1818} INFO - Sync 1 DAGs
[2025-12-17 03:11:44,813] {logging_mixin.py:104} INFO - [2025-12-17 03:11:44,813] {dag.py:2273} INFO - Setting next_dagrun for example_bash_operator to 2025-12-15 00:00:00+00:00
[2025-12-17 03:11:44,820] {scheduler_job.py:190} INFO - Processing /home/airflow/.local/lib/python3.6/site-packages/airflow/example_dags/example_bash_operator.py took 0.052 seconds
[2025-12-17 03:12:14,870] {scheduler_job.py:182} INFO - Started process (PID=262) to work on /home/airflow/.local/lib/python3.6/site-packages/airflow/example_dags/example_bash_operator.py
[2025-12-17 03:12:14,871] {scheduler_job.py:629} INFO - Processing file /home/airflow/.local/lib/python3.6/site-packages/airflow/example_dags/example_bash_operator.py for tasks to queue
[2025-12-17 03:12:14,872] {logging_mixin.py:104} INFO - [2025-12-17 03:12:14,872] {dagbag.py:448} INFO - Filling up the DagBag from /home/airflow/.local/lib/python3.6/site-packages/airflow/example_dags/example_bash_operator.py
[2025-12-17 03:12:14,881] {scheduler_job.py:639} INFO - DAG(s) dict_keys(['example_bash_operator']) retrieved from /home/airflow/.local/lib/python3.6/site-packages/airflow/example_dags/example_bash_operator.py
[2025-12-17 03:12:14,896] {logging_mixin.py:104} INFO - [2025-12-17 03:12:14,896] {dag.py:1818} INFO - Sync 1 DAGs
[2025-12-17 03:12:14,910] {logging_mixin.py:104} INFO - [2025-12-17 03:12:14,909] {dag.py:2273} INFO - Setting next_dagrun for example_bash_operator to 2025-12-15 00:00:00+00:00
[2025-12-17 03:12:14,917] {scheduler_job.py:190} INFO - Processing /home/airflow/.local/lib/python3.6/site-packages/airflow/example_dags/example_bash_operator.py took 0.049 seconds
[2025-12-17 03:12:44,944] {scheduler_job.py:182} INFO - Started process (PID=288) to work on /home/airflow/.local/lib/python3.6/site-packages/airflow/example_dags/example_bash_operator.py
[2025-12-17 03:12:44,944] {scheduler_job.py:629} INFO - Processing file /home/airflow/.local/lib/python3.6/site-packages/airflow/example_dags/example_bash_operator.py for tasks to queue
[2025-12-17 03:12:44,945] {logging_mixin.py:104} INFO - [2025-12-17 03:12:44,945] {dagbag.py:448} INFO - Filling up the DagBag from /home/airflow/.local/lib/python3.6/site-packages/airflow/example_dags/example_bash_operator.py
[2025-12-17 03:12:44,956] {scheduler_job.py:639} INFO - DAG(s) dict_keys(['example_bash_operator']) retrieved from /home/airflow/.local/lib/python3.6/site-packages/airflow/example_dags/example_bash_operator.py
[2025-12-17 03:12:44,973] {logging_mixin.py:104} INFO - [2025-12-17 03:12:44,973] {dag.py:1818} INFO - Sync 1 DAGs
[2025-12-17 03:12:44,987] {logging_mixin.py:104} INFO - [2025-12-17 03:12:44,987] {dag.py:2273} INFO - Setting next_dagrun for example_bash_operator to 2025-12-15 00:00:00+00:00
[2025-12-17 03:12:44,993] {scheduler_job.py:190} INFO - Processing /home/airflow/.local/lib/python3.6/site-packages/airflow/example_dags/example_bash_operator.py took 0.052 seconds
[2025-12-17 03:13:15,988] {scheduler_job.py:182} INFO - Started process (PID=316) to work on /home/airflow/.local/lib/python3.6/site-packages/airflow/example_dags/example_bash_operator.py
[2025-12-17 03:13:15,989] {scheduler_job.py:629} INFO - Processing file /home/airflow/.local/lib/python3.6/site-packages/airflow/example_dags/example_bash_operator.py for tasks to queue
[2025-12-17 03:13:15,990] {logging_mixin.py:104} INFO - [2025-12-17 03:13:15,990] {dagbag.py:448} INFO - Filling up the DagBag from /home/airflow/.local/lib/python3.6/site-packages/airflow/example_dags/example_bash_operator.py
[2025-12-17 03:13:16,000] {scheduler_job.py:639} INFO - DAG(s) dict_keys(['example_bash_operator']) retrieved from /home/airflow/.local/lib/python3.6/site-packages/airflow/example_dags/example_bash_operator.py
[2025-12-17 03:13:16,016] {logging_mixin.py:104} INFO - [2025-12-17 03:13:16,015] {dag.py:1818} INFO - Sync 1 DAGs
[2025-12-17 03:13:16,029] {logging_mixin.py:104} INFO - [2025-12-17 03:13:16,029] {dag.py:2273} INFO - Setting next_dagrun for example_bash_operator to 2025-12-15 00:00:00+00:00
[2025-12-17 03:13:16,035] {scheduler_job.py:190} INFO - Processing /home/airflow/.local/lib/python3.6/site-packages/airflow/example_dags/example_bash_operator.py took 0.050 seconds
[2025-12-17 03:13:46,957] {scheduler_job.py:182} INFO - Started process (PID=342) to work on /home/airflow/.local/lib/python3.6/site-packages/airflow/example_dags/example_bash_operator.py
[2025-12-17 03:13:46,958] {scheduler_job.py:629} INFO - Processing file /home/airflow/.local/lib/python3.6/site-packages/airflow/example_dags/example_bash_operator.py for tasks to queue
[2025-12-17 03:13:46,958] {logging_mixin.py:104} INFO - [2025-12-17 03:13:46,958] {dagbag.py:448} INFO - Filling up the DagBag from /home/airflow/.local/lib/python3.6/site-packages/airflow/example_dags/example_bash_operator.py
[2025-12-17 03:13:46,968] {scheduler_job.py:639} INFO - DAG(s) dict_keys(['example_bash_operator']) retrieved from /home/airflow/.local/lib/python3.6/site-packages/airflow/example_dags/example_bash_operator.py
[2025-12-17 03:13:46,985] {logging_mixin.py:104} INFO - [2025-12-17 03:13:46,984] {dag.py:1818} INFO - Sync 1 DAGs
[2025-12-17 03:13:46,998] {logging_mixin.py:104} INFO - [2025-12-17 03:13:46,998] {dag.py:2273} INFO - Setting next_dagrun for example_bash_operator to 2025-12-15 00:00:00+00:00
[2025-12-17 03:13:47,006] {scheduler_job.py:190} INFO - Processing /home/airflow/.local/lib/python3.6/site-packages/airflow/example_dags/example_bash_operator.py took 0.052 seconds
[2025-12-17 03:14:18,012] {scheduler_job.py:182} INFO - Started process (PID=368) to work on /home/airflow/.local/lib/python3.6/site-packages/airflow/example_dags/example_bash_operator.py
[2025-12-17 03:14:18,015] {scheduler_job.py:629} INFO - Processing file /home/airflow/.local/lib/python3.6/site-packages/airflow/example_dags/example_bash_operator.py for tasks to queue
[2025-12-17 03:14:18,016] {logging_mixin.py:104} INFO - [2025-12-17 03:14:18,016] {dagbag.py:448} INFO - Filling up the DagBag from /home/airflow/.local/lib/python3.6/site-packages/airflow/example_dags/example_bash_operator.py
[2025-12-17 03:14:18,029] {scheduler_job.py:639} INFO - DAG(s) dict_keys(['example_bash_operator']) retrieved from /home/airflow/.local/lib/python3.6/site-packages/airflow/example_dags/example_bash_operator.py
[2025-12-17 03:14:18,058] {logging_mixin.py:104} INFO - [2025-12-17 03:14:18,057] {dag.py:1818} INFO - Sync 1 DAGs
[2025-12-17 03:14:18,084] {logging_mixin.py:104} INFO - [2025-12-17 03:14:18,084] {dag.py:2273} INFO - Setting next_dagrun for example_bash_operator to 2025-12-15 00:00:00+00:00
[2025-12-17 03:14:18,092] {scheduler_job.py:190} INFO - Processing /home/airflow/.local/lib/python3.6/site-packages/airflow/example_dags/example_bash_operator.py took 0.083 seconds
[2025-12-17 03:14:48,235] {scheduler_job.py:182} INFO - Started process (PID=395) to work on /home/airflow/.local/lib/python3.6/site-packages/airflow/example_dags/example_bash_operator.py
[2025-12-17 03:14:48,236] {scheduler_job.py:629} INFO - Processing file /home/airflow/.local/lib/python3.6/site-packages/airflow/example_dags/example_bash_operator.py for tasks to queue
[2025-12-17 03:14:48,236] {logging_mixin.py:104} INFO - [2025-12-17 03:14:48,236] {dagbag.py:448} INFO - Filling up the DagBag from /home/airflow/.local/lib/python3.6/site-packages/airflow/example_dags/example_bash_operator.py
[2025-12-17 03:14:48,246] {scheduler_job.py:639} INFO - DAG(s) dict_keys(['example_bash_operator']) retrieved from /home/airflow/.local/lib/python3.6/site-packages/airflow/example_dags/example_bash_operator.py
[2025-12-17 03:14:48,262] {logging_mixin.py:104} INFO - [2025-12-17 03:14:48,262] {dag.py:1818} INFO - Sync 1 DAGs
[2025-12-17 03:14:48,275] {logging_mixin.py:104} INFO - [2025-12-17 03:14:48,275] {dag.py:2273} INFO - Setting next_dagrun for example_bash_operator to 2025-12-15 00:00:00+00:00
[2025-12-17 03:14:48,282] {scheduler_job.py:190} INFO - Processing /home/airflow/.local/lib/python3.6/site-packages/airflow/example_dags/example_bash_operator.py took 0.050 seconds
[2025-12-17 03:15:18,308] {scheduler_job.py:182} INFO - Started process (PID=421) to work on /home/airflow/.local/lib/python3.6/site-packages/airflow/example_dags/example_bash_operator.py
[2025-12-17 03:15:18,310] {scheduler_job.py:629} INFO - Processing file /home/airflow/.local/lib/python3.6/site-packages/airflow/example_dags/example_bash_operator.py for tasks to queue
[2025-12-17 03:15:18,310] {logging_mixin.py:104} INFO - [2025-12-17 03:15:18,310] {dagbag.py:448} INFO - Filling up the DagBag from /home/airflow/.local/lib/python3.6/site-packages/airflow/example_dags/example_bash_operator.py
[2025-12-17 03:15:18,319] {scheduler_job.py:639} INFO - DAG(s) dict_keys(['example_bash_operator']) retrieved from /home/airflow/.local/lib/python3.6/site-packages/airflow/example_dags/example_bash_operator.py
[2025-12-17 03:15:18,340] {logging_mixin.py:104} INFO - [2025-12-17 03:15:18,340] {dag.py:1818} INFO - Sync 1 DAGs
[2025-12-17 03:15:18,354] {logging_mixin.py:104} INFO - [2025-12-17 03:15:18,354] {dag.py:2273} INFO - Setting next_dagrun for example_bash_operator to 2025-12-15 00:00:00+00:00
[2025-12-17 03:15:18,363] {scheduler_job.py:190} INFO - Processing /home/airflow/.local/lib/python3.6/site-packages/airflow/example_dags/example_bash_operator.py took 0.057 seconds
[2025-12-17 03:15:48,379] {scheduler_job.py:182} INFO - Started process (PID=443) to work on /home/airflow/.local/lib/python3.6/site-packages/airflow/example_dags/example_bash_operator.py
[2025-12-17 03:15:48,380] {scheduler_job.py:629} INFO - Processing file /home/airflow/.local/lib/python3.6/site-packages/airflow/example_dags/example_bash_operator.py for tasks to queue
[2025-12-17 03:15:48,380] {logging_mixin.py:104} INFO - [2025-12-17 03:15:48,380] {dagbag.py:448} INFO - Filling up the DagBag from /home/airflow/.local/lib/python3.6/site-packages/airflow/example_dags/example_bash_operator.py
[2025-12-17 03:15:48,389] {scheduler_job.py:639} INFO - DAG(s) dict_keys(['example_bash_operator']) retrieved from /home/airflow/.local/lib/python3.6/site-packages/airflow/example_dags/example_bash_operator.py
[2025-12-17 03:15:48,405] {logging_mixin.py:104} INFO - [2025-12-17 03:15:48,405] {dag.py:1818} INFO - Sync 1 DAGs
[2025-12-17 03:15:48,417] {logging_mixin.py:104} INFO - [2025-12-17 03:15:48,417] {dag.py:2273} INFO - Setting next_dagrun for example_bash_operator to 2025-12-15 00:00:00+00:00
[2025-12-17 03:15:48,424] {scheduler_job.py:190} INFO - Processing /home/airflow/.local/lib/python3.6/site-packages/airflow/example_dags/example_bash_operator.py took 0.048 seconds
[2025-12-17 03:16:18,508] {scheduler_job.py:182} INFO - Started process (PID=470) to work on /home/airflow/.local/lib/python3.6/site-packages/airflow/example_dags/example_bash_operator.py
[2025-12-17 03:16:18,509] {scheduler_job.py:629} INFO - Processing file /home/airflow/.local/lib/python3.6/site-packages/airflow/example_dags/example_bash_operator.py for tasks to queue
[2025-12-17 03:16:18,510] {logging_mixin.py:104} INFO - [2025-12-17 03:16:18,510] {dagbag.py:448} INFO - Filling up the DagBag from /home/airflow/.local/lib/python3.6/site-packages/airflow/example_dags/example_bash_operator.py
[2025-12-17 03:16:18,523] {scheduler_job.py:639} INFO - DAG(s) dict_keys(['example_bash_operator']) retrieved from /home/airflow/.local/lib/python3.6/site-packages/airflow/example_dags/example_bash_operator.py
[2025-12-17 03:16:18,544] {logging_mixin.py:104} INFO - [2025-12-17 03:16:18,544] {dag.py:1818} INFO - Sync 1 DAGs
[2025-12-17 03:16:18,562] {logging_mixin.py:104} INFO - [2025-12-17 03:16:18,562] {dag.py:2273} INFO - Setting next_dagrun for example_bash_operator to 2025-12-15 00:00:00+00:00
[2025-12-17 03:16:18,574] {scheduler_job.py:190} INFO - Processing /home/airflow/.local/lib/python3.6/site-packages/airflow/example_dags/example_bash_operator.py took 0.068 seconds
[2025-12-17 03:16:48,641] {scheduler_job.py:182} INFO - Started process (PID=496) to work on /home/airflow/.local/lib/python3.6/site-packages/airflow/example_dags/example_bash_operator.py
[2025-12-17 03:16:48,642] {scheduler_job.py:629} INFO - Processing file /home/airflow/.local/lib/python3.6/site-packages/airflow/example_dags/example_bash_operator.py for tasks to queue
[2025-12-17 03:16:48,642] {logging_mixin.py:104} INFO - [2025-12-17 03:16:48,642] {dagbag.py:448} INFO - Filling up the DagBag from /home/airflow/.local/lib/python3.6/site-packages/airflow/example_dags/example_bash_operator.py
[2025-12-17 03:16:48,651] {scheduler_job.py:639} INFO - DAG(s) dict_keys(['example_bash_operator']) retrieved from /home/airflow/.local/lib/python3.6/site-packages/airflow/example_dags/example_bash_operator.py
[2025-12-17 03:16:48,666] {logging_mixin.py:104} INFO - [2025-12-17 03:16:48,666] {dag.py:1818} INFO - Sync 1 DAGs
[2025-12-17 03:16:48,679] {logging_mixin.py:104} INFO - [2025-12-17 03:16:48,679] {dag.py:2273} INFO - Setting next_dagrun for example_bash_operator to 2025-12-15 00:00:00+00:00
[2025-12-17 03:16:48,686] {scheduler_job.py:190} INFO - Processing /home/airflow/.local/lib/python3.6/site-packages/airflow/example_dags/example_bash_operator.py took 0.048 seconds
[2025-12-17 03:17:18,884] {scheduler_job.py:182} INFO - Started process (PID=523) to work on /home/airflow/.local/lib/python3.6/site-packages/airflow/example_dags/example_bash_operator.py
[2025-12-17 03:17:18,885] {scheduler_job.py:629} INFO - Processing file /home/airflow/.local/lib/python3.6/site-packages/airflow/example_dags/example_bash_operator.py for tasks to queue
[2025-12-17 03:17:18,886] {logging_mixin.py:104} INFO - [2025-12-17 03:17:18,886] {dagbag.py:448} INFO - Filling up the DagBag from /home/airflow/.local/lib/python3.6/site-packages/airflow/example_dags/example_bash_operator.py
[2025-12-17 03:17:18,898] {scheduler_job.py:639} INFO - DAG(s) dict_keys(['example_bash_operator']) retrieved from /home/airflow/.local/lib/python3.6/site-packages/airflow/example_dags/example_bash_operator.py
[2025-12-17 03:17:18,922] {logging_mixin.py:104} INFO - [2025-12-17 03:17:18,922] {dag.py:1818} INFO - Sync 1 DAGs
[2025-12-17 03:17:18,936] {logging_mixin.py:104} INFO - [2025-12-17 03:17:18,936] {dag.py:2273} INFO - Setting next_dagrun for example_bash_operator to 2025-12-15 00:00:00+00:00
[2025-12-17 03:17:18,944] {scheduler_job.py:190} INFO - Processing /home/airflow/.local/lib/python3.6/site-packages/airflow/example_dags/example_bash_operator.py took 0.064 seconds
[2025-12-17 03:17:49,002] {scheduler_job.py:182} INFO - Started process (PID=550) to work on /home/airflow/.local/lib/python3.6/site-packages/airflow/example_dags/example_bash_operator.py
[2025-12-17 03:17:49,003] {scheduler_job.py:629} INFO - Processing file /home/airflow/.local/lib/python3.6/site-packages/airflow/example_dags/example_bash_operator.py for tasks to queue
[2025-12-17 03:17:49,004] {logging_mixin.py:104} INFO - [2025-12-17 03:17:49,004] {dagbag.py:448} INFO - Filling up the DagBag from /home/airflow/.local/lib/python3.6/site-packages/airflow/example_dags/example_bash_operator.py
[2025-12-17 03:17:49,012] {scheduler_job.py:639} INFO - DAG(s) dict_keys(['example_bash_operator']) retrieved from /home/airflow/.local/lib/python3.6/site-packages/airflow/example_dags/example_bash_operator.py
[2025-12-17 03:17:49,029] {logging_mixin.py:104} INFO - [2025-12-17 03:17:49,029] {dag.py:1818} INFO - Sync 1 DAGs
[2025-12-17 03:17:49,042] {logging_mixin.py:104} INFO - [2025-12-17 03:17:49,042] {dag.py:2273} INFO - Setting next_dagrun for example_bash_operator to 2025-12-15 00:00:00+00:00
[2025-12-17 03:17:49,051] {scheduler_job.py:190} INFO - Processing /home/airflow/.local/lib/python3.6/site-packages/airflow/example_dags/example_bash_operator.py took 0.051 seconds
[2025-12-17 03:18:19,116] {scheduler_job.py:182} INFO - Started process (PID=576) to work on /home/airflow/.local/lib/python3.6/site-packages/airflow/example_dags/example_bash_operator.py
[2025-12-17 03:18:19,117] {scheduler_job.py:629} INFO - Processing file /home/airflow/.local/lib/python3.6/site-packages/airflow/example_dags/example_bash_operator.py for tasks to queue
[2025-12-17 03:18:19,117] {logging_mixin.py:104} INFO - [2025-12-17 03:18:19,117] {dagbag.py:448} INFO - Filling up the DagBag from /home/airflow/.local/lib/python3.6/site-packages/airflow/example_dags/example_bash_operator.py
[2025-12-17 03:18:19,127] {scheduler_job.py:639} INFO - DAG(s) dict_keys(['example_bash_operator']) retrieved from /home/airflow/.local/lib/python3.6/site-packages/airflow/example_dags/example_bash_operator.py
[2025-12-17 03:18:19,144] {logging_mixin.py:104} INFO - [2025-12-17 03:18:19,144] {dag.py:1818} INFO - Sync 1 DAGs
[2025-12-17 03:18:19,160] {logging_mixin.py:104} INFO - [2025-12-17 03:18:19,160] {dag.py:2273} INFO - Setting next_dagrun for example_bash_operator to 2025-12-15 00:00:00+00:00
[2025-12-17 03:18:19,167] {scheduler_job.py:190} INFO - Processing /home/airflow/.local/lib/python3.6/site-packages/airflow/example_dags/example_bash_operator.py took 0.053 seconds
[2025-12-17 03:18:50,102] {scheduler_job.py:182} INFO - Started process (PID=602) to work on /home/airflow/.local/lib/python3.6/site-packages/airflow/example_dags/example_bash_operator.py
[2025-12-17 03:18:50,103] {scheduler_job.py:629} INFO - Processing file /home/airflow/.local/lib/python3.6/site-packages/airflow/example_dags/example_bash_operator.py for tasks to queue
[2025-12-17 03:18:50,104] {logging_mixin.py:104} INFO - [2025-12-17 03:18:50,104] {dagbag.py:448} INFO - Filling up the DagBag from /home/airflow/.local/lib/python3.6/site-packages/airflow/example_dags/example_bash_operator.py
[2025-12-17 03:18:50,113] {scheduler_job.py:639} INFO - DAG(s) dict_keys(['example_bash_operator']) retrieved from /home/airflow/.local/lib/python3.6/site-packages/airflow/example_dags/example_bash_operator.py
[2025-12-17 03:18:50,128] {logging_mixin.py:104} INFO - [2025-12-17 03:18:50,128] {dag.py:1818} INFO - Sync 1 DAGs
[2025-12-17 03:18:50,142] {logging_mixin.py:104} INFO - [2025-12-17 03:18:50,142] {dag.py:2273} INFO - Setting next_dagrun for example_bash_operator to 2025-12-15 00:00:00+00:00
[2025-12-17 03:18:50,148] {scheduler_job.py:190} INFO - Processing /home/airflow/.local/lib/python3.6/site-packages/airflow/example_dags/example_bash_operator.py took 0.049 seconds
[2025-12-17 03:19:21,171] {scheduler_job.py:182} INFO - Started process (PID=628) to work on /home/airflow/.local/lib/python3.6/site-packages/airflow/example_dags/example_bash_operator.py
[2025-12-17 03:19:21,172] {scheduler_job.py:629} INFO - Processing file /home/airflow/.local/lib/python3.6/site-packages/airflow/example_dags/example_bash_operator.py for tasks to queue
[2025-12-17 03:19:21,173] {logging_mixin.py:104} INFO - [2025-12-17 03:19:21,173] {dagbag.py:448} INFO - Filling up the DagBag from /home/airflow/.local/lib/python3.6/site-packages/airflow/example_dags/example_bash_operator.py
[2025-12-17 03:19:21,181] {scheduler_job.py:639} INFO - DAG(s) dict_keys(['example_bash_operator']) retrieved from /home/airflow/.local/lib/python3.6/site-packages/airflow/example_dags/example_bash_operator.py
[2025-12-17 03:19:21,198] {logging_mixin.py:104} INFO - [2025-12-17 03:19:21,197] {dag.py:1818} INFO - Sync 1 DAGs
[2025-12-17 03:19:21,212] {logging_mixin.py:104} INFO - [2025-12-17 03:19:21,212] {dag.py:2273} INFO - Setting next_dagrun for example_bash_operator to 2025-12-15 00:00:00+00:00
[2025-12-17 03:19:21,220] {scheduler_job.py:190} INFO - Processing /home/airflow/.local/lib/python3.6/site-packages/airflow/example_dags/example_bash_operator.py took 0.051 seconds
[2025-12-17 03:19:52,241] {scheduler_job.py:182} INFO - Started process (PID=654) to work on /home/airflow/.local/lib/python3.6/site-packages/airflow/example_dags/example_bash_operator.py
[2025-12-17 03:19:52,242] {scheduler_job.py:629} INFO - Processing file /home/airflow/.local/lib/python3.6/site-packages/airflow/example_dags/example_bash_operator.py for tasks to queue
[2025-12-17 03:19:52,242] {logging_mixin.py:104} INFO - [2025-12-17 03:19:52,242] {dagbag.py:448} INFO - Filling up the DagBag from /home/airflow/.local/lib/python3.6/site-packages/airflow/example_dags/example_bash_operator.py
[2025-12-17 03:19:52,251] {scheduler_job.py:639} INFO - DAG(s) dict_keys(['example_bash_operator']) retrieved from /home/airflow/.local/lib/python3.6/site-packages/airflow/example_dags/example_bash_operator.py
[2025-12-17 03:19:52,267] {logging_mixin.py:104} INFO - [2025-12-17 03:19:52,267] {dag.py:1818} INFO - Sync 1 DAGs
[2025-12-17 03:19:52,280] {logging_mixin.py:104} INFO - [2025-12-17 03:19:52,280] {dag.py:2273} INFO - Setting next_dagrun for example_bash_operator to 2025-12-15 00:00:00+00:00
[2025-12-17 03:19:52,287] {scheduler_job.py:190} INFO - Processing /home/airflow/.local/lib/python3.6/site-packages/airflow/example_dags/example_bash_operator.py took 0.049 seconds
