[2025-12-17 03:08:07,432] {scheduler_job.py:182} INFO - Started process (PID=38) to work on /home/airflow/.local/lib/python3.6/site-packages/airflow/example_dags/example_xcomargs.py
[2025-12-17 03:08:07,433] {scheduler_job.py:629} INFO - Processing file /home/airflow/.local/lib/python3.6/site-packages/airflow/example_dags/example_xcomargs.py for tasks to queue
[2025-12-17 03:08:07,434] {logging_mixin.py:104} INFO - [2025-12-17 03:08:07,434] {dagbag.py:448} INFO - Filling up the DagBag from /home/airflow/.local/lib/python3.6/site-packages/airflow/example_dags/example_xcomargs.py
[2025-12-17 03:08:07,448] {scheduler_job.py:639} INFO - DAG(s) dict_keys(['example_xcom_args', 'example_xcom_args_with_operators']) retrieved from /home/airflow/.local/lib/python3.6/site-packages/airflow/example_dags/example_xcomargs.py
[2025-12-17 03:08:07,475] {logging_mixin.py:104} INFO - [2025-12-17 03:08:07,474] {dag.py:1818} INFO - Sync 2 DAGs
[2025-12-17 03:08:07,483] {logging_mixin.py:104} INFO - [2025-12-17 03:08:07,482] {dag.py:1837} INFO - Creating ORM DAG for example_xcom_args_with_operators
[2025-12-17 03:08:07,483] {logging_mixin.py:104} INFO - [2025-12-17 03:08:07,483] {dag.py:1837} INFO - Creating ORM DAG for example_xcom_args
[2025-12-17 03:08:07,488] {logging_mixin.py:104} INFO - [2025-12-17 03:08:07,488] {dag.py:2273} INFO - Setting next_dagrun for example_xcom_args to None
[2025-12-17 03:08:07,489] {logging_mixin.py:104} INFO - [2025-12-17 03:08:07,489] {dag.py:2273} INFO - Setting next_dagrun for example_xcom_args_with_operators to None
[2025-12-17 03:08:07,502] {scheduler_job.py:190} INFO - Processing /home/airflow/.local/lib/python3.6/site-packages/airflow/example_dags/example_xcomargs.py took 0.074 seconds
[2025-12-17 03:08:12,343] {scheduler_job.py:182} INFO - Started process (PID=51) to work on /home/airflow/.local/lib/python3.6/site-packages/airflow/example_dags/example_xcomargs.py
[2025-12-17 03:08:12,347] {scheduler_job.py:629} INFO - Processing file /home/airflow/.local/lib/python3.6/site-packages/airflow/example_dags/example_xcomargs.py for tasks to queue
[2025-12-17 03:08:12,349] {logging_mixin.py:104} INFO - [2025-12-17 03:08:12,349] {dagbag.py:448} INFO - Filling up the DagBag from /home/airflow/.local/lib/python3.6/site-packages/airflow/example_dags/example_xcomargs.py
[2025-12-17 03:08:12,369] {scheduler_job.py:639} INFO - DAG(s) dict_keys(['example_xcom_args', 'example_xcom_args_with_operators']) retrieved from /home/airflow/.local/lib/python3.6/site-packages/airflow/example_dags/example_xcomargs.py
[2025-12-17 03:08:12,395] {logging_mixin.py:104} INFO - [2025-12-17 03:08:12,395] {dag.py:1818} INFO - Sync 2 DAGs
[2025-12-17 03:08:12,419] {logging_mixin.py:104} INFO - [2025-12-17 03:08:12,419] {dag.py:2273} INFO - Setting next_dagrun for example_xcom_args to None
[2025-12-17 03:08:12,421] {logging_mixin.py:104} INFO - [2025-12-17 03:08:12,421] {dag.py:2273} INFO - Setting next_dagrun for example_xcom_args_with_operators to None
[2025-12-17 03:08:12,433] {scheduler_job.py:190} INFO - Processing /home/airflow/.local/lib/python3.6/site-packages/airflow/example_dags/example_xcomargs.py took 0.100 seconds
[2025-12-17 03:08:42,826] {scheduler_job.py:182} INFO - Started process (PID=80) to work on /home/airflow/.local/lib/python3.6/site-packages/airflow/example_dags/example_xcomargs.py
[2025-12-17 03:08:42,827] {scheduler_job.py:629} INFO - Processing file /home/airflow/.local/lib/python3.6/site-packages/airflow/example_dags/example_xcomargs.py for tasks to queue
[2025-12-17 03:08:42,827] {logging_mixin.py:104} INFO - [2025-12-17 03:08:42,827] {dagbag.py:448} INFO - Filling up the DagBag from /home/airflow/.local/lib/python3.6/site-packages/airflow/example_dags/example_xcomargs.py
[2025-12-17 03:08:42,837] {scheduler_job.py:639} INFO - DAG(s) dict_keys(['example_xcom_args', 'example_xcom_args_with_operators']) retrieved from /home/airflow/.local/lib/python3.6/site-packages/airflow/example_dags/example_xcomargs.py
[2025-12-17 03:08:42,858] {logging_mixin.py:104} INFO - [2025-12-17 03:08:42,858] {dag.py:1818} INFO - Sync 2 DAGs
[2025-12-17 03:08:42,869] {logging_mixin.py:104} INFO - [2025-12-17 03:08:42,868] {dag.py:2273} INFO - Setting next_dagrun for example_xcom_args to None
[2025-12-17 03:08:42,870] {logging_mixin.py:104} INFO - [2025-12-17 03:08:42,870] {dag.py:2273} INFO - Setting next_dagrun for example_xcom_args_with_operators to None
[2025-12-17 03:08:42,877] {scheduler_job.py:190} INFO - Processing /home/airflow/.local/lib/python3.6/site-packages/airflow/example_dags/example_xcomargs.py took 0.055 seconds
[2025-12-17 03:09:12,900] {scheduler_job.py:182} INFO - Started process (PID=106) to work on /home/airflow/.local/lib/python3.6/site-packages/airflow/example_dags/example_xcomargs.py
[2025-12-17 03:09:12,902] {scheduler_job.py:629} INFO - Processing file /home/airflow/.local/lib/python3.6/site-packages/airflow/example_dags/example_xcomargs.py for tasks to queue
[2025-12-17 03:09:12,903] {logging_mixin.py:104} INFO - [2025-12-17 03:09:12,903] {dagbag.py:448} INFO - Filling up the DagBag from /home/airflow/.local/lib/python3.6/site-packages/airflow/example_dags/example_xcomargs.py
[2025-12-17 03:09:12,913] {scheduler_job.py:639} INFO - DAG(s) dict_keys(['example_xcom_args', 'example_xcom_args_with_operators']) retrieved from /home/airflow/.local/lib/python3.6/site-packages/airflow/example_dags/example_xcomargs.py
[2025-12-17 03:09:12,933] {logging_mixin.py:104} INFO - [2025-12-17 03:09:12,933] {dag.py:1818} INFO - Sync 2 DAGs
[2025-12-17 03:09:12,944] {logging_mixin.py:104} INFO - [2025-12-17 03:09:12,944] {dag.py:2273} INFO - Setting next_dagrun for example_xcom_args to None
[2025-12-17 03:09:12,945] {logging_mixin.py:104} INFO - [2025-12-17 03:09:12,945] {dag.py:2273} INFO - Setting next_dagrun for example_xcom_args_with_operators to None
[2025-12-17 03:09:12,952] {scheduler_job.py:190} INFO - Processing /home/airflow/.local/lib/python3.6/site-packages/airflow/example_dags/example_xcomargs.py took 0.055 seconds
[2025-12-17 03:09:43,887] {scheduler_job.py:182} INFO - Started process (PID=129) to work on /home/airflow/.local/lib/python3.6/site-packages/airflow/example_dags/example_xcomargs.py
[2025-12-17 03:09:43,888] {scheduler_job.py:629} INFO - Processing file /home/airflow/.local/lib/python3.6/site-packages/airflow/example_dags/example_xcomargs.py for tasks to queue
[2025-12-17 03:09:43,888] {logging_mixin.py:104} INFO - [2025-12-17 03:09:43,888] {dagbag.py:448} INFO - Filling up the DagBag from /home/airflow/.local/lib/python3.6/site-packages/airflow/example_dags/example_xcomargs.py
[2025-12-17 03:09:43,898] {scheduler_job.py:639} INFO - DAG(s) dict_keys(['example_xcom_args', 'example_xcom_args_with_operators']) retrieved from /home/airflow/.local/lib/python3.6/site-packages/airflow/example_dags/example_xcomargs.py
[2025-12-17 03:09:43,918] {logging_mixin.py:104} INFO - [2025-12-17 03:09:43,918] {dag.py:1818} INFO - Sync 2 DAGs
[2025-12-17 03:09:43,928] {logging_mixin.py:104} INFO - [2025-12-17 03:09:43,928] {dag.py:2273} INFO - Setting next_dagrun for example_xcom_args to None
[2025-12-17 03:09:43,929] {logging_mixin.py:104} INFO - [2025-12-17 03:09:43,929] {dag.py:2273} INFO - Setting next_dagrun for example_xcom_args_with_operators to None
[2025-12-17 03:09:43,935] {scheduler_job.py:190} INFO - Processing /home/airflow/.local/lib/python3.6/site-packages/airflow/example_dags/example_xcomargs.py took 0.051 seconds
[2025-12-17 03:10:13,969] {scheduler_job.py:182} INFO - Started process (PID=155) to work on /home/airflow/.local/lib/python3.6/site-packages/airflow/example_dags/example_xcomargs.py
[2025-12-17 03:10:13,970] {scheduler_job.py:629} INFO - Processing file /home/airflow/.local/lib/python3.6/site-packages/airflow/example_dags/example_xcomargs.py for tasks to queue
[2025-12-17 03:10:13,971] {logging_mixin.py:104} INFO - [2025-12-17 03:10:13,971] {dagbag.py:448} INFO - Filling up the DagBag from /home/airflow/.local/lib/python3.6/site-packages/airflow/example_dags/example_xcomargs.py
[2025-12-17 03:10:13,980] {scheduler_job.py:639} INFO - DAG(s) dict_keys(['example_xcom_args', 'example_xcom_args_with_operators']) retrieved from /home/airflow/.local/lib/python3.6/site-packages/airflow/example_dags/example_xcomargs.py
[2025-12-17 03:10:14,002] {logging_mixin.py:104} INFO - [2025-12-17 03:10:14,002] {dag.py:1818} INFO - Sync 2 DAGs
[2025-12-17 03:10:14,013] {logging_mixin.py:104} INFO - [2025-12-17 03:10:14,013] {dag.py:2273} INFO - Setting next_dagrun for example_xcom_args to None
[2025-12-17 03:10:14,014] {logging_mixin.py:104} INFO - [2025-12-17 03:10:14,014] {dag.py:2273} INFO - Setting next_dagrun for example_xcom_args_with_operators to None
[2025-12-17 03:10:14,023] {scheduler_job.py:190} INFO - Processing /home/airflow/.local/lib/python3.6/site-packages/airflow/example_dags/example_xcomargs.py took 0.057 seconds
[2025-12-17 03:10:44,088] {scheduler_job.py:182} INFO - Started process (PID=179) to work on /home/airflow/.local/lib/python3.6/site-packages/airflow/example_dags/example_xcomargs.py
[2025-12-17 03:10:44,090] {scheduler_job.py:629} INFO - Processing file /home/airflow/.local/lib/python3.6/site-packages/airflow/example_dags/example_xcomargs.py for tasks to queue
[2025-12-17 03:10:44,091] {logging_mixin.py:104} INFO - [2025-12-17 03:10:44,091] {dagbag.py:448} INFO - Filling up the DagBag from /home/airflow/.local/lib/python3.6/site-packages/airflow/example_dags/example_xcomargs.py
[2025-12-17 03:10:44,106] {scheduler_job.py:639} INFO - DAG(s) dict_keys(['example_xcom_args', 'example_xcom_args_with_operators']) retrieved from /home/airflow/.local/lib/python3.6/site-packages/airflow/example_dags/example_xcomargs.py
[2025-12-17 03:10:44,129] {logging_mixin.py:104} INFO - [2025-12-17 03:10:44,129] {dag.py:1818} INFO - Sync 2 DAGs
[2025-12-17 03:10:44,140] {logging_mixin.py:104} INFO - [2025-12-17 03:10:44,140] {dag.py:2273} INFO - Setting next_dagrun for example_xcom_args to None
[2025-12-17 03:10:44,141] {logging_mixin.py:104} INFO - [2025-12-17 03:10:44,141] {dag.py:2273} INFO - Setting next_dagrun for example_xcom_args_with_operators to None
[2025-12-17 03:10:44,149] {scheduler_job.py:190} INFO - Processing /home/airflow/.local/lib/python3.6/site-packages/airflow/example_dags/example_xcomargs.py took 0.064 seconds
[2025-12-17 03:11:14,295] {scheduler_job.py:182} INFO - Started process (PID=204) to work on /home/airflow/.local/lib/python3.6/site-packages/airflow/example_dags/example_xcomargs.py
[2025-12-17 03:11:14,296] {scheduler_job.py:629} INFO - Processing file /home/airflow/.local/lib/python3.6/site-packages/airflow/example_dags/example_xcomargs.py for tasks to queue
[2025-12-17 03:11:14,297] {logging_mixin.py:104} INFO - [2025-12-17 03:11:14,297] {dagbag.py:448} INFO - Filling up the DagBag from /home/airflow/.local/lib/python3.6/site-packages/airflow/example_dags/example_xcomargs.py
[2025-12-17 03:11:14,306] {scheduler_job.py:639} INFO - DAG(s) dict_keys(['example_xcom_args', 'example_xcom_args_with_operators']) retrieved from /home/airflow/.local/lib/python3.6/site-packages/airflow/example_dags/example_xcomargs.py
[2025-12-17 03:11:14,325] {logging_mixin.py:104} INFO - [2025-12-17 03:11:14,325] {dag.py:1818} INFO - Sync 2 DAGs
[2025-12-17 03:11:14,334] {logging_mixin.py:104} INFO - [2025-12-17 03:11:14,334] {dag.py:2273} INFO - Setting next_dagrun for example_xcom_args to None
[2025-12-17 03:11:14,335] {logging_mixin.py:104} INFO - [2025-12-17 03:11:14,335] {dag.py:2273} INFO - Setting next_dagrun for example_xcom_args_with_operators to None
[2025-12-17 03:11:14,342] {scheduler_job.py:190} INFO - Processing /home/airflow/.local/lib/python3.6/site-packages/airflow/example_dags/example_xcomargs.py took 0.049 seconds
[2025-12-17 03:11:44,447] {scheduler_job.py:182} INFO - Started process (PID=229) to work on /home/airflow/.local/lib/python3.6/site-packages/airflow/example_dags/example_xcomargs.py
[2025-12-17 03:11:44,448] {scheduler_job.py:629} INFO - Processing file /home/airflow/.local/lib/python3.6/site-packages/airflow/example_dags/example_xcomargs.py for tasks to queue
[2025-12-17 03:11:44,449] {logging_mixin.py:104} INFO - [2025-12-17 03:11:44,449] {dagbag.py:448} INFO - Filling up the DagBag from /home/airflow/.local/lib/python3.6/site-packages/airflow/example_dags/example_xcomargs.py
[2025-12-17 03:11:44,459] {scheduler_job.py:639} INFO - DAG(s) dict_keys(['example_xcom_args', 'example_xcom_args_with_operators']) retrieved from /home/airflow/.local/lib/python3.6/site-packages/airflow/example_dags/example_xcomargs.py
[2025-12-17 03:11:44,480] {logging_mixin.py:104} INFO - [2025-12-17 03:11:44,480] {dag.py:1818} INFO - Sync 2 DAGs
[2025-12-17 03:11:44,489] {logging_mixin.py:104} INFO - [2025-12-17 03:11:44,489] {dag.py:2273} INFO - Setting next_dagrun for example_xcom_args to None
[2025-12-17 03:11:44,490] {logging_mixin.py:104} INFO - [2025-12-17 03:11:44,490] {dag.py:2273} INFO - Setting next_dagrun for example_xcom_args_with_operators to None
[2025-12-17 03:11:44,497] {scheduler_job.py:190} INFO - Processing /home/airflow/.local/lib/python3.6/site-packages/airflow/example_dags/example_xcomargs.py took 0.053 seconds
[2025-12-17 03:12:14,560] {scheduler_job.py:182} INFO - Started process (PID=252) to work on /home/airflow/.local/lib/python3.6/site-packages/airflow/example_dags/example_xcomargs.py
[2025-12-17 03:12:14,562] {scheduler_job.py:629} INFO - Processing file /home/airflow/.local/lib/python3.6/site-packages/airflow/example_dags/example_xcomargs.py for tasks to queue
[2025-12-17 03:12:14,562] {logging_mixin.py:104} INFO - [2025-12-17 03:12:14,562] {dagbag.py:448} INFO - Filling up the DagBag from /home/airflow/.local/lib/python3.6/site-packages/airflow/example_dags/example_xcomargs.py
[2025-12-17 03:12:14,572] {scheduler_job.py:639} INFO - DAG(s) dict_keys(['example_xcom_args', 'example_xcom_args_with_operators']) retrieved from /home/airflow/.local/lib/python3.6/site-packages/airflow/example_dags/example_xcomargs.py
[2025-12-17 03:12:14,590] {logging_mixin.py:104} INFO - [2025-12-17 03:12:14,590] {dag.py:1818} INFO - Sync 2 DAGs
[2025-12-17 03:12:14,600] {logging_mixin.py:104} INFO - [2025-12-17 03:12:14,600] {dag.py:2273} INFO - Setting next_dagrun for example_xcom_args to None
[2025-12-17 03:12:14,601] {logging_mixin.py:104} INFO - [2025-12-17 03:12:14,601] {dag.py:2273} INFO - Setting next_dagrun for example_xcom_args_with_operators to None
[2025-12-17 03:12:14,608] {scheduler_job.py:190} INFO - Processing /home/airflow/.local/lib/python3.6/site-packages/airflow/example_dags/example_xcomargs.py took 0.050 seconds
[2025-12-17 03:12:44,636] {scheduler_job.py:182} INFO - Started process (PID=279) to work on /home/airflow/.local/lib/python3.6/site-packages/airflow/example_dags/example_xcomargs.py
[2025-12-17 03:12:44,637] {scheduler_job.py:629} INFO - Processing file /home/airflow/.local/lib/python3.6/site-packages/airflow/example_dags/example_xcomargs.py for tasks to queue
[2025-12-17 03:12:44,638] {logging_mixin.py:104} INFO - [2025-12-17 03:12:44,638] {dagbag.py:448} INFO - Filling up the DagBag from /home/airflow/.local/lib/python3.6/site-packages/airflow/example_dags/example_xcomargs.py
[2025-12-17 03:12:44,647] {scheduler_job.py:639} INFO - DAG(s) dict_keys(['example_xcom_args', 'example_xcom_args_with_operators']) retrieved from /home/airflow/.local/lib/python3.6/site-packages/airflow/example_dags/example_xcomargs.py
[2025-12-17 03:12:44,666] {logging_mixin.py:104} INFO - [2025-12-17 03:12:44,666] {dag.py:1818} INFO - Sync 2 DAGs
[2025-12-17 03:12:44,675] {logging_mixin.py:104} INFO - [2025-12-17 03:12:44,675] {dag.py:2273} INFO - Setting next_dagrun for example_xcom_args to None
[2025-12-17 03:12:44,676] {logging_mixin.py:104} INFO - [2025-12-17 03:12:44,676] {dag.py:2273} INFO - Setting next_dagrun for example_xcom_args_with_operators to None
[2025-12-17 03:12:44,689] {scheduler_job.py:190} INFO - Processing /home/airflow/.local/lib/python3.6/site-packages/airflow/example_dags/example_xcomargs.py took 0.055 seconds
[2025-12-17 03:13:15,844] {scheduler_job.py:182} INFO - Started process (PID=311) to work on /home/airflow/.local/lib/python3.6/site-packages/airflow/example_dags/example_xcomargs.py
[2025-12-17 03:13:15,845] {scheduler_job.py:629} INFO - Processing file /home/airflow/.local/lib/python3.6/site-packages/airflow/example_dags/example_xcomargs.py for tasks to queue
[2025-12-17 03:13:15,846] {logging_mixin.py:104} INFO - [2025-12-17 03:13:15,846] {dagbag.py:448} INFO - Filling up the DagBag from /home/airflow/.local/lib/python3.6/site-packages/airflow/example_dags/example_xcomargs.py
[2025-12-17 03:13:15,855] {scheduler_job.py:639} INFO - DAG(s) dict_keys(['example_xcom_args', 'example_xcom_args_with_operators']) retrieved from /home/airflow/.local/lib/python3.6/site-packages/airflow/example_dags/example_xcomargs.py
[2025-12-17 03:13:15,875] {logging_mixin.py:104} INFO - [2025-12-17 03:13:15,875] {dag.py:1818} INFO - Sync 2 DAGs
[2025-12-17 03:13:15,886] {logging_mixin.py:104} INFO - [2025-12-17 03:13:15,886] {dag.py:2273} INFO - Setting next_dagrun for example_xcom_args to None
[2025-12-17 03:13:15,887] {logging_mixin.py:104} INFO - [2025-12-17 03:13:15,887] {dag.py:2273} INFO - Setting next_dagrun for example_xcom_args_with_operators to None
[2025-12-17 03:13:15,896] {scheduler_job.py:190} INFO - Processing /home/airflow/.local/lib/python3.6/site-packages/airflow/example_dags/example_xcomargs.py took 0.054 seconds
[2025-12-17 03:13:46,815] {scheduler_job.py:182} INFO - Started process (PID=337) to work on /home/airflow/.local/lib/python3.6/site-packages/airflow/example_dags/example_xcomargs.py
[2025-12-17 03:13:46,816] {scheduler_job.py:629} INFO - Processing file /home/airflow/.local/lib/python3.6/site-packages/airflow/example_dags/example_xcomargs.py for tasks to queue
[2025-12-17 03:13:46,817] {logging_mixin.py:104} INFO - [2025-12-17 03:13:46,816] {dagbag.py:448} INFO - Filling up the DagBag from /home/airflow/.local/lib/python3.6/site-packages/airflow/example_dags/example_xcomargs.py
[2025-12-17 03:13:46,826] {scheduler_job.py:639} INFO - DAG(s) dict_keys(['example_xcom_args', 'example_xcom_args_with_operators']) retrieved from /home/airflow/.local/lib/python3.6/site-packages/airflow/example_dags/example_xcomargs.py
[2025-12-17 03:13:46,848] {logging_mixin.py:104} INFO - [2025-12-17 03:13:46,848] {dag.py:1818} INFO - Sync 2 DAGs
[2025-12-17 03:13:46,858] {logging_mixin.py:104} INFO - [2025-12-17 03:13:46,858] {dag.py:2273} INFO - Setting next_dagrun for example_xcom_args to None
[2025-12-17 03:13:46,859] {logging_mixin.py:104} INFO - [2025-12-17 03:13:46,859] {dag.py:2273} INFO - Setting next_dagrun for example_xcom_args_with_operators to None
[2025-12-17 03:13:46,867] {scheduler_job.py:190} INFO - Processing /home/airflow/.local/lib/python3.6/site-packages/airflow/example_dags/example_xcomargs.py took 0.054 seconds
[2025-12-17 03:14:17,866] {scheduler_job.py:182} INFO - Started process (PID=363) to work on /home/airflow/.local/lib/python3.6/site-packages/airflow/example_dags/example_xcomargs.py
[2025-12-17 03:14:17,867] {scheduler_job.py:629} INFO - Processing file /home/airflow/.local/lib/python3.6/site-packages/airflow/example_dags/example_xcomargs.py for tasks to queue
[2025-12-17 03:14:17,868] {logging_mixin.py:104} INFO - [2025-12-17 03:14:17,868] {dagbag.py:448} INFO - Filling up the DagBag from /home/airflow/.local/lib/python3.6/site-packages/airflow/example_dags/example_xcomargs.py
[2025-12-17 03:14:17,878] {scheduler_job.py:639} INFO - DAG(s) dict_keys(['example_xcom_args', 'example_xcom_args_with_operators']) retrieved from /home/airflow/.local/lib/python3.6/site-packages/airflow/example_dags/example_xcomargs.py
[2025-12-17 03:14:17,898] {logging_mixin.py:104} INFO - [2025-12-17 03:14:17,898] {dag.py:1818} INFO - Sync 2 DAGs
[2025-12-17 03:14:17,911] {logging_mixin.py:104} INFO - [2025-12-17 03:14:17,911] {dag.py:2273} INFO - Setting next_dagrun for example_xcom_args to None
[2025-12-17 03:14:17,912] {logging_mixin.py:104} INFO - [2025-12-17 03:14:17,912] {dag.py:2273} INFO - Setting next_dagrun for example_xcom_args_with_operators to None
[2025-12-17 03:14:17,921] {scheduler_job.py:190} INFO - Processing /home/airflow/.local/lib/python3.6/site-packages/airflow/example_dags/example_xcomargs.py took 0.057 seconds
[2025-12-17 03:14:48,070] {scheduler_job.py:182} INFO - Started process (PID=389) to work on /home/airflow/.local/lib/python3.6/site-packages/airflow/example_dags/example_xcomargs.py
[2025-12-17 03:14:48,071] {scheduler_job.py:629} INFO - Processing file /home/airflow/.local/lib/python3.6/site-packages/airflow/example_dags/example_xcomargs.py for tasks to queue
[2025-12-17 03:14:48,072] {logging_mixin.py:104} INFO - [2025-12-17 03:14:48,071] {dagbag.py:448} INFO - Filling up the DagBag from /home/airflow/.local/lib/python3.6/site-packages/airflow/example_dags/example_xcomargs.py
[2025-12-17 03:14:48,081] {scheduler_job.py:639} INFO - DAG(s) dict_keys(['example_xcom_args', 'example_xcom_args_with_operators']) retrieved from /home/airflow/.local/lib/python3.6/site-packages/airflow/example_dags/example_xcomargs.py
[2025-12-17 03:14:48,102] {logging_mixin.py:104} INFO - [2025-12-17 03:14:48,102] {dag.py:1818} INFO - Sync 2 DAGs
[2025-12-17 03:14:48,112] {logging_mixin.py:104} INFO - [2025-12-17 03:14:48,112] {dag.py:2273} INFO - Setting next_dagrun for example_xcom_args to None
[2025-12-17 03:14:48,113] {logging_mixin.py:104} INFO - [2025-12-17 03:14:48,113] {dag.py:2273} INFO - Setting next_dagrun for example_xcom_args_with_operators to None
[2025-12-17 03:14:48,121] {scheduler_job.py:190} INFO - Processing /home/airflow/.local/lib/python3.6/site-packages/airflow/example_dags/example_xcomargs.py took 0.054 seconds
[2025-12-17 03:15:18,141] {scheduler_job.py:182} INFO - Started process (PID=416) to work on /home/airflow/.local/lib/python3.6/site-packages/airflow/example_dags/example_xcomargs.py
[2025-12-17 03:15:18,143] {scheduler_job.py:629} INFO - Processing file /home/airflow/.local/lib/python3.6/site-packages/airflow/example_dags/example_xcomargs.py for tasks to queue
[2025-12-17 03:15:18,143] {logging_mixin.py:104} INFO - [2025-12-17 03:15:18,143] {dagbag.py:448} INFO - Filling up the DagBag from /home/airflow/.local/lib/python3.6/site-packages/airflow/example_dags/example_xcomargs.py
[2025-12-17 03:15:18,152] {scheduler_job.py:639} INFO - DAG(s) dict_keys(['example_xcom_args', 'example_xcom_args_with_operators']) retrieved from /home/airflow/.local/lib/python3.6/site-packages/airflow/example_dags/example_xcomargs.py
[2025-12-17 03:15:18,172] {logging_mixin.py:104} INFO - [2025-12-17 03:15:18,172] {dag.py:1818} INFO - Sync 2 DAGs
[2025-12-17 03:15:18,182] {logging_mixin.py:104} INFO - [2025-12-17 03:15:18,181] {dag.py:2273} INFO - Setting next_dagrun for example_xcom_args to None
[2025-12-17 03:15:18,182] {logging_mixin.py:104} INFO - [2025-12-17 03:15:18,182] {dag.py:2273} INFO - Setting next_dagrun for example_xcom_args_with_operators to None
[2025-12-17 03:15:18,190] {scheduler_job.py:190} INFO - Processing /home/airflow/.local/lib/python3.6/site-packages/airflow/example_dags/example_xcomargs.py took 0.051 seconds
[2025-12-17 03:15:48,241] {scheduler_job.py:182} INFO - Started process (PID=439) to work on /home/airflow/.local/lib/python3.6/site-packages/airflow/example_dags/example_xcomargs.py
[2025-12-17 03:15:48,242] {scheduler_job.py:629} INFO - Processing file /home/airflow/.local/lib/python3.6/site-packages/airflow/example_dags/example_xcomargs.py for tasks to queue
[2025-12-17 03:15:48,243] {logging_mixin.py:104} INFO - [2025-12-17 03:15:48,242] {dagbag.py:448} INFO - Filling up the DagBag from /home/airflow/.local/lib/python3.6/site-packages/airflow/example_dags/example_xcomargs.py
[2025-12-17 03:15:48,252] {scheduler_job.py:639} INFO - DAG(s) dict_keys(['example_xcom_args', 'example_xcom_args_with_operators']) retrieved from /home/airflow/.local/lib/python3.6/site-packages/airflow/example_dags/example_xcomargs.py
[2025-12-17 03:15:48,273] {logging_mixin.py:104} INFO - [2025-12-17 03:15:48,272] {dag.py:1818} INFO - Sync 2 DAGs
[2025-12-17 03:15:48,283] {logging_mixin.py:104} INFO - [2025-12-17 03:15:48,283] {dag.py:2273} INFO - Setting next_dagrun for example_xcom_args to None
[2025-12-17 03:15:48,284] {logging_mixin.py:104} INFO - [2025-12-17 03:15:48,284] {dag.py:2273} INFO - Setting next_dagrun for example_xcom_args_with_operators to None
[2025-12-17 03:15:48,291] {scheduler_job.py:190} INFO - Processing /home/airflow/.local/lib/python3.6/site-packages/airflow/example_dags/example_xcomargs.py took 0.053 seconds
[2025-12-17 03:16:18,324] {scheduler_job.py:182} INFO - Started process (PID=465) to work on /home/airflow/.local/lib/python3.6/site-packages/airflow/example_dags/example_xcomargs.py
[2025-12-17 03:16:18,325] {scheduler_job.py:629} INFO - Processing file /home/airflow/.local/lib/python3.6/site-packages/airflow/example_dags/example_xcomargs.py for tasks to queue
[2025-12-17 03:16:18,326] {logging_mixin.py:104} INFO - [2025-12-17 03:16:18,326] {dagbag.py:448} INFO - Filling up the DagBag from /home/airflow/.local/lib/python3.6/site-packages/airflow/example_dags/example_xcomargs.py
[2025-12-17 03:16:18,336] {scheduler_job.py:639} INFO - DAG(s) dict_keys(['example_xcom_args', 'example_xcom_args_with_operators']) retrieved from /home/airflow/.local/lib/python3.6/site-packages/airflow/example_dags/example_xcomargs.py
[2025-12-17 03:16:18,362] {logging_mixin.py:104} INFO - [2025-12-17 03:16:18,362] {dag.py:1818} INFO - Sync 2 DAGs
[2025-12-17 03:16:18,376] {logging_mixin.py:104} INFO - [2025-12-17 03:16:18,376] {dag.py:2273} INFO - Setting next_dagrun for example_xcom_args to None
[2025-12-17 03:16:18,377] {logging_mixin.py:104} INFO - [2025-12-17 03:16:18,377] {dag.py:2273} INFO - Setting next_dagrun for example_xcom_args_with_operators to None
[2025-12-17 03:16:18,386] {scheduler_job.py:190} INFO - Processing /home/airflow/.local/lib/python3.6/site-packages/airflow/example_dags/example_xcomargs.py took 0.065 seconds
[2025-12-17 03:16:48,417] {scheduler_job.py:182} INFO - Started process (PID=491) to work on /home/airflow/.local/lib/python3.6/site-packages/airflow/example_dags/example_xcomargs.py
[2025-12-17 03:16:48,418] {scheduler_job.py:629} INFO - Processing file /home/airflow/.local/lib/python3.6/site-packages/airflow/example_dags/example_xcomargs.py for tasks to queue
[2025-12-17 03:16:48,419] {logging_mixin.py:104} INFO - [2025-12-17 03:16:48,418] {dagbag.py:448} INFO - Filling up the DagBag from /home/airflow/.local/lib/python3.6/site-packages/airflow/example_dags/example_xcomargs.py
[2025-12-17 03:16:48,430] {scheduler_job.py:639} INFO - DAG(s) dict_keys(['example_xcom_args', 'example_xcom_args_with_operators']) retrieved from /home/airflow/.local/lib/python3.6/site-packages/airflow/example_dags/example_xcomargs.py
[2025-12-17 03:16:48,451] {logging_mixin.py:104} INFO - [2025-12-17 03:16:48,451] {dag.py:1818} INFO - Sync 2 DAGs
[2025-12-17 03:16:48,464] {logging_mixin.py:104} INFO - [2025-12-17 03:16:48,464] {dag.py:2273} INFO - Setting next_dagrun for example_xcom_args to None
[2025-12-17 03:16:48,465] {logging_mixin.py:104} INFO - [2025-12-17 03:16:48,464] {dag.py:2273} INFO - Setting next_dagrun for example_xcom_args_with_operators to None
[2025-12-17 03:16:48,471] {scheduler_job.py:190} INFO - Processing /home/airflow/.local/lib/python3.6/site-packages/airflow/example_dags/example_xcomargs.py took 0.057 seconds
[2025-12-17 03:17:18,769] {scheduler_job.py:182} INFO - Started process (PID=520) to work on /home/airflow/.local/lib/python3.6/site-packages/airflow/example_dags/example_xcomargs.py
[2025-12-17 03:17:18,770] {scheduler_job.py:629} INFO - Processing file /home/airflow/.local/lib/python3.6/site-packages/airflow/example_dags/example_xcomargs.py for tasks to queue
[2025-12-17 03:17:18,771] {logging_mixin.py:104} INFO - [2025-12-17 03:17:18,771] {dagbag.py:448} INFO - Filling up the DagBag from /home/airflow/.local/lib/python3.6/site-packages/airflow/example_dags/example_xcomargs.py
[2025-12-17 03:17:18,782] {scheduler_job.py:639} INFO - DAG(s) dict_keys(['example_xcom_args', 'example_xcom_args_with_operators']) retrieved from /home/airflow/.local/lib/python3.6/site-packages/airflow/example_dags/example_xcomargs.py
[2025-12-17 03:17:18,804] {logging_mixin.py:104} INFO - [2025-12-17 03:17:18,804] {dag.py:1818} INFO - Sync 2 DAGs
[2025-12-17 03:17:18,815] {logging_mixin.py:104} INFO - [2025-12-17 03:17:18,814] {dag.py:2273} INFO - Setting next_dagrun for example_xcom_args to None
[2025-12-17 03:17:18,815] {logging_mixin.py:104} INFO - [2025-12-17 03:17:18,815] {dag.py:2273} INFO - Setting next_dagrun for example_xcom_args_with_operators to None
[2025-12-17 03:17:18,822] {scheduler_job.py:190} INFO - Processing /home/airflow/.local/lib/python3.6/site-packages/airflow/example_dags/example_xcomargs.py took 0.056 seconds
[2025-12-17 03:17:48,874] {scheduler_job.py:182} INFO - Started process (PID=546) to work on /home/airflow/.local/lib/python3.6/site-packages/airflow/example_dags/example_xcomargs.py
[2025-12-17 03:17:48,876] {scheduler_job.py:629} INFO - Processing file /home/airflow/.local/lib/python3.6/site-packages/airflow/example_dags/example_xcomargs.py for tasks to queue
[2025-12-17 03:17:48,876] {logging_mixin.py:104} INFO - [2025-12-17 03:17:48,876] {dagbag.py:448} INFO - Filling up the DagBag from /home/airflow/.local/lib/python3.6/site-packages/airflow/example_dags/example_xcomargs.py
[2025-12-17 03:17:48,886] {scheduler_job.py:639} INFO - DAG(s) dict_keys(['example_xcom_args', 'example_xcom_args_with_operators']) retrieved from /home/airflow/.local/lib/python3.6/site-packages/airflow/example_dags/example_xcomargs.py
[2025-12-17 03:17:48,906] {logging_mixin.py:104} INFO - [2025-12-17 03:17:48,906] {dag.py:1818} INFO - Sync 2 DAGs
[2025-12-17 03:17:48,917] {logging_mixin.py:104} INFO - [2025-12-17 03:17:48,917] {dag.py:2273} INFO - Setting next_dagrun for example_xcom_args to None
[2025-12-17 03:17:48,918] {logging_mixin.py:104} INFO - [2025-12-17 03:17:48,918] {dag.py:2273} INFO - Setting next_dagrun for example_xcom_args_with_operators to None
[2025-12-17 03:17:48,927] {scheduler_job.py:190} INFO - Processing /home/airflow/.local/lib/python3.6/site-packages/airflow/example_dags/example_xcomargs.py took 0.055 seconds
[2025-12-17 03:18:18,988] {scheduler_job.py:182} INFO - Started process (PID=572) to work on /home/airflow/.local/lib/python3.6/site-packages/airflow/example_dags/example_xcomargs.py
[2025-12-17 03:18:18,989] {scheduler_job.py:629} INFO - Processing file /home/airflow/.local/lib/python3.6/site-packages/airflow/example_dags/example_xcomargs.py for tasks to queue
[2025-12-17 03:18:18,990] {logging_mixin.py:104} INFO - [2025-12-17 03:18:18,990] {dagbag.py:448} INFO - Filling up the DagBag from /home/airflow/.local/lib/python3.6/site-packages/airflow/example_dags/example_xcomargs.py
[2025-12-17 03:18:18,999] {scheduler_job.py:639} INFO - DAG(s) dict_keys(['example_xcom_args', 'example_xcom_args_with_operators']) retrieved from /home/airflow/.local/lib/python3.6/site-packages/airflow/example_dags/example_xcomargs.py
[2025-12-17 03:18:19,018] {logging_mixin.py:104} INFO - [2025-12-17 03:18:19,018] {dag.py:1818} INFO - Sync 2 DAGs
[2025-12-17 03:18:19,030] {logging_mixin.py:104} INFO - [2025-12-17 03:18:19,030] {dag.py:2273} INFO - Setting next_dagrun for example_xcom_args to None
[2025-12-17 03:18:19,031] {logging_mixin.py:104} INFO - [2025-12-17 03:18:19,031] {dag.py:2273} INFO - Setting next_dagrun for example_xcom_args_with_operators to None
[2025-12-17 03:18:19,040] {scheduler_job.py:190} INFO - Processing /home/airflow/.local/lib/python3.6/site-packages/airflow/example_dags/example_xcomargs.py took 0.054 seconds
[2025-12-17 03:18:49,963] {scheduler_job.py:182} INFO - Started process (PID=597) to work on /home/airflow/.local/lib/python3.6/site-packages/airflow/example_dags/example_xcomargs.py
[2025-12-17 03:18:49,964] {scheduler_job.py:629} INFO - Processing file /home/airflow/.local/lib/python3.6/site-packages/airflow/example_dags/example_xcomargs.py for tasks to queue
[2025-12-17 03:18:49,965] {logging_mixin.py:104} INFO - [2025-12-17 03:18:49,965] {dagbag.py:448} INFO - Filling up the DagBag from /home/airflow/.local/lib/python3.6/site-packages/airflow/example_dags/example_xcomargs.py
[2025-12-17 03:18:49,976] {scheduler_job.py:639} INFO - DAG(s) dict_keys(['example_xcom_args', 'example_xcom_args_with_operators']) retrieved from /home/airflow/.local/lib/python3.6/site-packages/airflow/example_dags/example_xcomargs.py
[2025-12-17 03:18:49,996] {logging_mixin.py:104} INFO - [2025-12-17 03:18:49,996] {dag.py:1818} INFO - Sync 2 DAGs
[2025-12-17 03:18:50,006] {logging_mixin.py:104} INFO - [2025-12-17 03:18:50,006] {dag.py:2273} INFO - Setting next_dagrun for example_xcom_args to None
[2025-12-17 03:18:50,007] {logging_mixin.py:104} INFO - [2025-12-17 03:18:50,007] {dag.py:2273} INFO - Setting next_dagrun for example_xcom_args_with_operators to None
[2025-12-17 03:18:50,013] {scheduler_job.py:190} INFO - Processing /home/airflow/.local/lib/python3.6/site-packages/airflow/example_dags/example_xcomargs.py took 0.054 seconds
[2025-12-17 03:19:21,004] {scheduler_job.py:182} INFO - Started process (PID=623) to work on /home/airflow/.local/lib/python3.6/site-packages/airflow/example_dags/example_xcomargs.py
[2025-12-17 03:19:21,005] {scheduler_job.py:629} INFO - Processing file /home/airflow/.local/lib/python3.6/site-packages/airflow/example_dags/example_xcomargs.py for tasks to queue
[2025-12-17 03:19:21,006] {logging_mixin.py:104} INFO - [2025-12-17 03:19:21,006] {dagbag.py:448} INFO - Filling up the DagBag from /home/airflow/.local/lib/python3.6/site-packages/airflow/example_dags/example_xcomargs.py
[2025-12-17 03:19:21,017] {scheduler_job.py:639} INFO - DAG(s) dict_keys(['example_xcom_args', 'example_xcom_args_with_operators']) retrieved from /home/airflow/.local/lib/python3.6/site-packages/airflow/example_dags/example_xcomargs.py
[2025-12-17 03:19:21,038] {logging_mixin.py:104} INFO - [2025-12-17 03:19:21,038] {dag.py:1818} INFO - Sync 2 DAGs
[2025-12-17 03:19:21,053] {logging_mixin.py:104} INFO - [2025-12-17 03:19:21,053] {dag.py:2273} INFO - Setting next_dagrun for example_xcom_args to None
[2025-12-17 03:19:21,054] {logging_mixin.py:104} INFO - [2025-12-17 03:19:21,053] {dag.py:2273} INFO - Setting next_dagrun for example_xcom_args_with_operators to None
[2025-12-17 03:19:21,061] {scheduler_job.py:190} INFO - Processing /home/airflow/.local/lib/python3.6/site-packages/airflow/example_dags/example_xcomargs.py took 0.059 seconds
[2025-12-17 03:19:52,071] {scheduler_job.py:182} INFO - Started process (PID=649) to work on /home/airflow/.local/lib/python3.6/site-packages/airflow/example_dags/example_xcomargs.py
[2025-12-17 03:19:52,072] {scheduler_job.py:629} INFO - Processing file /home/airflow/.local/lib/python3.6/site-packages/airflow/example_dags/example_xcomargs.py for tasks to queue
[2025-12-17 03:19:52,073] {logging_mixin.py:104} INFO - [2025-12-17 03:19:52,073] {dagbag.py:448} INFO - Filling up the DagBag from /home/airflow/.local/lib/python3.6/site-packages/airflow/example_dags/example_xcomargs.py
[2025-12-17 03:19:52,084] {scheduler_job.py:639} INFO - DAG(s) dict_keys(['example_xcom_args', 'example_xcom_args_with_operators']) retrieved from /home/airflow/.local/lib/python3.6/site-packages/airflow/example_dags/example_xcomargs.py
[2025-12-17 03:19:52,103] {logging_mixin.py:104} INFO - [2025-12-17 03:19:52,103] {dag.py:1818} INFO - Sync 2 DAGs
[2025-12-17 03:19:52,112] {logging_mixin.py:104} INFO - [2025-12-17 03:19:52,112] {dag.py:2273} INFO - Setting next_dagrun for example_xcom_args to None
[2025-12-17 03:19:52,114] {logging_mixin.py:104} INFO - [2025-12-17 03:19:52,114] {dag.py:2273} INFO - Setting next_dagrun for example_xcom_args_with_operators to None
[2025-12-17 03:19:52,121] {scheduler_job.py:190} INFO - Processing /home/airflow/.local/lib/python3.6/site-packages/airflow/example_dags/example_xcomargs.py took 0.052 seconds
