[2025-12-17 03:08:11,940] {scheduler_job.py:182} INFO - Started process (PID=45) to work on /home/airflow/.local/lib/python3.6/site-packages/airflow/example_dags/example_task_group.py
[2025-12-17 03:08:11,941] {scheduler_job.py:629} INFO - Processing file /home/airflow/.local/lib/python3.6/site-packages/airflow/example_dags/example_task_group.py for tasks to queue
[2025-12-17 03:08:11,943] {logging_mixin.py:104} INFO - [2025-12-17 03:08:11,942] {dagbag.py:448} INFO - Filling up the DagBag from /home/airflow/.local/lib/python3.6/site-packages/airflow/example_dags/example_task_group.py
[2025-12-17 03:08:11,960] {scheduler_job.py:639} INFO - DAG(s) dict_keys(['example_task_group']) retrieved from /home/airflow/.local/lib/python3.6/site-packages/airflow/example_dags/example_task_group.py
[2025-12-17 03:08:11,990] {logging_mixin.py:104} INFO - [2025-12-17 03:08:11,990] {dag.py:1818} INFO - Sync 1 DAGs
[2025-12-17 03:08:12,003] {logging_mixin.py:104} INFO - [2025-12-17 03:08:12,003] {dag.py:1837} INFO - Creating ORM DAG for example_task_group
[2025-12-17 03:08:12,009] {logging_mixin.py:104} INFO - [2025-12-17 03:08:12,009] {dag.py:2273} INFO - Setting next_dagrun for example_task_group to 2025-12-15 00:00:00+00:00
[2025-12-17 03:08:12,025] {scheduler_job.py:190} INFO - Processing /home/airflow/.local/lib/python3.6/site-packages/airflow/example_dags/example_task_group.py took 0.093 seconds
[2025-12-17 03:08:42,544] {scheduler_job.py:182} INFO - Started process (PID=73) to work on /home/airflow/.local/lib/python3.6/site-packages/airflow/example_dags/example_task_group.py
[2025-12-17 03:08:42,545] {scheduler_job.py:629} INFO - Processing file /home/airflow/.local/lib/python3.6/site-packages/airflow/example_dags/example_task_group.py for tasks to queue
[2025-12-17 03:08:42,546] {logging_mixin.py:104} INFO - [2025-12-17 03:08:42,546] {dagbag.py:448} INFO - Filling up the DagBag from /home/airflow/.local/lib/python3.6/site-packages/airflow/example_dags/example_task_group.py
[2025-12-17 03:08:42,554] {scheduler_job.py:639} INFO - DAG(s) dict_keys(['example_task_group']) retrieved from /home/airflow/.local/lib/python3.6/site-packages/airflow/example_dags/example_task_group.py
[2025-12-17 03:08:42,571] {logging_mixin.py:104} INFO - [2025-12-17 03:08:42,571] {dag.py:1818} INFO - Sync 1 DAGs
[2025-12-17 03:08:42,582] {logging_mixin.py:104} INFO - [2025-12-17 03:08:42,582] {dag.py:2273} INFO - Setting next_dagrun for example_task_group to 2025-12-15 00:00:00+00:00
[2025-12-17 03:08:42,588] {scheduler_job.py:190} INFO - Processing /home/airflow/.local/lib/python3.6/site-packages/airflow/example_dags/example_task_group.py took 0.046 seconds
[2025-12-17 03:09:12,626] {scheduler_job.py:182} INFO - Started process (PID=99) to work on /home/airflow/.local/lib/python3.6/site-packages/airflow/example_dags/example_task_group.py
[2025-12-17 03:09:12,627] {scheduler_job.py:629} INFO - Processing file /home/airflow/.local/lib/python3.6/site-packages/airflow/example_dags/example_task_group.py for tasks to queue
[2025-12-17 03:09:12,628] {logging_mixin.py:104} INFO - [2025-12-17 03:09:12,628] {dagbag.py:448} INFO - Filling up the DagBag from /home/airflow/.local/lib/python3.6/site-packages/airflow/example_dags/example_task_group.py
[2025-12-17 03:09:12,636] {scheduler_job.py:639} INFO - DAG(s) dict_keys(['example_task_group']) retrieved from /home/airflow/.local/lib/python3.6/site-packages/airflow/example_dags/example_task_group.py
[2025-12-17 03:09:12,655] {logging_mixin.py:104} INFO - [2025-12-17 03:09:12,655] {dag.py:1818} INFO - Sync 1 DAGs
[2025-12-17 03:09:12,665] {logging_mixin.py:104} INFO - [2025-12-17 03:09:12,665] {dag.py:2273} INFO - Setting next_dagrun for example_task_group to 2025-12-15 00:00:00+00:00
[2025-12-17 03:09:12,671] {scheduler_job.py:190} INFO - Processing /home/airflow/.local/lib/python3.6/site-packages/airflow/example_dags/example_task_group.py took 0.048 seconds
[2025-12-17 03:09:43,625] {scheduler_job.py:182} INFO - Started process (PID=123) to work on /home/airflow/.local/lib/python3.6/site-packages/airflow/example_dags/example_task_group.py
[2025-12-17 03:09:43,626] {scheduler_job.py:629} INFO - Processing file /home/airflow/.local/lib/python3.6/site-packages/airflow/example_dags/example_task_group.py for tasks to queue
[2025-12-17 03:09:43,626] {logging_mixin.py:104} INFO - [2025-12-17 03:09:43,626] {dagbag.py:448} INFO - Filling up the DagBag from /home/airflow/.local/lib/python3.6/site-packages/airflow/example_dags/example_task_group.py
[2025-12-17 03:09:43,634] {scheduler_job.py:639} INFO - DAG(s) dict_keys(['example_task_group']) retrieved from /home/airflow/.local/lib/python3.6/site-packages/airflow/example_dags/example_task_group.py
[2025-12-17 03:09:43,649] {logging_mixin.py:104} INFO - [2025-12-17 03:09:43,649] {dag.py:1818} INFO - Sync 1 DAGs
[2025-12-17 03:09:43,659] {logging_mixin.py:104} INFO - [2025-12-17 03:09:43,659] {dag.py:2273} INFO - Setting next_dagrun for example_task_group to 2025-12-15 00:00:00+00:00
[2025-12-17 03:09:43,666] {scheduler_job.py:190} INFO - Processing /home/airflow/.local/lib/python3.6/site-packages/airflow/example_dags/example_task_group.py took 0.043 seconds
[2025-12-17 03:10:13,731] {scheduler_job.py:182} INFO - Started process (PID=148) to work on /home/airflow/.local/lib/python3.6/site-packages/airflow/example_dags/example_task_group.py
[2025-12-17 03:10:13,732] {scheduler_job.py:629} INFO - Processing file /home/airflow/.local/lib/python3.6/site-packages/airflow/example_dags/example_task_group.py for tasks to queue
[2025-12-17 03:10:13,732] {logging_mixin.py:104} INFO - [2025-12-17 03:10:13,732] {dagbag.py:448} INFO - Filling up the DagBag from /home/airflow/.local/lib/python3.6/site-packages/airflow/example_dags/example_task_group.py
[2025-12-17 03:10:13,741] {scheduler_job.py:639} INFO - DAG(s) dict_keys(['example_task_group']) retrieved from /home/airflow/.local/lib/python3.6/site-packages/airflow/example_dags/example_task_group.py
[2025-12-17 03:10:13,756] {logging_mixin.py:104} INFO - [2025-12-17 03:10:13,756] {dag.py:1818} INFO - Sync 1 DAGs
[2025-12-17 03:10:13,767] {logging_mixin.py:104} INFO - [2025-12-17 03:10:13,767] {dag.py:2273} INFO - Setting next_dagrun for example_task_group to 2025-12-15 00:00:00+00:00
[2025-12-17 03:10:13,774] {scheduler_job.py:190} INFO - Processing /home/airflow/.local/lib/python3.6/site-packages/airflow/example_dags/example_task_group.py took 0.046 seconds
[2025-12-17 03:10:43,898] {scheduler_job.py:182} INFO - Started process (PID=175) to work on /home/airflow/.local/lib/python3.6/site-packages/airflow/example_dags/example_task_group.py
[2025-12-17 03:10:43,900] {scheduler_job.py:629} INFO - Processing file /home/airflow/.local/lib/python3.6/site-packages/airflow/example_dags/example_task_group.py for tasks to queue
[2025-12-17 03:10:43,901] {logging_mixin.py:104} INFO - [2025-12-17 03:10:43,901] {dagbag.py:448} INFO - Filling up the DagBag from /home/airflow/.local/lib/python3.6/site-packages/airflow/example_dags/example_task_group.py
[2025-12-17 03:10:43,909] {scheduler_job.py:639} INFO - DAG(s) dict_keys(['example_task_group']) retrieved from /home/airflow/.local/lib/python3.6/site-packages/airflow/example_dags/example_task_group.py
[2025-12-17 03:10:43,924] {logging_mixin.py:104} INFO - [2025-12-17 03:10:43,924] {dag.py:1818} INFO - Sync 1 DAGs
[2025-12-17 03:10:43,936] {logging_mixin.py:104} INFO - [2025-12-17 03:10:43,936] {dag.py:2273} INFO - Setting next_dagrun for example_task_group to 2025-12-15 00:00:00+00:00
[2025-12-17 03:10:43,943] {scheduler_job.py:190} INFO - Processing /home/airflow/.local/lib/python3.6/site-packages/airflow/example_dags/example_task_group.py took 0.047 seconds
[2025-12-17 03:11:14,087] {scheduler_job.py:182} INFO - Started process (PID=200) to work on /home/airflow/.local/lib/python3.6/site-packages/airflow/example_dags/example_task_group.py
[2025-12-17 03:11:14,088] {scheduler_job.py:629} INFO - Processing file /home/airflow/.local/lib/python3.6/site-packages/airflow/example_dags/example_task_group.py for tasks to queue
[2025-12-17 03:11:14,088] {logging_mixin.py:104} INFO - [2025-12-17 03:11:14,088] {dagbag.py:448} INFO - Filling up the DagBag from /home/airflow/.local/lib/python3.6/site-packages/airflow/example_dags/example_task_group.py
[2025-12-17 03:11:14,097] {scheduler_job.py:639} INFO - DAG(s) dict_keys(['example_task_group']) retrieved from /home/airflow/.local/lib/python3.6/site-packages/airflow/example_dags/example_task_group.py
[2025-12-17 03:11:14,113] {logging_mixin.py:104} INFO - [2025-12-17 03:11:14,113] {dag.py:1818} INFO - Sync 1 DAGs
[2025-12-17 03:11:14,128] {logging_mixin.py:104} INFO - [2025-12-17 03:11:14,128] {dag.py:2273} INFO - Setting next_dagrun for example_task_group to 2025-12-15 00:00:00+00:00
[2025-12-17 03:11:14,135] {scheduler_job.py:190} INFO - Processing /home/airflow/.local/lib/python3.6/site-packages/airflow/example_dags/example_task_group.py took 0.051 seconds
[2025-12-17 03:11:44,170] {scheduler_job.py:182} INFO - Started process (PID=224) to work on /home/airflow/.local/lib/python3.6/site-packages/airflow/example_dags/example_task_group.py
[2025-12-17 03:11:44,171] {scheduler_job.py:629} INFO - Processing file /home/airflow/.local/lib/python3.6/site-packages/airflow/example_dags/example_task_group.py for tasks to queue
[2025-12-17 03:11:44,172] {logging_mixin.py:104} INFO - [2025-12-17 03:11:44,171] {dagbag.py:448} INFO - Filling up the DagBag from /home/airflow/.local/lib/python3.6/site-packages/airflow/example_dags/example_task_group.py
[2025-12-17 03:11:44,180] {scheduler_job.py:639} INFO - DAG(s) dict_keys(['example_task_group']) retrieved from /home/airflow/.local/lib/python3.6/site-packages/airflow/example_dags/example_task_group.py
[2025-12-17 03:11:44,195] {logging_mixin.py:104} INFO - [2025-12-17 03:11:44,195] {dag.py:1818} INFO - Sync 1 DAGs
[2025-12-17 03:11:44,206] {logging_mixin.py:104} INFO - [2025-12-17 03:11:44,206] {dag.py:2273} INFO - Setting next_dagrun for example_task_group to 2025-12-15 00:00:00+00:00
[2025-12-17 03:11:44,212] {scheduler_job.py:190} INFO - Processing /home/airflow/.local/lib/python3.6/site-packages/airflow/example_dags/example_task_group.py took 0.045 seconds
[2025-12-17 03:12:14,426] {scheduler_job.py:182} INFO - Started process (PID=250) to work on /home/airflow/.local/lib/python3.6/site-packages/airflow/example_dags/example_task_group.py
[2025-12-17 03:12:14,427] {scheduler_job.py:629} INFO - Processing file /home/airflow/.local/lib/python3.6/site-packages/airflow/example_dags/example_task_group.py for tasks to queue
[2025-12-17 03:12:14,428] {logging_mixin.py:104} INFO - [2025-12-17 03:12:14,428] {dagbag.py:448} INFO - Filling up the DagBag from /home/airflow/.local/lib/python3.6/site-packages/airflow/example_dags/example_task_group.py
[2025-12-17 03:12:14,436] {scheduler_job.py:639} INFO - DAG(s) dict_keys(['example_task_group']) retrieved from /home/airflow/.local/lib/python3.6/site-packages/airflow/example_dags/example_task_group.py
[2025-12-17 03:12:14,452] {logging_mixin.py:104} INFO - [2025-12-17 03:12:14,452] {dag.py:1818} INFO - Sync 1 DAGs
[2025-12-17 03:12:14,462] {logging_mixin.py:104} INFO - [2025-12-17 03:12:14,462] {dag.py:2273} INFO - Setting next_dagrun for example_task_group to 2025-12-15 00:00:00+00:00
[2025-12-17 03:12:14,469] {scheduler_job.py:190} INFO - Processing /home/airflow/.local/lib/python3.6/site-packages/airflow/example_dags/example_task_group.py took 0.045 seconds
[2025-12-17 03:12:44,515] {scheduler_job.py:182} INFO - Started process (PID=276) to work on /home/airflow/.local/lib/python3.6/site-packages/airflow/example_dags/example_task_group.py
[2025-12-17 03:12:44,516] {scheduler_job.py:629} INFO - Processing file /home/airflow/.local/lib/python3.6/site-packages/airflow/example_dags/example_task_group.py for tasks to queue
[2025-12-17 03:12:44,517] {logging_mixin.py:104} INFO - [2025-12-17 03:12:44,516] {dagbag.py:448} INFO - Filling up the DagBag from /home/airflow/.local/lib/python3.6/site-packages/airflow/example_dags/example_task_group.py
[2025-12-17 03:12:44,525] {scheduler_job.py:639} INFO - DAG(s) dict_keys(['example_task_group']) retrieved from /home/airflow/.local/lib/python3.6/site-packages/airflow/example_dags/example_task_group.py
[2025-12-17 03:12:44,539] {logging_mixin.py:104} INFO - [2025-12-17 03:12:44,539] {dag.py:1818} INFO - Sync 1 DAGs
[2025-12-17 03:12:44,548] {logging_mixin.py:104} INFO - [2025-12-17 03:12:44,548] {dag.py:2273} INFO - Setting next_dagrun for example_task_group to 2025-12-15 00:00:00+00:00
[2025-12-17 03:12:44,555] {scheduler_job.py:190} INFO - Processing /home/airflow/.local/lib/python3.6/site-packages/airflow/example_dags/example_task_group.py took 0.043 seconds
[2025-12-17 03:13:15,653] {scheduler_job.py:182} INFO - Started process (PID=305) to work on /home/airflow/.local/lib/python3.6/site-packages/airflow/example_dags/example_task_group.py
[2025-12-17 03:13:15,654] {scheduler_job.py:629} INFO - Processing file /home/airflow/.local/lib/python3.6/site-packages/airflow/example_dags/example_task_group.py for tasks to queue
[2025-12-17 03:13:15,654] {logging_mixin.py:104} INFO - [2025-12-17 03:13:15,654] {dagbag.py:448} INFO - Filling up the DagBag from /home/airflow/.local/lib/python3.6/site-packages/airflow/example_dags/example_task_group.py
[2025-12-17 03:13:15,662] {scheduler_job.py:639} INFO - DAG(s) dict_keys(['example_task_group']) retrieved from /home/airflow/.local/lib/python3.6/site-packages/airflow/example_dags/example_task_group.py
[2025-12-17 03:13:15,678] {logging_mixin.py:104} INFO - [2025-12-17 03:13:15,678] {dag.py:1818} INFO - Sync 1 DAGs
[2025-12-17 03:13:15,688] {logging_mixin.py:104} INFO - [2025-12-17 03:13:15,688] {dag.py:2273} INFO - Setting next_dagrun for example_task_group to 2025-12-15 00:00:00+00:00
[2025-12-17 03:13:15,695] {scheduler_job.py:190} INFO - Processing /home/airflow/.local/lib/python3.6/site-packages/airflow/example_dags/example_task_group.py took 0.044 seconds
[2025-12-17 03:13:46,631] {scheduler_job.py:182} INFO - Started process (PID=331) to work on /home/airflow/.local/lib/python3.6/site-packages/airflow/example_dags/example_task_group.py
[2025-12-17 03:13:46,632] {scheduler_job.py:629} INFO - Processing file /home/airflow/.local/lib/python3.6/site-packages/airflow/example_dags/example_task_group.py for tasks to queue
[2025-12-17 03:13:46,633] {logging_mixin.py:104} INFO - [2025-12-17 03:13:46,633] {dagbag.py:448} INFO - Filling up the DagBag from /home/airflow/.local/lib/python3.6/site-packages/airflow/example_dags/example_task_group.py
[2025-12-17 03:13:46,641] {scheduler_job.py:639} INFO - DAG(s) dict_keys(['example_task_group']) retrieved from /home/airflow/.local/lib/python3.6/site-packages/airflow/example_dags/example_task_group.py
[2025-12-17 03:13:46,657] {logging_mixin.py:104} INFO - [2025-12-17 03:13:46,656] {dag.py:1818} INFO - Sync 1 DAGs
[2025-12-17 03:13:46,667] {logging_mixin.py:104} INFO - [2025-12-17 03:13:46,667] {dag.py:2273} INFO - Setting next_dagrun for example_task_group to 2025-12-15 00:00:00+00:00
[2025-12-17 03:13:46,673] {scheduler_job.py:190} INFO - Processing /home/airflow/.local/lib/python3.6/site-packages/airflow/example_dags/example_task_group.py took 0.045 seconds
[2025-12-17 03:14:17,605] {scheduler_job.py:182} INFO - Started process (PID=357) to work on /home/airflow/.local/lib/python3.6/site-packages/airflow/example_dags/example_task_group.py
[2025-12-17 03:14:17,606] {scheduler_job.py:629} INFO - Processing file /home/airflow/.local/lib/python3.6/site-packages/airflow/example_dags/example_task_group.py for tasks to queue
[2025-12-17 03:14:17,607] {logging_mixin.py:104} INFO - [2025-12-17 03:14:17,607] {dagbag.py:448} INFO - Filling up the DagBag from /home/airflow/.local/lib/python3.6/site-packages/airflow/example_dags/example_task_group.py
[2025-12-17 03:14:17,614] {scheduler_job.py:639} INFO - DAG(s) dict_keys(['example_task_group']) retrieved from /home/airflow/.local/lib/python3.6/site-packages/airflow/example_dags/example_task_group.py
[2025-12-17 03:14:17,630] {logging_mixin.py:104} INFO - [2025-12-17 03:14:17,629] {dag.py:1818} INFO - Sync 1 DAGs
[2025-12-17 03:14:17,640] {logging_mixin.py:104} INFO - [2025-12-17 03:14:17,640] {dag.py:2273} INFO - Setting next_dagrun for example_task_group to 2025-12-15 00:00:00+00:00
[2025-12-17 03:14:17,647] {scheduler_job.py:190} INFO - Processing /home/airflow/.local/lib/python3.6/site-packages/airflow/example_dags/example_task_group.py took 0.044 seconds
[2025-12-17 03:14:47,741] {scheduler_job.py:182} INFO - Started process (PID=383) to work on /home/airflow/.local/lib/python3.6/site-packages/airflow/example_dags/example_task_group.py
[2025-12-17 03:14:47,741] {scheduler_job.py:629} INFO - Processing file /home/airflow/.local/lib/python3.6/site-packages/airflow/example_dags/example_task_group.py for tasks to queue
[2025-12-17 03:14:47,742] {logging_mixin.py:104} INFO - [2025-12-17 03:14:47,742] {dagbag.py:448} INFO - Filling up the DagBag from /home/airflow/.local/lib/python3.6/site-packages/airflow/example_dags/example_task_group.py
[2025-12-17 03:14:47,750] {scheduler_job.py:639} INFO - DAG(s) dict_keys(['example_task_group']) retrieved from /home/airflow/.local/lib/python3.6/site-packages/airflow/example_dags/example_task_group.py
[2025-12-17 03:14:47,766] {logging_mixin.py:104} INFO - [2025-12-17 03:14:47,766] {dag.py:1818} INFO - Sync 1 DAGs
[2025-12-17 03:14:47,776] {logging_mixin.py:104} INFO - [2025-12-17 03:14:47,776] {dag.py:2273} INFO - Setting next_dagrun for example_task_group to 2025-12-15 00:00:00+00:00
[2025-12-17 03:14:47,782] {scheduler_job.py:190} INFO - Processing /home/airflow/.local/lib/python3.6/site-packages/airflow/example_dags/example_task_group.py took 0.044 seconds
[2025-12-17 03:15:17,830] {scheduler_job.py:182} INFO - Started process (PID=409) to work on /home/airflow/.local/lib/python3.6/site-packages/airflow/example_dags/example_task_group.py
[2025-12-17 03:15:17,831] {scheduler_job.py:629} INFO - Processing file /home/airflow/.local/lib/python3.6/site-packages/airflow/example_dags/example_task_group.py for tasks to queue
[2025-12-17 03:15:17,832] {logging_mixin.py:104} INFO - [2025-12-17 03:15:17,832] {dagbag.py:448} INFO - Filling up the DagBag from /home/airflow/.local/lib/python3.6/site-packages/airflow/example_dags/example_task_group.py
[2025-12-17 03:15:17,840] {scheduler_job.py:639} INFO - DAG(s) dict_keys(['example_task_group']) retrieved from /home/airflow/.local/lib/python3.6/site-packages/airflow/example_dags/example_task_group.py
[2025-12-17 03:15:17,858] {logging_mixin.py:104} INFO - [2025-12-17 03:15:17,858] {dag.py:1818} INFO - Sync 1 DAGs
[2025-12-17 03:15:17,870] {logging_mixin.py:104} INFO - [2025-12-17 03:15:17,870] {dag.py:2273} INFO - Setting next_dagrun for example_task_group to 2025-12-15 00:00:00+00:00
[2025-12-17 03:15:17,877] {scheduler_job.py:190} INFO - Processing /home/airflow/.local/lib/python3.6/site-packages/airflow/example_dags/example_task_group.py took 0.050 seconds
[2025-12-17 03:15:48,116] {scheduler_job.py:182} INFO - Started process (PID=436) to work on /home/airflow/.local/lib/python3.6/site-packages/airflow/example_dags/example_task_group.py
[2025-12-17 03:15:48,117] {scheduler_job.py:629} INFO - Processing file /home/airflow/.local/lib/python3.6/site-packages/airflow/example_dags/example_task_group.py for tasks to queue
[2025-12-17 03:15:48,118] {logging_mixin.py:104} INFO - [2025-12-17 03:15:48,118] {dagbag.py:448} INFO - Filling up the DagBag from /home/airflow/.local/lib/python3.6/site-packages/airflow/example_dags/example_task_group.py
[2025-12-17 03:15:48,126] {scheduler_job.py:639} INFO - DAG(s) dict_keys(['example_task_group']) retrieved from /home/airflow/.local/lib/python3.6/site-packages/airflow/example_dags/example_task_group.py
[2025-12-17 03:15:48,141] {logging_mixin.py:104} INFO - [2025-12-17 03:15:48,141] {dag.py:1818} INFO - Sync 1 DAGs
[2025-12-17 03:15:48,151] {logging_mixin.py:104} INFO - [2025-12-17 03:15:48,150] {dag.py:2273} INFO - Setting next_dagrun for example_task_group to 2025-12-15 00:00:00+00:00
[2025-12-17 03:15:48,156] {scheduler_job.py:190} INFO - Processing /home/airflow/.local/lib/python3.6/site-packages/airflow/example_dags/example_task_group.py took 0.043 seconds
[2025-12-17 03:16:18,245] {scheduler_job.py:182} INFO - Started process (PID=462) to work on /home/airflow/.local/lib/python3.6/site-packages/airflow/example_dags/example_task_group.py
[2025-12-17 03:16:18,247] {scheduler_job.py:629} INFO - Processing file /home/airflow/.local/lib/python3.6/site-packages/airflow/example_dags/example_task_group.py for tasks to queue
[2025-12-17 03:16:18,247] {logging_mixin.py:104} INFO - [2025-12-17 03:16:18,247] {dagbag.py:448} INFO - Filling up the DagBag from /home/airflow/.local/lib/python3.6/site-packages/airflow/example_dags/example_task_group.py
[2025-12-17 03:16:18,257] {scheduler_job.py:639} INFO - DAG(s) dict_keys(['example_task_group']) retrieved from /home/airflow/.local/lib/python3.6/site-packages/airflow/example_dags/example_task_group.py
[2025-12-17 03:16:18,274] {logging_mixin.py:104} INFO - [2025-12-17 03:16:18,274] {dag.py:1818} INFO - Sync 1 DAGs
[2025-12-17 03:16:18,285] {logging_mixin.py:104} INFO - [2025-12-17 03:16:18,285] {dag.py:2273} INFO - Setting next_dagrun for example_task_group to 2025-12-15 00:00:00+00:00
[2025-12-17 03:16:18,292] {scheduler_job.py:190} INFO - Processing /home/airflow/.local/lib/python3.6/site-packages/airflow/example_dags/example_task_group.py took 0.049 seconds
[2025-12-17 03:16:48,343] {scheduler_job.py:182} INFO - Started process (PID=488) to work on /home/airflow/.local/lib/python3.6/site-packages/airflow/example_dags/example_task_group.py
[2025-12-17 03:16:48,344] {scheduler_job.py:629} INFO - Processing file /home/airflow/.local/lib/python3.6/site-packages/airflow/example_dags/example_task_group.py for tasks to queue
[2025-12-17 03:16:48,345] {logging_mixin.py:104} INFO - [2025-12-17 03:16:48,345] {dagbag.py:448} INFO - Filling up the DagBag from /home/airflow/.local/lib/python3.6/site-packages/airflow/example_dags/example_task_group.py
[2025-12-17 03:16:48,353] {scheduler_job.py:639} INFO - DAG(s) dict_keys(['example_task_group']) retrieved from /home/airflow/.local/lib/python3.6/site-packages/airflow/example_dags/example_task_group.py
[2025-12-17 03:16:48,369] {logging_mixin.py:104} INFO - [2025-12-17 03:16:48,369] {dag.py:1818} INFO - Sync 1 DAGs
[2025-12-17 03:16:48,379] {logging_mixin.py:104} INFO - [2025-12-17 03:16:48,379] {dag.py:2273} INFO - Setting next_dagrun for example_task_group to 2025-12-15 00:00:00+00:00
[2025-12-17 03:16:48,386] {scheduler_job.py:190} INFO - Processing /home/airflow/.local/lib/python3.6/site-packages/airflow/example_dags/example_task_group.py took 0.046 seconds
[2025-12-17 03:17:18,533] {scheduler_job.py:182} INFO - Started process (PID=513) to work on /home/airflow/.local/lib/python3.6/site-packages/airflow/example_dags/example_task_group.py
[2025-12-17 03:17:18,534] {scheduler_job.py:629} INFO - Processing file /home/airflow/.local/lib/python3.6/site-packages/airflow/example_dags/example_task_group.py for tasks to queue
[2025-12-17 03:17:18,535] {logging_mixin.py:104} INFO - [2025-12-17 03:17:18,535] {dagbag.py:448} INFO - Filling up the DagBag from /home/airflow/.local/lib/python3.6/site-packages/airflow/example_dags/example_task_group.py
[2025-12-17 03:17:18,543] {scheduler_job.py:639} INFO - DAG(s) dict_keys(['example_task_group']) retrieved from /home/airflow/.local/lib/python3.6/site-packages/airflow/example_dags/example_task_group.py
[2025-12-17 03:17:18,558] {logging_mixin.py:104} INFO - [2025-12-17 03:17:18,558] {dag.py:1818} INFO - Sync 1 DAGs
[2025-12-17 03:17:18,568] {logging_mixin.py:104} INFO - [2025-12-17 03:17:18,568] {dag.py:2273} INFO - Setting next_dagrun for example_task_group to 2025-12-15 00:00:00+00:00
[2025-12-17 03:17:18,576] {scheduler_job.py:190} INFO - Processing /home/airflow/.local/lib/python3.6/site-packages/airflow/example_dags/example_task_group.py took 0.045 seconds
[2025-12-17 03:17:48,620] {scheduler_job.py:182} INFO - Started process (PID=538) to work on /home/airflow/.local/lib/python3.6/site-packages/airflow/example_dags/example_task_group.py
[2025-12-17 03:17:48,621] {scheduler_job.py:629} INFO - Processing file /home/airflow/.local/lib/python3.6/site-packages/airflow/example_dags/example_task_group.py for tasks to queue
[2025-12-17 03:17:48,622] {logging_mixin.py:104} INFO - [2025-12-17 03:17:48,622] {dagbag.py:448} INFO - Filling up the DagBag from /home/airflow/.local/lib/python3.6/site-packages/airflow/example_dags/example_task_group.py
[2025-12-17 03:17:48,630] {scheduler_job.py:639} INFO - DAG(s) dict_keys(['example_task_group']) retrieved from /home/airflow/.local/lib/python3.6/site-packages/airflow/example_dags/example_task_group.py
[2025-12-17 03:17:48,645] {logging_mixin.py:104} INFO - [2025-12-17 03:17:48,645] {dag.py:1818} INFO - Sync 1 DAGs
[2025-12-17 03:17:48,655] {logging_mixin.py:104} INFO - [2025-12-17 03:17:48,655] {dag.py:2273} INFO - Setting next_dagrun for example_task_group to 2025-12-15 00:00:00+00:00
[2025-12-17 03:17:48,662] {scheduler_job.py:190} INFO - Processing /home/airflow/.local/lib/python3.6/site-packages/airflow/example_dags/example_task_group.py took 0.044 seconds
[2025-12-17 03:18:18,693] {scheduler_job.py:182} INFO - Started process (PID=563) to work on /home/airflow/.local/lib/python3.6/site-packages/airflow/example_dags/example_task_group.py
[2025-12-17 03:18:18,694] {scheduler_job.py:629} INFO - Processing file /home/airflow/.local/lib/python3.6/site-packages/airflow/example_dags/example_task_group.py for tasks to queue
[2025-12-17 03:18:18,695] {logging_mixin.py:104} INFO - [2025-12-17 03:18:18,695] {dagbag.py:448} INFO - Filling up the DagBag from /home/airflow/.local/lib/python3.6/site-packages/airflow/example_dags/example_task_group.py
[2025-12-17 03:18:18,703] {scheduler_job.py:639} INFO - DAG(s) dict_keys(['example_task_group']) retrieved from /home/airflow/.local/lib/python3.6/site-packages/airflow/example_dags/example_task_group.py
[2025-12-17 03:18:18,718] {logging_mixin.py:104} INFO - [2025-12-17 03:18:18,718] {dag.py:1818} INFO - Sync 1 DAGs
[2025-12-17 03:18:18,728] {logging_mixin.py:104} INFO - [2025-12-17 03:18:18,728] {dag.py:2273} INFO - Setting next_dagrun for example_task_group to 2025-12-15 00:00:00+00:00
[2025-12-17 03:18:18,735] {scheduler_job.py:190} INFO - Processing /home/airflow/.local/lib/python3.6/site-packages/airflow/example_dags/example_task_group.py took 0.044 seconds
[2025-12-17 03:18:49,762] {scheduler_job.py:182} INFO - Started process (PID=591) to work on /home/airflow/.local/lib/python3.6/site-packages/airflow/example_dags/example_task_group.py
[2025-12-17 03:18:49,763] {scheduler_job.py:629} INFO - Processing file /home/airflow/.local/lib/python3.6/site-packages/airflow/example_dags/example_task_group.py for tasks to queue
[2025-12-17 03:18:49,764] {logging_mixin.py:104} INFO - [2025-12-17 03:18:49,764] {dagbag.py:448} INFO - Filling up the DagBag from /home/airflow/.local/lib/python3.6/site-packages/airflow/example_dags/example_task_group.py
[2025-12-17 03:18:49,772] {scheduler_job.py:639} INFO - DAG(s) dict_keys(['example_task_group']) retrieved from /home/airflow/.local/lib/python3.6/site-packages/airflow/example_dags/example_task_group.py
[2025-12-17 03:18:49,788] {logging_mixin.py:104} INFO - [2025-12-17 03:18:49,788] {dag.py:1818} INFO - Sync 1 DAGs
[2025-12-17 03:18:49,799] {logging_mixin.py:104} INFO - [2025-12-17 03:18:49,799] {dag.py:2273} INFO - Setting next_dagrun for example_task_group to 2025-12-15 00:00:00+00:00
[2025-12-17 03:18:49,807] {scheduler_job.py:190} INFO - Processing /home/airflow/.local/lib/python3.6/site-packages/airflow/example_dags/example_task_group.py took 0.047 seconds
[2025-12-17 03:19:20,745] {scheduler_job.py:182} INFO - Started process (PID=617) to work on /home/airflow/.local/lib/python3.6/site-packages/airflow/example_dags/example_task_group.py
[2025-12-17 03:19:20,746] {scheduler_job.py:629} INFO - Processing file /home/airflow/.local/lib/python3.6/site-packages/airflow/example_dags/example_task_group.py for tasks to queue
[2025-12-17 03:19:20,746] {logging_mixin.py:104} INFO - [2025-12-17 03:19:20,746] {dagbag.py:448} INFO - Filling up the DagBag from /home/airflow/.local/lib/python3.6/site-packages/airflow/example_dags/example_task_group.py
[2025-12-17 03:19:20,754] {scheduler_job.py:639} INFO - DAG(s) dict_keys(['example_task_group']) retrieved from /home/airflow/.local/lib/python3.6/site-packages/airflow/example_dags/example_task_group.py
[2025-12-17 03:19:20,770] {logging_mixin.py:104} INFO - [2025-12-17 03:19:20,770] {dag.py:1818} INFO - Sync 1 DAGs
[2025-12-17 03:19:20,779] {logging_mixin.py:104} INFO - [2025-12-17 03:19:20,779] {dag.py:2273} INFO - Setting next_dagrun for example_task_group to 2025-12-15 00:00:00+00:00
[2025-12-17 03:19:20,785] {scheduler_job.py:190} INFO - Processing /home/airflow/.local/lib/python3.6/site-packages/airflow/example_dags/example_task_group.py took 0.043 seconds
[2025-12-17 03:19:51,817] {scheduler_job.py:182} INFO - Started process (PID=643) to work on /home/airflow/.local/lib/python3.6/site-packages/airflow/example_dags/example_task_group.py
[2025-12-17 03:19:51,818] {scheduler_job.py:629} INFO - Processing file /home/airflow/.local/lib/python3.6/site-packages/airflow/example_dags/example_task_group.py for tasks to queue
[2025-12-17 03:19:51,819] {logging_mixin.py:104} INFO - [2025-12-17 03:19:51,818] {dagbag.py:448} INFO - Filling up the DagBag from /home/airflow/.local/lib/python3.6/site-packages/airflow/example_dags/example_task_group.py
[2025-12-17 03:19:51,826] {scheduler_job.py:639} INFO - DAG(s) dict_keys(['example_task_group']) retrieved from /home/airflow/.local/lib/python3.6/site-packages/airflow/example_dags/example_task_group.py
[2025-12-17 03:19:51,842] {logging_mixin.py:104} INFO - [2025-12-17 03:19:51,842] {dag.py:1818} INFO - Sync 1 DAGs
[2025-12-17 03:19:51,852] {logging_mixin.py:104} INFO - [2025-12-17 03:19:51,852] {dag.py:2273} INFO - Setting next_dagrun for example_task_group to 2025-12-15 00:00:00+00:00
[2025-12-17 03:19:51,860] {scheduler_job.py:190} INFO - Processing /home/airflow/.local/lib/python3.6/site-packages/airflow/example_dags/example_task_group.py took 0.046 seconds
