[2025-12-17 03:08:12,643] {scheduler_job.py:182} INFO - Started process (PID=55) to work on /home/airflow/.local/lib/python3.6/site-packages/airflow/example_dags/example_python_operator.py
[2025-12-17 03:08:12,645] {scheduler_job.py:629} INFO - Processing file /home/airflow/.local/lib/python3.6/site-packages/airflow/example_dags/example_python_operator.py for tasks to queue
[2025-12-17 03:08:12,647] {logging_mixin.py:104} INFO - [2025-12-17 03:08:12,647] {dagbag.py:448} INFO - Filling up the DagBag from /home/airflow/.local/lib/python3.6/site-packages/airflow/example_dags/example_python_operator.py
[2025-12-17 03:08:12,674] {scheduler_job.py:639} INFO - DAG(s) dict_keys(['example_python_operator']) retrieved from /home/airflow/.local/lib/python3.6/site-packages/airflow/example_dags/example_python_operator.py
[2025-12-17 03:08:12,712] {logging_mixin.py:104} INFO - [2025-12-17 03:08:12,712] {dag.py:1818} INFO - Sync 1 DAGs
[2025-12-17 03:08:12,726] {logging_mixin.py:104} INFO - [2025-12-17 03:08:12,726] {dag.py:1837} INFO - Creating ORM DAG for example_python_operator
[2025-12-17 03:08:12,731] {logging_mixin.py:104} INFO - [2025-12-17 03:08:12,731] {dag.py:2273} INFO - Setting next_dagrun for example_python_operator to None
[2025-12-17 03:08:12,746] {scheduler_job.py:190} INFO - Processing /home/airflow/.local/lib/python3.6/site-packages/airflow/example_dags/example_python_operator.py took 0.110 seconds
[2025-12-17 03:08:42,842] {scheduler_job.py:182} INFO - Started process (PID=81) to work on /home/airflow/.local/lib/python3.6/site-packages/airflow/example_dags/example_python_operator.py
[2025-12-17 03:08:42,843] {scheduler_job.py:629} INFO - Processing file /home/airflow/.local/lib/python3.6/site-packages/airflow/example_dags/example_python_operator.py for tasks to queue
[2025-12-17 03:08:42,844] {logging_mixin.py:104} INFO - [2025-12-17 03:08:42,843] {dagbag.py:448} INFO - Filling up the DagBag from /home/airflow/.local/lib/python3.6/site-packages/airflow/example_dags/example_python_operator.py
[2025-12-17 03:08:42,853] {scheduler_job.py:639} INFO - DAG(s) dict_keys(['example_python_operator']) retrieved from /home/airflow/.local/lib/python3.6/site-packages/airflow/example_dags/example_python_operator.py
[2025-12-17 03:08:42,870] {logging_mixin.py:104} INFO - [2025-12-17 03:08:42,869] {dag.py:1818} INFO - Sync 1 DAGs
[2025-12-17 03:08:42,881] {logging_mixin.py:104} INFO - [2025-12-17 03:08:42,881] {dag.py:2273} INFO - Setting next_dagrun for example_python_operator to None
[2025-12-17 03:08:42,888] {scheduler_job.py:190} INFO - Processing /home/airflow/.local/lib/python3.6/site-packages/airflow/example_dags/example_python_operator.py took 0.049 seconds
[2025-12-17 03:09:12,926] {scheduler_job.py:182} INFO - Started process (PID=107) to work on /home/airflow/.local/lib/python3.6/site-packages/airflow/example_dags/example_python_operator.py
[2025-12-17 03:09:12,927] {scheduler_job.py:629} INFO - Processing file /home/airflow/.local/lib/python3.6/site-packages/airflow/example_dags/example_python_operator.py for tasks to queue
[2025-12-17 03:09:12,927] {logging_mixin.py:104} INFO - [2025-12-17 03:09:12,927] {dagbag.py:448} INFO - Filling up the DagBag from /home/airflow/.local/lib/python3.6/site-packages/airflow/example_dags/example_python_operator.py
[2025-12-17 03:09:12,936] {scheduler_job.py:639} INFO - DAG(s) dict_keys(['example_python_operator']) retrieved from /home/airflow/.local/lib/python3.6/site-packages/airflow/example_dags/example_python_operator.py
[2025-12-17 03:09:12,955] {logging_mixin.py:104} INFO - [2025-12-17 03:09:12,955] {dag.py:1818} INFO - Sync 1 DAGs
[2025-12-17 03:09:12,966] {logging_mixin.py:104} INFO - [2025-12-17 03:09:12,966] {dag.py:2273} INFO - Setting next_dagrun for example_python_operator to None
[2025-12-17 03:09:12,973] {scheduler_job.py:190} INFO - Processing /home/airflow/.local/lib/python3.6/site-packages/airflow/example_dags/example_python_operator.py took 0.050 seconds
[2025-12-17 03:09:44,061] {scheduler_job.py:182} INFO - Started process (PID=133) to work on /home/airflow/.local/lib/python3.6/site-packages/airflow/example_dags/example_python_operator.py
[2025-12-17 03:09:44,066] {scheduler_job.py:629} INFO - Processing file /home/airflow/.local/lib/python3.6/site-packages/airflow/example_dags/example_python_operator.py for tasks to queue
[2025-12-17 03:09:44,067] {logging_mixin.py:104} INFO - [2025-12-17 03:09:44,067] {dagbag.py:448} INFO - Filling up the DagBag from /home/airflow/.local/lib/python3.6/site-packages/airflow/example_dags/example_python_operator.py
[2025-12-17 03:09:44,076] {scheduler_job.py:639} INFO - DAG(s) dict_keys(['example_python_operator']) retrieved from /home/airflow/.local/lib/python3.6/site-packages/airflow/example_dags/example_python_operator.py
[2025-12-17 03:09:44,098] {logging_mixin.py:104} INFO - [2025-12-17 03:09:44,098] {dag.py:1818} INFO - Sync 1 DAGs
[2025-12-17 03:09:44,109] {logging_mixin.py:104} INFO - [2025-12-17 03:09:44,109] {dag.py:2273} INFO - Setting next_dagrun for example_python_operator to None
[2025-12-17 03:09:44,115] {scheduler_job.py:190} INFO - Processing /home/airflow/.local/lib/python3.6/site-packages/airflow/example_dags/example_python_operator.py took 0.056 seconds
[2025-12-17 03:10:14,141] {scheduler_job.py:182} INFO - Started process (PID=159) to work on /home/airflow/.local/lib/python3.6/site-packages/airflow/example_dags/example_python_operator.py
[2025-12-17 03:10:14,143] {scheduler_job.py:629} INFO - Processing file /home/airflow/.local/lib/python3.6/site-packages/airflow/example_dags/example_python_operator.py for tasks to queue
[2025-12-17 03:10:14,143] {logging_mixin.py:104} INFO - [2025-12-17 03:10:14,143] {dagbag.py:448} INFO - Filling up the DagBag from /home/airflow/.local/lib/python3.6/site-packages/airflow/example_dags/example_python_operator.py
[2025-12-17 03:10:14,155] {scheduler_job.py:639} INFO - DAG(s) dict_keys(['example_python_operator']) retrieved from /home/airflow/.local/lib/python3.6/site-packages/airflow/example_dags/example_python_operator.py
[2025-12-17 03:10:14,175] {logging_mixin.py:104} INFO - [2025-12-17 03:10:14,175] {dag.py:1818} INFO - Sync 1 DAGs
[2025-12-17 03:10:14,188] {logging_mixin.py:104} INFO - [2025-12-17 03:10:14,188] {dag.py:2273} INFO - Setting next_dagrun for example_python_operator to None
[2025-12-17 03:10:14,196] {scheduler_job.py:190} INFO - Processing /home/airflow/.local/lib/python3.6/site-packages/airflow/example_dags/example_python_operator.py took 0.058 seconds
[2025-12-17 03:10:44,303] {scheduler_job.py:182} INFO - Started process (PID=183) to work on /home/airflow/.local/lib/python3.6/site-packages/airflow/example_dags/example_python_operator.py
[2025-12-17 03:10:44,304] {scheduler_job.py:629} INFO - Processing file /home/airflow/.local/lib/python3.6/site-packages/airflow/example_dags/example_python_operator.py for tasks to queue
[2025-12-17 03:10:44,305] {logging_mixin.py:104} INFO - [2025-12-17 03:10:44,305] {dagbag.py:448} INFO - Filling up the DagBag from /home/airflow/.local/lib/python3.6/site-packages/airflow/example_dags/example_python_operator.py
[2025-12-17 03:10:44,314] {scheduler_job.py:639} INFO - DAG(s) dict_keys(['example_python_operator']) retrieved from /home/airflow/.local/lib/python3.6/site-packages/airflow/example_dags/example_python_operator.py
[2025-12-17 03:10:44,330] {logging_mixin.py:104} INFO - [2025-12-17 03:10:44,330] {dag.py:1818} INFO - Sync 1 DAGs
[2025-12-17 03:10:44,341] {logging_mixin.py:104} INFO - [2025-12-17 03:10:44,340] {dag.py:2273} INFO - Setting next_dagrun for example_python_operator to None
[2025-12-17 03:10:44,347] {scheduler_job.py:190} INFO - Processing /home/airflow/.local/lib/python3.6/site-packages/airflow/example_dags/example_python_operator.py took 0.047 seconds
[2025-12-17 03:11:14,533] {scheduler_job.py:182} INFO - Started process (PID=209) to work on /home/airflow/.local/lib/python3.6/site-packages/airflow/example_dags/example_python_operator.py
[2025-12-17 03:11:14,534] {scheduler_job.py:629} INFO - Processing file /home/airflow/.local/lib/python3.6/site-packages/airflow/example_dags/example_python_operator.py for tasks to queue
[2025-12-17 03:11:14,535] {logging_mixin.py:104} INFO - [2025-12-17 03:11:14,535] {dagbag.py:448} INFO - Filling up the DagBag from /home/airflow/.local/lib/python3.6/site-packages/airflow/example_dags/example_python_operator.py
[2025-12-17 03:11:14,543] {scheduler_job.py:639} INFO - DAG(s) dict_keys(['example_python_operator']) retrieved from /home/airflow/.local/lib/python3.6/site-packages/airflow/example_dags/example_python_operator.py
[2025-12-17 03:11:14,559] {logging_mixin.py:104} INFO - [2025-12-17 03:11:14,559] {dag.py:1818} INFO - Sync 1 DAGs
[2025-12-17 03:11:14,568] {logging_mixin.py:104} INFO - [2025-12-17 03:11:14,568] {dag.py:2273} INFO - Setting next_dagrun for example_python_operator to None
[2025-12-17 03:11:14,575] {scheduler_job.py:190} INFO - Processing /home/airflow/.local/lib/python3.6/site-packages/airflow/example_dags/example_python_operator.py took 0.044 seconds
[2025-12-17 03:11:44,758] {scheduler_job.py:182} INFO - Started process (PID=235) to work on /home/airflow/.local/lib/python3.6/site-packages/airflow/example_dags/example_python_operator.py
[2025-12-17 03:11:44,759] {scheduler_job.py:629} INFO - Processing file /home/airflow/.local/lib/python3.6/site-packages/airflow/example_dags/example_python_operator.py for tasks to queue
[2025-12-17 03:11:44,760] {logging_mixin.py:104} INFO - [2025-12-17 03:11:44,760] {dagbag.py:448} INFO - Filling up the DagBag from /home/airflow/.local/lib/python3.6/site-packages/airflow/example_dags/example_python_operator.py
[2025-12-17 03:11:44,769] {scheduler_job.py:639} INFO - DAG(s) dict_keys(['example_python_operator']) retrieved from /home/airflow/.local/lib/python3.6/site-packages/airflow/example_dags/example_python_operator.py
[2025-12-17 03:11:44,785] {logging_mixin.py:104} INFO - [2025-12-17 03:11:44,785] {dag.py:1818} INFO - Sync 1 DAGs
[2025-12-17 03:11:44,796] {logging_mixin.py:104} INFO - [2025-12-17 03:11:44,796] {dag.py:2273} INFO - Setting next_dagrun for example_python_operator to None
[2025-12-17 03:11:44,802] {scheduler_job.py:190} INFO - Processing /home/airflow/.local/lib/python3.6/site-packages/airflow/example_dags/example_python_operator.py took 0.047 seconds
[2025-12-17 03:12:14,853] {scheduler_job.py:182} INFO - Started process (PID=261) to work on /home/airflow/.local/lib/python3.6/site-packages/airflow/example_dags/example_python_operator.py
[2025-12-17 03:12:14,855] {scheduler_job.py:629} INFO - Processing file /home/airflow/.local/lib/python3.6/site-packages/airflow/example_dags/example_python_operator.py for tasks to queue
[2025-12-17 03:12:14,855] {logging_mixin.py:104} INFO - [2025-12-17 03:12:14,855] {dagbag.py:448} INFO - Filling up the DagBag from /home/airflow/.local/lib/python3.6/site-packages/airflow/example_dags/example_python_operator.py
[2025-12-17 03:12:14,864] {scheduler_job.py:639} INFO - DAG(s) dict_keys(['example_python_operator']) retrieved from /home/airflow/.local/lib/python3.6/site-packages/airflow/example_dags/example_python_operator.py
[2025-12-17 03:12:14,881] {logging_mixin.py:104} INFO - [2025-12-17 03:12:14,880] {dag.py:1818} INFO - Sync 1 DAGs
[2025-12-17 03:12:14,890] {logging_mixin.py:104} INFO - [2025-12-17 03:12:14,890] {dag.py:2273} INFO - Setting next_dagrun for example_python_operator to None
[2025-12-17 03:12:14,896] {scheduler_job.py:190} INFO - Processing /home/airflow/.local/lib/python3.6/site-packages/airflow/example_dags/example_python_operator.py took 0.045 seconds
[2025-12-17 03:12:44,924] {scheduler_job.py:182} INFO - Started process (PID=287) to work on /home/airflow/.local/lib/python3.6/site-packages/airflow/example_dags/example_python_operator.py
[2025-12-17 03:12:44,926] {scheduler_job.py:629} INFO - Processing file /home/airflow/.local/lib/python3.6/site-packages/airflow/example_dags/example_python_operator.py for tasks to queue
[2025-12-17 03:12:44,926] {logging_mixin.py:104} INFO - [2025-12-17 03:12:44,926] {dagbag.py:448} INFO - Filling up the DagBag from /home/airflow/.local/lib/python3.6/site-packages/airflow/example_dags/example_python_operator.py
[2025-12-17 03:12:44,937] {scheduler_job.py:639} INFO - DAG(s) dict_keys(['example_python_operator']) retrieved from /home/airflow/.local/lib/python3.6/site-packages/airflow/example_dags/example_python_operator.py
[2025-12-17 03:12:44,957] {logging_mixin.py:104} INFO - [2025-12-17 03:12:44,957] {dag.py:1818} INFO - Sync 1 DAGs
[2025-12-17 03:12:44,968] {logging_mixin.py:104} INFO - [2025-12-17 03:12:44,968] {dag.py:2273} INFO - Setting next_dagrun for example_python_operator to None
[2025-12-17 03:12:44,974] {scheduler_job.py:190} INFO - Processing /home/airflow/.local/lib/python3.6/site-packages/airflow/example_dags/example_python_operator.py took 0.053 seconds
[2025-12-17 03:13:15,968] {scheduler_job.py:182} INFO - Started process (PID=315) to work on /home/airflow/.local/lib/python3.6/site-packages/airflow/example_dags/example_python_operator.py
[2025-12-17 03:13:15,969] {scheduler_job.py:629} INFO - Processing file /home/airflow/.local/lib/python3.6/site-packages/airflow/example_dags/example_python_operator.py for tasks to queue
[2025-12-17 03:13:15,970] {logging_mixin.py:104} INFO - [2025-12-17 03:13:15,970] {dagbag.py:448} INFO - Filling up the DagBag from /home/airflow/.local/lib/python3.6/site-packages/airflow/example_dags/example_python_operator.py
[2025-12-17 03:13:15,979] {scheduler_job.py:639} INFO - DAG(s) dict_keys(['example_python_operator']) retrieved from /home/airflow/.local/lib/python3.6/site-packages/airflow/example_dags/example_python_operator.py
[2025-12-17 03:13:15,995] {logging_mixin.py:104} INFO - [2025-12-17 03:13:15,995] {dag.py:1818} INFO - Sync 1 DAGs
[2025-12-17 03:13:16,007] {logging_mixin.py:104} INFO - [2025-12-17 03:13:16,007] {dag.py:2273} INFO - Setting next_dagrun for example_python_operator to None
[2025-12-17 03:13:16,014] {scheduler_job.py:190} INFO - Processing /home/airflow/.local/lib/python3.6/site-packages/airflow/example_dags/example_python_operator.py took 0.048 seconds
[2025-12-17 03:13:46,942] {scheduler_job.py:182} INFO - Started process (PID=341) to work on /home/airflow/.local/lib/python3.6/site-packages/airflow/example_dags/example_python_operator.py
[2025-12-17 03:13:46,943] {scheduler_job.py:629} INFO - Processing file /home/airflow/.local/lib/python3.6/site-packages/airflow/example_dags/example_python_operator.py for tasks to queue
[2025-12-17 03:13:46,943] {logging_mixin.py:104} INFO - [2025-12-17 03:13:46,943] {dagbag.py:448} INFO - Filling up the DagBag from /home/airflow/.local/lib/python3.6/site-packages/airflow/example_dags/example_python_operator.py
[2025-12-17 03:13:46,954] {scheduler_job.py:639} INFO - DAG(s) dict_keys(['example_python_operator']) retrieved from /home/airflow/.local/lib/python3.6/site-packages/airflow/example_dags/example_python_operator.py
[2025-12-17 03:13:46,970] {logging_mixin.py:104} INFO - [2025-12-17 03:13:46,970] {dag.py:1818} INFO - Sync 1 DAGs
[2025-12-17 03:13:46,980] {logging_mixin.py:104} INFO - [2025-12-17 03:13:46,980] {dag.py:2273} INFO - Setting next_dagrun for example_python_operator to None
[2025-12-17 03:13:46,987] {scheduler_job.py:190} INFO - Processing /home/airflow/.local/lib/python3.6/site-packages/airflow/example_dags/example_python_operator.py took 0.048 seconds
[2025-12-17 03:14:17,977] {scheduler_job.py:182} INFO - Started process (PID=367) to work on /home/airflow/.local/lib/python3.6/site-packages/airflow/example_dags/example_python_operator.py
[2025-12-17 03:14:17,978] {scheduler_job.py:629} INFO - Processing file /home/airflow/.local/lib/python3.6/site-packages/airflow/example_dags/example_python_operator.py for tasks to queue
[2025-12-17 03:14:17,979] {logging_mixin.py:104} INFO - [2025-12-17 03:14:17,979] {dagbag.py:448} INFO - Filling up the DagBag from /home/airflow/.local/lib/python3.6/site-packages/airflow/example_dags/example_python_operator.py
[2025-12-17 03:14:17,992] {scheduler_job.py:639} INFO - DAG(s) dict_keys(['example_python_operator']) retrieved from /home/airflow/.local/lib/python3.6/site-packages/airflow/example_dags/example_python_operator.py
[2025-12-17 03:14:18,017] {logging_mixin.py:104} INFO - [2025-12-17 03:14:18,017] {dag.py:1818} INFO - Sync 1 DAGs
[2025-12-17 03:14:18,031] {logging_mixin.py:104} INFO - [2025-12-17 03:14:18,030] {dag.py:2273} INFO - Setting next_dagrun for example_python_operator to None
[2025-12-17 03:14:18,041] {scheduler_job.py:190} INFO - Processing /home/airflow/.local/lib/python3.6/site-packages/airflow/example_dags/example_python_operator.py took 0.068 seconds
[2025-12-17 03:14:48,102] {scheduler_job.py:182} INFO - Started process (PID=391) to work on /home/airflow/.local/lib/python3.6/site-packages/airflow/example_dags/example_python_operator.py
[2025-12-17 03:14:48,103] {scheduler_job.py:629} INFO - Processing file /home/airflow/.local/lib/python3.6/site-packages/airflow/example_dags/example_python_operator.py for tasks to queue
[2025-12-17 03:14:48,103] {logging_mixin.py:104} INFO - [2025-12-17 03:14:48,103] {dagbag.py:448} INFO - Filling up the DagBag from /home/airflow/.local/lib/python3.6/site-packages/airflow/example_dags/example_python_operator.py
[2025-12-17 03:14:48,112] {scheduler_job.py:639} INFO - DAG(s) dict_keys(['example_python_operator']) retrieved from /home/airflow/.local/lib/python3.6/site-packages/airflow/example_dags/example_python_operator.py
[2025-12-17 03:14:48,128] {logging_mixin.py:104} INFO - [2025-12-17 03:14:48,128] {dag.py:1818} INFO - Sync 1 DAGs
[2025-12-17 03:14:48,139] {logging_mixin.py:104} INFO - [2025-12-17 03:14:48,139] {dag.py:2273} INFO - Setting next_dagrun for example_python_operator to None
[2025-12-17 03:14:48,145] {scheduler_job.py:190} INFO - Processing /home/airflow/.local/lib/python3.6/site-packages/airflow/example_dags/example_python_operator.py took 0.047 seconds
[2025-12-17 03:15:18,177] {scheduler_job.py:182} INFO - Started process (PID=417) to work on /home/airflow/.local/lib/python3.6/site-packages/airflow/example_dags/example_python_operator.py
[2025-12-17 03:15:18,179] {scheduler_job.py:629} INFO - Processing file /home/airflow/.local/lib/python3.6/site-packages/airflow/example_dags/example_python_operator.py for tasks to queue
[2025-12-17 03:15:18,179] {logging_mixin.py:104} INFO - [2025-12-17 03:15:18,179] {dagbag.py:448} INFO - Filling up the DagBag from /home/airflow/.local/lib/python3.6/site-packages/airflow/example_dags/example_python_operator.py
[2025-12-17 03:15:18,188] {scheduler_job.py:639} INFO - DAG(s) dict_keys(['example_python_operator']) retrieved from /home/airflow/.local/lib/python3.6/site-packages/airflow/example_dags/example_python_operator.py
[2025-12-17 03:15:18,205] {logging_mixin.py:104} INFO - [2025-12-17 03:15:18,205] {dag.py:1818} INFO - Sync 1 DAGs
[2025-12-17 03:15:18,215] {logging_mixin.py:104} INFO - [2025-12-17 03:15:18,215] {dag.py:2273} INFO - Setting next_dagrun for example_python_operator to None
[2025-12-17 03:15:18,223] {scheduler_job.py:190} INFO - Processing /home/airflow/.local/lib/python3.6/site-packages/airflow/example_dags/example_python_operator.py took 0.048 seconds
[2025-12-17 03:15:48,405] {scheduler_job.py:182} INFO - Started process (PID=444) to work on /home/airflow/.local/lib/python3.6/site-packages/airflow/example_dags/example_python_operator.py
[2025-12-17 03:15:48,406] {scheduler_job.py:629} INFO - Processing file /home/airflow/.local/lib/python3.6/site-packages/airflow/example_dags/example_python_operator.py for tasks to queue
[2025-12-17 03:15:48,407] {logging_mixin.py:104} INFO - [2025-12-17 03:15:48,407] {dagbag.py:448} INFO - Filling up the DagBag from /home/airflow/.local/lib/python3.6/site-packages/airflow/example_dags/example_python_operator.py
[2025-12-17 03:15:48,415] {scheduler_job.py:639} INFO - DAG(s) dict_keys(['example_python_operator']) retrieved from /home/airflow/.local/lib/python3.6/site-packages/airflow/example_dags/example_python_operator.py
[2025-12-17 03:15:48,433] {logging_mixin.py:104} INFO - [2025-12-17 03:15:48,433] {dag.py:1818} INFO - Sync 1 DAGs
[2025-12-17 03:15:48,445] {logging_mixin.py:104} INFO - [2025-12-17 03:15:48,444] {dag.py:2273} INFO - Setting next_dagrun for example_python_operator to None
[2025-12-17 03:15:48,452] {scheduler_job.py:190} INFO - Processing /home/airflow/.local/lib/python3.6/site-packages/airflow/example_dags/example_python_operator.py took 0.050 seconds
[2025-12-17 03:16:18,497] {scheduler_job.py:182} INFO - Started process (PID=469) to work on /home/airflow/.local/lib/python3.6/site-packages/airflow/example_dags/example_python_operator.py
[2025-12-17 03:16:18,498] {scheduler_job.py:629} INFO - Processing file /home/airflow/.local/lib/python3.6/site-packages/airflow/example_dags/example_python_operator.py for tasks to queue
[2025-12-17 03:16:18,500] {logging_mixin.py:104} INFO - [2025-12-17 03:16:18,499] {dagbag.py:448} INFO - Filling up the DagBag from /home/airflow/.local/lib/python3.6/site-packages/airflow/example_dags/example_python_operator.py
[2025-12-17 03:16:18,512] {scheduler_job.py:639} INFO - DAG(s) dict_keys(['example_python_operator']) retrieved from /home/airflow/.local/lib/python3.6/site-packages/airflow/example_dags/example_python_operator.py
[2025-12-17 03:16:18,533] {logging_mixin.py:104} INFO - [2025-12-17 03:16:18,532] {dag.py:1818} INFO - Sync 1 DAGs
[2025-12-17 03:16:18,546] {logging_mixin.py:104} INFO - [2025-12-17 03:16:18,546] {dag.py:2273} INFO - Setting next_dagrun for example_python_operator to None
[2025-12-17 03:16:18,558] {scheduler_job.py:190} INFO - Processing /home/airflow/.local/lib/python3.6/site-packages/airflow/example_dags/example_python_operator.py took 0.064 seconds
[2025-12-17 03:16:48,641] {scheduler_job.py:182} INFO - Started process (PID=495) to work on /home/airflow/.local/lib/python3.6/site-packages/airflow/example_dags/example_python_operator.py
[2025-12-17 03:16:48,642] {scheduler_job.py:629} INFO - Processing file /home/airflow/.local/lib/python3.6/site-packages/airflow/example_dags/example_python_operator.py for tasks to queue
[2025-12-17 03:16:48,642] {logging_mixin.py:104} INFO - [2025-12-17 03:16:48,642] {dagbag.py:448} INFO - Filling up the DagBag from /home/airflow/.local/lib/python3.6/site-packages/airflow/example_dags/example_python_operator.py
[2025-12-17 03:16:48,651] {scheduler_job.py:639} INFO - DAG(s) dict_keys(['example_python_operator']) retrieved from /home/airflow/.local/lib/python3.6/site-packages/airflow/example_dags/example_python_operator.py
[2025-12-17 03:16:48,667] {logging_mixin.py:104} INFO - [2025-12-17 03:16:48,667] {dag.py:1818} INFO - Sync 1 DAGs
[2025-12-17 03:16:48,676] {logging_mixin.py:104} INFO - [2025-12-17 03:16:48,676] {dag.py:2273} INFO - Setting next_dagrun for example_python_operator to None
[2025-12-17 03:16:48,684] {scheduler_job.py:190} INFO - Processing /home/airflow/.local/lib/python3.6/site-packages/airflow/example_dags/example_python_operator.py took 0.046 seconds
[2025-12-17 03:17:18,838] {scheduler_job.py:182} INFO - Started process (PID=522) to work on /home/airflow/.local/lib/python3.6/site-packages/airflow/example_dags/example_python_operator.py
[2025-12-17 03:17:18,839] {scheduler_job.py:629} INFO - Processing file /home/airflow/.local/lib/python3.6/site-packages/airflow/example_dags/example_python_operator.py for tasks to queue
[2025-12-17 03:17:18,840] {logging_mixin.py:104} INFO - [2025-12-17 03:17:18,840] {dagbag.py:448} INFO - Filling up the DagBag from /home/airflow/.local/lib/python3.6/site-packages/airflow/example_dags/example_python_operator.py
[2025-12-17 03:17:18,849] {scheduler_job.py:639} INFO - DAG(s) dict_keys(['example_python_operator']) retrieved from /home/airflow/.local/lib/python3.6/site-packages/airflow/example_dags/example_python_operator.py
[2025-12-17 03:17:18,867] {logging_mixin.py:104} INFO - [2025-12-17 03:17:18,867] {dag.py:1818} INFO - Sync 1 DAGs
[2025-12-17 03:17:18,881] {logging_mixin.py:104} INFO - [2025-12-17 03:17:18,881] {dag.py:2273} INFO - Setting next_dagrun for example_python_operator to None
[2025-12-17 03:17:18,888] {scheduler_job.py:190} INFO - Processing /home/airflow/.local/lib/python3.6/site-packages/airflow/example_dags/example_python_operator.py took 0.053 seconds
[2025-12-17 03:17:48,944] {scheduler_job.py:182} INFO - Started process (PID=548) to work on /home/airflow/.local/lib/python3.6/site-packages/airflow/example_dags/example_python_operator.py
[2025-12-17 03:17:48,945] {scheduler_job.py:629} INFO - Processing file /home/airflow/.local/lib/python3.6/site-packages/airflow/example_dags/example_python_operator.py for tasks to queue
[2025-12-17 03:17:48,945] {logging_mixin.py:104} INFO - [2025-12-17 03:17:48,945] {dagbag.py:448} INFO - Filling up the DagBag from /home/airflow/.local/lib/python3.6/site-packages/airflow/example_dags/example_python_operator.py
[2025-12-17 03:17:48,954] {scheduler_job.py:639} INFO - DAG(s) dict_keys(['example_python_operator']) retrieved from /home/airflow/.local/lib/python3.6/site-packages/airflow/example_dags/example_python_operator.py
[2025-12-17 03:17:48,970] {logging_mixin.py:104} INFO - [2025-12-17 03:17:48,970] {dag.py:1818} INFO - Sync 1 DAGs
[2025-12-17 03:17:48,981] {logging_mixin.py:104} INFO - [2025-12-17 03:17:48,981] {dag.py:2273} INFO - Setting next_dagrun for example_python_operator to None
[2025-12-17 03:17:48,987] {scheduler_job.py:190} INFO - Processing /home/airflow/.local/lib/python3.6/site-packages/airflow/example_dags/example_python_operator.py took 0.046 seconds
[2025-12-17 03:18:19,057] {scheduler_job.py:182} INFO - Started process (PID=574) to work on /home/airflow/.local/lib/python3.6/site-packages/airflow/example_dags/example_python_operator.py
[2025-12-17 03:18:19,058] {scheduler_job.py:629} INFO - Processing file /home/airflow/.local/lib/python3.6/site-packages/airflow/example_dags/example_python_operator.py for tasks to queue
[2025-12-17 03:18:19,059] {logging_mixin.py:104} INFO - [2025-12-17 03:18:19,059] {dagbag.py:448} INFO - Filling up the DagBag from /home/airflow/.local/lib/python3.6/site-packages/airflow/example_dags/example_python_operator.py
[2025-12-17 03:18:19,069] {scheduler_job.py:639} INFO - DAG(s) dict_keys(['example_python_operator']) retrieved from /home/airflow/.local/lib/python3.6/site-packages/airflow/example_dags/example_python_operator.py
[2025-12-17 03:18:19,085] {logging_mixin.py:104} INFO - [2025-12-17 03:18:19,085] {dag.py:1818} INFO - Sync 1 DAGs
[2025-12-17 03:18:19,095] {logging_mixin.py:104} INFO - [2025-12-17 03:18:19,095] {dag.py:2273} INFO - Setting next_dagrun for example_python_operator to None
[2025-12-17 03:18:19,101] {scheduler_job.py:190} INFO - Processing /home/airflow/.local/lib/python3.6/site-packages/airflow/example_dags/example_python_operator.py took 0.047 seconds
[2025-12-17 03:18:50,085] {scheduler_job.py:182} INFO - Started process (PID=601) to work on /home/airflow/.local/lib/python3.6/site-packages/airflow/example_dags/example_python_operator.py
[2025-12-17 03:18:50,086] {scheduler_job.py:629} INFO - Processing file /home/airflow/.local/lib/python3.6/site-packages/airflow/example_dags/example_python_operator.py for tasks to queue
[2025-12-17 03:18:50,087] {logging_mixin.py:104} INFO - [2025-12-17 03:18:50,087] {dagbag.py:448} INFO - Filling up the DagBag from /home/airflow/.local/lib/python3.6/site-packages/airflow/example_dags/example_python_operator.py
[2025-12-17 03:18:50,095] {scheduler_job.py:639} INFO - DAG(s) dict_keys(['example_python_operator']) retrieved from /home/airflow/.local/lib/python3.6/site-packages/airflow/example_dags/example_python_operator.py
[2025-12-17 03:18:50,112] {logging_mixin.py:104} INFO - [2025-12-17 03:18:50,112] {dag.py:1818} INFO - Sync 1 DAGs
[2025-12-17 03:18:50,123] {logging_mixin.py:104} INFO - [2025-12-17 03:18:50,123] {dag.py:2273} INFO - Setting next_dagrun for example_python_operator to None
[2025-12-17 03:18:50,130] {scheduler_job.py:190} INFO - Processing /home/airflow/.local/lib/python3.6/site-packages/airflow/example_dags/example_python_operator.py took 0.047 seconds
[2025-12-17 03:19:21,141] {scheduler_job.py:182} INFO - Started process (PID=627) to work on /home/airflow/.local/lib/python3.6/site-packages/airflow/example_dags/example_python_operator.py
[2025-12-17 03:19:21,142] {scheduler_job.py:629} INFO - Processing file /home/airflow/.local/lib/python3.6/site-packages/airflow/example_dags/example_python_operator.py for tasks to queue
[2025-12-17 03:19:21,143] {logging_mixin.py:104} INFO - [2025-12-17 03:19:21,143] {dagbag.py:448} INFO - Filling up the DagBag from /home/airflow/.local/lib/python3.6/site-packages/airflow/example_dags/example_python_operator.py
[2025-12-17 03:19:21,152] {scheduler_job.py:639} INFO - DAG(s) dict_keys(['example_python_operator']) retrieved from /home/airflow/.local/lib/python3.6/site-packages/airflow/example_dags/example_python_operator.py
[2025-12-17 03:19:21,167] {logging_mixin.py:104} INFO - [2025-12-17 03:19:21,167] {dag.py:1818} INFO - Sync 1 DAGs
[2025-12-17 03:19:21,177] {logging_mixin.py:104} INFO - [2025-12-17 03:19:21,177] {dag.py:2273} INFO - Setting next_dagrun for example_python_operator to None
[2025-12-17 03:19:21,183] {scheduler_job.py:190} INFO - Processing /home/airflow/.local/lib/python3.6/site-packages/airflow/example_dags/example_python_operator.py took 0.044 seconds
[2025-12-17 03:19:52,241] {scheduler_job.py:182} INFO - Started process (PID=653) to work on /home/airflow/.local/lib/python3.6/site-packages/airflow/example_dags/example_python_operator.py
[2025-12-17 03:19:52,242] {scheduler_job.py:629} INFO - Processing file /home/airflow/.local/lib/python3.6/site-packages/airflow/example_dags/example_python_operator.py for tasks to queue
[2025-12-17 03:19:52,242] {logging_mixin.py:104} INFO - [2025-12-17 03:19:52,242] {dagbag.py:448} INFO - Filling up the DagBag from /home/airflow/.local/lib/python3.6/site-packages/airflow/example_dags/example_python_operator.py
[2025-12-17 03:19:52,251] {scheduler_job.py:639} INFO - DAG(s) dict_keys(['example_python_operator']) retrieved from /home/airflow/.local/lib/python3.6/site-packages/airflow/example_dags/example_python_operator.py
[2025-12-17 03:19:52,266] {logging_mixin.py:104} INFO - [2025-12-17 03:19:52,266] {dag.py:1818} INFO - Sync 1 DAGs
[2025-12-17 03:19:52,277] {logging_mixin.py:104} INFO - [2025-12-17 03:19:52,277] {dag.py:2273} INFO - Setting next_dagrun for example_python_operator to None
[2025-12-17 03:19:52,284] {scheduler_job.py:190} INFO - Processing /home/airflow/.local/lib/python3.6/site-packages/airflow/example_dags/example_python_operator.py took 0.045 seconds
