[2025-12-17 03:08:11,974] {scheduler_job.py:182} INFO - Started process (PID=46) to work on /home/airflow/.local/lib/python3.6/site-packages/airflow/example_dags/tutorial_etl_dag.py
[2025-12-17 03:08:11,976] {scheduler_job.py:629} INFO - Processing file /home/airflow/.local/lib/python3.6/site-packages/airflow/example_dags/tutorial_etl_dag.py for tasks to queue
[2025-12-17 03:08:11,981] {logging_mixin.py:104} INFO - [2025-12-17 03:08:11,981] {dagbag.py:448} INFO - Filling up the DagBag from /home/airflow/.local/lib/python3.6/site-packages/airflow/example_dags/tutorial_etl_dag.py
[2025-12-17 03:08:12,003] {scheduler_job.py:639} INFO - DAG(s) dict_keys(['tutorial_etl_dag']) retrieved from /home/airflow/.local/lib/python3.6/site-packages/airflow/example_dags/tutorial_etl_dag.py
[2025-12-17 03:08:12,030] {logging_mixin.py:104} INFO - [2025-12-17 03:08:12,029] {dag.py:1818} INFO - Sync 1 DAGs
[2025-12-17 03:08:12,038] {logging_mixin.py:104} INFO - [2025-12-17 03:08:12,038] {dag.py:1837} INFO - Creating ORM DAG for tutorial_etl_dag
[2025-12-17 03:08:12,042] {logging_mixin.py:104} INFO - [2025-12-17 03:08:12,042] {dag.py:2273} INFO - Setting next_dagrun for tutorial_etl_dag to None
[2025-12-17 03:08:12,057] {scheduler_job.py:190} INFO - Processing /home/airflow/.local/lib/python3.6/site-packages/airflow/example_dags/tutorial_etl_dag.py took 0.089 seconds
[2025-12-17 03:08:42,399] {scheduler_job.py:182} INFO - Started process (PID=71) to work on /home/airflow/.local/lib/python3.6/site-packages/airflow/example_dags/tutorial_etl_dag.py
[2025-12-17 03:08:42,400] {scheduler_job.py:629} INFO - Processing file /home/airflow/.local/lib/python3.6/site-packages/airflow/example_dags/tutorial_etl_dag.py for tasks to queue
[2025-12-17 03:08:42,400] {logging_mixin.py:104} INFO - [2025-12-17 03:08:42,400] {dagbag.py:448} INFO - Filling up the DagBag from /home/airflow/.local/lib/python3.6/site-packages/airflow/example_dags/tutorial_etl_dag.py
[2025-12-17 03:08:42,409] {scheduler_job.py:639} INFO - DAG(s) dict_keys(['tutorial_etl_dag']) retrieved from /home/airflow/.local/lib/python3.6/site-packages/airflow/example_dags/tutorial_etl_dag.py
[2025-12-17 03:08:42,423] {logging_mixin.py:104} INFO - [2025-12-17 03:08:42,423] {dag.py:1818} INFO - Sync 1 DAGs
[2025-12-17 03:08:42,432] {logging_mixin.py:104} INFO - [2025-12-17 03:08:42,432] {dag.py:2273} INFO - Setting next_dagrun for tutorial_etl_dag to None
[2025-12-17 03:08:42,439] {scheduler_job.py:190} INFO - Processing /home/airflow/.local/lib/python3.6/site-packages/airflow/example_dags/tutorial_etl_dag.py took 0.043 seconds
[2025-12-17 03:09:12,521] {scheduler_job.py:182} INFO - Started process (PID=96) to work on /home/airflow/.local/lib/python3.6/site-packages/airflow/example_dags/tutorial_etl_dag.py
[2025-12-17 03:09:12,523] {scheduler_job.py:629} INFO - Processing file /home/airflow/.local/lib/python3.6/site-packages/airflow/example_dags/tutorial_etl_dag.py for tasks to queue
[2025-12-17 03:09:12,523] {logging_mixin.py:104} INFO - [2025-12-17 03:09:12,523] {dagbag.py:448} INFO - Filling up the DagBag from /home/airflow/.local/lib/python3.6/site-packages/airflow/example_dags/tutorial_etl_dag.py
[2025-12-17 03:09:12,532] {scheduler_job.py:639} INFO - DAG(s) dict_keys(['tutorial_etl_dag']) retrieved from /home/airflow/.local/lib/python3.6/site-packages/airflow/example_dags/tutorial_etl_dag.py
[2025-12-17 03:09:12,553] {logging_mixin.py:104} INFO - [2025-12-17 03:09:12,553] {dag.py:1818} INFO - Sync 1 DAGs
[2025-12-17 03:09:12,566] {logging_mixin.py:104} INFO - [2025-12-17 03:09:12,566] {dag.py:2273} INFO - Setting next_dagrun for tutorial_etl_dag to None
[2025-12-17 03:09:12,574] {scheduler_job.py:190} INFO - Processing /home/airflow/.local/lib/python3.6/site-packages/airflow/example_dags/tutorial_etl_dag.py took 0.055 seconds
[2025-12-17 03:09:43,684] {scheduler_job.py:182} INFO - Started process (PID=124) to work on /home/airflow/.local/lib/python3.6/site-packages/airflow/example_dags/tutorial_etl_dag.py
[2025-12-17 03:09:43,685] {scheduler_job.py:629} INFO - Processing file /home/airflow/.local/lib/python3.6/site-packages/airflow/example_dags/tutorial_etl_dag.py for tasks to queue
[2025-12-17 03:09:43,685] {logging_mixin.py:104} INFO - [2025-12-17 03:09:43,685] {dagbag.py:448} INFO - Filling up the DagBag from /home/airflow/.local/lib/python3.6/site-packages/airflow/example_dags/tutorial_etl_dag.py
[2025-12-17 03:09:43,694] {scheduler_job.py:639} INFO - DAG(s) dict_keys(['tutorial_etl_dag']) retrieved from /home/airflow/.local/lib/python3.6/site-packages/airflow/example_dags/tutorial_etl_dag.py
[2025-12-17 03:09:43,709] {logging_mixin.py:104} INFO - [2025-12-17 03:09:43,709] {dag.py:1818} INFO - Sync 1 DAGs
[2025-12-17 03:09:43,719] {logging_mixin.py:104} INFO - [2025-12-17 03:09:43,718] {dag.py:2273} INFO - Setting next_dagrun for tutorial_etl_dag to None
[2025-12-17 03:09:43,725] {scheduler_job.py:190} INFO - Processing /home/airflow/.local/lib/python3.6/site-packages/airflow/example_dags/tutorial_etl_dag.py took 0.044 seconds
[2025-12-17 03:10:13,792] {scheduler_job.py:182} INFO - Started process (PID=150) to work on /home/airflow/.local/lib/python3.6/site-packages/airflow/example_dags/tutorial_etl_dag.py
[2025-12-17 03:10:13,793] {scheduler_job.py:629} INFO - Processing file /home/airflow/.local/lib/python3.6/site-packages/airflow/example_dags/tutorial_etl_dag.py for tasks to queue
[2025-12-17 03:10:13,794] {logging_mixin.py:104} INFO - [2025-12-17 03:10:13,794] {dagbag.py:448} INFO - Filling up the DagBag from /home/airflow/.local/lib/python3.6/site-packages/airflow/example_dags/tutorial_etl_dag.py
[2025-12-17 03:10:13,803] {scheduler_job.py:639} INFO - DAG(s) dict_keys(['tutorial_etl_dag']) retrieved from /home/airflow/.local/lib/python3.6/site-packages/airflow/example_dags/tutorial_etl_dag.py
[2025-12-17 03:10:13,818] {logging_mixin.py:104} INFO - [2025-12-17 03:10:13,818] {dag.py:1818} INFO - Sync 1 DAGs
[2025-12-17 03:10:13,829] {logging_mixin.py:104} INFO - [2025-12-17 03:10:13,828] {dag.py:2273} INFO - Setting next_dagrun for tutorial_etl_dag to None
[2025-12-17 03:10:13,835] {scheduler_job.py:190} INFO - Processing /home/airflow/.local/lib/python3.6/site-packages/airflow/example_dags/tutorial_etl_dag.py took 0.046 seconds
[2025-12-17 03:10:43,962] {scheduler_job.py:182} INFO - Started process (PID=176) to work on /home/airflow/.local/lib/python3.6/site-packages/airflow/example_dags/tutorial_etl_dag.py
[2025-12-17 03:10:43,964] {scheduler_job.py:629} INFO - Processing file /home/airflow/.local/lib/python3.6/site-packages/airflow/example_dags/tutorial_etl_dag.py for tasks to queue
[2025-12-17 03:10:43,964] {logging_mixin.py:104} INFO - [2025-12-17 03:10:43,964] {dagbag.py:448} INFO - Filling up the DagBag from /home/airflow/.local/lib/python3.6/site-packages/airflow/example_dags/tutorial_etl_dag.py
[2025-12-17 03:10:43,972] {scheduler_job.py:639} INFO - DAG(s) dict_keys(['tutorial_etl_dag']) retrieved from /home/airflow/.local/lib/python3.6/site-packages/airflow/example_dags/tutorial_etl_dag.py
[2025-12-17 03:10:43,987] {logging_mixin.py:104} INFO - [2025-12-17 03:10:43,987] {dag.py:1818} INFO - Sync 1 DAGs
[2025-12-17 03:10:43,997] {logging_mixin.py:104} INFO - [2025-12-17 03:10:43,997] {dag.py:2273} INFO - Setting next_dagrun for tutorial_etl_dag to None
[2025-12-17 03:10:44,002] {scheduler_job.py:190} INFO - Processing /home/airflow/.local/lib/python3.6/site-packages/airflow/example_dags/tutorial_etl_dag.py took 0.043 seconds
[2025-12-17 03:11:14,156] {scheduler_job.py:182} INFO - Started process (PID=201) to work on /home/airflow/.local/lib/python3.6/site-packages/airflow/example_dags/tutorial_etl_dag.py
[2025-12-17 03:11:14,157] {scheduler_job.py:629} INFO - Processing file /home/airflow/.local/lib/python3.6/site-packages/airflow/example_dags/tutorial_etl_dag.py for tasks to queue
[2025-12-17 03:11:14,157] {logging_mixin.py:104} INFO - [2025-12-17 03:11:14,157] {dagbag.py:448} INFO - Filling up the DagBag from /home/airflow/.local/lib/python3.6/site-packages/airflow/example_dags/tutorial_etl_dag.py
[2025-12-17 03:11:14,166] {scheduler_job.py:639} INFO - DAG(s) dict_keys(['tutorial_etl_dag']) retrieved from /home/airflow/.local/lib/python3.6/site-packages/airflow/example_dags/tutorial_etl_dag.py
[2025-12-17 03:11:14,187] {logging_mixin.py:104} INFO - [2025-12-17 03:11:14,187] {dag.py:1818} INFO - Sync 1 DAGs
[2025-12-17 03:11:14,198] {logging_mixin.py:104} INFO - [2025-12-17 03:11:14,198] {dag.py:2273} INFO - Setting next_dagrun for tutorial_etl_dag to None
[2025-12-17 03:11:14,204] {scheduler_job.py:190} INFO - Processing /home/airflow/.local/lib/python3.6/site-packages/airflow/example_dags/tutorial_etl_dag.py took 0.051 seconds
[2025-12-17 03:11:44,366] {scheduler_job.py:182} INFO - Started process (PID=228) to work on /home/airflow/.local/lib/python3.6/site-packages/airflow/example_dags/tutorial_etl_dag.py
[2025-12-17 03:11:44,367] {scheduler_job.py:629} INFO - Processing file /home/airflow/.local/lib/python3.6/site-packages/airflow/example_dags/tutorial_etl_dag.py for tasks to queue
[2025-12-17 03:11:44,368] {logging_mixin.py:104} INFO - [2025-12-17 03:11:44,368] {dagbag.py:448} INFO - Filling up the DagBag from /home/airflow/.local/lib/python3.6/site-packages/airflow/example_dags/tutorial_etl_dag.py
[2025-12-17 03:11:44,378] {scheduler_job.py:639} INFO - DAG(s) dict_keys(['tutorial_etl_dag']) retrieved from /home/airflow/.local/lib/python3.6/site-packages/airflow/example_dags/tutorial_etl_dag.py
[2025-12-17 03:11:44,401] {logging_mixin.py:104} INFO - [2025-12-17 03:11:44,401] {dag.py:1818} INFO - Sync 1 DAGs
[2025-12-17 03:11:44,416] {logging_mixin.py:104} INFO - [2025-12-17 03:11:44,416] {dag.py:2273} INFO - Setting next_dagrun for tutorial_etl_dag to None
[2025-12-17 03:11:44,425] {scheduler_job.py:190} INFO - Processing /home/airflow/.local/lib/python3.6/site-packages/airflow/example_dags/tutorial_etl_dag.py took 0.062 seconds
[2025-12-17 03:12:14,561] {scheduler_job.py:182} INFO - Started process (PID=253) to work on /home/airflow/.local/lib/python3.6/site-packages/airflow/example_dags/tutorial_etl_dag.py
[2025-12-17 03:12:14,562] {scheduler_job.py:629} INFO - Processing file /home/airflow/.local/lib/python3.6/site-packages/airflow/example_dags/tutorial_etl_dag.py for tasks to queue
[2025-12-17 03:12:14,562] {logging_mixin.py:104} INFO - [2025-12-17 03:12:14,562] {dagbag.py:448} INFO - Filling up the DagBag from /home/airflow/.local/lib/python3.6/site-packages/airflow/example_dags/tutorial_etl_dag.py
[2025-12-17 03:12:14,571] {scheduler_job.py:639} INFO - DAG(s) dict_keys(['tutorial_etl_dag']) retrieved from /home/airflow/.local/lib/python3.6/site-packages/airflow/example_dags/tutorial_etl_dag.py
[2025-12-17 03:12:14,587] {logging_mixin.py:104} INFO - [2025-12-17 03:12:14,587] {dag.py:1818} INFO - Sync 1 DAGs
[2025-12-17 03:12:14,596] {logging_mixin.py:104} INFO - [2025-12-17 03:12:14,596] {dag.py:2273} INFO - Setting next_dagrun for tutorial_etl_dag to None
[2025-12-17 03:12:14,603] {scheduler_job.py:190} INFO - Processing /home/airflow/.local/lib/python3.6/site-packages/airflow/example_dags/tutorial_etl_dag.py took 0.045 seconds
[2025-12-17 03:12:44,636] {scheduler_job.py:182} INFO - Started process (PID=278) to work on /home/airflow/.local/lib/python3.6/site-packages/airflow/example_dags/tutorial_etl_dag.py
[2025-12-17 03:12:44,637] {scheduler_job.py:629} INFO - Processing file /home/airflow/.local/lib/python3.6/site-packages/airflow/example_dags/tutorial_etl_dag.py for tasks to queue
[2025-12-17 03:12:44,638] {logging_mixin.py:104} INFO - [2025-12-17 03:12:44,638] {dagbag.py:448} INFO - Filling up the DagBag from /home/airflow/.local/lib/python3.6/site-packages/airflow/example_dags/tutorial_etl_dag.py
[2025-12-17 03:12:44,646] {scheduler_job.py:639} INFO - DAG(s) dict_keys(['tutorial_etl_dag']) retrieved from /home/airflow/.local/lib/python3.6/site-packages/airflow/example_dags/tutorial_etl_dag.py
[2025-12-17 03:12:44,662] {logging_mixin.py:104} INFO - [2025-12-17 03:12:44,662] {dag.py:1818} INFO - Sync 1 DAGs
[2025-12-17 03:12:44,672] {logging_mixin.py:104} INFO - [2025-12-17 03:12:44,672] {dag.py:2273} INFO - Setting next_dagrun for tutorial_etl_dag to None
[2025-12-17 03:12:44,679] {scheduler_job.py:190} INFO - Processing /home/airflow/.local/lib/python3.6/site-packages/airflow/example_dags/tutorial_etl_dag.py took 0.045 seconds
[2025-12-17 03:13:15,707] {scheduler_job.py:182} INFO - Started process (PID=306) to work on /home/airflow/.local/lib/python3.6/site-packages/airflow/example_dags/tutorial_etl_dag.py
[2025-12-17 03:13:15,708] {scheduler_job.py:629} INFO - Processing file /home/airflow/.local/lib/python3.6/site-packages/airflow/example_dags/tutorial_etl_dag.py for tasks to queue
[2025-12-17 03:13:15,709] {logging_mixin.py:104} INFO - [2025-12-17 03:13:15,709] {dagbag.py:448} INFO - Filling up the DagBag from /home/airflow/.local/lib/python3.6/site-packages/airflow/example_dags/tutorial_etl_dag.py
[2025-12-17 03:13:15,717] {scheduler_job.py:639} INFO - DAG(s) dict_keys(['tutorial_etl_dag']) retrieved from /home/airflow/.local/lib/python3.6/site-packages/airflow/example_dags/tutorial_etl_dag.py
[2025-12-17 03:13:15,735] {logging_mixin.py:104} INFO - [2025-12-17 03:13:15,735] {dag.py:1818} INFO - Sync 1 DAGs
[2025-12-17 03:13:15,746] {logging_mixin.py:104} INFO - [2025-12-17 03:13:15,746] {dag.py:2273} INFO - Setting next_dagrun for tutorial_etl_dag to None
[2025-12-17 03:13:15,753] {scheduler_job.py:190} INFO - Processing /home/airflow/.local/lib/python3.6/site-packages/airflow/example_dags/tutorial_etl_dag.py took 0.049 seconds
[2025-12-17 03:13:46,680] {scheduler_job.py:182} INFO - Started process (PID=332) to work on /home/airflow/.local/lib/python3.6/site-packages/airflow/example_dags/tutorial_etl_dag.py
[2025-12-17 03:13:46,681] {scheduler_job.py:629} INFO - Processing file /home/airflow/.local/lib/python3.6/site-packages/airflow/example_dags/tutorial_etl_dag.py for tasks to queue
[2025-12-17 03:13:46,682] {logging_mixin.py:104} INFO - [2025-12-17 03:13:46,682] {dagbag.py:448} INFO - Filling up the DagBag from /home/airflow/.local/lib/python3.6/site-packages/airflow/example_dags/tutorial_etl_dag.py
[2025-12-17 03:13:46,690] {scheduler_job.py:639} INFO - DAG(s) dict_keys(['tutorial_etl_dag']) retrieved from /home/airflow/.local/lib/python3.6/site-packages/airflow/example_dags/tutorial_etl_dag.py
[2025-12-17 03:13:46,706] {logging_mixin.py:104} INFO - [2025-12-17 03:13:46,706] {dag.py:1818} INFO - Sync 1 DAGs
[2025-12-17 03:13:46,716] {logging_mixin.py:104} INFO - [2025-12-17 03:13:46,715] {dag.py:2273} INFO - Setting next_dagrun for tutorial_etl_dag to None
[2025-12-17 03:13:46,721] {scheduler_job.py:190} INFO - Processing /home/airflow/.local/lib/python3.6/site-packages/airflow/example_dags/tutorial_etl_dag.py took 0.044 seconds
[2025-12-17 03:14:17,666] {scheduler_job.py:182} INFO - Started process (PID=358) to work on /home/airflow/.local/lib/python3.6/site-packages/airflow/example_dags/tutorial_etl_dag.py
[2025-12-17 03:14:17,667] {scheduler_job.py:629} INFO - Processing file /home/airflow/.local/lib/python3.6/site-packages/airflow/example_dags/tutorial_etl_dag.py for tasks to queue
[2025-12-17 03:14:17,668] {logging_mixin.py:104} INFO - [2025-12-17 03:14:17,668] {dagbag.py:448} INFO - Filling up the DagBag from /home/airflow/.local/lib/python3.6/site-packages/airflow/example_dags/tutorial_etl_dag.py
[2025-12-17 03:14:17,676] {scheduler_job.py:639} INFO - DAG(s) dict_keys(['tutorial_etl_dag']) retrieved from /home/airflow/.local/lib/python3.6/site-packages/airflow/example_dags/tutorial_etl_dag.py
[2025-12-17 03:14:17,692] {logging_mixin.py:104} INFO - [2025-12-17 03:14:17,692] {dag.py:1818} INFO - Sync 1 DAGs
[2025-12-17 03:14:17,701] {logging_mixin.py:104} INFO - [2025-12-17 03:14:17,701] {dag.py:2273} INFO - Setting next_dagrun for tutorial_etl_dag to None
[2025-12-17 03:14:17,708] {scheduler_job.py:190} INFO - Processing /home/airflow/.local/lib/python3.6/site-packages/airflow/example_dags/tutorial_etl_dag.py took 0.044 seconds
[2025-12-17 03:14:47,803] {scheduler_job.py:182} INFO - Started process (PID=384) to work on /home/airflow/.local/lib/python3.6/site-packages/airflow/example_dags/tutorial_etl_dag.py
[2025-12-17 03:14:47,804] {scheduler_job.py:629} INFO - Processing file /home/airflow/.local/lib/python3.6/site-packages/airflow/example_dags/tutorial_etl_dag.py for tasks to queue
[2025-12-17 03:14:47,805] {logging_mixin.py:104} INFO - [2025-12-17 03:14:47,805] {dagbag.py:448} INFO - Filling up the DagBag from /home/airflow/.local/lib/python3.6/site-packages/airflow/example_dags/tutorial_etl_dag.py
[2025-12-17 03:14:47,813] {scheduler_job.py:639} INFO - DAG(s) dict_keys(['tutorial_etl_dag']) retrieved from /home/airflow/.local/lib/python3.6/site-packages/airflow/example_dags/tutorial_etl_dag.py
[2025-12-17 03:14:47,830] {logging_mixin.py:104} INFO - [2025-12-17 03:14:47,830] {dag.py:1818} INFO - Sync 1 DAGs
[2025-12-17 03:14:47,839] {logging_mixin.py:104} INFO - [2025-12-17 03:14:47,839] {dag.py:2273} INFO - Setting next_dagrun for tutorial_etl_dag to None
[2025-12-17 03:14:47,845] {scheduler_job.py:190} INFO - Processing /home/airflow/.local/lib/python3.6/site-packages/airflow/example_dags/tutorial_etl_dag.py took 0.045 seconds
[2025-12-17 03:15:17,899] {scheduler_job.py:182} INFO - Started process (PID=410) to work on /home/airflow/.local/lib/python3.6/site-packages/airflow/example_dags/tutorial_etl_dag.py
[2025-12-17 03:15:17,901] {scheduler_job.py:629} INFO - Processing file /home/airflow/.local/lib/python3.6/site-packages/airflow/example_dags/tutorial_etl_dag.py for tasks to queue
[2025-12-17 03:15:17,901] {logging_mixin.py:104} INFO - [2025-12-17 03:15:17,901] {dagbag.py:448} INFO - Filling up the DagBag from /home/airflow/.local/lib/python3.6/site-packages/airflow/example_dags/tutorial_etl_dag.py
[2025-12-17 03:15:17,910] {scheduler_job.py:639} INFO - DAG(s) dict_keys(['tutorial_etl_dag']) retrieved from /home/airflow/.local/lib/python3.6/site-packages/airflow/example_dags/tutorial_etl_dag.py
[2025-12-17 03:15:17,925] {logging_mixin.py:104} INFO - [2025-12-17 03:15:17,925] {dag.py:1818} INFO - Sync 1 DAGs
[2025-12-17 03:15:17,935] {logging_mixin.py:104} INFO - [2025-12-17 03:15:17,935] {dag.py:2273} INFO - Setting next_dagrun for tutorial_etl_dag to None
[2025-12-17 03:15:17,943] {scheduler_job.py:190} INFO - Processing /home/airflow/.local/lib/python3.6/site-packages/airflow/example_dags/tutorial_etl_dag.py took 0.047 seconds
[2025-12-17 03:15:48,175] {scheduler_job.py:182} INFO - Started process (PID=438) to work on /home/airflow/.local/lib/python3.6/site-packages/airflow/example_dags/tutorial_etl_dag.py
[2025-12-17 03:15:48,176] {scheduler_job.py:629} INFO - Processing file /home/airflow/.local/lib/python3.6/site-packages/airflow/example_dags/tutorial_etl_dag.py for tasks to queue
[2025-12-17 03:15:48,177] {logging_mixin.py:104} INFO - [2025-12-17 03:15:48,177] {dagbag.py:448} INFO - Filling up the DagBag from /home/airflow/.local/lib/python3.6/site-packages/airflow/example_dags/tutorial_etl_dag.py
[2025-12-17 03:15:48,185] {scheduler_job.py:639} INFO - DAG(s) dict_keys(['tutorial_etl_dag']) retrieved from /home/airflow/.local/lib/python3.6/site-packages/airflow/example_dags/tutorial_etl_dag.py
[2025-12-17 03:15:48,199] {logging_mixin.py:104} INFO - [2025-12-17 03:15:48,199] {dag.py:1818} INFO - Sync 1 DAGs
[2025-12-17 03:15:48,213] {logging_mixin.py:104} INFO - [2025-12-17 03:15:48,213] {dag.py:2273} INFO - Setting next_dagrun for tutorial_etl_dag to None
[2025-12-17 03:15:48,222] {scheduler_job.py:190} INFO - Processing /home/airflow/.local/lib/python3.6/site-packages/airflow/example_dags/tutorial_etl_dag.py took 0.049 seconds
[2025-12-17 03:16:18,307] {scheduler_job.py:182} INFO - Started process (PID=464) to work on /home/airflow/.local/lib/python3.6/site-packages/airflow/example_dags/tutorial_etl_dag.py
[2025-12-17 03:16:18,308] {scheduler_job.py:629} INFO - Processing file /home/airflow/.local/lib/python3.6/site-packages/airflow/example_dags/tutorial_etl_dag.py for tasks to queue
[2025-12-17 03:16:18,309] {logging_mixin.py:104} INFO - [2025-12-17 03:16:18,309] {dagbag.py:448} INFO - Filling up the DagBag from /home/airflow/.local/lib/python3.6/site-packages/airflow/example_dags/tutorial_etl_dag.py
[2025-12-17 03:16:18,318] {scheduler_job.py:639} INFO - DAG(s) dict_keys(['tutorial_etl_dag']) retrieved from /home/airflow/.local/lib/python3.6/site-packages/airflow/example_dags/tutorial_etl_dag.py
[2025-12-17 03:16:18,335] {logging_mixin.py:104} INFO - [2025-12-17 03:16:18,335] {dag.py:1818} INFO - Sync 1 DAGs
[2025-12-17 03:16:18,351] {logging_mixin.py:104} INFO - [2025-12-17 03:16:18,351] {dag.py:2273} INFO - Setting next_dagrun for tutorial_etl_dag to None
[2025-12-17 03:16:18,360] {scheduler_job.py:190} INFO - Processing /home/airflow/.local/lib/python3.6/site-packages/airflow/example_dags/tutorial_etl_dag.py took 0.056 seconds
[2025-12-17 03:16:48,404] {scheduler_job.py:182} INFO - Started process (PID=490) to work on /home/airflow/.local/lib/python3.6/site-packages/airflow/example_dags/tutorial_etl_dag.py
[2025-12-17 03:16:48,405] {scheduler_job.py:629} INFO - Processing file /home/airflow/.local/lib/python3.6/site-packages/airflow/example_dags/tutorial_etl_dag.py for tasks to queue
[2025-12-17 03:16:48,406] {logging_mixin.py:104} INFO - [2025-12-17 03:16:48,406] {dagbag.py:448} INFO - Filling up the DagBag from /home/airflow/.local/lib/python3.6/site-packages/airflow/example_dags/tutorial_etl_dag.py
[2025-12-17 03:16:48,414] {scheduler_job.py:639} INFO - DAG(s) dict_keys(['tutorial_etl_dag']) retrieved from /home/airflow/.local/lib/python3.6/site-packages/airflow/example_dags/tutorial_etl_dag.py
[2025-12-17 03:16:48,430] {logging_mixin.py:104} INFO - [2025-12-17 03:16:48,430] {dag.py:1818} INFO - Sync 1 DAGs
[2025-12-17 03:16:48,440] {logging_mixin.py:104} INFO - [2025-12-17 03:16:48,440] {dag.py:2273} INFO - Setting next_dagrun for tutorial_etl_dag to None
[2025-12-17 03:16:48,447] {scheduler_job.py:190} INFO - Processing /home/airflow/.local/lib/python3.6/site-packages/airflow/example_dags/tutorial_etl_dag.py took 0.046 seconds
[2025-12-17 03:17:18,707] {scheduler_job.py:182} INFO - Started process (PID=518) to work on /home/airflow/.local/lib/python3.6/site-packages/airflow/example_dags/tutorial_etl_dag.py
[2025-12-17 03:17:18,708] {scheduler_job.py:629} INFO - Processing file /home/airflow/.local/lib/python3.6/site-packages/airflow/example_dags/tutorial_etl_dag.py for tasks to queue
[2025-12-17 03:17:18,709] {logging_mixin.py:104} INFO - [2025-12-17 03:17:18,709] {dagbag.py:448} INFO - Filling up the DagBag from /home/airflow/.local/lib/python3.6/site-packages/airflow/example_dags/tutorial_etl_dag.py
[2025-12-17 03:17:18,718] {scheduler_job.py:639} INFO - DAG(s) dict_keys(['tutorial_etl_dag']) retrieved from /home/airflow/.local/lib/python3.6/site-packages/airflow/example_dags/tutorial_etl_dag.py
[2025-12-17 03:17:18,734] {logging_mixin.py:104} INFO - [2025-12-17 03:17:18,734] {dag.py:1818} INFO - Sync 1 DAGs
[2025-12-17 03:17:18,745] {logging_mixin.py:104} INFO - [2025-12-17 03:17:18,745] {dag.py:2273} INFO - Setting next_dagrun for tutorial_etl_dag to None
[2025-12-17 03:17:18,753] {scheduler_job.py:190} INFO - Processing /home/airflow/.local/lib/python3.6/site-packages/airflow/example_dags/tutorial_etl_dag.py took 0.049 seconds
[2025-12-17 03:17:48,811] {scheduler_job.py:182} INFO - Started process (PID=544) to work on /home/airflow/.local/lib/python3.6/site-packages/airflow/example_dags/tutorial_etl_dag.py
[2025-12-17 03:17:48,812] {scheduler_job.py:629} INFO - Processing file /home/airflow/.local/lib/python3.6/site-packages/airflow/example_dags/tutorial_etl_dag.py for tasks to queue
[2025-12-17 03:17:48,813] {logging_mixin.py:104} INFO - [2025-12-17 03:17:48,813] {dagbag.py:448} INFO - Filling up the DagBag from /home/airflow/.local/lib/python3.6/site-packages/airflow/example_dags/tutorial_etl_dag.py
[2025-12-17 03:17:48,821] {scheduler_job.py:639} INFO - DAG(s) dict_keys(['tutorial_etl_dag']) retrieved from /home/airflow/.local/lib/python3.6/site-packages/airflow/example_dags/tutorial_etl_dag.py
[2025-12-17 03:17:48,840] {logging_mixin.py:104} INFO - [2025-12-17 03:17:48,840] {dag.py:1818} INFO - Sync 1 DAGs
[2025-12-17 03:17:48,851] {logging_mixin.py:104} INFO - [2025-12-17 03:17:48,851] {dag.py:2273} INFO - Setting next_dagrun for tutorial_etl_dag to None
[2025-12-17 03:17:48,858] {scheduler_job.py:190} INFO - Processing /home/airflow/.local/lib/python3.6/site-packages/airflow/example_dags/tutorial_etl_dag.py took 0.049 seconds
[2025-12-17 03:18:18,885] {scheduler_job.py:182} INFO - Started process (PID=569) to work on /home/airflow/.local/lib/python3.6/site-packages/airflow/example_dags/tutorial_etl_dag.py
[2025-12-17 03:18:18,886] {scheduler_job.py:629} INFO - Processing file /home/airflow/.local/lib/python3.6/site-packages/airflow/example_dags/tutorial_etl_dag.py for tasks to queue
[2025-12-17 03:18:18,887] {logging_mixin.py:104} INFO - [2025-12-17 03:18:18,887] {dagbag.py:448} INFO - Filling up the DagBag from /home/airflow/.local/lib/python3.6/site-packages/airflow/example_dags/tutorial_etl_dag.py
[2025-12-17 03:18:18,895] {scheduler_job.py:639} INFO - DAG(s) dict_keys(['tutorial_etl_dag']) retrieved from /home/airflow/.local/lib/python3.6/site-packages/airflow/example_dags/tutorial_etl_dag.py
[2025-12-17 03:18:18,912] {logging_mixin.py:104} INFO - [2025-12-17 03:18:18,912] {dag.py:1818} INFO - Sync 1 DAGs
[2025-12-17 03:18:18,923] {logging_mixin.py:104} INFO - [2025-12-17 03:18:18,923] {dag.py:2273} INFO - Setting next_dagrun for tutorial_etl_dag to None
[2025-12-17 03:18:18,928] {scheduler_job.py:190} INFO - Processing /home/airflow/.local/lib/python3.6/site-packages/airflow/example_dags/tutorial_etl_dag.py took 0.046 seconds
[2025-12-17 03:18:49,814] {scheduler_job.py:182} INFO - Started process (PID=592) to work on /home/airflow/.local/lib/python3.6/site-packages/airflow/example_dags/tutorial_etl_dag.py
[2025-12-17 03:18:49,815] {scheduler_job.py:629} INFO - Processing file /home/airflow/.local/lib/python3.6/site-packages/airflow/example_dags/tutorial_etl_dag.py for tasks to queue
[2025-12-17 03:18:49,816] {logging_mixin.py:104} INFO - [2025-12-17 03:18:49,815] {dagbag.py:448} INFO - Filling up the DagBag from /home/airflow/.local/lib/python3.6/site-packages/airflow/example_dags/tutorial_etl_dag.py
[2025-12-17 03:18:49,824] {scheduler_job.py:639} INFO - DAG(s) dict_keys(['tutorial_etl_dag']) retrieved from /home/airflow/.local/lib/python3.6/site-packages/airflow/example_dags/tutorial_etl_dag.py
[2025-12-17 03:18:49,839] {logging_mixin.py:104} INFO - [2025-12-17 03:18:49,839] {dag.py:1818} INFO - Sync 1 DAGs
[2025-12-17 03:18:49,851] {logging_mixin.py:104} INFO - [2025-12-17 03:18:49,851] {dag.py:2273} INFO - Setting next_dagrun for tutorial_etl_dag to None
[2025-12-17 03:18:49,858] {scheduler_job.py:190} INFO - Processing /home/airflow/.local/lib/python3.6/site-packages/airflow/example_dags/tutorial_etl_dag.py took 0.047 seconds
[2025-12-17 03:19:20,803] {scheduler_job.py:182} INFO - Started process (PID=618) to work on /home/airflow/.local/lib/python3.6/site-packages/airflow/example_dags/tutorial_etl_dag.py
[2025-12-17 03:19:20,804] {scheduler_job.py:629} INFO - Processing file /home/airflow/.local/lib/python3.6/site-packages/airflow/example_dags/tutorial_etl_dag.py for tasks to queue
[2025-12-17 03:19:20,805] {logging_mixin.py:104} INFO - [2025-12-17 03:19:20,805] {dagbag.py:448} INFO - Filling up the DagBag from /home/airflow/.local/lib/python3.6/site-packages/airflow/example_dags/tutorial_etl_dag.py
[2025-12-17 03:19:20,813] {scheduler_job.py:639} INFO - DAG(s) dict_keys(['tutorial_etl_dag']) retrieved from /home/airflow/.local/lib/python3.6/site-packages/airflow/example_dags/tutorial_etl_dag.py
[2025-12-17 03:19:20,829] {logging_mixin.py:104} INFO - [2025-12-17 03:19:20,829] {dag.py:1818} INFO - Sync 1 DAGs
[2025-12-17 03:19:20,839] {logging_mixin.py:104} INFO - [2025-12-17 03:19:20,839] {dag.py:2273} INFO - Setting next_dagrun for tutorial_etl_dag to None
[2025-12-17 03:19:20,847] {scheduler_job.py:190} INFO - Processing /home/airflow/.local/lib/python3.6/site-packages/airflow/example_dags/tutorial_etl_dag.py took 0.046 seconds
[2025-12-17 03:19:51,878] {scheduler_job.py:182} INFO - Started process (PID=644) to work on /home/airflow/.local/lib/python3.6/site-packages/airflow/example_dags/tutorial_etl_dag.py
[2025-12-17 03:19:51,879] {scheduler_job.py:629} INFO - Processing file /home/airflow/.local/lib/python3.6/site-packages/airflow/example_dags/tutorial_etl_dag.py for tasks to queue
[2025-12-17 03:19:51,879] {logging_mixin.py:104} INFO - [2025-12-17 03:19:51,879] {dagbag.py:448} INFO - Filling up the DagBag from /home/airflow/.local/lib/python3.6/site-packages/airflow/example_dags/tutorial_etl_dag.py
[2025-12-17 03:19:51,888] {scheduler_job.py:639} INFO - DAG(s) dict_keys(['tutorial_etl_dag']) retrieved from /home/airflow/.local/lib/python3.6/site-packages/airflow/example_dags/tutorial_etl_dag.py
[2025-12-17 03:19:51,905] {logging_mixin.py:104} INFO - [2025-12-17 03:19:51,905] {dag.py:1818} INFO - Sync 1 DAGs
[2025-12-17 03:19:51,915] {logging_mixin.py:104} INFO - [2025-12-17 03:19:51,915] {dag.py:2273} INFO - Setting next_dagrun for tutorial_etl_dag to None
[2025-12-17 03:19:51,921] {scheduler_job.py:190} INFO - Processing /home/airflow/.local/lib/python3.6/site-packages/airflow/example_dags/tutorial_etl_dag.py took 0.046 seconds
