[2025-12-17 03:08:07,269] {scheduler_job.py:182} INFO - Started process (PID=34) to work on /home/airflow/.local/lib/python3.6/site-packages/airflow/example_dags/tutorial.py
[2025-12-17 03:08:07,271] {scheduler_job.py:629} INFO - Processing file /home/airflow/.local/lib/python3.6/site-packages/airflow/example_dags/tutorial.py for tasks to queue
[2025-12-17 03:08:07,272] {logging_mixin.py:104} INFO - [2025-12-17 03:08:07,272] {dagbag.py:448} INFO - Filling up the DagBag from /home/airflow/.local/lib/python3.6/site-packages/airflow/example_dags/tutorial.py
[2025-12-17 03:08:07,300] {scheduler_job.py:639} INFO - DAG(s) dict_keys(['tutorial']) retrieved from /home/airflow/.local/lib/python3.6/site-packages/airflow/example_dags/tutorial.py
[2025-12-17 03:08:07,333] {logging_mixin.py:104} INFO - [2025-12-17 03:08:07,333] {dag.py:1818} INFO - Sync 1 DAGs
[2025-12-17 03:08:07,345] {logging_mixin.py:104} INFO - [2025-12-17 03:08:07,344] {dag.py:1837} INFO - Creating ORM DAG for tutorial
[2025-12-17 03:08:07,349] {logging_mixin.py:104} INFO - [2025-12-17 03:08:07,349] {dag.py:2273} INFO - Setting next_dagrun for tutorial to 2025-12-15 00:00:00+00:00
[2025-12-17 03:08:07,361] {scheduler_job.py:190} INFO - Processing /home/airflow/.local/lib/python3.6/site-packages/airflow/example_dags/tutorial.py took 0.098 seconds
[2025-12-17 03:08:11,194] {scheduler_job.py:182} INFO - Started process (PID=35) to work on /home/airflow/.local/lib/python3.6/site-packages/airflow/example_dags/tutorial.py
[2025-12-17 03:08:11,197] {scheduler_job.py:629} INFO - Processing file /home/airflow/.local/lib/python3.6/site-packages/airflow/example_dags/tutorial.py for tasks to queue
[2025-12-17 03:08:11,199] {logging_mixin.py:104} INFO - [2025-12-17 03:08:11,199] {dagbag.py:448} INFO - Filling up the DagBag from /home/airflow/.local/lib/python3.6/site-packages/airflow/example_dags/tutorial.py
[2025-12-17 03:08:11,218] {scheduler_job.py:639} INFO - DAG(s) dict_keys(['tutorial']) retrieved from /home/airflow/.local/lib/python3.6/site-packages/airflow/example_dags/tutorial.py
[2025-12-17 03:08:11,247] {logging_mixin.py:104} INFO - [2025-12-17 03:08:11,247] {dag.py:1818} INFO - Sync 1 DAGs
[2025-12-17 03:08:11,285] {logging_mixin.py:104} INFO - [2025-12-17 03:08:11,285] {dag.py:2273} INFO - Setting next_dagrun for tutorial to 2025-12-15 00:00:00+00:00
[2025-12-17 03:08:11,301] {scheduler_job.py:190} INFO - Processing /home/airflow/.local/lib/python3.6/site-packages/airflow/example_dags/tutorial.py took 0.114 seconds
[2025-12-17 03:08:41,969] {scheduler_job.py:182} INFO - Started process (PID=61) to work on /home/airflow/.local/lib/python3.6/site-packages/airflow/example_dags/tutorial.py
[2025-12-17 03:08:41,970] {scheduler_job.py:629} INFO - Processing file /home/airflow/.local/lib/python3.6/site-packages/airflow/example_dags/tutorial.py for tasks to queue
[2025-12-17 03:08:41,971] {logging_mixin.py:104} INFO - [2025-12-17 03:08:41,971] {dagbag.py:448} INFO - Filling up the DagBag from /home/airflow/.local/lib/python3.6/site-packages/airflow/example_dags/tutorial.py
[2025-12-17 03:08:41,982] {scheduler_job.py:639} INFO - DAG(s) dict_keys(['tutorial']) retrieved from /home/airflow/.local/lib/python3.6/site-packages/airflow/example_dags/tutorial.py
[2025-12-17 03:08:42,012] {logging_mixin.py:104} INFO - [2025-12-17 03:08:42,012] {dag.py:1818} INFO - Sync 1 DAGs
[2025-12-17 03:08:42,032] {logging_mixin.py:104} INFO - [2025-12-17 03:08:42,032] {dag.py:2273} INFO - Setting next_dagrun for tutorial to 2025-12-15 00:00:00+00:00
[2025-12-17 03:08:42,040] {scheduler_job.py:190} INFO - Processing /home/airflow/.local/lib/python3.6/site-packages/airflow/example_dags/tutorial.py took 0.075 seconds
[2025-12-17 03:09:12,119] {scheduler_job.py:182} INFO - Started process (PID=87) to work on /home/airflow/.local/lib/python3.6/site-packages/airflow/example_dags/tutorial.py
[2025-12-17 03:09:12,121] {scheduler_job.py:629} INFO - Processing file /home/airflow/.local/lib/python3.6/site-packages/airflow/example_dags/tutorial.py for tasks to queue
[2025-12-17 03:09:12,121] {logging_mixin.py:104} INFO - [2025-12-17 03:09:12,121] {dagbag.py:448} INFO - Filling up the DagBag from /home/airflow/.local/lib/python3.6/site-packages/airflow/example_dags/tutorial.py
[2025-12-17 03:09:12,130] {scheduler_job.py:639} INFO - DAG(s) dict_keys(['tutorial']) retrieved from /home/airflow/.local/lib/python3.6/site-packages/airflow/example_dags/tutorial.py
[2025-12-17 03:09:12,151] {logging_mixin.py:104} INFO - [2025-12-17 03:09:12,151] {dag.py:1818} INFO - Sync 1 DAGs
[2025-12-17 03:09:12,164] {logging_mixin.py:104} INFO - [2025-12-17 03:09:12,164] {dag.py:2273} INFO - Setting next_dagrun for tutorial to 2025-12-15 00:00:00+00:00
[2025-12-17 03:09:12,176] {scheduler_job.py:190} INFO - Processing /home/airflow/.local/lib/python3.6/site-packages/airflow/example_dags/tutorial.py took 0.060 seconds
[2025-12-17 03:09:43,195] {scheduler_job.py:182} INFO - Started process (PID=113) to work on /home/airflow/.local/lib/python3.6/site-packages/airflow/example_dags/tutorial.py
[2025-12-17 03:09:43,196] {scheduler_job.py:629} INFO - Processing file /home/airflow/.local/lib/python3.6/site-packages/airflow/example_dags/tutorial.py for tasks to queue
[2025-12-17 03:09:43,197] {logging_mixin.py:104} INFO - [2025-12-17 03:09:43,197] {dagbag.py:448} INFO - Filling up the DagBag from /home/airflow/.local/lib/python3.6/site-packages/airflow/example_dags/tutorial.py
[2025-12-17 03:09:43,207] {scheduler_job.py:639} INFO - DAG(s) dict_keys(['tutorial']) retrieved from /home/airflow/.local/lib/python3.6/site-packages/airflow/example_dags/tutorial.py
[2025-12-17 03:09:43,234] {logging_mixin.py:104} INFO - [2025-12-17 03:09:43,234] {dag.py:1818} INFO - Sync 1 DAGs
[2025-12-17 03:09:43,251] {logging_mixin.py:104} INFO - [2025-12-17 03:09:43,251] {dag.py:2273} INFO - Setting next_dagrun for tutorial to 2025-12-15 00:00:00+00:00
[2025-12-17 03:09:43,263] {scheduler_job.py:190} INFO - Processing /home/airflow/.local/lib/python3.6/site-packages/airflow/example_dags/tutorial.py took 0.072 seconds
[2025-12-17 03:10:13,328] {scheduler_job.py:182} INFO - Started process (PID=139) to work on /home/airflow/.local/lib/python3.6/site-packages/airflow/example_dags/tutorial.py
[2025-12-17 03:10:13,329] {scheduler_job.py:629} INFO - Processing file /home/airflow/.local/lib/python3.6/site-packages/airflow/example_dags/tutorial.py for tasks to queue
[2025-12-17 03:10:13,330] {logging_mixin.py:104} INFO - [2025-12-17 03:10:13,330] {dagbag.py:448} INFO - Filling up the DagBag from /home/airflow/.local/lib/python3.6/site-packages/airflow/example_dags/tutorial.py
[2025-12-17 03:10:13,338] {scheduler_job.py:639} INFO - DAG(s) dict_keys(['tutorial']) retrieved from /home/airflow/.local/lib/python3.6/site-packages/airflow/example_dags/tutorial.py
[2025-12-17 03:10:13,356] {logging_mixin.py:104} INFO - [2025-12-17 03:10:13,356] {dag.py:1818} INFO - Sync 1 DAGs
[2025-12-17 03:10:13,367] {logging_mixin.py:104} INFO - [2025-12-17 03:10:13,367] {dag.py:2273} INFO - Setting next_dagrun for tutorial to 2025-12-15 00:00:00+00:00
[2025-12-17 03:10:13,374] {scheduler_job.py:190} INFO - Processing /home/airflow/.local/lib/python3.6/site-packages/airflow/example_dags/tutorial.py took 0.050 seconds
[2025-12-17 03:10:43,414] {scheduler_job.py:182} INFO - Started process (PID=165) to work on /home/airflow/.local/lib/python3.6/site-packages/airflow/example_dags/tutorial.py
[2025-12-17 03:10:43,416] {scheduler_job.py:629} INFO - Processing file /home/airflow/.local/lib/python3.6/site-packages/airflow/example_dags/tutorial.py for tasks to queue
[2025-12-17 03:10:43,417] {logging_mixin.py:104} INFO - [2025-12-17 03:10:43,416] {dagbag.py:448} INFO - Filling up the DagBag from /home/airflow/.local/lib/python3.6/site-packages/airflow/example_dags/tutorial.py
[2025-12-17 03:10:43,425] {scheduler_job.py:639} INFO - DAG(s) dict_keys(['tutorial']) retrieved from /home/airflow/.local/lib/python3.6/site-packages/airflow/example_dags/tutorial.py
[2025-12-17 03:10:43,443] {logging_mixin.py:104} INFO - [2025-12-17 03:10:43,443] {dag.py:1818} INFO - Sync 1 DAGs
[2025-12-17 03:10:43,455] {logging_mixin.py:104} INFO - [2025-12-17 03:10:43,455] {dag.py:2273} INFO - Setting next_dagrun for tutorial to 2025-12-15 00:00:00+00:00
[2025-12-17 03:10:43,463] {scheduler_job.py:190} INFO - Processing /home/airflow/.local/lib/python3.6/site-packages/airflow/example_dags/tutorial.py took 0.052 seconds
[2025-12-17 03:11:13,629] {scheduler_job.py:182} INFO - Started process (PID=191) to work on /home/airflow/.local/lib/python3.6/site-packages/airflow/example_dags/tutorial.py
[2025-12-17 03:11:13,630] {scheduler_job.py:629} INFO - Processing file /home/airflow/.local/lib/python3.6/site-packages/airflow/example_dags/tutorial.py for tasks to queue
[2025-12-17 03:11:13,631] {logging_mixin.py:104} INFO - [2025-12-17 03:11:13,631] {dagbag.py:448} INFO - Filling up the DagBag from /home/airflow/.local/lib/python3.6/site-packages/airflow/example_dags/tutorial.py
[2025-12-17 03:11:13,639] {scheduler_job.py:639} INFO - DAG(s) dict_keys(['tutorial']) retrieved from /home/airflow/.local/lib/python3.6/site-packages/airflow/example_dags/tutorial.py
[2025-12-17 03:11:13,659] {logging_mixin.py:104} INFO - [2025-12-17 03:11:13,659] {dag.py:1818} INFO - Sync 1 DAGs
[2025-12-17 03:11:13,671] {logging_mixin.py:104} INFO - [2025-12-17 03:11:13,671] {dag.py:2273} INFO - Setting next_dagrun for tutorial to 2025-12-15 00:00:00+00:00
[2025-12-17 03:11:13,679] {scheduler_job.py:190} INFO - Processing /home/airflow/.local/lib/python3.6/site-packages/airflow/example_dags/tutorial.py took 0.053 seconds
[2025-12-17 03:11:43,851] {scheduler_job.py:182} INFO - Started process (PID=217) to work on /home/airflow/.local/lib/python3.6/site-packages/airflow/example_dags/tutorial.py
[2025-12-17 03:11:43,854] {scheduler_job.py:629} INFO - Processing file /home/airflow/.local/lib/python3.6/site-packages/airflow/example_dags/tutorial.py for tasks to queue
[2025-12-17 03:11:43,857] {logging_mixin.py:104} INFO - [2025-12-17 03:11:43,857] {dagbag.py:448} INFO - Filling up the DagBag from /home/airflow/.local/lib/python3.6/site-packages/airflow/example_dags/tutorial.py
[2025-12-17 03:11:43,874] {scheduler_job.py:639} INFO - DAG(s) dict_keys(['tutorial']) retrieved from /home/airflow/.local/lib/python3.6/site-packages/airflow/example_dags/tutorial.py
[2025-12-17 03:11:43,898] {logging_mixin.py:104} INFO - [2025-12-17 03:11:43,897] {dag.py:1818} INFO - Sync 1 DAGs
[2025-12-17 03:11:43,913] {logging_mixin.py:104} INFO - [2025-12-17 03:11:43,913] {dag.py:2273} INFO - Setting next_dagrun for tutorial to 2025-12-15 00:00:00+00:00
[2025-12-17 03:11:43,925] {scheduler_job.py:190} INFO - Processing /home/airflow/.local/lib/python3.6/site-packages/airflow/example_dags/tutorial.py took 0.083 seconds
[2025-12-17 03:12:14,085] {scheduler_job.py:182} INFO - Started process (PID=243) to work on /home/airflow/.local/lib/python3.6/site-packages/airflow/example_dags/tutorial.py
[2025-12-17 03:12:14,086] {scheduler_job.py:629} INFO - Processing file /home/airflow/.local/lib/python3.6/site-packages/airflow/example_dags/tutorial.py for tasks to queue
[2025-12-17 03:12:14,087] {logging_mixin.py:104} INFO - [2025-12-17 03:12:14,087] {dagbag.py:448} INFO - Filling up the DagBag from /home/airflow/.local/lib/python3.6/site-packages/airflow/example_dags/tutorial.py
[2025-12-17 03:12:14,095] {scheduler_job.py:639} INFO - DAG(s) dict_keys(['tutorial']) retrieved from /home/airflow/.local/lib/python3.6/site-packages/airflow/example_dags/tutorial.py
[2025-12-17 03:12:14,115] {logging_mixin.py:104} INFO - [2025-12-17 03:12:14,115] {dag.py:1818} INFO - Sync 1 DAGs
[2025-12-17 03:12:14,127] {logging_mixin.py:104} INFO - [2025-12-17 03:12:14,127] {dag.py:2273} INFO - Setting next_dagrun for tutorial to 2025-12-15 00:00:00+00:00
[2025-12-17 03:12:14,135] {scheduler_job.py:190} INFO - Processing /home/airflow/.local/lib/python3.6/site-packages/airflow/example_dags/tutorial.py took 0.053 seconds
[2025-12-17 03:12:44,179] {scheduler_job.py:182} INFO - Started process (PID=269) to work on /home/airflow/.local/lib/python3.6/site-packages/airflow/example_dags/tutorial.py
[2025-12-17 03:12:44,180] {scheduler_job.py:629} INFO - Processing file /home/airflow/.local/lib/python3.6/site-packages/airflow/example_dags/tutorial.py for tasks to queue
[2025-12-17 03:12:44,181] {logging_mixin.py:104} INFO - [2025-12-17 03:12:44,181] {dagbag.py:448} INFO - Filling up the DagBag from /home/airflow/.local/lib/python3.6/site-packages/airflow/example_dags/tutorial.py
[2025-12-17 03:12:44,190] {scheduler_job.py:639} INFO - DAG(s) dict_keys(['tutorial']) retrieved from /home/airflow/.local/lib/python3.6/site-packages/airflow/example_dags/tutorial.py
[2025-12-17 03:12:44,210] {logging_mixin.py:104} INFO - [2025-12-17 03:12:44,209] {dag.py:1818} INFO - Sync 1 DAGs
[2025-12-17 03:12:44,222] {logging_mixin.py:104} INFO - [2025-12-17 03:12:44,221] {dag.py:2273} INFO - Setting next_dagrun for tutorial to 2025-12-15 00:00:00+00:00
[2025-12-17 03:12:44,230] {scheduler_job.py:190} INFO - Processing /home/airflow/.local/lib/python3.6/site-packages/airflow/example_dags/tutorial.py took 0.053 seconds
[2025-12-17 03:13:15,241] {scheduler_job.py:182} INFO - Started process (PID=295) to work on /home/airflow/.local/lib/python3.6/site-packages/airflow/example_dags/tutorial.py
[2025-12-17 03:13:15,242] {scheduler_job.py:629} INFO - Processing file /home/airflow/.local/lib/python3.6/site-packages/airflow/example_dags/tutorial.py for tasks to queue
[2025-12-17 03:13:15,243] {logging_mixin.py:104} INFO - [2025-12-17 03:13:15,243] {dagbag.py:448} INFO - Filling up the DagBag from /home/airflow/.local/lib/python3.6/site-packages/airflow/example_dags/tutorial.py
[2025-12-17 03:13:15,252] {scheduler_job.py:639} INFO - DAG(s) dict_keys(['tutorial']) retrieved from /home/airflow/.local/lib/python3.6/site-packages/airflow/example_dags/tutorial.py
[2025-12-17 03:13:15,271] {logging_mixin.py:104} INFO - [2025-12-17 03:13:15,271] {dag.py:1818} INFO - Sync 1 DAGs
[2025-12-17 03:13:15,284] {logging_mixin.py:104} INFO - [2025-12-17 03:13:15,284] {dag.py:2273} INFO - Setting next_dagrun for tutorial to 2025-12-15 00:00:00+00:00
[2025-12-17 03:13:15,292] {scheduler_job.py:190} INFO - Processing /home/airflow/.local/lib/python3.6/site-packages/airflow/example_dags/tutorial.py took 0.054 seconds
[2025-12-17 03:13:46,213] {scheduler_job.py:182} INFO - Started process (PID=321) to work on /home/airflow/.local/lib/python3.6/site-packages/airflow/example_dags/tutorial.py
[2025-12-17 03:13:46,214] {scheduler_job.py:629} INFO - Processing file /home/airflow/.local/lib/python3.6/site-packages/airflow/example_dags/tutorial.py for tasks to queue
[2025-12-17 03:13:46,214] {logging_mixin.py:104} INFO - [2025-12-17 03:13:46,214] {dagbag.py:448} INFO - Filling up the DagBag from /home/airflow/.local/lib/python3.6/site-packages/airflow/example_dags/tutorial.py
[2025-12-17 03:13:46,222] {scheduler_job.py:639} INFO - DAG(s) dict_keys(['tutorial']) retrieved from /home/airflow/.local/lib/python3.6/site-packages/airflow/example_dags/tutorial.py
[2025-12-17 03:13:46,242] {logging_mixin.py:104} INFO - [2025-12-17 03:13:46,242] {dag.py:1818} INFO - Sync 1 DAGs
[2025-12-17 03:13:46,254] {logging_mixin.py:104} INFO - [2025-12-17 03:13:46,254] {dag.py:2273} INFO - Setting next_dagrun for tutorial to 2025-12-15 00:00:00+00:00
[2025-12-17 03:13:46,267] {scheduler_job.py:190} INFO - Processing /home/airflow/.local/lib/python3.6/site-packages/airflow/example_dags/tutorial.py took 0.056 seconds
[2025-12-17 03:14:17,197] {scheduler_job.py:182} INFO - Started process (PID=347) to work on /home/airflow/.local/lib/python3.6/site-packages/airflow/example_dags/tutorial.py
[2025-12-17 03:14:17,199] {scheduler_job.py:629} INFO - Processing file /home/airflow/.local/lib/python3.6/site-packages/airflow/example_dags/tutorial.py for tasks to queue
[2025-12-17 03:14:17,199] {logging_mixin.py:104} INFO - [2025-12-17 03:14:17,199] {dagbag.py:448} INFO - Filling up the DagBag from /home/airflow/.local/lib/python3.6/site-packages/airflow/example_dags/tutorial.py
[2025-12-17 03:14:17,208] {scheduler_job.py:639} INFO - DAG(s) dict_keys(['tutorial']) retrieved from /home/airflow/.local/lib/python3.6/site-packages/airflow/example_dags/tutorial.py
[2025-12-17 03:14:17,229] {logging_mixin.py:104} INFO - [2025-12-17 03:14:17,229] {dag.py:1818} INFO - Sync 1 DAGs
[2025-12-17 03:14:17,240] {logging_mixin.py:104} INFO - [2025-12-17 03:14:17,240] {dag.py:2273} INFO - Setting next_dagrun for tutorial to 2025-12-15 00:00:00+00:00
[2025-12-17 03:14:17,249] {scheduler_job.py:190} INFO - Processing /home/airflow/.local/lib/python3.6/site-packages/airflow/example_dags/tutorial.py took 0.054 seconds
[2025-12-17 03:14:47,274] {scheduler_job.py:182} INFO - Started process (PID=373) to work on /home/airflow/.local/lib/python3.6/site-packages/airflow/example_dags/tutorial.py
[2025-12-17 03:14:47,275] {scheduler_job.py:629} INFO - Processing file /home/airflow/.local/lib/python3.6/site-packages/airflow/example_dags/tutorial.py for tasks to queue
[2025-12-17 03:14:47,275] {logging_mixin.py:104} INFO - [2025-12-17 03:14:47,275] {dagbag.py:448} INFO - Filling up the DagBag from /home/airflow/.local/lib/python3.6/site-packages/airflow/example_dags/tutorial.py
[2025-12-17 03:14:47,284] {scheduler_job.py:639} INFO - DAG(s) dict_keys(['tutorial']) retrieved from /home/airflow/.local/lib/python3.6/site-packages/airflow/example_dags/tutorial.py
[2025-12-17 03:14:47,302] {logging_mixin.py:104} INFO - [2025-12-17 03:14:47,302] {dag.py:1818} INFO - Sync 1 DAGs
[2025-12-17 03:14:47,313] {logging_mixin.py:104} INFO - [2025-12-17 03:14:47,313] {dag.py:2273} INFO - Setting next_dagrun for tutorial to 2025-12-15 00:00:00+00:00
[2025-12-17 03:14:47,321] {scheduler_job.py:190} INFO - Processing /home/airflow/.local/lib/python3.6/site-packages/airflow/example_dags/tutorial.py took 0.051 seconds
[2025-12-17 03:15:17,430] {scheduler_job.py:182} INFO - Started process (PID=399) to work on /home/airflow/.local/lib/python3.6/site-packages/airflow/example_dags/tutorial.py
[2025-12-17 03:15:17,432] {scheduler_job.py:629} INFO - Processing file /home/airflow/.local/lib/python3.6/site-packages/airflow/example_dags/tutorial.py for tasks to queue
[2025-12-17 03:15:17,433] {logging_mixin.py:104} INFO - [2025-12-17 03:15:17,432] {dagbag.py:448} INFO - Filling up the DagBag from /home/airflow/.local/lib/python3.6/site-packages/airflow/example_dags/tutorial.py
[2025-12-17 03:15:17,440] {scheduler_job.py:639} INFO - DAG(s) dict_keys(['tutorial']) retrieved from /home/airflow/.local/lib/python3.6/site-packages/airflow/example_dags/tutorial.py
[2025-12-17 03:15:17,460] {logging_mixin.py:104} INFO - [2025-12-17 03:15:17,460] {dag.py:1818} INFO - Sync 1 DAGs
[2025-12-17 03:15:17,472] {logging_mixin.py:104} INFO - [2025-12-17 03:15:17,472] {dag.py:2273} INFO - Setting next_dagrun for tutorial to 2025-12-15 00:00:00+00:00
[2025-12-17 03:15:17,480] {scheduler_job.py:190} INFO - Processing /home/airflow/.local/lib/python3.6/site-packages/airflow/example_dags/tutorial.py took 0.053 seconds
[2025-12-17 03:15:47,551] {scheduler_job.py:182} INFO - Started process (PID=425) to work on /home/airflow/.local/lib/python3.6/site-packages/airflow/example_dags/tutorial.py
[2025-12-17 03:15:47,552] {scheduler_job.py:629} INFO - Processing file /home/airflow/.local/lib/python3.6/site-packages/airflow/example_dags/tutorial.py for tasks to queue
[2025-12-17 03:15:47,553] {logging_mixin.py:104} INFO - [2025-12-17 03:15:47,553] {dagbag.py:448} INFO - Filling up the DagBag from /home/airflow/.local/lib/python3.6/site-packages/airflow/example_dags/tutorial.py
[2025-12-17 03:15:47,560] {scheduler_job.py:639} INFO - DAG(s) dict_keys(['tutorial']) retrieved from /home/airflow/.local/lib/python3.6/site-packages/airflow/example_dags/tutorial.py
[2025-12-17 03:15:47,580] {logging_mixin.py:104} INFO - [2025-12-17 03:15:47,580] {dag.py:1818} INFO - Sync 1 DAGs
[2025-12-17 03:15:47,593] {logging_mixin.py:104} INFO - [2025-12-17 03:15:47,593] {dag.py:2273} INFO - Setting next_dagrun for tutorial to 2025-12-15 00:00:00+00:00
[2025-12-17 03:15:47,602] {scheduler_job.py:190} INFO - Processing /home/airflow/.local/lib/python3.6/site-packages/airflow/example_dags/tutorial.py took 0.053 seconds
[2025-12-17 03:16:17,708] {scheduler_job.py:182} INFO - Started process (PID=451) to work on /home/airflow/.local/lib/python3.6/site-packages/airflow/example_dags/tutorial.py
[2025-12-17 03:16:17,709] {scheduler_job.py:629} INFO - Processing file /home/airflow/.local/lib/python3.6/site-packages/airflow/example_dags/tutorial.py for tasks to queue
[2025-12-17 03:16:17,710] {logging_mixin.py:104} INFO - [2025-12-17 03:16:17,710] {dagbag.py:448} INFO - Filling up the DagBag from /home/airflow/.local/lib/python3.6/site-packages/airflow/example_dags/tutorial.py
[2025-12-17 03:16:17,719] {scheduler_job.py:639} INFO - DAG(s) dict_keys(['tutorial']) retrieved from /home/airflow/.local/lib/python3.6/site-packages/airflow/example_dags/tutorial.py
[2025-12-17 03:16:17,743] {logging_mixin.py:104} INFO - [2025-12-17 03:16:17,743] {dag.py:1818} INFO - Sync 1 DAGs
[2025-12-17 03:16:17,756] {logging_mixin.py:104} INFO - [2025-12-17 03:16:17,756] {dag.py:2273} INFO - Setting next_dagrun for tutorial to 2025-12-15 00:00:00+00:00
[2025-12-17 03:16:17,765] {scheduler_job.py:190} INFO - Processing /home/airflow/.local/lib/python3.6/site-packages/airflow/example_dags/tutorial.py took 0.059 seconds
[2025-12-17 03:16:47,868] {scheduler_job.py:182} INFO - Started process (PID=477) to work on /home/airflow/.local/lib/python3.6/site-packages/airflow/example_dags/tutorial.py
[2025-12-17 03:16:47,869] {scheduler_job.py:629} INFO - Processing file /home/airflow/.local/lib/python3.6/site-packages/airflow/example_dags/tutorial.py for tasks to queue
[2025-12-17 03:16:47,870] {logging_mixin.py:104} INFO - [2025-12-17 03:16:47,870] {dagbag.py:448} INFO - Filling up the DagBag from /home/airflow/.local/lib/python3.6/site-packages/airflow/example_dags/tutorial.py
[2025-12-17 03:16:47,879] {scheduler_job.py:639} INFO - DAG(s) dict_keys(['tutorial']) retrieved from /home/airflow/.local/lib/python3.6/site-packages/airflow/example_dags/tutorial.py
[2025-12-17 03:16:47,899] {logging_mixin.py:104} INFO - [2025-12-17 03:16:47,899] {dag.py:1818} INFO - Sync 1 DAGs
[2025-12-17 03:16:47,911] {logging_mixin.py:104} INFO - [2025-12-17 03:16:47,911] {dag.py:2273} INFO - Setting next_dagrun for tutorial to 2025-12-15 00:00:00+00:00
[2025-12-17 03:16:47,924] {scheduler_job.py:190} INFO - Processing /home/airflow/.local/lib/python3.6/site-packages/airflow/example_dags/tutorial.py took 0.059 seconds
[2025-12-17 03:17:18,028] {scheduler_job.py:182} INFO - Started process (PID=503) to work on /home/airflow/.local/lib/python3.6/site-packages/airflow/example_dags/tutorial.py
[2025-12-17 03:17:18,029] {scheduler_job.py:629} INFO - Processing file /home/airflow/.local/lib/python3.6/site-packages/airflow/example_dags/tutorial.py for tasks to queue
[2025-12-17 03:17:18,030] {logging_mixin.py:104} INFO - [2025-12-17 03:17:18,030] {dagbag.py:448} INFO - Filling up the DagBag from /home/airflow/.local/lib/python3.6/site-packages/airflow/example_dags/tutorial.py
[2025-12-17 03:17:18,038] {scheduler_job.py:639} INFO - DAG(s) dict_keys(['tutorial']) retrieved from /home/airflow/.local/lib/python3.6/site-packages/airflow/example_dags/tutorial.py
[2025-12-17 03:17:18,062] {logging_mixin.py:104} INFO - [2025-12-17 03:17:18,062] {dag.py:1818} INFO - Sync 1 DAGs
[2025-12-17 03:17:18,074] {logging_mixin.py:104} INFO - [2025-12-17 03:17:18,074] {dag.py:2273} INFO - Setting next_dagrun for tutorial to 2025-12-15 00:00:00+00:00
[2025-12-17 03:17:18,088] {scheduler_job.py:190} INFO - Processing /home/airflow/.local/lib/python3.6/site-packages/airflow/example_dags/tutorial.py took 0.063 seconds
[2025-12-17 03:17:48,139] {scheduler_job.py:182} INFO - Started process (PID=529) to work on /home/airflow/.local/lib/python3.6/site-packages/airflow/example_dags/tutorial.py
[2025-12-17 03:17:48,140] {scheduler_job.py:629} INFO - Processing file /home/airflow/.local/lib/python3.6/site-packages/airflow/example_dags/tutorial.py for tasks to queue
[2025-12-17 03:17:48,141] {logging_mixin.py:104} INFO - [2025-12-17 03:17:48,141] {dagbag.py:448} INFO - Filling up the DagBag from /home/airflow/.local/lib/python3.6/site-packages/airflow/example_dags/tutorial.py
[2025-12-17 03:17:48,150] {scheduler_job.py:639} INFO - DAG(s) dict_keys(['tutorial']) retrieved from /home/airflow/.local/lib/python3.6/site-packages/airflow/example_dags/tutorial.py
[2025-12-17 03:17:48,171] {logging_mixin.py:104} INFO - [2025-12-17 03:17:48,171] {dag.py:1818} INFO - Sync 1 DAGs
[2025-12-17 03:17:48,182] {logging_mixin.py:104} INFO - [2025-12-17 03:17:48,182] {dag.py:2273} INFO - Setting next_dagrun for tutorial to 2025-12-15 00:00:00+00:00
[2025-12-17 03:17:48,195] {scheduler_job.py:190} INFO - Processing /home/airflow/.local/lib/python3.6/site-packages/airflow/example_dags/tutorial.py took 0.060 seconds
[2025-12-17 03:18:18,274] {scheduler_job.py:182} INFO - Started process (PID=555) to work on /home/airflow/.local/lib/python3.6/site-packages/airflow/example_dags/tutorial.py
[2025-12-17 03:18:18,275] {scheduler_job.py:629} INFO - Processing file /home/airflow/.local/lib/python3.6/site-packages/airflow/example_dags/tutorial.py for tasks to queue
[2025-12-17 03:18:18,276] {logging_mixin.py:104} INFO - [2025-12-17 03:18:18,276] {dagbag.py:448} INFO - Filling up the DagBag from /home/airflow/.local/lib/python3.6/site-packages/airflow/example_dags/tutorial.py
[2025-12-17 03:18:18,285] {scheduler_job.py:639} INFO - DAG(s) dict_keys(['tutorial']) retrieved from /home/airflow/.local/lib/python3.6/site-packages/airflow/example_dags/tutorial.py
[2025-12-17 03:18:18,306] {logging_mixin.py:104} INFO - [2025-12-17 03:18:18,306] {dag.py:1818} INFO - Sync 1 DAGs
[2025-12-17 03:18:18,318] {logging_mixin.py:104} INFO - [2025-12-17 03:18:18,318] {dag.py:2273} INFO - Setting next_dagrun for tutorial to 2025-12-15 00:00:00+00:00
[2025-12-17 03:18:18,331] {scheduler_job.py:190} INFO - Processing /home/airflow/.local/lib/python3.6/site-packages/airflow/example_dags/tutorial.py took 0.062 seconds
[2025-12-17 03:18:49,353] {scheduler_job.py:182} INFO - Started process (PID=581) to work on /home/airflow/.local/lib/python3.6/site-packages/airflow/example_dags/tutorial.py
[2025-12-17 03:18:49,354] {scheduler_job.py:629} INFO - Processing file /home/airflow/.local/lib/python3.6/site-packages/airflow/example_dags/tutorial.py for tasks to queue
[2025-12-17 03:18:49,355] {logging_mixin.py:104} INFO - [2025-12-17 03:18:49,355] {dagbag.py:448} INFO - Filling up the DagBag from /home/airflow/.local/lib/python3.6/site-packages/airflow/example_dags/tutorial.py
[2025-12-17 03:18:49,365] {scheduler_job.py:639} INFO - DAG(s) dict_keys(['tutorial']) retrieved from /home/airflow/.local/lib/python3.6/site-packages/airflow/example_dags/tutorial.py
[2025-12-17 03:18:49,385] {logging_mixin.py:104} INFO - [2025-12-17 03:18:49,385] {dag.py:1818} INFO - Sync 1 DAGs
[2025-12-17 03:18:49,398] {logging_mixin.py:104} INFO - [2025-12-17 03:18:49,398] {dag.py:2273} INFO - Setting next_dagrun for tutorial to 2025-12-15 00:00:00+00:00
[2025-12-17 03:18:49,408] {scheduler_job.py:190} INFO - Processing /home/airflow/.local/lib/python3.6/site-packages/airflow/example_dags/tutorial.py took 0.059 seconds
[2025-12-17 03:19:20,335] {scheduler_job.py:182} INFO - Started process (PID=607) to work on /home/airflow/.local/lib/python3.6/site-packages/airflow/example_dags/tutorial.py
[2025-12-17 03:19:20,336] {scheduler_job.py:629} INFO - Processing file /home/airflow/.local/lib/python3.6/site-packages/airflow/example_dags/tutorial.py for tasks to queue
[2025-12-17 03:19:20,336] {logging_mixin.py:104} INFO - [2025-12-17 03:19:20,336] {dagbag.py:448} INFO - Filling up the DagBag from /home/airflow/.local/lib/python3.6/site-packages/airflow/example_dags/tutorial.py
[2025-12-17 03:19:20,347] {scheduler_job.py:639} INFO - DAG(s) dict_keys(['tutorial']) retrieved from /home/airflow/.local/lib/python3.6/site-packages/airflow/example_dags/tutorial.py
[2025-12-17 03:19:20,368] {logging_mixin.py:104} INFO - [2025-12-17 03:19:20,368] {dag.py:1818} INFO - Sync 1 DAGs
[2025-12-17 03:19:20,380] {logging_mixin.py:104} INFO - [2025-12-17 03:19:20,380] {dag.py:2273} INFO - Setting next_dagrun for tutorial to 2025-12-15 00:00:00+00:00
[2025-12-17 03:19:20,389] {scheduler_job.py:190} INFO - Processing /home/airflow/.local/lib/python3.6/site-packages/airflow/example_dags/tutorial.py took 0.058 seconds
[2025-12-17 03:19:51,396] {scheduler_job.py:182} INFO - Started process (PID=633) to work on /home/airflow/.local/lib/python3.6/site-packages/airflow/example_dags/tutorial.py
[2025-12-17 03:19:51,397] {scheduler_job.py:629} INFO - Processing file /home/airflow/.local/lib/python3.6/site-packages/airflow/example_dags/tutorial.py for tasks to queue
[2025-12-17 03:19:51,398] {logging_mixin.py:104} INFO - [2025-12-17 03:19:51,398] {dagbag.py:448} INFO - Filling up the DagBag from /home/airflow/.local/lib/python3.6/site-packages/airflow/example_dags/tutorial.py
[2025-12-17 03:19:51,404] {scheduler_job.py:639} INFO - DAG(s) dict_keys(['tutorial']) retrieved from /home/airflow/.local/lib/python3.6/site-packages/airflow/example_dags/tutorial.py
[2025-12-17 03:19:51,425] {logging_mixin.py:104} INFO - [2025-12-17 03:19:51,425] {dag.py:1818} INFO - Sync 1 DAGs
[2025-12-17 03:19:51,437] {logging_mixin.py:104} INFO - [2025-12-17 03:19:51,437] {dag.py:2273} INFO - Setting next_dagrun for tutorial to 2025-12-15 00:00:00+00:00
[2025-12-17 03:19:51,445] {scheduler_job.py:190} INFO - Processing /home/airflow/.local/lib/python3.6/site-packages/airflow/example_dags/tutorial.py took 0.051 seconds
